-- The C compiler identification is GNU 11.4.0
-- The CXX compiler identification is GNU 11.4.0
-- Detecting C compiler ABI info
-- Detecting C compiler ABI info - done
-- Check for working C compiler: /usr/bin/cc - skipped
-- Detecting C compile features
-- Detecting C compile features - done
-- Detecting CXX compiler ABI info
-- Detecting CXX compiler ABI info - done
-- Check for working CXX compiler: /usr/bin/c++ - skipped
-- Detecting CXX compile features
-- Detecting CXX compile features - done
-- Found ament_cmake: 1.3.14 (/opt/ros/humble/share/ament_cmake/cmake)
-- Found Python3: /usr/bin/python3 (found version "3.10.12") found components: Interpreter 
-- Override CMake install command with custom implementation using symlinks instead of copying resources
-- Found ament_lint_auto: 0.12.15 (/opt/ros/humble/share/ament_lint_auto/cmake)
-- Added test 'flake8' to check Python code syntax and style conventions
-- Added test 'lint_cmake' to check CMake code style
-- Added test 'pep257' to check Python code against some of the docstring style conventions in PEP 257
-- Added test 'xmllint' to check XML markup files
-- Configuring done
-- Generating done
-- Build files have been written to: /home/sam/orbit_sim_ws/build/orbit_robot_description
-- Install configuration: ""
-- Execute custom install script
-- Symlinking: /home/sam/orbit_sim_ws/install/orbit_robot_description/share/orbit_robot_description/urdf/FR3WML.urdf
-- Symlinking: /home/sam/orbit_sim_ws/install/orbit_robot_description/share/orbit_robot_description/urdf/FR3WML.urdf:Zone.Identifier
-- Symlinking: /home/sam/orbit_sim_ws/install/orbit_robot_description/share/orbit_robot_description/urdf/FR3WML.urdf:Zone.Identifier:Zone.Identifier
-- Symlinking: /home/sam/orbit_sim_ws/install/orbit_robot_description/share/orbit_robot_description/urdf/FR3WMS.urdf
-- Symlinking: /home/sam/orbit_sim_ws/install/orbit_robot_description/share/orbit_robot_description/urdf/FR3WMS.urdf:Zone.Identifier
-- Symlinking: /home/sam/orbit_sim_ws/install/orbit_robot_description/share/orbit_robot_description/urdf/FR3WMS.urdf:Zone.Identifier:Zone.Identifier
-- Symlinking: /home/sam/orbit_sim_ws/install/orbit_robot_description/share/orbit_robot_description/urdf/FR5WM.urdf
-- Symlinking: /home/sam/orbit_sim_ws/install/orbit_robot_description/share/orbit_robot_description/urdf/FR5WM.urdf:Zone.Identifier
-- Symlinking: /home/sam/orbit_sim_ws/install/orbit_robot_description/share/orbit_robot_description/urdf/FR5WM.urdf:Zone.Identifier:Zone.Identifier
-- Symlinking: /home/sam/orbit_sim_ws/install/orbit_robot_description/share/orbit_robot_description/urdf/fairino10_v6.urdf
-- Symlinking: /home/sam/orbit_sim_ws/install/orbit_robot_description/share/orbit_robot_description/urdf/fairino10_v6.urdf:Zone.Identifier
-- Symlinking: /home/sam/orbit_sim_ws/install/orbit_robot_description/share/orbit_robot_description/urdf/fairino10_v6.urdf:Zone.Identifier:Zone.Identifier
-- Symlinking: /home/sam/orbit_sim_ws/install/orbit_robot_description/share/orbit_robot_description/urdf/fairino16_v6.urdf
-- Symlinking: /home/sam/orbit_sim_ws/install/orbit_robot_description/share/orbit_robot_description/urdf/fairino16_v6.urdf:Zone.Identifier
-- Symlinking: /home/sam/orbit_sim_ws/install/orbit_robot_description/share/orbit_robot_description/urdf/fairino16_v6.urdf:Zone.Identifier:Zone.Identifier
-- Symlinking: /home/sam/orbit_sim_ws/install/orbit_robot_description/share/orbit_robot_description/urdf/fairino20_v6.urdf
-- Symlinking: /home/sam/orbit_sim_ws/install/orbit_robot_description/share/orbit_robot_description/urdf/fairino20_v6.urdf:Zone.Identifier
-- Symlinking: /home/sam/orbit_sim_ws/install/orbit_robot_description/share/orbit_robot_description/urdf/fairino20_v6.urdf:Zone.Identifier:Zone.Identifier
-- Symlinking: /home/sam/orbit_sim_ws/install/orbit_robot_description/share/orbit_robot_description/urdf/fairino30_v6.urdf
-- Symlinking: /home/sam/orbit_sim_ws/install/orbit_robot_description/share/orbit_robot_description/urdf/fairino30_v6.urdf:Zone.Identifier
-- Symlinking: /home/sam/orbit_sim_ws/install/orbit_robot_description/share/orbit_robot_description/urdf/fairino30_v6.urdf:Zone.Identifier:Zone.Identifier
-- Symlinking: /home/sam/orbit_sim_ws/install/orbit_robot_description/share/orbit_robot_description/urdf/fairino3_mt_v6.urdf
-- Symlinking: /home/sam/orbit_sim_ws/install/orbit_robot_description/share/orbit_robot_description/urdf/fairino3_mt_v6.urdf:Zone.Identifier
-- Symlinking: /home/sam/orbit_sim_ws/install/orbit_robot_description/share/orbit_robot_description/urdf/fairino3_mt_v6.urdf:Zone.Identifier:Zone.Identifier
-- Symlinking: /home/sam/orbit_sim_ws/install/orbit_robot_description/share/orbit_robot_description/urdf/fairino3_v6.urdf
-- Symlinking: /home/sam/orbit_sim_ws/install/orbit_robot_description/share/orbit_robot_description/urdf/fairino3_v6.urdf:Zone.Identifier
-- Symlinking: /home/sam/orbit_sim_ws/install/orbit_robot_description/share/orbit_robot_description/urdf/fairino3_v6.urdf:Zone.Identifier:Zone.Identifier
-- Symlinking: /home/sam/orbit_sim_ws/install/orbit_robot_description/share/orbit_robot_description/urdf/fairino5_v6.urdf
-- Symlinking: /home/sam/orbit_sim_ws/install/orbit_robot_description/share/orbit_robot_description/urdf/fairino5_v6.urdf:Zone.Identifier
-- Symlinking: /home/sam/orbit_sim_ws/install/orbit_robot_description/share/orbit_robot_description/urdf/fairino5_v6.urdf:Zone.Identifier:Zone.Identifier
-- Symlinking: /home/sam/orbit_sim_ws/install/orbit_robot_description/share/orbit_robot_description/launch/display.launch.py
-- Symlinking: /home/sam/orbit_sim_ws/install/orbit_robot_description/share/orbit_robot_description/meshes/FR3WML/collision/base_link.STL
-- Symlinking: /home/sam/orbit_sim_ws/install/orbit_robot_description/share/orbit_robot_description/meshes/FR3WML/collision/base_link.STL:Zone.Identifier
-- Symlinking: /home/sam/orbit_sim_ws/install/orbit_robot_description/share/orbit_robot_description/meshes/FR3WML/collision/base_link.STL:Zone.Identifier:Zone.Identifier
-- Symlinking: /home/sam/orbit_sim_ws/install/orbit_robot_description/share/orbit_robot_description/meshes/FR3WML/collision/forearm_Link.STL
-- Symlinking: /home/sam/orbit_sim_ws/install/orbit_robot_description/share/orbit_robot_description/meshes/FR3WML/collision/forearm_Link.STL:Zone.Identifier
-- Symlinking: /home/sam/orbit_sim_ws/install/orbit_robot_description/share/orbit_robot_description/meshes/FR3WML/collision/forearm_Link.STL:Zone.Identifier:Zone.Identifier
-- Symlinking: /home/sam/orbit_sim_ws/install/orbit_robot_description/share/orbit_robot_description/meshes/FR3WML/collision/shoulder_Link.STL
-- Symlinking: /home/sam/orbit_sim_ws/install/orbit_robot_description/share/orbit_robot_description/meshes/FR3WML/collision/shoulder_Link.STL:Zone.Identifier
-- Symlinking: /home/sam/orbit_sim_ws/install/orbit_robot_description/share/orbit_robot_description/meshes/FR3WML/collision/shoulder_Link.STL:Zone.Identifier:Zone.Identifier
-- Symlinking: /home/sam/orbit_sim_ws/install/orbit_robot_description/share/orbit_robot_description/meshes/FR3WML/collision/upperarm_Link.STL
-- Symlinking: /home/sam/orbit_sim_ws/install/orbit_robot_description/share/orbit_robot_description/meshes/FR3WML/collision/upperarm_Link.STL:Zone.Identifier
-- Symlinking: /home/sam/orbit_sim_ws/install/orbit_robot_description/share/orbit_robot_description/meshes/FR3WML/collision/upperarm_Link.STL:Zone.Identifier:Zone.Identifier
-- Symlinking: /home/sam/orbit_sim_ws/install/orbit_robot_description/share/orbit_robot_description/meshes/FR3WML/collision/wrist1_Link.STL
-- Symlinking: /home/sam/orbit_sim_ws/install/orbit_robot_description/share/orbit_robot_description/meshes/FR3WML/collision/wrist1_Link.STL:Zone.Identifier
-- Symlinking: /home/sam/orbit_sim_ws/install/orbit_robot_description/share/orbit_robot_description/meshes/FR3WML/collision/wrist1_Link.STL:Zone.Identifier:Zone.Identifier
-- Symlinking: /home/sam/orbit_sim_ws/install/orbit_robot_description/share/orbit_robot_description/meshes/FR3WML/collision/wrist2_Link.STL
-- Symlinking: /home/sam/orbit_sim_ws/install/orbit_robot_description/share/orbit_robot_description/meshes/FR3WML/collision/wrist2_Link.STL:Zone.Identifier
-- Symlinking: /home/sam/orbit_sim_ws/install/orbit_robot_description/share/orbit_robot_description/meshes/FR3WML/collision/wrist2_Link.STL:Zone.Identifier:Zone.Identifier
-- Symlinking: /home/sam/orbit_sim_ws/install/orbit_robot_description/share/orbit_robot_description/meshes/FR3WML/collision/wrist3_Link.STL
-- Symlinking: /home/sam/orbit_sim_ws/install/orbit_robot_description/share/orbit_robot_description/meshes/FR3WML/collision/wrist3_Link.STL:Zone.Identifier
-- Symlinking: /home/sam/orbit_sim_ws/install/orbit_robot_description/share/orbit_robot_description/meshes/FR3WML/collision/wrist3_Link.STL:Zone.Identifier:Zone.Identifier
-- Symlinking: /home/sam/orbit_sim_ws/install/orbit_robot_description/share/orbit_robot_description/meshes/FR3WML/visual/base_link.dae
-- Symlinking: /home/sam/orbit_sim_ws/install/orbit_robot_description/share/orbit_robot_description/meshes/FR3WML/visual/base_link.dae:Zone.Identifier
-- Symlinking: /home/sam/orbit_sim_ws/install/orbit_robot_description/share/orbit_robot_description/meshes/FR3WML/visual/base_link.dae:Zone.Identifier:Zone.Identifier
-- Symlinking: /home/sam/orbit_sim_ws/install/orbit_robot_description/share/orbit_robot_description/meshes/FR3WML/visual/forearm_Link.dae
-- Symlinking: /home/sam/orbit_sim_ws/install/orbit_robot_description/share/orbit_robot_description/meshes/FR3WML/visual/forearm_Link.dae:Zone.Identifier
-- Symlinking: /home/sam/orbit_sim_ws/install/orbit_robot_description/share/orbit_robot_description/meshes/FR3WML/visual/forearm_Link.dae:Zone.Identifier:Zone.Identifier
-- Symlinking: /home/sam/orbit_sim_ws/install/orbit_robot_description/share/orbit_robot_description/meshes/FR3WML/visual/shoulder_Link.dae
-- Symlinking: /home/sam/orbit_sim_ws/install/orbit_robot_description/share/orbit_robot_description/meshes/FR3WML/visual/shoulder_Link.dae:Zone.Identifier
-- Symlinking: /home/sam/orbit_sim_ws/install/orbit_robot_description/share/orbit_robot_description/meshes/FR3WML/visual/shoulder_Link.dae:Zone.Identifier:Zone.Identifier
-- Symlinking: /home/sam/orbit_sim_ws/install/orbit_robot_description/share/orbit_robot_description/meshes/FR3WML/visual/upperarm_Link.dae
-- Symlinking: /home/sam/orbit_sim_ws/install/orbit_robot_description/share/orbit_robot_description/meshes/FR3WML/visual/upperarm_Link.dae:Zone.Identifier
-- Symlinking: /home/sam/orbit_sim_ws/install/orbit_robot_description/share/orbit_robot_description/meshes/FR3WML/visual/upperarm_Link.dae:Zone.Identifier:Zone.Identifier
-- Symlinking: /home/sam/orbit_sim_ws/install/orbit_robot_description/share/orbit_robot_description/meshes/FR3WML/visual/wrist1_Link.dae
-- Symlinking: /home/sam/orbit_sim_ws/install/orbit_robot_description/share/orbit_robot_description/meshes/FR3WML/visual/wrist1_Link.dae:Zone.Identifier
-- Symlinking: /home/sam/orbit_sim_ws/install/orbit_robot_description/share/orbit_robot_description/meshes/FR3WML/visual/wrist1_Link.dae:Zone.Identifier:Zone.Identifier
-- Symlinking: /home/sam/orbit_sim_ws/install/orbit_robot_description/share/orbit_robot_description/meshes/FR3WML/visual/wrist2_Link.dae
-- Symlinking: /home/sam/orbit_sim_ws/install/orbit_robot_description/share/orbit_robot_description/meshes/FR3WML/visual/wrist2_Link.dae:Zone.Identifier
-- Symlinking: /home/sam/orbit_sim_ws/install/orbit_robot_description/share/orbit_robot_description/meshes/FR3WML/visual/wrist2_Link.dae:Zone.Identifier:Zone.Identifier
-- Symlinking: /home/sam/orbit_sim_ws/install/orbit_robot_description/share/orbit_robot_description/meshes/FR3WML/visual/wrist3_Link.dae
-- Symlinking: /home/sam/orbit_sim_ws/install/orbit_robot_description/share/orbit_robot_description/meshes/FR3WML/visual/wrist3_Link.dae:Zone.Identifier
-- Symlinking: /home/sam/orbit_sim_ws/install/orbit_robot_description/share/orbit_robot_description/meshes/FR3WML/visual/wrist3_Link.dae:Zone.Identifier:Zone.Identifier
-- Symlinking: /home/sam/orbit_sim_ws/install/orbit_robot_description/share/orbit_robot_description/meshes/FR3WMS/collision/base_link.STL
-- Symlinking: /home/sam/orbit_sim_ws/install/orbit_robot_description/share/orbit_robot_description/meshes/FR3WMS/collision/base_link.STL:Zone.Identifier
-- Symlinking: /home/sam/orbit_sim_ws/install/orbit_robot_description/share/orbit_robot_description/meshes/FR3WMS/collision/base_link.STL:Zone.Identifier:Zone.Identifier
-- Symlinking: /home/sam/orbit_sim_ws/install/orbit_robot_description/share/orbit_robot_description/meshes/FR3WMS/collision/forearm_Link.STL
-- Symlinking: /home/sam/orbit_sim_ws/install/orbit_robot_description/share/orbit_robot_description/meshes/FR3WMS/collision/forearm_Link.STL:Zone.Identifier
-- Symlinking: /home/sam/orbit_sim_ws/install/orbit_robot_description/share/orbit_robot_description/meshes/FR3WMS/collision/forearm_Link.STL:Zone.Identifier:Zone.Identifier
-- Symlinking: /home/sam/orbit_sim_ws/install/orbit_robot_description/share/orbit_robot_description/meshes/FR3WMS/collision/shoulder_Link.STL
-- Symlinking: /home/sam/orbit_sim_ws/install/orbit_robot_description/share/orbit_robot_description/meshes/FR3WMS/collision/shoulder_Link.STL:Zone.Identifier
-- Symlinking: /home/sam/orbit_sim_ws/install/orbit_robot_description/share/orbit_robot_description/meshes/FR3WMS/collision/shoulder_Link.STL:Zone.Identifier:Zone.Identifier
-- Symlinking: /home/sam/orbit_sim_ws/install/orbit_robot_description/share/orbit_robot_description/meshes/FR3WMS/collision/upperarm_Link.STL
-- Symlinking: /home/sam/orbit_sim_ws/install/orbit_robot_description/share/orbit_robot_description/meshes/FR3WMS/collision/upperarm_Link.STL:Zone.Identifier
-- Symlinking: /home/sam/orbit_sim_ws/install/orbit_robot_description/share/orbit_robot_description/meshes/FR3WMS/collision/upperarm_Link.STL:Zone.Identifier:Zone.Identifier
-- Symlinking: /home/sam/orbit_sim_ws/install/orbit_robot_description/share/orbit_robot_description/meshes/FR3WMS/collision/wrist1_Link.STL
-- Symlinking: /home/sam/orbit_sim_ws/install/orbit_robot_description/share/orbit_robot_description/meshes/FR3WMS/collision/wrist1_Link.STL:Zone.Identifier
-- Symlinking: /home/sam/orbit_sim_ws/install/orbit_robot_description/share/orbit_robot_description/meshes/FR3WMS/collision/wrist1_Link.STL:Zone.Identifier:Zone.Identifier
-- Symlinking: /home/sam/orbit_sim_ws/install/orbit_robot_description/share/orbit_robot_description/meshes/FR3WMS/collision/wrist2_Link.STL
-- Symlinking: /home/sam/orbit_sim_ws/install/orbit_robot_description/share/orbit_robot_description/meshes/FR3WMS/collision/wrist2_Link.STL:Zone.Identifier
-- Symlinking: /home/sam/orbit_sim_ws/install/orbit_robot_description/share/orbit_robot_description/meshes/FR3WMS/collision/wrist2_Link.STL:Zone.Identifier:Zone.Identifier
-- Symlinking: /home/sam/orbit_sim_ws/install/orbit_robot_description/share/orbit_robot_description/meshes/FR3WMS/collision/wrist3_Link.STL
-- Symlinking: /home/sam/orbit_sim_ws/install/orbit_robot_description/share/orbit_robot_description/meshes/FR3WMS/collision/wrist3_Link.STL:Zone.Identifier
-- Symlinking: /home/sam/orbit_sim_ws/install/orbit_robot_description/share/orbit_robot_description/meshes/FR3WMS/collision/wrist3_Link.STL:Zone.Identifier:Zone.Identifier
-- Symlinking: /home/sam/orbit_sim_ws/install/orbit_robot_description/share/orbit_robot_description/meshes/FR3WMS/visual/base_link.dae
-- Symlinking: /home/sam/orbit_sim_ws/install/orbit_robot_description/share/orbit_robot_description/meshes/FR3WMS/visual/base_link.dae:Zone.Identifier
-- Symlinking: /home/sam/orbit_sim_ws/install/orbit_robot_description/share/orbit_robot_description/meshes/FR3WMS/visual/base_link.dae:Zone.Identifier:Zone.Identifier
-- Symlinking: /home/sam/orbit_sim_ws/install/orbit_robot_description/share/orbit_robot_description/meshes/FR3WMS/visual/forearm_Link.dae
-- Symlinking: /home/sam/orbit_sim_ws/install/orbit_robot_description/share/orbit_robot_description/meshes/FR3WMS/visual/forearm_Link.dae:Zone.Identifier
-- Symlinking: /home/sam/orbit_sim_ws/install/orbit_robot_description/share/orbit_robot_description/meshes/FR3WMS/visual/forearm_Link.dae:Zone.Identifier:Zone.Identifier
-- Symlinking: /home/sam/orbit_sim_ws/install/orbit_robot_description/share/orbit_robot_description/meshes/FR3WMS/visual/shoulder_Link.dae
-- Symlinking: /home/sam/orbit_sim_ws/install/orbit_robot_description/share/orbit_robot_description/meshes/FR3WMS/visual/shoulder_Link.dae:Zone.Identifier
-- Symlinking: /home/sam/orbit_sim_ws/install/orbit_robot_description/share/orbit_robot_description/meshes/FR3WMS/visual/shoulder_Link.dae:Zone.Identifier:Zone.Identifier
-- Symlinking: /home/sam/orbit_sim_ws/install/orbit_robot_description/share/orbit_robot_description/meshes/FR3WMS/visual/upperarm_Link.dae
-- Symlinking: /home/sam/orbit_sim_ws/install/orbit_robot_description/share/orbit_robot_description/meshes/FR3WMS/visual/upperarm_Link.dae:Zone.Identifier
-- Symlinking: /home/sam/orbit_sim_ws/install/orbit_robot_description/share/orbit_robot_description/meshes/FR3WMS/visual/upperarm_Link.dae:Zone.Identifier:Zone.Identifier
-- Symlinking: /home/sam/orbit_sim_ws/install/orbit_robot_description/share/orbit_robot_description/meshes/FR3WMS/visual/wrist1_Link.dae
-- Symlinking: /home/sam/orbit_sim_ws/install/orbit_robot_description/share/orbit_robot_description/meshes/FR3WMS/visual/wrist1_Link.dae:Zone.Identifier
-- Symlinking: /home/sam/orbit_sim_ws/install/orbit_robot_description/share/orbit_robot_description/meshes/FR3WMS/visual/wrist1_Link.dae:Zone.Identifier:Zone.Identifier
-- Symlinking: /home/sam/orbit_sim_ws/install/orbit_robot_description/share/orbit_robot_description/meshes/FR3WMS/visual/wrist2_Link.dae
-- Symlinking: /home/sam/orbit_sim_ws/install/orbit_robot_description/share/orbit_robot_description/meshes/FR3WMS/visual/wrist2_Link.dae:Zone.Identifier
-- Symlinking: /home/sam/orbit_sim_ws/install/orbit_robot_description/share/orbit_robot_description/meshes/FR3WMS/visual/wrist2_Link.dae:Zone.Identifier:Zone.Identifier
-- Symlinking: /home/sam/orbit_sim_ws/install/orbit_robot_description/share/orbit_robot_description/meshes/FR3WMS/visual/wrist3_Link.dae
-- Symlinking: /home/sam/orbit_sim_ws/install/orbit_robot_description/share/orbit_robot_description/meshes/FR3WMS/visual/wrist3_Link.dae:Zone.Identifier
-- Symlinking: /home/sam/orbit_sim_ws/install/orbit_robot_description/share/orbit_robot_description/meshes/FR3WMS/visual/wrist3_Link.dae:Zone.Identifier:Zone.Identifier
-- Symlinking: /home/sam/orbit_sim_ws/install/orbit_robot_description/share/orbit_robot_description/meshes/FR5WM/collision/base_link.STL
-- Symlinking: /home/sam/orbit_sim_ws/install/orbit_robot_description/share/orbit_robot_description/meshes/FR5WM/collision/base_link.STL:Zone.Identifier
-- Symlinking: /home/sam/orbit_sim_ws/install/orbit_robot_description/share/orbit_robot_description/meshes/FR5WM/collision/base_link.STL:Zone.Identifier:Zone.Identifier
-- Symlinking: /home/sam/orbit_sim_ws/install/orbit_robot_description/share/orbit_robot_description/meshes/FR5WM/collision/forearm_Link.STL
-- Symlinking: /home/sam/orbit_sim_ws/install/orbit_robot_description/share/orbit_robot_description/meshes/FR5WM/collision/forearm_Link.STL:Zone.Identifier
-- Symlinking: /home/sam/orbit_sim_ws/install/orbit_robot_description/share/orbit_robot_description/meshes/FR5WM/collision/forearm_Link.STL:Zone.Identifier:Zone.Identifier
-- Symlinking: /home/sam/orbit_sim_ws/install/orbit_robot_description/share/orbit_robot_description/meshes/FR5WM/collision/shoulder_Link.STL
-- Symlinking: /home/sam/orbit_sim_ws/install/orbit_robot_description/share/orbit_robot_description/meshes/FR5WM/collision/shoulder_Link.STL:Zone.Identifier
-- Symlinking: /home/sam/orbit_sim_ws/install/orbit_robot_description/share/orbit_robot_description/meshes/FR5WM/collision/shoulder_Link.STL:Zone.Identifier:Zone.Identifier
-- Symlinking: /home/sam/orbit_sim_ws/install/orbit_robot_description/share/orbit_robot_description/meshes/FR5WM/collision/upperarm_Link.STL
-- Symlinking: /home/sam/orbit_sim_ws/install/orbit_robot_description/share/orbit_robot_description/meshes/FR5WM/collision/upperarm_Link.STL:Zone.Identifier
-- Symlinking: /home/sam/orbit_sim_ws/install/orbit_robot_description/share/orbit_robot_description/meshes/FR5WM/collision/upperarm_Link.STL:Zone.Identifier:Zone.Identifier
-- Symlinking: /home/sam/orbit_sim_ws/install/orbit_robot_description/share/orbit_robot_description/meshes/FR5WM/collision/wrist1_Link.STL
-- Symlinking: /home/sam/orbit_sim_ws/install/orbit_robot_description/share/orbit_robot_description/meshes/FR5WM/collision/wrist1_Link.STL:Zone.Identifier
-- Symlinking: /home/sam/orbit_sim_ws/install/orbit_robot_description/share/orbit_robot_description/meshes/FR5WM/collision/wrist1_Link.STL:Zone.Identifier:Zone.Identifier
-- Symlinking: /home/sam/orbit_sim_ws/install/orbit_robot_description/share/orbit_robot_description/meshes/FR5WM/collision/wrist2_Link.STL
-- Symlinking: /home/sam/orbit_sim_ws/install/orbit_robot_description/share/orbit_robot_description/meshes/FR5WM/collision/wrist2_Link.STL:Zone.Identifier
-- Symlinking: /home/sam/orbit_sim_ws/install/orbit_robot_description/share/orbit_robot_description/meshes/FR5WM/collision/wrist2_Link.STL:Zone.Identifier:Zone.Identifier
-- Symlinking: /home/sam/orbit_sim_ws/install/orbit_robot_description/share/orbit_robot_description/meshes/FR5WM/collision/wrist3_Link.STL
-- Symlinking: /home/sam/orbit_sim_ws/install/orbit_robot_description/share/orbit_robot_description/meshes/FR5WM/collision/wrist3_Link.STL:Zone.Identifier
-- Symlinking: /home/sam/orbit_sim_ws/install/orbit_robot_description/share/orbit_robot_description/meshes/FR5WM/collision/wrist3_Link.STL:Zone.Identifier:Zone.Identifier
-- Symlinking: /home/sam/orbit_sim_ws/install/orbit_robot_description/share/orbit_robot_description/meshes/FR5WM/visual/base_link.dae
-- Symlinking: /home/sam/orbit_sim_ws/install/orbit_robot_description/share/orbit_robot_description/meshes/FR5WM/visual/base_link.dae:Zone.Identifier
-- Symlinking: /home/sam/orbit_sim_ws/install/orbit_robot_description/share/orbit_robot_description/meshes/FR5WM/visual/base_link.dae:Zone.Identifier:Zone.Identifier
-- Symlinking: /home/sam/orbit_sim_ws/install/orbit_robot_description/share/orbit_robot_description/meshes/FR5WM/visual/forearm_Link.dae
-- Symlinking: /home/sam/orbit_sim_ws/install/orbit_robot_description/share/orbit_robot_description/meshes/FR5WM/visual/forearm_Link.dae:Zone.Identifier
-- Symlinking: /home/sam/orbit_sim_ws/install/orbit_robot_description/share/orbit_robot_description/meshes/FR5WM/visual/forearm_Link.dae:Zone.Identifier:Zone.Identifier
-- Symlinking: /home/sam/orbit_sim_ws/install/orbit_robot_description/share/orbit_robot_description/meshes/FR5WM/visual/shoulder_Link.dae
-- Symlinking: /home/sam/orbit_sim_ws/install/orbit_robot_description/share/orbit_robot_description/meshes/FR5WM/visual/shoulder_Link.dae:Zone.Identifier
-- Symlinking: /home/sam/orbit_sim_ws/install/orbit_robot_description/share/orbit_robot_description/meshes/FR5WM/visual/shoulder_Link.dae:Zone.Identifier:Zone.Identifier
-- Symlinking: /home/sam/orbit_sim_ws/install/orbit_robot_description/share/orbit_robot_description/meshes/FR5WM/visual/upperarm_Link.dae
-- Symlinking: /home/sam/orbit_sim_ws/install/orbit_robot_description/share/orbit_robot_description/meshes/FR5WM/visual/upperarm_Link.dae:Zone.Identifier
-- Symlinking: /home/sam/orbit_sim_ws/install/orbit_robot_description/share/orbit_robot_description/meshes/FR5WM/visual/upperarm_Link.dae:Zone.Identifier:Zone.Identifier
-- Symlinking: /home/sam/orbit_sim_ws/install/orbit_robot_description/share/orbit_robot_description/meshes/FR5WM/visual/wrist1_Link.dae
-- Symlinking: /home/sam/orbit_sim_ws/install/orbit_robot_description/share/orbit_robot_description/meshes/FR5WM/visual/wrist1_Link.dae:Zone.Identifier
-- Symlinking: /home/sam/orbit_sim_ws/install/orbit_robot_description/share/orbit_robot_description/meshes/FR5WM/visual/wrist1_Link.dae:Zone.Identifier:Zone.Identifier
-- Symlinking: /home/sam/orbit_sim_ws/install/orbit_robot_description/share/orbit_robot_description/meshes/FR5WM/visual/wrist2_Link.dae
-- Symlinking: /home/sam/orbit_sim_ws/install/orbit_robot_description/share/orbit_robot_description/meshes/FR5WM/visual/wrist2_Link.dae:Zone.Identifier
-- Symlinking: /home/sam/orbit_sim_ws/install/orbit_robot_description/share/orbit_robot_description/meshes/FR5WM/visual/wrist2_Link.dae:Zone.Identifier:Zone.Identifier
-- Symlinking: /home/sam/orbit_sim_ws/install/orbit_robot_description/share/orbit_robot_description/meshes/FR5WM/visual/wrist3_Link.dae
-- Symlinking: /home/sam/orbit_sim_ws/install/orbit_robot_description/share/orbit_robot_description/meshes/FR5WM/visual/wrist3_Link.dae:Zone.Identifier
-- Symlinking: /home/sam/orbit_sim_ws/install/orbit_robot_description/share/orbit_robot_description/meshes/FR5WM/visual/wrist3_Link.dae:Zone.Identifier:Zone.Identifier
-- Symlinking: /home/sam/orbit_sim_ws/install/orbit_robot_description/share/orbit_robot_description/meshes/fairino10_v6/base_link.STL
-- Symlinking: /home/sam/orbit_sim_ws/install/orbit_robot_description/share/orbit_robot_description/meshes/fairino10_v6/base_link.STL:Zone.Identifier
-- Symlinking: /home/sam/orbit_sim_ws/install/orbit_robot_description/share/orbit_robot_description/meshes/fairino10_v6/base_link.STL:Zone.Identifier:Zone.Identifier
-- Symlinking: /home/sam/orbit_sim_ws/install/orbit_robot_description/share/orbit_robot_description/meshes/fairino10_v6/forearm_link.STL
-- Symlinking: /home/sam/orbit_sim_ws/install/orbit_robot_description/share/orbit_robot_description/meshes/fairino10_v6/forearm_link.STL:Zone.Identifier
-- Symlinking: /home/sam/orbit_sim_ws/install/orbit_robot_description/share/orbit_robot_description/meshes/fairino10_v6/forearm_link.STL:Zone.Identifier:Zone.Identifier
-- Symlinking: /home/sam/orbit_sim_ws/install/orbit_robot_description/share/orbit_robot_description/meshes/fairino10_v6/shoulder_link.STL
-- Symlinking: /home/sam/orbit_sim_ws/install/orbit_robot_description/share/orbit_robot_description/meshes/fairino10_v6/shoulder_link.STL:Zone.Identifier
-- Symlinking: /home/sam/orbit_sim_ws/install/orbit_robot_description/share/orbit_robot_description/meshes/fairino10_v6/shoulder_link.STL:Zone.Identifier:Zone.Identifier
-- Symlinking: /home/sam/orbit_sim_ws/install/orbit_robot_description/share/orbit_robot_description/meshes/fairino10_v6/upperarm_link.STL
-- Symlinking: /home/sam/orbit_sim_ws/install/orbit_robot_description/share/orbit_robot_description/meshes/fairino10_v6/upperarm_link.STL:Zone.Identifier
-- Symlinking: /home/sam/orbit_sim_ws/install/orbit_robot_description/share/orbit_robot_description/meshes/fairino10_v6/upperarm_link.STL:Zone.Identifier:Zone.Identifier
-- Symlinking: /home/sam/orbit_sim_ws/install/orbit_robot_description/share/orbit_robot_description/meshes/fairino10_v6/wrist1_link.STL
-- Symlinking: /home/sam/orbit_sim_ws/install/orbit_robot_description/share/orbit_robot_description/meshes/fairino10_v6/wrist1_link.STL:Zone.Identifier
-- Symlinking: /home/sam/orbit_sim_ws/install/orbit_robot_description/share/orbit_robot_description/meshes/fairino10_v6/wrist1_link.STL:Zone.Identifier:Zone.Identifier
-- Symlinking: /home/sam/orbit_sim_ws/install/orbit_robot_description/share/orbit_robot_description/meshes/fairino10_v6/wrist2_link.STL
-- Symlinking: /home/sam/orbit_sim_ws/install/orbit_robot_description/share/orbit_robot_description/meshes/fairino10_v6/wrist2_link.STL:Zone.Identifier
-- Symlinking: /home/sam/orbit_sim_ws/install/orbit_robot_description/share/orbit_robot_description/meshes/fairino10_v6/wrist2_link.STL:Zone.Identifier:Zone.Identifier
-- Symlinking: /home/sam/orbit_sim_ws/install/orbit_robot_description/share/orbit_robot_description/meshes/fairino10_v6/wrist3_link.STL
-- Symlinking: /home/sam/orbit_sim_ws/install/orbit_robot_description/share/orbit_robot_description/meshes/fairino10_v6/wrist3_link.STL:Zone.Identifier
-- Symlinking: /home/sam/orbit_sim_ws/install/orbit_robot_description/share/orbit_robot_description/meshes/fairino10_v6/wrist3_link.STL:Zone.Identifier:Zone.Identifier
-- Symlinking: /home/sam/orbit_sim_ws/install/orbit_robot_description/share/orbit_robot_description/meshes/fairino16_v6/base_link.STL
-- Symlinking: /home/sam/orbit_sim_ws/install/orbit_robot_description/share/orbit_robot_description/meshes/fairino16_v6/base_link.STL:Zone.Identifier
-- Symlinking: /home/sam/orbit_sim_ws/install/orbit_robot_description/share/orbit_robot_description/meshes/fairino16_v6/base_link.STL:Zone.Identifier:Zone.Identifier
-- Symlinking: /home/sam/orbit_sim_ws/install/orbit_robot_description/share/orbit_robot_description/meshes/fairino16_v6/forearm_link.STL
-- Symlinking: /home/sam/orbit_sim_ws/install/orbit_robot_description/share/orbit_robot_description/meshes/fairino16_v6/forearm_link.STL:Zone.Identifier
-- Symlinking: /home/sam/orbit_sim_ws/install/orbit_robot_description/share/orbit_robot_description/meshes/fairino16_v6/forearm_link.STL:Zone.Identifier:Zone.Identifier
-- Symlinking: /home/sam/orbit_sim_ws/install/orbit_robot_description/share/orbit_robot_description/meshes/fairino16_v6/shoulder_link.STL
-- Symlinking: /home/sam/orbit_sim_ws/install/orbit_robot_description/share/orbit_robot_description/meshes/fairino16_v6/shoulder_link.STL:Zone.Identifier
-- Symlinking: /home/sam/orbit_sim_ws/install/orbit_robot_description/share/orbit_robot_description/meshes/fairino16_v6/shoulder_link.STL:Zone.Identifier:Zone.Identifier
-- Symlinking: /home/sam/orbit_sim_ws/install/orbit_robot_description/share/orbit_robot_description/meshes/fairino16_v6/upperarm_link.STL
-- Symlinking: /home/sam/orbit_sim_ws/install/orbit_robot_description/share/orbit_robot_description/meshes/fairino16_v6/upperarm_link.STL:Zone.Identifier
-- Symlinking: /home/sam/orbit_sim_ws/install/orbit_robot_description/share/orbit_robot_description/meshes/fairino16_v6/upperarm_link.STL:Zone.Identifier:Zone.Identifier
-- Symlinking: /home/sam/orbit_sim_ws/install/orbit_robot_description/share/orbit_robot_description/meshes/fairino16_v6/wrist1_link.STL
-- Symlinking: /home/sam/orbit_sim_ws/install/orbit_robot_description/share/orbit_robot_description/meshes/fairino16_v6/wrist1_link.STL:Zone.Identifier
-- Symlinking: /home/sam/orbit_sim_ws/install/orbit_robot_description/share/orbit_robot_description/meshes/fairino16_v6/wrist1_link.STL:Zone.Identifier:Zone.Identifier
-- Symlinking: /home/sam/orbit_sim_ws/install/orbit_robot_description/share/orbit_robot_description/meshes/fairino16_v6/wrist2_link.STL
-- Symlinking: /home/sam/orbit_sim_ws/install/orbit_robot_description/share/orbit_robot_description/meshes/fairino16_v6/wrist2_link.STL:Zone.Identifier
-- Symlinking: /home/sam/orbit_sim_ws/install/orbit_robot_description/share/orbit_robot_description/meshes/fairino16_v6/wrist2_link.STL:Zone.Identifier:Zone.Identifier
-- Symlinking: /home/sam/orbit_sim_ws/install/orbit_robot_description/share/orbit_robot_description/meshes/fairino16_v6/wrist3_link.STL
-- Symlinking: /home/sam/orbit_sim_ws/install/orbit_robot_description/share/orbit_robot_description/meshes/fairino16_v6/wrist3_link.STL:Zone.Identifier
-- Symlinking: /home/sam/orbit_sim_ws/install/orbit_robot_description/share/orbit_robot_description/meshes/fairino16_v6/wrist3_link.STL:Zone.Identifier:Zone.Identifier
-- Symlinking: /home/sam/orbit_sim_ws/install/orbit_robot_description/share/orbit_robot_description/meshes/fairino20_v6/base_link.STL
-- Symlinking: /home/sam/orbit_sim_ws/install/orbit_robot_description/share/orbit_robot_description/meshes/fairino20_v6/base_link.STL:Zone.Identifier
-- Symlinking: /home/sam/orbit_sim_ws/install/orbit_robot_description/share/orbit_robot_description/meshes/fairino20_v6/base_link.STL:Zone.Identifier:Zone.Identifier
-- Symlinking: /home/sam/orbit_sim_ws/install/orbit_robot_description/share/orbit_robot_description/meshes/fairino20_v6/forearm_link.STL
-- Symlinking: /home/sam/orbit_sim_ws/install/orbit_robot_description/share/orbit_robot_description/meshes/fairino20_v6/forearm_link.STL:Zone.Identifier
-- Symlinking: /home/sam/orbit_sim_ws/install/orbit_robot_description/share/orbit_robot_description/meshes/fairino20_v6/forearm_link.STL:Zone.Identifier:Zone.Identifier
-- Symlinking: /home/sam/orbit_sim_ws/install/orbit_robot_description/share/orbit_robot_description/meshes/fairino20_v6/shoulder_link.STL
-- Symlinking: /home/sam/orbit_sim_ws/install/orbit_robot_description/share/orbit_robot_description/meshes/fairino20_v6/shoulder_link.STL:Zone.Identifier
-- Symlinking: /home/sam/orbit_sim_ws/install/orbit_robot_description/share/orbit_robot_description/meshes/fairino20_v6/shoulder_link.STL:Zone.Identifier:Zone.Identifier
-- Symlinking: /home/sam/orbit_sim_ws/install/orbit_robot_description/share/orbit_robot_description/meshes/fairino20_v6/upperarm_link.STL
-- Symlinking: /home/sam/orbit_sim_ws/install/orbit_robot_description/share/orbit_robot_description/meshes/fairino20_v6/upperarm_link.STL:Zone.Identifier
-- Symlinking: /home/sam/orbit_sim_ws/install/orbit_robot_description/share/orbit_robot_description/meshes/fairino20_v6/upperarm_link.STL:Zone.Identifier:Zone.Identifier
-- Symlinking: /home/sam/orbit_sim_ws/install/orbit_robot_description/share/orbit_robot_description/meshes/fairino20_v6/wrist1_link.STL
-- Symlinking: /home/sam/orbit_sim_ws/install/orbit_robot_description/share/orbit_robot_description/meshes/fairino20_v6/wrist1_link.STL:Zone.Identifier
-- Symlinking: /home/sam/orbit_sim_ws/install/orbit_robot_description/share/orbit_robot_description/meshes/fairino20_v6/wrist1_link.STL:Zone.Identifier:Zone.Identifier
-- Symlinking: /home/sam/orbit_sim_ws/install/orbit_robot_description/share/orbit_robot_description/meshes/fairino20_v6/wrist2_link.STL
-- Symlinking: /home/sam/orbit_sim_ws/install/orbit_robot_description/share/orbit_robot_description/meshes/fairino20_v6/wrist2_link.STL:Zone.Identifier
-- Symlinking: /home/sam/orbit_sim_ws/install/orbit_robot_description/share/orbit_robot_description/meshes/fairino20_v6/wrist2_link.STL:Zone.Identifier:Zone.Identifier
-- Symlinking: /home/sam/orbit_sim_ws/install/orbit_robot_description/share/orbit_robot_description/meshes/fairino20_v6/wrist3_link.STL
-- Symlinking: /home/sam/orbit_sim_ws/install/orbit_robot_description/share/orbit_robot_description/meshes/fairino20_v6/wrist3_link.STL:Zone.Identifier
-- Symlinking: /home/sam/orbit_sim_ws/install/orbit_robot_description/share/orbit_robot_description/meshes/fairino20_v6/wrist3_link.STL:Zone.Identifier:Zone.Identifier
-- Symlinking: /home/sam/orbit_sim_ws/install/orbit_robot_description/share/orbit_robot_description/meshes/fairino30_v6/base_link.STL
-- Symlinking: /home/sam/orbit_sim_ws/install/orbit_robot_description/share/orbit_robot_description/meshes/fairino30_v6/base_link.STL:Zone.Identifier
-- Symlinking: /home/sam/orbit_sim_ws/install/orbit_robot_description/share/orbit_robot_description/meshes/fairino30_v6/base_link.STL:Zone.Identifier:Zone.Identifier
-- Symlinking: /home/sam/orbit_sim_ws/install/orbit_robot_description/share/orbit_robot_description/meshes/fairino30_v6/forearm_link.STL
-- Symlinking: /home/sam/orbit_sim_ws/install/orbit_robot_description/share/orbit_robot_description/meshes/fairino30_v6/forearm_link.STL:Zone.Identifier
-- Symlinking: /home/sam/orbit_sim_ws/install/orbit_robot_description/share/orbit_robot_description/meshes/fairino30_v6/forearm_link.STL:Zone.Identifier:Zone.Identifier
-- Symlinking: /home/sam/orbit_sim_ws/install/orbit_robot_description/share/orbit_robot_description/meshes/fairino30_v6/shoulder_link.STL
-- Symlinking: /home/sam/orbit_sim_ws/install/orbit_robot_description/share/orbit_robot_description/meshes/fairino30_v6/shoulder_link.STL:Zone.Identifier
-- Symlinking: /home/sam/orbit_sim_ws/install/orbit_robot_description/share/orbit_robot_description/meshes/fairino30_v6/shoulder_link.STL:Zone.Identifier:Zone.Identifier
-- Symlinking: /home/sam/orbit_sim_ws/install/orbit_robot_description/share/orbit_robot_description/meshes/fairino30_v6/tool_link.STL
-- Symlinking: /home/sam/orbit_sim_ws/install/orbit_robot_description/share/orbit_robot_description/meshes/fairino30_v6/tool_link.STL:Zone.Identifier
-- Symlinking: /home/sam/orbit_sim_ws/install/orbit_robot_description/share/orbit_robot_description/meshes/fairino30_v6/tool_link.STL:Zone.Identifier:Zone.Identifier
-- Symlinking: /home/sam/orbit_sim_ws/install/orbit_robot_description/share/orbit_robot_description/meshes/fairino30_v6/uppperarm_link.STL
-- Symlinking: /home/sam/orbit_sim_ws/install/orbit_robot_description/share/orbit_robot_description/meshes/fairino30_v6/uppperarm_link.STL:Zone.Identifier
-- Symlinking: /home/sam/orbit_sim_ws/install/orbit_robot_description/share/orbit_robot_description/meshes/fairino30_v6/uppperarm_link.STL:Zone.Identifier:Zone.Identifier
-- Symlinking: /home/sam/orbit_sim_ws/install/orbit_robot_description/share/orbit_robot_description/meshes/fairino30_v6/wrist1_link.STL
-- Symlinking: /home/sam/orbit_sim_ws/install/orbit_robot_description/share/orbit_robot_description/meshes/fairino30_v6/wrist1_link.STL:Zone.Identifier
-- Symlinking: /home/sam/orbit_sim_ws/install/orbit_robot_description/share/orbit_robot_description/meshes/fairino30_v6/wrist1_link.STL:Zone.Identifier:Zone.Identifier
-- Symlinking: /home/sam/orbit_sim_ws/install/orbit_robot_description/share/orbit_robot_description/meshes/fairino30_v6/wrist2_link.STL
-- Symlinking: /home/sam/orbit_sim_ws/install/orbit_robot_description/share/orbit_robot_description/meshes/fairino30_v6/wrist2_link.STL:Zone.Identifier
-- Symlinking: /home/sam/orbit_sim_ws/install/orbit_robot_description/share/orbit_robot_description/meshes/fairino30_v6/wrist2_link.STL:Zone.Identifier:Zone.Identifier
-- Symlinking: /home/sam/orbit_sim_ws/install/orbit_robot_description/share/orbit_robot_description/meshes/fairino30_v6/wrist3_link.STL
-- Symlinking: /home/sam/orbit_sim_ws/install/orbit_robot_description/share/orbit_robot_description/meshes/fairino30_v6/wrist3_link.STL:Zone.Identifier
-- Symlinking: /home/sam/orbit_sim_ws/install/orbit_robot_description/share/orbit_robot_description/meshes/fairino30_v6/wrist3_link.STL:Zone.Identifier:Zone.Identifier
-- Symlinking: /home/sam/orbit_sim_ws/install/orbit_robot_description/share/orbit_robot_description/meshes/fairino3_mt_v6/base_link.STL
-- Symlinking: /home/sam/orbit_sim_ws/install/orbit_robot_description/share/orbit_robot_description/meshes/fairino3_mt_v6/base_link.STL:Zone.Identifier
-- Symlinking: /home/sam/orbit_sim_ws/install/orbit_robot_description/share/orbit_robot_description/meshes/fairino3_mt_v6/base_link.STL:Zone.Identifier:Zone.Identifier
-- Symlinking: /home/sam/orbit_sim_ws/install/orbit_robot_description/share/orbit_robot_description/meshes/fairino3_mt_v6/forearm_link.STL
-- Symlinking: /home/sam/orbit_sim_ws/install/orbit_robot_description/share/orbit_robot_description/meshes/fairino3_mt_v6/forearm_link.STL:Zone.Identifier
-- Symlinking: /home/sam/orbit_sim_ws/install/orbit_robot_description/share/orbit_robot_description/meshes/fairino3_mt_v6/forearm_link.STL:Zone.Identifier:Zone.Identifier
-- Symlinking: /home/sam/orbit_sim_ws/install/orbit_robot_description/share/orbit_robot_description/meshes/fairino3_mt_v6/shoulder_link.STL
-- Symlinking: /home/sam/orbit_sim_ws/install/orbit_robot_description/share/orbit_robot_description/meshes/fairino3_mt_v6/shoulder_link.STL:Zone.Identifier
-- Symlinking: /home/sam/orbit_sim_ws/install/orbit_robot_description/share/orbit_robot_description/meshes/fairino3_mt_v6/shoulder_link.STL:Zone.Identifier:Zone.Identifier
-- Symlinking: /home/sam/orbit_sim_ws/install/orbit_robot_description/share/orbit_robot_description/meshes/fairino3_mt_v6/upperarm_link.STL
-- Symlinking: /home/sam/orbit_sim_ws/install/orbit_robot_description/share/orbit_robot_description/meshes/fairino3_mt_v6/upperarm_link.STL:Zone.Identifier
-- Symlinking: /home/sam/orbit_sim_ws/install/orbit_robot_description/share/orbit_robot_description/meshes/fairino3_mt_v6/upperarm_link.STL:Zone.Identifier:Zone.Identifier
-- Symlinking: /home/sam/orbit_sim_ws/install/orbit_robot_description/share/orbit_robot_description/meshes/fairino3_mt_v6/wrist1_link.STL
-- Symlinking: /home/sam/orbit_sim_ws/install/orbit_robot_description/share/orbit_robot_description/meshes/fairino3_mt_v6/wrist1_link.STL:Zone.Identifier
-- Symlinking: /home/sam/orbit_sim_ws/install/orbit_robot_description/share/orbit_robot_description/meshes/fairino3_mt_v6/wrist1_link.STL:Zone.Identifier:Zone.Identifier
-- Symlinking: /home/sam/orbit_sim_ws/install/orbit_robot_description/share/orbit_robot_description/meshes/fairino3_mt_v6/wrist2_link.STL
-- Symlinking: /home/sam/orbit_sim_ws/install/orbit_robot_description/share/orbit_robot_description/meshes/fairino3_mt_v6/wrist2_link.STL:Zone.Identifier
-- Symlinking: /home/sam/orbit_sim_ws/install/orbit_robot_description/share/orbit_robot_description/meshes/fairino3_mt_v6/wrist2_link.STL:Zone.Identifier:Zone.Identifier
-- Symlinking: /home/sam/orbit_sim_ws/install/orbit_robot_description/share/orbit_robot_description/meshes/fairino3_mt_v6/wrist3_link.STL
-- Symlinking: /home/sam/orbit_sim_ws/install/orbit_robot_description/share/orbit_robot_description/meshes/fairino3_mt_v6/wrist3_link.STL:Zone.Identifier
-- Symlinking: /home/sam/orbit_sim_ws/install/orbit_robot_description/share/orbit_robot_description/meshes/fairino3_mt_v6/wrist3_link.STL:Zone.Identifier:Zone.Identifier
-- Symlinking: /home/sam/orbit_sim_ws/install/orbit_robot_description/share/orbit_robot_description/meshes/fairino3_v6/base_link.STL
-- Symlinking: /home/sam/orbit_sim_ws/install/orbit_robot_description/share/orbit_robot_description/meshes/fairino3_v6/base_link.STL:Zone.Identifier
-- Symlinking: /home/sam/orbit_sim_ws/install/orbit_robot_description/share/orbit_robot_description/meshes/fairino3_v6/base_link.STL:Zone.Identifier:Zone.Identifier
-- Symlinking: /home/sam/orbit_sim_ws/install/orbit_robot_description/share/orbit_robot_description/meshes/fairino3_v6/forearm_link.STL
-- Symlinking: /home/sam/orbit_sim_ws/install/orbit_robot_description/share/orbit_robot_description/meshes/fairino3_v6/forearm_link.STL:Zone.Identifier
-- Symlinking: /home/sam/orbit_sim_ws/install/orbit_robot_description/share/orbit_robot_description/meshes/fairino3_v6/forearm_link.STL:Zone.Identifier:Zone.Identifier
-- Symlinking: /home/sam/orbit_sim_ws/install/orbit_robot_description/share/orbit_robot_description/meshes/fairino3_v6/shoulder_link.STL
-- Symlinking: /home/sam/orbit_sim_ws/install/orbit_robot_description/share/orbit_robot_description/meshes/fairino3_v6/shoulder_link.STL:Zone.Identifier
-- Symlinking: /home/sam/orbit_sim_ws/install/orbit_robot_description/share/orbit_robot_description/meshes/fairino3_v6/shoulder_link.STL:Zone.Identifier:Zone.Identifier
-- Symlinking: /home/sam/orbit_sim_ws/install/orbit_robot_description/share/orbit_robot_description/meshes/fairino3_v6/upperarm_link.STL
-- Symlinking: /home/sam/orbit_sim_ws/install/orbit_robot_description/share/orbit_robot_description/meshes/fairino3_v6/upperarm_link.STL:Zone.Identifier
-- Symlinking: /home/sam/orbit_sim_ws/install/orbit_robot_description/share/orbit_robot_description/meshes/fairino3_v6/upperarm_link.STL:Zone.Identifier:Zone.Identifier
-- Symlinking: /home/sam/orbit_sim_ws/install/orbit_robot_description/share/orbit_robot_description/meshes/fairino3_v6/wrist1_link.STL
-- Symlinking: /home/sam/orbit_sim_ws/install/orbit_robot_description/share/orbit_robot_description/meshes/fairino3_v6/wrist1_link.STL:Zone.Identifier
-- Symlinking: /home/sam/orbit_sim_ws/install/orbit_robot_description/share/orbit_robot_description/meshes/fairino3_v6/wrist1_link.STL:Zone.Identifier:Zone.Identifier
-- Symlinking: /home/sam/orbit_sim_ws/install/orbit_robot_description/share/orbit_robot_description/meshes/fairino3_v6/wrist2_link.STL
-- Symlinking: /home/sam/orbit_sim_ws/install/orbit_robot_description/share/orbit_robot_description/meshes/fairino3_v6/wrist2_link.STL:Zone.Identifier
-- Symlinking: /home/sam/orbit_sim_ws/install/orbit_robot_description/share/orbit_robot_description/meshes/fairino3_v6/wrist2_link.STL:Zone.Identifier:Zone.Identifier
-- Symlinking: /home/sam/orbit_sim_ws/install/orbit_robot_description/share/orbit_robot_description/meshes/fairino3_v6/wrist3_link.STL
-- Symlinking: /home/sam/orbit_sim_ws/install/orbit_robot_description/share/orbit_robot_description/meshes/fairino3_v6/wrist3_link.STL:Zone.Identifier
-- Symlinking: /home/sam/orbit_sim_ws/install/orbit_robot_description/share/orbit_robot_description/meshes/fairino3_v6/wrist3_link.STL:Zone.Identifier:Zone.Identifier
-- Symlinking: /home/sam/orbit_sim_ws/install/orbit_robot_description/share/orbit_robot_description/meshes/fairino5_v6/base_link.STL
-- Symlinking: /home/sam/orbit_sim_ws/install/orbit_robot_description/share/orbit_robot_description/meshes/fairino5_v6/base_link.STL:Zone.Identifier
-- Symlinking: /home/sam/orbit_sim_ws/install/orbit_robot_description/share/orbit_robot_description/meshes/fairino5_v6/base_link.STL:Zone.Identifier:Zone.Identifier
-- Symlinking: /home/sam/orbit_sim_ws/install/orbit_robot_description/share/orbit_robot_description/meshes/fairino5_v6/forearm_link.STL
-- Symlinking: /home/sam/orbit_sim_ws/install/orbit_robot_description/share/orbit_robot_description/meshes/fairino5_v6/forearm_link.STL:Zone.Identifier
-- Symlinking: /home/sam/orbit_sim_ws/install/orbit_robot_description/share/orbit_robot_description/meshes/fairino5_v6/forearm_link.STL:Zone.Identifier:Zone.Identifier
-- Symlinking: /home/sam/orbit_sim_ws/install/orbit_robot_description/share/orbit_robot_description/meshes/fairino5_v6/shoulder_link.STL
-- Symlinking: /home/sam/orbit_sim_ws/install/orbit_robot_description/share/orbit_robot_description/meshes/fairino5_v6/shoulder_link.STL:Zone.Identifier
-- Symlinking: /home/sam/orbit_sim_ws/install/orbit_robot_description/share/orbit_robot_description/meshes/fairino5_v6/shoulder_link.STL:Zone.Identifier:Zone.Identifier
-- Symlinking: /home/sam/orbit_sim_ws/install/orbit_robot_description/share/orbit_robot_description/meshes/fairino5_v6/upperarm_link.STL
-- Symlinking: /home/sam/orbit_sim_ws/install/orbit_robot_description/share/orbit_robot_description/meshes/fairino5_v6/upperarm_link.STL:Zone.Identifier
-- Symlinking: /home/sam/orbit_sim_ws/install/orbit_robot_description/share/orbit_robot_description/meshes/fairino5_v6/upperarm_link.STL:Zone.Identifier:Zone.Identifier
-- Symlinking: /home/sam/orbit_sim_ws/install/orbit_robot_description/share/orbit_robot_description/meshes/fairino5_v6/wrist1_link.STL
-- Symlinking: /home/sam/orbit_sim_ws/install/orbit_robot_description/share/orbit_robot_description/meshes/fairino5_v6/wrist1_link.STL:Zone.Identifier
-- Symlinking: /home/sam/orbit_sim_ws/install/orbit_robot_description/share/orbit_robot_description/meshes/fairino5_v6/wrist1_link.STL:Zone.Identifier:Zone.Identifier
-- Symlinking: /home/sam/orbit_sim_ws/install/orbit_robot_description/share/orbit_robot_description/meshes/fairino5_v6/wrist2_link.STL
-- Symlinking: /home/sam/orbit_sim_ws/install/orbit_robot_description/share/orbit_robot_description/meshes/fairino5_v6/wrist2_link.STL:Zone.Identifier
-- Symlinking: /home/sam/orbit_sim_ws/install/orbit_robot_description/share/orbit_robot_description/meshes/fairino5_v6/wrist2_link.STL:Zone.Identifier:Zone.Identifier
-- Symlinking: /home/sam/orbit_sim_ws/install/orbit_robot_description/share/orbit_robot_description/meshes/fairino5_v6/wrist3_link.STL
-- Symlinking: /home/sam/orbit_sim_ws/install/orbit_robot_description/share/orbit_robot_description/meshes/fairino5_v6/wrist3_link.STL:Zone.Identifier
-- Symlinking: /home/sam/orbit_sim_ws/install/orbit_robot_description/share/orbit_robot_description/meshes/fairino5_v6/wrist3_link.STL:Zone.Identifier:Zone.Identifier
-- Symlinking: /home/sam/orbit_sim_ws/install/orbit_robot_description/share/orbit_robot_description/rviz/.setup_assistant
-- Symlinking: /home/sam/orbit_sim_ws/install/orbit_robot_description/share/orbit_robot_description/rviz/.setup_assistant:Zone.Identifier
-- Symlinking: /home/sam/orbit_sim_ws/install/orbit_robot_description/share/orbit_robot_description/rviz/.setup_assistant:Zone.Identifier:Zone.Identifier
-- Symlinking: /home/sam/orbit_sim_ws/install/orbit_robot_description/share/ament_index/resource_index/package_run_dependencies/orbit_robot_description
-- Symlinking: /home/sam/orbit_sim_ws/install/orbit_robot_description/share/ament_index/resource_index/parent_prefix_path/orbit_robot_description
-- Symlinking: /home/sam/orbit_sim_ws/install/orbit_robot_description/share/orbit_robot_description/environment/ament_prefix_path.sh
-- Symlinking: /home/sam/orbit_sim_ws/install/orbit_robot_description/share/orbit_robot_description/environment/ament_prefix_path.dsv
-- Symlinking: /home/sam/orbit_sim_ws/install/orbit_robot_description/share/orbit_robot_description/environment/path.sh
-- Symlinking: /home/sam/orbit_sim_ws/install/orbit_robot_description/share/orbit_robot_description/environment/path.dsv
-- Symlinking: /home/sam/orbit_sim_ws/install/orbit_robot_description/share/orbit_robot_description/local_setup.bash
-- Symlinking: /home/sam/orbit_sim_ws/install/orbit_robot_description/share/orbit_robot_description/local_setup.sh
-- Symlinking: /home/sam/orbit_sim_ws/install/orbit_robot_description/share/orbit_robot_description/local_setup.zsh
-- Symlinking: /home/sam/orbit_sim_ws/install/orbit_robot_description/share/orbit_robot_description/local_setup.dsv
-- Symlinking: /home/sam/orbit_sim_ws/install/orbit_robot_description/share/orbit_robot_description/package.dsv
-- Symlinking: /home/sam/orbit_sim_ws/install/orbit_robot_description/share/ament_index/resource_index/packages/orbit_robot_description
-- Symlinking: /home/sam/orbit_sim_ws/install/orbit_robot_description/share/orbit_robot_description/cmake/orbit_robot_descriptionConfig.cmake
-- Symlinking: /home/sam/orbit_sim_ws/install/orbit_robot_description/share/orbit_robot_description/cmake/orbit_robot_descriptionConfig-version.cmake
-- Symlinking: /home/sam/orbit_sim_ws/install/orbit_robot_description/share/orbit_robot_description/package.xml
