[0.016s] Invoking command in '/home/sam/orbit_sim_ws/build/orbit_robot_description': CMAKE_PREFIX_PATH=/opt/ros/humble /usr/bin/cmake --build /home/sam/orbit_sim_ws/build/orbit_robot_description -- -j32 -l32
[0.107s] Invoked command in '/home/sam/orbit_sim_ws/build/orbit_robot_description' returned '0': CMAKE_PREFIX_PATH=/opt/ros/humble /usr/bin/cmake --build /home/sam/orbit_sim_ws/build/orbit_robot_description -- -j32 -l32
[0.121s] Invoking command in '/home/sam/orbit_sim_ws/build/orbit_robot_description': CMAKE_PREFIX_PATH=/opt/ros/humble /usr/bin/cmake --install /home/sam/orbit_sim_ws/build/orbit_robot_description
[0.131s] -- Install configuration: ""
[0.132s] -- Execute custom install script
[0.134s] -- Up-to-date symlink: /home/sam/orbit_sim_ws/install/orbit_robot_description/share/orbit_robot_description/urdf/FR3WML.urdf
[0.134s] -- Up-to-date symlink: /home/sam/orbit_sim_ws/install/orbit_robot_description/share/orbit_robot_description/urdf/FR3WML.urdf:Zone.Identifier
[0.134s] -- Up-to-date symlink: /home/sam/orbit_sim_ws/install/orbit_robot_description/share/orbit_robot_description/urdf/FR3WML.urdf:Zone.Identifier:Zone.Identifier
[0.135s] -- Up-to-date symlink: /home/sam/orbit_sim_ws/install/orbit_robot_description/share/orbit_robot_description/urdf/FR3WMS.urdf
[0.135s] -- Up-to-date symlink: /home/sam/orbit_sim_ws/install/orbit_robot_description/share/orbit_robot_description/urdf/FR3WMS.urdf:Zone.Identifier
[0.135s] -- Up-to-date symlink: /home/sam/orbit_sim_ws/install/orbit_robot_description/share/orbit_robot_description/urdf/FR3WMS.urdf:Zone.Identifier:Zone.Identifier
[0.135s] -- Up-to-date symlink: /home/sam/orbit_sim_ws/install/orbit_robot_description/share/orbit_robot_description/urdf/FR5WM.urdf
[0.135s] -- Up-to-date symlink: /home/sam/orbit_sim_ws/install/orbit_robot_description/share/orbit_robot_description/urdf/FR5WM.urdf:Zone.Identifier
[0.136s] -- Up-to-date symlink: /home/sam/orbit_sim_ws/install/orbit_robot_description/share/orbit_robot_description/urdf/FR5WM.urdf:Zone.Identifier:Zone.Identifier
[0.136s] -- Up-to-date symlink: /home/sam/orbit_sim_ws/install/orbit_robot_description/share/orbit_robot_description/urdf/fairino10_v6.urdf
[0.136s] -- Up-to-date symlink: /home/sam/orbit_sim_ws/install/orbit_robot_description/share/orbit_robot_description/urdf/fairino10_v6.urdf:Zone.Identifier
[0.136s] -- Up-to-date symlink: /home/sam/orbit_sim_ws/install/orbit_robot_description/share/orbit_robot_description/urdf/fairino10_v6.urdf:Zone.Identifier:Zone.Identifier
[0.137s] -- Up-to-date symlink: /home/sam/orbit_sim_ws/install/orbit_robot_description/share/orbit_robot_description/urdf/fairino16_v6.urdf
[0.137s] -- Up-to-date symlink: /home/sam/orbit_sim_ws/install/orbit_robot_description/share/orbit_robot_description/urdf/fairino16_v6.urdf:Zone.Identifier
[0.137s] -- Up-to-date symlink: /home/sam/orbit_sim_ws/install/orbit_robot_description/share/orbit_robot_description/urdf/fairino16_v6.urdf:Zone.Identifier:Zone.Identifier
[0.137s] -- Up-to-date symlink: /home/sam/orbit_sim_ws/install/orbit_robot_description/share/orbit_robot_description/urdf/fairino20_v6.urdf
[0.137s] -- Up-to-date symlink: /home/sam/orbit_sim_ws/install/orbit_robot_description/share/orbit_robot_description/urdf/fairino20_v6.urdf:Zone.Identifier
[0.138s] -- Up-to-date symlink: /home/sam/orbit_sim_ws/install/orbit_robot_description/share/orbit_robot_description/urdf/fairino20_v6.urdf:Zone.Identifier:Zone.Identifier
[0.138s] -- Up-to-date symlink: /home/sam/orbit_sim_ws/install/orbit_robot_description/share/orbit_robot_description/urdf/fairino30_v6.urdf
[0.138s] -- Up-to-date symlink: /home/sam/orbit_sim_ws/install/orbit_robot_description/share/orbit_robot_description/urdf/fairino30_v6.urdf:Zone.Identifier
[0.138s] -- Up-to-date symlink: /home/sam/orbit_sim_ws/install/orbit_robot_description/share/orbit_robot_description/urdf/fairino30_v6.urdf:Zone.Identifier:Zone.Identifier
[0.138s] -- Up-to-date symlink: /home/sam/orbit_sim_ws/install/orbit_robot_description/share/orbit_robot_description/urdf/fairino3_mt_v6.urdf
[0.138s] -- Up-to-date symlink: /home/sam/orbit_sim_ws/install/orbit_robot_description/share/orbit_robot_description/urdf/fairino3_mt_v6.urdf:Zone.Identifier
[0.139s] -- Up-to-date symlink: /home/sam/orbit_sim_ws/install/orbit_robot_description/share/orbit_robot_description/urdf/fairino3_mt_v6.urdf:Zone.Identifier:Zone.Identifier
[0.139s] -- Up-to-date symlink: /home/sam/orbit_sim_ws/install/orbit_robot_description/share/orbit_robot_description/urdf/fairino3_v6.urdf
[0.139s] -- Up-to-date symlink: /home/sam/orbit_sim_ws/install/orbit_robot_description/share/orbit_robot_description/urdf/fairino3_v6.urdf:Zone.Identifier
[0.139s] -- Up-to-date symlink: /home/sam/orbit_sim_ws/install/orbit_robot_description/share/orbit_robot_description/urdf/fairino3_v6.urdf:Zone.Identifier:Zone.Identifier
[0.139s] -- Up-to-date symlink: /home/sam/orbit_sim_ws/install/orbit_robot_description/share/orbit_robot_description/urdf/fairino5_v6.urdf
[0.139s] -- Up-to-date symlink: /home/sam/orbit_sim_ws/install/orbit_robot_description/share/orbit_robot_description/urdf/fairino5_v6.urdf:Zone.Identifier
[0.139s] -- Up-to-date symlink: /home/sam/orbit_sim_ws/install/orbit_robot_description/share/orbit_robot_description/urdf/fairino5_v6.urdf:Zone.Identifier:Zone.Identifier
[0.140s] -- Up-to-date symlink: /home/sam/orbit_sim_ws/install/orbit_robot_description/share/orbit_robot_description/launch/display.launch.py
[0.140s] -- Symlinking: /home/sam/orbit_sim_ws/install/orbit_robot_description/share/orbit_robot_description/launch/gazebo.launch.py
[0.152s] -- Up-to-date symlink: /home/sam/orbit_sim_ws/install/orbit_robot_description/share/orbit_robot_description/meshes/FR3WML/collision/base_link.STL
[0.153s] -- Up-to-date symlink: /home/sam/orbit_sim_ws/install/orbit_robot_description/share/orbit_robot_description/meshes/FR3WML/collision/base_link.STL:Zone.Identifier
[0.153s] -- Up-to-date symlink: /home/sam/orbit_sim_ws/install/orbit_robot_description/share/orbit_robot_description/meshes/FR3WML/collision/base_link.STL:Zone.Identifier:Zone.Identifier
[0.153s] -- Up-to-date symlink: /home/sam/orbit_sim_ws/install/orbit_robot_description/share/orbit_robot_description/meshes/FR3WML/collision/forearm_Link.STL
[0.153s] -- Up-to-date symlink: /home/sam/orbit_sim_ws/install/orbit_robot_description/share/orbit_robot_description/meshes/FR3WML/collision/forearm_Link.STL:Zone.Identifier
[0.153s] -- Up-to-date symlink: /home/sam/orbit_sim_ws/install/orbit_robot_description/share/orbit_robot_description/meshes/FR3WML/collision/forearm_Link.STL:Zone.Identifier:Zone.Identifier
[0.153s] -- Up-to-date symlink: /home/sam/orbit_sim_ws/install/orbit_robot_description/share/orbit_robot_description/meshes/FR3WML/collision/shoulder_Link.STL
[0.154s] -- Up-to-date symlink: /home/sam/orbit_sim_ws/install/orbit_robot_description/share/orbit_robot_description/meshes/FR3WML/collision/shoulder_Link.STL:Zone.Identifier
[0.154s] -- Up-to-date symlink: /home/sam/orbit_sim_ws/install/orbit_robot_description/share/orbit_robot_description/meshes/FR3WML/collision/shoulder_Link.STL:Zone.Identifier:Zone.Identifier
[0.154s] -- Up-to-date symlink: /home/sam/orbit_sim_ws/install/orbit_robot_description/share/orbit_robot_description/meshes/FR3WML/collision/upperarm_Link.STL
[0.154s] -- Up-to-date symlink: /home/sam/orbit_sim_ws/install/orbit_robot_description/share/orbit_robot_description/meshes/FR3WML/collision/upperarm_Link.STL:Zone.Identifier
[0.155s] -- Up-to-date symlink: /home/sam/orbit_sim_ws/install/orbit_robot_description/share/orbit_robot_description/meshes/FR3WML/collision/upperarm_Link.STL:Zone.Identifier:Zone.Identifier
[0.155s] -- Up-to-date symlink: /home/sam/orbit_sim_ws/install/orbit_robot_description/share/orbit_robot_description/meshes/FR3WML/collision/wrist1_Link.STL
[0.155s] -- Up-to-date symlink: /home/sam/orbit_sim_ws/install/orbit_robot_description/share/orbit_robot_description/meshes/FR3WML/collision/wrist1_Link.STL:Zone.Identifier
[0.155s] -- Up-to-date symlink: /home/sam/orbit_sim_ws/install/orbit_robot_description/share/orbit_robot_description/meshes/FR3WML/collision/wrist1_Link.STL:Zone.Identifier:Zone.Identifier
[0.155s] -- Up-to-date symlink: /home/sam/orbit_sim_ws/install/orbit_robot_description/share/orbit_robot_description/meshes/FR3WML/collision/wrist2_Link.STL
[0.155s] -- Up-to-date symlink: /home/sam/orbit_sim_ws/install/orbit_robot_description/share/orbit_robot_description/meshes/FR3WML/collision/wrist2_Link.STL:Zone.Identifier
[0.155s] -- Up-to-date symlink: /home/sam/orbit_sim_ws/install/orbit_robot_description/share/orbit_robot_description/meshes/FR3WML/collision/wrist2_Link.STL:Zone.Identifier:Zone.Identifier
[0.156s] -- Up-to-date symlink: /home/sam/orbit_sim_ws/install/orbit_robot_description/share/orbit_robot_description/meshes/FR3WML/collision/wrist3_Link.STL
[0.156s] -- Up-to-date symlink: /home/sam/orbit_sim_ws/install/orbit_robot_description/share/orbit_robot_description/meshes/FR3WML/collision/wrist3_Link.STL:Zone.Identifier
[0.156s] -- Up-to-date symlink: /home/sam/orbit_sim_ws/install/orbit_robot_description/share/orbit_robot_description/meshes/FR3WML/collision/wrist3_Link.STL:Zone.Identifier:Zone.Identifier
[0.156s] -- Up-to-date symlink: /home/sam/orbit_sim_ws/install/orbit_robot_description/share/orbit_robot_description/meshes/FR3WML/visual/base_link.dae
[0.156s] -- Up-to-date symlink: /home/sam/orbit_sim_ws/install/orbit_robot_description/share/orbit_robot_description/meshes/FR3WML/visual/base_link.dae:Zone.Identifier
[0.157s] -- Up-to-date symlink: /home/sam/orbit_sim_ws/install/orbit_robot_description/share/orbit_robot_description/meshes/FR3WML/visual/base_link.dae:Zone.Identifier:Zone.Identifier
[0.157s] -- Up-to-date symlink: /home/sam/orbit_sim_ws/install/orbit_robot_description/share/orbit_robot_description/meshes/FR3WML/visual/forearm_Link.dae
[0.157s] -- Up-to-date symlink: /home/sam/orbit_sim_ws/install/orbit_robot_description/share/orbit_robot_description/meshes/FR3WML/visual/forearm_Link.dae:Zone.Identifier
[0.157s] -- Up-to-date symlink: /home/sam/orbit_sim_ws/install/orbit_robot_description/share/orbit_robot_description/meshes/FR3WML/visual/forearm_Link.dae:Zone.Identifier:Zone.Identifier
[0.157s] -- Up-to-date symlink: /home/sam/orbit_sim_ws/install/orbit_robot_description/share/orbit_robot_description/meshes/FR3WML/visual/shoulder_Link.dae
[0.157s] -- Up-to-date symlink: /home/sam/orbit_sim_ws/install/orbit_robot_description/share/orbit_robot_description/meshes/FR3WML/visual/shoulder_Link.dae:Zone.Identifier
[0.157s] -- Up-to-date symlink: /home/sam/orbit_sim_ws/install/orbit_robot_description/share/orbit_robot_description/meshes/FR3WML/visual/shoulder_Link.dae:Zone.Identifier:Zone.Identifier
[0.157s] -- Up-to-date symlink: /home/sam/orbit_sim_ws/install/orbit_robot_description/share/orbit_robot_description/meshes/FR3WML/visual/upperarm_Link.dae
[0.158s] -- Up-to-date symlink: /home/sam/orbit_sim_ws/install/orbit_robot_description/share/orbit_robot_description/meshes/FR3WML/visual/upperarm_Link.dae:Zone.Identifier
[0.158s] -- Up-to-date symlink: /home/sam/orbit_sim_ws/install/orbit_robot_description/share/orbit_robot_description/meshes/FR3WML/visual/upperarm_Link.dae:Zone.Identifier:Zone.Identifier
[0.158s] -- Up-to-date symlink: /home/sam/orbit_sim_ws/install/orbit_robot_description/share/orbit_robot_description/meshes/FR3WML/visual/wrist1_Link.dae
[0.158s] -- Up-to-date symlink: /home/sam/orbit_sim_ws/install/orbit_robot_description/share/orbit_robot_description/meshes/FR3WML/visual/wrist1_Link.dae:Zone.Identifier
[0.158s] -- Up-to-date symlink: /home/sam/orbit_sim_ws/install/orbit_robot_description/share/orbit_robot_description/meshes/FR3WML/visual/wrist1_Link.dae:Zone.Identifier:Zone.Identifier
[0.158s] -- Up-to-date symlink: /home/sam/orbit_sim_ws/install/orbit_robot_description/share/orbit_robot_description/meshes/FR3WML/visual/wrist2_Link.dae
[0.159s] -- Up-to-date symlink: /home/sam/orbit_sim_ws/install/orbit_robot_description/share/orbit_robot_description/meshes/FR3WML/visual/wrist2_Link.dae:Zone.Identifier
[0.159s] -- Up-to-date symlink: /home/sam/orbit_sim_ws/install/orbit_robot_description/share/orbit_robot_description/meshes/FR3WML/visual/wrist2_Link.dae:Zone.Identifier:Zone.Identifier
[0.159s] -- Up-to-date symlink: /home/sam/orbit_sim_ws/install/orbit_robot_description/share/orbit_robot_description/meshes/FR3WML/visual/wrist3_Link.dae
[0.160s] -- Up-to-date symlink: /home/sam/orbit_sim_ws/install/orbit_robot_description/share/orbit_robot_description/meshes/FR3WML/visual/wrist3_Link.dae:Zone.Identifier
[0.160s] -- Up-to-date symlink: /home/sam/orbit_sim_ws/install/orbit_robot_description/share/orbit_robot_description/meshes/FR3WML/visual/wrist3_Link.dae:Zone.Identifier:Zone.Identifier
[0.160s] -- Up-to-date symlink: /home/sam/orbit_sim_ws/install/orbit_robot_description/share/orbit_robot_description/meshes/FR3WMS/collision/base_link.STL
[0.160s] -- Up-to-date symlink: /home/sam/orbit_sim_ws/install/orbit_robot_description/share/orbit_robot_description/meshes/FR3WMS/collision/base_link.STL:Zone.Identifier
[0.160s] -- Up-to-date symlink: /home/sam/orbit_sim_ws/install/orbit_robot_description/share/orbit_robot_description/meshes/FR3WMS/collision/base_link.STL:Zone.Identifier:Zone.Identifier
[0.160s] -- Up-to-date symlink: /home/sam/orbit_sim_ws/install/orbit_robot_description/share/orbit_robot_description/meshes/FR3WMS/collision/forearm_Link.STL
[0.160s] -- Up-to-date symlink: /home/sam/orbit_sim_ws/install/orbit_robot_description/share/orbit_robot_description/meshes/FR3WMS/collision/forearm_Link.STL:Zone.Identifier
[0.161s] -- Up-to-date symlink: /home/sam/orbit_sim_ws/install/orbit_robot_description/share/orbit_robot_description/meshes/FR3WMS/collision/forearm_Link.STL:Zone.Identifier:Zone.Identifier
[0.161s] -- Up-to-date symlink: /home/sam/orbit_sim_ws/install/orbit_robot_description/share/orbit_robot_description/meshes/FR3WMS/collision/shoulder_Link.STL
[0.161s] -- Up-to-date symlink: /home/sam/orbit_sim_ws/install/orbit_robot_description/share/orbit_robot_description/meshes/FR3WMS/collision/shoulder_Link.STL:Zone.Identifier
[0.161s] -- Up-to-date symlink: /home/sam/orbit_sim_ws/install/orbit_robot_description/share/orbit_robot_description/meshes/FR3WMS/collision/shoulder_Link.STL:Zone.Identifier:Zone.Identifier
[0.161s] -- Up-to-date symlink: /home/sam/orbit_sim_ws/install/orbit_robot_description/share/orbit_robot_description/meshes/FR3WMS/collision/upperarm_Link.STL
[0.161s] -- Up-to-date symlink: /home/sam/orbit_sim_ws/install/orbit_robot_description/share/orbit_robot_description/meshes/FR3WMS/collision/upperarm_Link.STL:Zone.Identifier
[0.162s] -- Up-to-date symlink: /home/sam/orbit_sim_ws/install/orbit_robot_description/share/orbit_robot_description/meshes/FR3WMS/collision/upperarm_Link.STL:Zone.Identifier:Zone.Identifier
[0.162s] -- Up-to-date symlink: /home/sam/orbit_sim_ws/install/orbit_robot_description/share/orbit_robot_description/meshes/FR3WMS/collision/wrist1_Link.STL
[0.162s] -- Up-to-date symlink: /home/sam/orbit_sim_ws/install/orbit_robot_description/share/orbit_robot_description/meshes/FR3WMS/collision/wrist1_Link.STL:Zone.Identifier
[0.162s] -- Up-to-date symlink: /home/sam/orbit_sim_ws/install/orbit_robot_description/share/orbit_robot_description/meshes/FR3WMS/collision/wrist1_Link.STL:Zone.Identifier:Zone.Identifier
[0.162s] -- Up-to-date symlink: /home/sam/orbit_sim_ws/install/orbit_robot_description/share/orbit_robot_description/meshes/FR3WMS/collision/wrist2_Link.STL
[0.162s] -- Up-to-date symlink: /home/sam/orbit_sim_ws/install/orbit_robot_description/share/orbit_robot_description/meshes/FR3WMS/collision/wrist2_Link.STL:Zone.Identifier
[0.163s] -- Up-to-date symlink: /home/sam/orbit_sim_ws/install/orbit_robot_description/share/orbit_robot_description/meshes/FR3WMS/collision/wrist2_Link.STL:Zone.Identifier:Zone.Identifier
[0.163s] -- Up-to-date symlink: /home/sam/orbit_sim_ws/install/orbit_robot_description/share/orbit_robot_description/meshes/FR3WMS/collision/wrist3_Link.STL
[0.163s] -- Up-to-date symlink: /home/sam/orbit_sim_ws/install/orbit_robot_description/share/orbit_robot_description/meshes/FR3WMS/collision/wrist3_Link.STL:Zone.Identifier
[0.163s] -- Up-to-date symlink: /home/sam/orbit_sim_ws/install/orbit_robot_description/share/orbit_robot_description/meshes/FR3WMS/collision/wrist3_Link.STL:Zone.Identifier:Zone.Identifier
[0.163s] -- Up-to-date symlink: /home/sam/orbit_sim_ws/install/orbit_robot_description/share/orbit_robot_description/meshes/FR3WMS/visual/base_link.dae
[0.164s] -- Up-to-date symlink: /home/sam/orbit_sim_ws/install/orbit_robot_description/share/orbit_robot_description/meshes/FR3WMS/visual/base_link.dae:Zone.Identifier
[0.164s] -- Up-to-date symlink: /home/sam/orbit_sim_ws/install/orbit_robot_description/share/orbit_robot_description/meshes/FR3WMS/visual/base_link.dae:Zone.Identifier:Zone.Identifier
[0.164s] -- Up-to-date symlink: /home/sam/orbit_sim_ws/install/orbit_robot_description/share/orbit_robot_description/meshes/FR3WMS/visual/forearm_Link.dae
[0.164s] -- Up-to-date symlink: /home/sam/orbit_sim_ws/install/orbit_robot_description/share/orbit_robot_description/meshes/FR3WMS/visual/forearm_Link.dae:Zone.Identifier
[0.164s] -- Up-to-date symlink: /home/sam/orbit_sim_ws/install/orbit_robot_description/share/orbit_robot_description/meshes/FR3WMS/visual/forearm_Link.dae:Zone.Identifier:Zone.Identifier
[0.165s] -- Up-to-date symlink: /home/sam/orbit_sim_ws/install/orbit_robot_description/share/orbit_robot_description/meshes/FR3WMS/visual/shoulder_Link.dae
[0.165s] -- Up-to-date symlink: /home/sam/orbit_sim_ws/install/orbit_robot_description/share/orbit_robot_description/meshes/FR3WMS/visual/shoulder_Link.dae:Zone.Identifier
[0.165s] -- Up-to-date symlink: /home/sam/orbit_sim_ws/install/orbit_robot_description/share/orbit_robot_description/meshes/FR3WMS/visual/shoulder_Link.dae:Zone.Identifier:Zone.Identifier
[0.165s] -- Up-to-date symlink: /home/sam/orbit_sim_ws/install/orbit_robot_description/share/orbit_robot_description/meshes/FR3WMS/visual/upperarm_Link.dae
[0.165s] -- Up-to-date symlink: /home/sam/orbit_sim_ws/install/orbit_robot_description/share/orbit_robot_description/meshes/FR3WMS/visual/upperarm_Link.dae:Zone.Identifier
[0.165s] -- Up-to-date symlink: /home/sam/orbit_sim_ws/install/orbit_robot_description/share/orbit_robot_description/meshes/FR3WMS/visual/upperarm_Link.dae:Zone.Identifier:Zone.Identifier
[0.165s] -- Up-to-date symlink: /home/sam/orbit_sim_ws/install/orbit_robot_description/share/orbit_robot_description/meshes/FR3WMS/visual/wrist1_Link.dae
[0.166s] -- Up-to-date symlink: /home/sam/orbit_sim_ws/install/orbit_robot_description/share/orbit_robot_description/meshes/FR3WMS/visual/wrist1_Link.dae:Zone.Identifier
[0.166s] -- Up-to-date symlink: /home/sam/orbit_sim_ws/install/orbit_robot_description/share/orbit_robot_description/meshes/FR3WMS/visual/wrist1_Link.dae:Zone.Identifier:Zone.Identifier
[0.166s] -- Up-to-date symlink: /home/sam/orbit_sim_ws/install/orbit_robot_description/share/orbit_robot_description/meshes/FR3WMS/visual/wrist2_Link.dae
[0.166s] -- Up-to-date symlink: /home/sam/orbit_sim_ws/install/orbit_robot_description/share/orbit_robot_description/meshes/FR3WMS/visual/wrist2_Link.dae:Zone.Identifier
[0.166s] -- Up-to-date symlink: /home/sam/orbit_sim_ws/install/orbit_robot_description/share/orbit_robot_description/meshes/FR3WMS/visual/wrist2_Link.dae:Zone.Identifier:Zone.Identifier
[0.166s] -- Up-to-date symlink: /home/sam/orbit_sim_ws/install/orbit_robot_description/share/orbit_robot_description/meshes/FR3WMS/visual/wrist3_Link.dae
[0.166s] -- Up-to-date symlink: /home/sam/orbit_sim_ws/install/orbit_robot_description/share/orbit_robot_description/meshes/FR3WMS/visual/wrist3_Link.dae:Zone.Identifier
[0.166s] -- Up-to-date symlink: /home/sam/orbit_sim_ws/install/orbit_robot_description/share/orbit_robot_description/meshes/FR3WMS/visual/wrist3_Link.dae:Zone.Identifier:Zone.Identifier
[0.166s] -- Up-to-date symlink: /home/sam/orbit_sim_ws/install/orbit_robot_description/share/orbit_robot_description/meshes/FR5WM/collision/base_link.STL
[0.166s] -- Up-to-date symlink: /home/sam/orbit_sim_ws/install/orbit_robot_description/share/orbit_robot_description/meshes/FR5WM/collision/base_link.STL:Zone.Identifier
[0.167s] -- Up-to-date symlink: /home/sam/orbit_sim_ws/install/orbit_robot_description/share/orbit_robot_description/meshes/FR5WM/collision/base_link.STL:Zone.Identifier:Zone.Identifier
[0.167s] -- Up-to-date symlink: /home/sam/orbit_sim_ws/install/orbit_robot_description/share/orbit_robot_description/meshes/FR5WM/collision/forearm_Link.STL
[0.167s] -- Up-to-date symlink: /home/sam/orbit_sim_ws/install/orbit_robot_description/share/orbit_robot_description/meshes/FR5WM/collision/forearm_Link.STL:Zone.Identifier
[0.167s] -- Up-to-date symlink: /home/sam/orbit_sim_ws/install/orbit_robot_description/share/orbit_robot_description/meshes/FR5WM/collision/forearm_Link.STL:Zone.Identifier:Zone.Identifier
[0.167s] -- Up-to-date symlink: /home/sam/orbit_sim_ws/install/orbit_robot_description/share/orbit_robot_description/meshes/FR5WM/collision/shoulder_Link.STL
[0.167s] -- Up-to-date symlink: /home/sam/orbit_sim_ws/install/orbit_robot_description/share/orbit_robot_description/meshes/FR5WM/collision/shoulder_Link.STL:Zone.Identifier
[0.168s] -- Up-to-date symlink: /home/sam/orbit_sim_ws/install/orbit_robot_description/share/orbit_robot_description/meshes/FR5WM/collision/shoulder_Link.STL:Zone.Identifier:Zone.Identifier
[0.168s] -- Up-to-date symlink: /home/sam/orbit_sim_ws/install/orbit_robot_description/share/orbit_robot_description/meshes/FR5WM/collision/upperarm_Link.STL
[0.168s] -- Up-to-date symlink: /home/sam/orbit_sim_ws/install/orbit_robot_description/share/orbit_robot_description/meshes/FR5WM/collision/upperarm_Link.STL:Zone.Identifier
[0.168s] -- Up-to-date symlink: /home/sam/orbit_sim_ws/install/orbit_robot_description/share/orbit_robot_description/meshes/FR5WM/collision/upperarm_Link.STL:Zone.Identifier:Zone.Identifier
[0.168s] -- Up-to-date symlink: /home/sam/orbit_sim_ws/install/orbit_robot_description/share/orbit_robot_description/meshes/FR5WM/collision/wrist1_Link.STL
[0.168s] -- Up-to-date symlink: /home/sam/orbit_sim_ws/install/orbit_robot_description/share/orbit_robot_description/meshes/FR5WM/collision/wrist1_Link.STL:Zone.Identifier
[0.169s] -- Up-to-date symlink: /home/sam/orbit_sim_ws/install/orbit_robot_description/share/orbit_robot_description/meshes/FR5WM/collision/wrist1_Link.STL:Zone.Identifier:Zone.Identifier
[0.169s] -- Up-to-date symlink: /home/sam/orbit_sim_ws/install/orbit_robot_description/share/orbit_robot_description/meshes/FR5WM/collision/wrist2_Link.STL
[0.169s] -- Up-to-date symlink: /home/sam/orbit_sim_ws/install/orbit_robot_description/share/orbit_robot_description/meshes/FR5WM/collision/wrist2_Link.STL:Zone.Identifier
[0.169s] -- Up-to-date symlink: /home/sam/orbit_sim_ws/install/orbit_robot_description/share/orbit_robot_description/meshes/FR5WM/collision/wrist2_Link.STL:Zone.Identifier:Zone.Identifier
[0.169s] -- Up-to-date symlink: /home/sam/orbit_sim_ws/install/orbit_robot_description/share/orbit_robot_description/meshes/FR5WM/collision/wrist3_Link.STL
[0.169s] -- Up-to-date symlink: /home/sam/orbit_sim_ws/install/orbit_robot_description/share/orbit_robot_description/meshes/FR5WM/collision/wrist3_Link.STL:Zone.Identifier
[0.169s] -- Up-to-date symlink: /home/sam/orbit_sim_ws/install/orbit_robot_description/share/orbit_robot_description/meshes/FR5WM/collision/wrist3_Link.STL:Zone.Identifier:Zone.Identifier
[0.170s] -- Up-to-date symlink: /home/sam/orbit_sim_ws/install/orbit_robot_description/share/orbit_robot_description/meshes/FR5WM/visual/base_link.dae
[0.170s] -- Up-to-date symlink: /home/sam/orbit_sim_ws/install/orbit_robot_description/share/orbit_robot_description/meshes/FR5WM/visual/base_link.dae:Zone.Identifier
[0.170s] -- Up-to-date symlink: /home/sam/orbit_sim_ws/install/orbit_robot_description/share/orbit_robot_description/meshes/FR5WM/visual/base_link.dae:Zone.Identifier:Zone.Identifier
[0.170s] -- Up-to-date symlink: /home/sam/orbit_sim_ws/install/orbit_robot_description/share/orbit_robot_description/meshes/FR5WM/visual/forearm_Link.dae
[0.170s] -- Up-to-date symlink: /home/sam/orbit_sim_ws/install/orbit_robot_description/share/orbit_robot_description/meshes/FR5WM/visual/forearm_Link.dae:Zone.Identifier
[0.171s] -- Up-to-date symlink: /home/sam/orbit_sim_ws/install/orbit_robot_description/share/orbit_robot_description/meshes/FR5WM/visual/forearm_Link.dae:Zone.Identifier:Zone.Identifier
[0.171s] -- Up-to-date symlink: /home/sam/orbit_sim_ws/install/orbit_robot_description/share/orbit_robot_description/meshes/FR5WM/visual/shoulder_Link.dae
[0.171s] -- Up-to-date symlink: /home/sam/orbit_sim_ws/install/orbit_robot_description/share/orbit_robot_description/meshes/FR5WM/visual/shoulder_Link.dae:Zone.Identifier
[0.171s] -- Up-to-date symlink: /home/sam/orbit_sim_ws/install/orbit_robot_description/share/orbit_robot_description/meshes/FR5WM/visual/shoulder_Link.dae:Zone.Identifier:Zone.Identifier
[0.171s] -- Up-to-date symlink: /home/sam/orbit_sim_ws/install/orbit_robot_description/share/orbit_robot_description/meshes/FR5WM/visual/upperarm_Link.dae
[0.171s] -- Up-to-date symlink: /home/sam/orbit_sim_ws/install/orbit_robot_description/share/orbit_robot_description/meshes/FR5WM/visual/upperarm_Link.dae:Zone.Identifier
[0.171s] -- Up-to-date symlink: /home/sam/orbit_sim_ws/install/orbit_robot_description/share/orbit_robot_description/meshes/FR5WM/visual/upperarm_Link.dae:Zone.Identifier:Zone.Identifier
[0.171s] -- Up-to-date symlink: /home/sam/orbit_sim_ws/install/orbit_robot_description/share/orbit_robot_description/meshes/FR5WM/visual/wrist1_Link.dae
[0.172s] -- Up-to-date symlink: /home/sam/orbit_sim_ws/install/orbit_robot_description/share/orbit_robot_description/meshes/FR5WM/visual/wrist1_Link.dae:Zone.Identifier
[0.172s] -- Up-to-date symlink: /home/sam/orbit_sim_ws/install/orbit_robot_description/share/orbit_robot_description/meshes/FR5WM/visual/wrist1_Link.dae:Zone.Identifier:Zone.Identifier
[0.172s] -- Up-to-date symlink: /home/sam/orbit_sim_ws/install/orbit_robot_description/share/orbit_robot_description/meshes/FR5WM/visual/wrist2_Link.dae
[0.172s] -- Up-to-date symlink: /home/sam/orbit_sim_ws/install/orbit_robot_description/share/orbit_robot_description/meshes/FR5WM/visual/wrist2_Link.dae:Zone.Identifier
[0.172s] -- Up-to-date symlink: /home/sam/orbit_sim_ws/install/orbit_robot_description/share/orbit_robot_description/meshes/FR5WM/visual/wrist2_Link.dae:Zone.Identifier:Zone.Identifier
[0.172s] -- Up-to-date symlink: /home/sam/orbit_sim_ws/install/orbit_robot_description/share/orbit_robot_description/meshes/FR5WM/visual/wrist3_Link.dae
[0.173s] -- Up-to-date symlink: /home/sam/orbit_sim_ws/install/orbit_robot_description/share/orbit_robot_description/meshes/FR5WM/visual/wrist3_Link.dae:Zone.Identifier
[0.173s] -- Up-to-date symlink: /home/sam/orbit_sim_ws/install/orbit_robot_description/share/orbit_robot_description/meshes/FR5WM/visual/wrist3_Link.dae:Zone.Identifier:Zone.Identifier
[0.173s] -- Up-to-date symlink: /home/sam/orbit_sim_ws/install/orbit_robot_description/share/orbit_robot_description/meshes/fairino10_v6/base_link.STL
[0.173s] -- Up-to-date symlink: /home/sam/orbit_sim_ws/install/orbit_robot_description/share/orbit_robot_description/meshes/fairino10_v6/base_link.STL:Zone.Identifier
[0.173s] -- Up-to-date symlink: /home/sam/orbit_sim_ws/install/orbit_robot_description/share/orbit_robot_description/meshes/fairino10_v6/base_link.STL:Zone.Identifier:Zone.Identifier
[0.174s] -- Up-to-date symlink: /home/sam/orbit_sim_ws/install/orbit_robot_description/share/orbit_robot_description/meshes/fairino10_v6/forearm_link.STL
[0.174s] -- Up-to-date symlink: /home/sam/orbit_sim_ws/install/orbit_robot_description/share/orbit_robot_description/meshes/fairino10_v6/forearm_link.STL:Zone.Identifier
[0.174s] -- Up-to-date symlink: /home/sam/orbit_sim_ws/install/orbit_robot_description/share/orbit_robot_description/meshes/fairino10_v6/forearm_link.STL:Zone.Identifier:Zone.Identifier
[0.174s] -- Up-to-date symlink: /home/sam/orbit_sim_ws/install/orbit_robot_description/share/orbit_robot_description/meshes/fairino10_v6/shoulder_link.STL
[0.174s] -- Up-to-date symlink: /home/sam/orbit_sim_ws/install/orbit_robot_description/share/orbit_robot_description/meshes/fairino10_v6/shoulder_link.STL:Zone.Identifier
[0.174s] -- Up-to-date symlink: /home/sam/orbit_sim_ws/install/orbit_robot_description/share/orbit_robot_description/meshes/fairino10_v6/shoulder_link.STL:Zone.Identifier:Zone.Identifier
[0.174s] -- Up-to-date symlink: /home/sam/orbit_sim_ws/install/orbit_robot_description/share/orbit_robot_description/meshes/fairino10_v6/upperarm_link.STL
[0.174s] -- Up-to-date symlink: /home/sam/orbit_sim_ws/install/orbit_robot_description/share/orbit_robot_description/meshes/fairino10_v6/upperarm_link.STL:Zone.Identifier
[0.175s] -- Up-to-date symlink: /home/sam/orbit_sim_ws/install/orbit_robot_description/share/orbit_robot_description/meshes/fairino10_v6/upperarm_link.STL:Zone.Identifier:Zone.Identifier
[0.175s] -- Up-to-date symlink: /home/sam/orbit_sim_ws/install/orbit_robot_description/share/orbit_robot_description/meshes/fairino10_v6/wrist1_link.STL
[0.175s] -- Up-to-date symlink: /home/sam/orbit_sim_ws/install/orbit_robot_description/share/orbit_robot_description/meshes/fairino10_v6/wrist1_link.STL:Zone.Identifier
[0.175s] -- Up-to-date symlink: /home/sam/orbit_sim_ws/install/orbit_robot_description/share/orbit_robot_description/meshes/fairino10_v6/wrist1_link.STL:Zone.Identifier:Zone.Identifier
[0.175s] -- Up-to-date symlink: /home/sam/orbit_sim_ws/install/orbit_robot_description/share/orbit_robot_description/meshes/fairino10_v6/wrist2_link.STL
[0.175s] -- Up-to-date symlink: /home/sam/orbit_sim_ws/install/orbit_robot_description/share/orbit_robot_description/meshes/fairino10_v6/wrist2_link.STL:Zone.Identifier
[0.176s] -- Up-to-date symlink: /home/sam/orbit_sim_ws/install/orbit_robot_description/share/orbit_robot_description/meshes/fairino10_v6/wrist2_link.STL:Zone.Identifier:Zone.Identifier
[0.176s] -- Up-to-date symlink: /home/sam/orbit_sim_ws/install/orbit_robot_description/share/orbit_robot_description/meshes/fairino10_v6/wrist3_link.STL
[0.176s] -- Up-to-date symlink: /home/sam/orbit_sim_ws/install/orbit_robot_description/share/orbit_robot_description/meshes/fairino10_v6/wrist3_link.STL:Zone.Identifier
[0.176s] -- Up-to-date symlink: /home/sam/orbit_sim_ws/install/orbit_robot_description/share/orbit_robot_description/meshes/fairino10_v6/wrist3_link.STL:Zone.Identifier:Zone.Identifier
[0.176s] -- Up-to-date symlink: /home/sam/orbit_sim_ws/install/orbit_robot_description/share/orbit_robot_description/meshes/fairino16_v6/base_link.STL
[0.176s] -- Up-to-date symlink: /home/sam/orbit_sim_ws/install/orbit_robot_description/share/orbit_robot_description/meshes/fairino16_v6/base_link.STL:Zone.Identifier
[0.177s] -- Up-to-date symlink: /home/sam/orbit_sim_ws/install/orbit_robot_description/share/orbit_robot_description/meshes/fairino16_v6/base_link.STL:Zone.Identifier:Zone.Identifier
[0.177s] -- Up-to-date symlink: /home/sam/orbit_sim_ws/install/orbit_robot_description/share/orbit_robot_description/meshes/fairino16_v6/forearm_link.STL
[0.177s] -- Up-to-date symlink: /home/sam/orbit_sim_ws/install/orbit_robot_description/share/orbit_robot_description/meshes/fairino16_v6/forearm_link.STL:Zone.Identifier
[0.177s] -- Up-to-date symlink: /home/sam/orbit_sim_ws/install/orbit_robot_description/share/orbit_robot_description/meshes/fairino16_v6/forearm_link.STL:Zone.Identifier:Zone.Identifier
[0.177s] -- Up-to-date symlink: /home/sam/orbit_sim_ws/install/orbit_robot_description/share/orbit_robot_description/meshes/fairino16_v6/shoulder_link.STL
[0.177s] -- Up-to-date symlink: /home/sam/orbit_sim_ws/install/orbit_robot_description/share/orbit_robot_description/meshes/fairino16_v6/shoulder_link.STL:Zone.Identifier
[0.178s] -- Up-to-date symlink: /home/sam/orbit_sim_ws/install/orbit_robot_description/share/orbit_robot_description/meshes/fairino16_v6/shoulder_link.STL:Zone.Identifier:Zone.Identifier
[0.178s] -- Up-to-date symlink: /home/sam/orbit_sim_ws/install/orbit_robot_description/share/orbit_robot_description/meshes/fairino16_v6/upperarm_link.STL
[0.178s] -- Up-to-date symlink: /home/sam/orbit_sim_ws/install/orbit_robot_description/share/orbit_robot_description/meshes/fairino16_v6/upperarm_link.STL:Zone.Identifier
[0.178s] -- Up-to-date symlink: /home/sam/orbit_sim_ws/install/orbit_robot_description/share/orbit_robot_description/meshes/fairino16_v6/upperarm_link.STL:Zone.Identifier:Zone.Identifier
[0.178s] -- Up-to-date symlink: /home/sam/orbit_sim_ws/install/orbit_robot_description/share/orbit_robot_description/meshes/fairino16_v6/wrist1_link.STL
[0.179s] -- Up-to-date symlink: /home/sam/orbit_sim_ws/install/orbit_robot_description/share/orbit_robot_description/meshes/fairino16_v6/wrist1_link.STL:Zone.Identifier
[0.179s] -- Up-to-date symlink: /home/sam/orbit_sim_ws/install/orbit_robot_description/share/orbit_robot_description/meshes/fairino16_v6/wrist1_link.STL:Zone.Identifier:Zone.Identifier
[0.179s] -- Up-to-date symlink: /home/sam/orbit_sim_ws/install/orbit_robot_description/share/orbit_robot_description/meshes/fairino16_v6/wrist2_link.STL
[0.179s] -- Up-to-date symlink: /home/sam/orbit_sim_ws/install/orbit_robot_description/share/orbit_robot_description/meshes/fairino16_v6/wrist2_link.STL:Zone.Identifier
[0.179s] -- Up-to-date symlink: /home/sam/orbit_sim_ws/install/orbit_robot_description/share/orbit_robot_description/meshes/fairino16_v6/wrist2_link.STL:Zone.Identifier:Zone.Identifier
[0.179s] -- Up-to-date symlink: /home/sam/orbit_sim_ws/install/orbit_robot_description/share/orbit_robot_description/meshes/fairino16_v6/wrist3_link.STL
[0.179s] -- Up-to-date symlink: /home/sam/orbit_sim_ws/install/orbit_robot_description/share/orbit_robot_description/meshes/fairino16_v6/wrist3_link.STL:Zone.Identifier
[0.179s] -- Up-to-date symlink: /home/sam/orbit_sim_ws/install/orbit_robot_description/share/orbit_robot_description/meshes/fairino16_v6/wrist3_link.STL:Zone.Identifier:Zone.Identifier
[0.180s] -- Up-to-date symlink: /home/sam/orbit_sim_ws/install/orbit_robot_description/share/orbit_robot_description/meshes/fairino20_v6/base_link.STL
[0.180s] -- Up-to-date symlink: /home/sam/orbit_sim_ws/install/orbit_robot_description/share/orbit_robot_description/meshes/fairino20_v6/base_link.STL:Zone.Identifier
[0.180s] -- Up-to-date symlink: /home/sam/orbit_sim_ws/install/orbit_robot_description/share/orbit_robot_description/meshes/fairino20_v6/base_link.STL:Zone.Identifier:Zone.Identifier
[0.180s] -- Up-to-date symlink: /home/sam/orbit_sim_ws/install/orbit_robot_description/share/orbit_robot_description/meshes/fairino20_v6/forearm_link.STL
[0.180s] -- Up-to-date symlink: /home/sam/orbit_sim_ws/install/orbit_robot_description/share/orbit_robot_description/meshes/fairino20_v6/forearm_link.STL:Zone.Identifier
[0.180s] -- Up-to-date symlink: /home/sam/orbit_sim_ws/install/orbit_robot_description/share/orbit_robot_description/meshes/fairino20_v6/forearm_link.STL:Zone.Identifier:Zone.Identifier
[0.180s] -- Up-to-date symlink: /home/sam/orbit_sim_ws/install/orbit_robot_description/share/orbit_robot_description/meshes/fairino20_v6/shoulder_link.STL
[0.181s] -- Up-to-date symlink: /home/sam/orbit_sim_ws/install/orbit_robot_description/share/orbit_robot_description/meshes/fairino20_v6/shoulder_link.STL:Zone.Identifier
[0.181s] -- Up-to-date symlink: /home/sam/orbit_sim_ws/install/orbit_robot_description/share/orbit_robot_description/meshes/fairino20_v6/shoulder_link.STL:Zone.Identifier:Zone.Identifier
[0.181s] -- Up-to-date symlink: /home/sam/orbit_sim_ws/install/orbit_robot_description/share/orbit_robot_description/meshes/fairino20_v6/upperarm_link.STL
[0.181s] -- Up-to-date symlink: /home/sam/orbit_sim_ws/install/orbit_robot_description/share/orbit_robot_description/meshes/fairino20_v6/upperarm_link.STL:Zone.Identifier
[0.181s] -- Up-to-date symlink: /home/sam/orbit_sim_ws/install/orbit_robot_description/share/orbit_robot_description/meshes/fairino20_v6/upperarm_link.STL:Zone.Identifier:Zone.Identifier
[0.181s] -- Up-to-date symlink: /home/sam/orbit_sim_ws/install/orbit_robot_description/share/orbit_robot_description/meshes/fairino20_v6/wrist1_link.STL
[0.181s] -- Up-to-date symlink: /home/sam/orbit_sim_ws/install/orbit_robot_description/share/orbit_robot_description/meshes/fairino20_v6/wrist1_link.STL:Zone.Identifier
[0.182s] -- Up-to-date symlink: /home/sam/orbit_sim_ws/install/orbit_robot_description/share/orbit_robot_description/meshes/fairino20_v6/wrist1_link.STL:Zone.Identifier:Zone.Identifier
[0.182s] -- Up-to-date symlink: /home/sam/orbit_sim_ws/install/orbit_robot_description/share/orbit_robot_description/meshes/fairino20_v6/wrist2_link.STL
[0.182s] -- Up-to-date symlink: /home/sam/orbit_sim_ws/install/orbit_robot_description/share/orbit_robot_description/meshes/fairino20_v6/wrist2_link.STL:Zone.Identifier
[0.182s] -- Up-to-date symlink: /home/sam/orbit_sim_ws/install/orbit_robot_description/share/orbit_robot_description/meshes/fairino20_v6/wrist2_link.STL:Zone.Identifier:Zone.Identifier
[0.182s] -- Up-to-date symlink: /home/sam/orbit_sim_ws/install/orbit_robot_description/share/orbit_robot_description/meshes/fairino20_v6/wrist3_link.STL
[0.182s] -- Up-to-date symlink: /home/sam/orbit_sim_ws/install/orbit_robot_description/share/orbit_robot_description/meshes/fairino20_v6/wrist3_link.STL:Zone.Identifier
[0.182s] -- Up-to-date symlink: /home/sam/orbit_sim_ws/install/orbit_robot_description/share/orbit_robot_description/meshes/fairino20_v6/wrist3_link.STL:Zone.Identifier:Zone.Identifier
[0.182s] -- Up-to-date symlink: /home/sam/orbit_sim_ws/install/orbit_robot_description/share/orbit_robot_description/meshes/fairino30_v6/base_link.STL
[0.183s] -- Up-to-date symlink: /home/sam/orbit_sim_ws/install/orbit_robot_description/share/orbit_robot_description/meshes/fairino30_v6/base_link.STL:Zone.Identifier
[0.183s] -- Up-to-date symlink: /home/sam/orbit_sim_ws/install/orbit_robot_description/share/orbit_robot_description/meshes/fairino30_v6/base_link.STL:Zone.Identifier:Zone.Identifier
[0.183s] -- Up-to-date symlink: /home/sam/orbit_sim_ws/install/orbit_robot_description/share/orbit_robot_description/meshes/fairino30_v6/forearm_link.STL
[0.183s] -- Up-to-date symlink: /home/sam/orbit_sim_ws/install/orbit_robot_description/share/orbit_robot_description/meshes/fairino30_v6/forearm_link.STL:Zone.Identifier
[0.183s] -- Up-to-date symlink: /home/sam/orbit_sim_ws/install/orbit_robot_description/share/orbit_robot_description/meshes/fairino30_v6/forearm_link.STL:Zone.Identifier:Zone.Identifier
[0.183s] -- Up-to-date symlink: /home/sam/orbit_sim_ws/install/orbit_robot_description/share/orbit_robot_description/meshes/fairino30_v6/shoulder_link.STL
[0.183s] -- Up-to-date symlink: /home/sam/orbit_sim_ws/install/orbit_robot_description/share/orbit_robot_description/meshes/fairino30_v6/shoulder_link.STL:Zone.Identifier
[0.183s] -- Up-to-date symlink: /home/sam/orbit_sim_ws/install/orbit_robot_description/share/orbit_robot_description/meshes/fairino30_v6/shoulder_link.STL:Zone.Identifier:Zone.Identifier
[0.184s] -- Up-to-date symlink: /home/sam/orbit_sim_ws/install/orbit_robot_description/share/orbit_robot_description/meshes/fairino30_v6/tool_link.STL
[0.184s] -- Up-to-date symlink: /home/sam/orbit_sim_ws/install/orbit_robot_description/share/orbit_robot_description/meshes/fairino30_v6/tool_link.STL:Zone.Identifier
[0.184s] -- Up-to-date symlink: /home/sam/orbit_sim_ws/install/orbit_robot_description/share/orbit_robot_description/meshes/fairino30_v6/tool_link.STL:Zone.Identifier:Zone.Identifier
[0.184s] -- Up-to-date symlink: /home/sam/orbit_sim_ws/install/orbit_robot_description/share/orbit_robot_description/meshes/fairino30_v6/uppperarm_link.STL
[0.184s] -- Up-to-date symlink: /home/sam/orbit_sim_ws/install/orbit_robot_description/share/orbit_robot_description/meshes/fairino30_v6/uppperarm_link.STL:Zone.Identifier
[0.184s] -- Up-to-date symlink: /home/sam/orbit_sim_ws/install/orbit_robot_description/share/orbit_robot_description/meshes/fairino30_v6/uppperarm_link.STL:Zone.Identifier:Zone.Identifier
[0.185s] -- Up-to-date symlink: /home/sam/orbit_sim_ws/install/orbit_robot_description/share/orbit_robot_description/meshes/fairino30_v6/wrist1_link.STL
[0.185s] -- Up-to-date symlink: /home/sam/orbit_sim_ws/install/orbit_robot_description/share/orbit_robot_description/meshes/fairino30_v6/wrist1_link.STL:Zone.Identifier
[0.185s] -- Up-to-date symlink: /home/sam/orbit_sim_ws/install/orbit_robot_description/share/orbit_robot_description/meshes/fairino30_v6/wrist1_link.STL:Zone.Identifier:Zone.Identifier
[0.185s] -- Up-to-date symlink: /home/sam/orbit_sim_ws/install/orbit_robot_description/share/orbit_robot_description/meshes/fairino30_v6/wrist2_link.STL
[0.185s] -- Up-to-date symlink: /home/sam/orbit_sim_ws/install/orbit_robot_description/share/orbit_robot_description/meshes/fairino30_v6/wrist2_link.STL:Zone.Identifier
[0.185s] -- Up-to-date symlink: /home/sam/orbit_sim_ws/install/orbit_robot_description/share/orbit_robot_description/meshes/fairino30_v6/wrist2_link.STL:Zone.Identifier:Zone.Identifier
[0.185s] -- Up-to-date symlink: /home/sam/orbit_sim_ws/install/orbit_robot_description/share/orbit_robot_description/meshes/fairino30_v6/wrist3_link.STL
[0.186s] -- Up-to-date symlink: /home/sam/orbit_sim_ws/install/orbit_robot_description/share/orbit_robot_description/meshes/fairino30_v6/wrist3_link.STL:Zone.Identifier
[0.186s] -- Up-to-date symlink: /home/sam/orbit_sim_ws/install/orbit_robot_description/share/orbit_robot_description/meshes/fairino30_v6/wrist3_link.STL:Zone.Identifier:Zone.Identifier
[0.186s] -- Up-to-date symlink: /home/sam/orbit_sim_ws/install/orbit_robot_description/share/orbit_robot_description/meshes/fairino3_mt_v6/base_link.STL
[0.186s] -- Up-to-date symlink: /home/sam/orbit_sim_ws/install/orbit_robot_description/share/orbit_robot_description/meshes/fairino3_mt_v6/base_link.STL:Zone.Identifier
[0.186s] -- Up-to-date symlink: /home/sam/orbit_sim_ws/install/orbit_robot_description/share/orbit_robot_description/meshes/fairino3_mt_v6/base_link.STL:Zone.Identifier:Zone.Identifier
[0.186s] -- Up-to-date symlink: /home/sam/orbit_sim_ws/install/orbit_robot_description/share/orbit_robot_description/meshes/fairino3_mt_v6/forearm_link.STL
[0.187s] -- Up-to-date symlink: /home/sam/orbit_sim_ws/install/orbit_robot_description/share/orbit_robot_description/meshes/fairino3_mt_v6/forearm_link.STL:Zone.Identifier
[0.187s] -- Up-to-date symlink: /home/sam/orbit_sim_ws/install/orbit_robot_description/share/orbit_robot_description/meshes/fairino3_mt_v6/forearm_link.STL:Zone.Identifier:Zone.Identifier
[0.187s] -- Up-to-date symlink: /home/sam/orbit_sim_ws/install/orbit_robot_description/share/orbit_robot_description/meshes/fairino3_mt_v6/shoulder_link.STL
[0.187s] -- Up-to-date symlink: /home/sam/orbit_sim_ws/install/orbit_robot_description/share/orbit_robot_description/meshes/fairino3_mt_v6/shoulder_link.STL:Zone.Identifier
[0.187s] -- Up-to-date symlink: /home/sam/orbit_sim_ws/install/orbit_robot_description/share/orbit_robot_description/meshes/fairino3_mt_v6/shoulder_link.STL:Zone.Identifier:Zone.Identifier
[0.187s] -- Up-to-date symlink: /home/sam/orbit_sim_ws/install/orbit_robot_description/share/orbit_robot_description/meshes/fairino3_mt_v6/upperarm_link.STL
[0.187s] -- Up-to-date symlink: /home/sam/orbit_sim_ws/install/orbit_robot_description/share/orbit_robot_description/meshes/fairino3_mt_v6/upperarm_link.STL:Zone.Identifier
[0.188s] -- Up-to-date symlink: /home/sam/orbit_sim_ws/install/orbit_robot_description/share/orbit_robot_description/meshes/fairino3_mt_v6/upperarm_link.STL:Zone.Identifier:Zone.Identifier
[0.188s] -- Up-to-date symlink: /home/sam/orbit_sim_ws/install/orbit_robot_description/share/orbit_robot_description/meshes/fairino3_mt_v6/wrist1_link.STL
[0.188s] -- Up-to-date symlink: /home/sam/orbit_sim_ws/install/orbit_robot_description/share/orbit_robot_description/meshes/fairino3_mt_v6/wrist1_link.STL:Zone.Identifier
[0.188s] -- Up-to-date symlink: /home/sam/orbit_sim_ws/install/orbit_robot_description/share/orbit_robot_description/meshes/fairino3_mt_v6/wrist1_link.STL:Zone.Identifier:Zone.Identifier
[0.188s] -- Up-to-date symlink: /home/sam/orbit_sim_ws/install/orbit_robot_description/share/orbit_robot_description/meshes/fairino3_mt_v6/wrist2_link.STL
[0.188s] -- Up-to-date symlink: /home/sam/orbit_sim_ws/install/orbit_robot_description/share/orbit_robot_description/meshes/fairino3_mt_v6/wrist2_link.STL:Zone.Identifier
[0.189s] -- Up-to-date symlink: /home/sam/orbit_sim_ws/install/orbit_robot_description/share/orbit_robot_description/meshes/fairino3_mt_v6/wrist2_link.STL:Zone.Identifier:Zone.Identifier
[0.189s] -- Up-to-date symlink: /home/sam/orbit_sim_ws/install/orbit_robot_description/share/orbit_robot_description/meshes/fairino3_mt_v6/wrist3_link.STL
[0.189s] -- Up-to-date symlink: /home/sam/orbit_sim_ws/install/orbit_robot_description/share/orbit_robot_description/meshes/fairino3_mt_v6/wrist3_link.STL:Zone.Identifier
[0.189s] -- Up-to-date symlink: /home/sam/orbit_sim_ws/install/orbit_robot_description/share/orbit_robot_description/meshes/fairino3_mt_v6/wrist3_link.STL:Zone.Identifier:Zone.Identifier
[0.189s] -- Up-to-date symlink: /home/sam/orbit_sim_ws/install/orbit_robot_description/share/orbit_robot_description/meshes/fairino3_v6/base_link.STL
[0.189s] -- Up-to-date symlink: /home/sam/orbit_sim_ws/install/orbit_robot_description/share/orbit_robot_description/meshes/fairino3_v6/base_link.STL:Zone.Identifier
[0.190s] -- Up-to-date symlink: /home/sam/orbit_sim_ws/install/orbit_robot_description/share/orbit_robot_description/meshes/fairino3_v6/base_link.STL:Zone.Identifier:Zone.Identifier
[0.190s] -- Up-to-date symlink: /home/sam/orbit_sim_ws/install/orbit_robot_description/share/orbit_robot_description/meshes/fairino3_v6/forearm_link.STL
[0.190s] -- Up-to-date symlink: /home/sam/orbit_sim_ws/install/orbit_robot_description/share/orbit_robot_description/meshes/fairino3_v6/forearm_link.STL:Zone.Identifier
[0.190s] -- Up-to-date symlink: /home/sam/orbit_sim_ws/install/orbit_robot_description/share/orbit_robot_description/meshes/fairino3_v6/forearm_link.STL:Zone.Identifier:Zone.Identifier
[0.190s] -- Up-to-date symlink: /home/sam/orbit_sim_ws/install/orbit_robot_description/share/orbit_robot_description/meshes/fairino3_v6/shoulder_link.STL
[0.190s] -- Up-to-date symlink: /home/sam/orbit_sim_ws/install/orbit_robot_description/share/orbit_robot_description/meshes/fairino3_v6/shoulder_link.STL:Zone.Identifier
[0.191s] -- Up-to-date symlink: /home/sam/orbit_sim_ws/install/orbit_robot_description/share/orbit_robot_description/meshes/fairino3_v6/shoulder_link.STL:Zone.Identifier:Zone.Identifier
[0.191s] -- Up-to-date symlink: /home/sam/orbit_sim_ws/install/orbit_robot_description/share/orbit_robot_description/meshes/fairino3_v6/upperarm_link.STL
[0.191s] -- Up-to-date symlink: /home/sam/orbit_sim_ws/install/orbit_robot_description/share/orbit_robot_description/meshes/fairino3_v6/upperarm_link.STL:Zone.Identifier
[0.191s] -- Up-to-date symlink: /home/sam/orbit_sim_ws/install/orbit_robot_description/share/orbit_robot_description/meshes/fairino3_v6/upperarm_link.STL:Zone.Identifier:Zone.Identifier
[0.191s] -- Up-to-date symlink: /home/sam/orbit_sim_ws/install/orbit_robot_description/share/orbit_robot_description/meshes/fairino3_v6/wrist1_link.STL
[0.192s] -- Up-to-date symlink: /home/sam/orbit_sim_ws/install/orbit_robot_description/share/orbit_robot_description/meshes/fairino3_v6/wrist1_link.STL:Zone.Identifier
[0.192s] -- Up-to-date symlink: /home/sam/orbit_sim_ws/install/orbit_robot_description/share/orbit_robot_description/meshes/fairino3_v6/wrist1_link.STL:Zone.Identifier:Zone.Identifier
[0.192s] -- Up-to-date symlink: /home/sam/orbit_sim_ws/install/orbit_robot_description/share/orbit_robot_description/meshes/fairino3_v6/wrist2_link.STL
[0.192s] -- Up-to-date symlink: /home/sam/orbit_sim_ws/install/orbit_robot_description/share/orbit_robot_description/meshes/fairino3_v6/wrist2_link.STL:Zone.Identifier
[0.192s] -- Up-to-date symlink: /home/sam/orbit_sim_ws/install/orbit_robot_description/share/orbit_robot_description/meshes/fairino3_v6/wrist2_link.STL:Zone.Identifier:Zone.Identifier
[0.192s] -- Up-to-date symlink: /home/sam/orbit_sim_ws/install/orbit_robot_description/share/orbit_robot_description/meshes/fairino3_v6/wrist3_link.STL
[0.192s] -- Up-to-date symlink: /home/sam/orbit_sim_ws/install/orbit_robot_description/share/orbit_robot_description/meshes/fairino3_v6/wrist3_link.STL:Zone.Identifier
[0.192s] -- Up-to-date symlink: /home/sam/orbit_sim_ws/install/orbit_robot_description/share/orbit_robot_description/meshes/fairino3_v6/wrist3_link.STL:Zone.Identifier:Zone.Identifier
[0.193s] -- Up-to-date symlink: /home/sam/orbit_sim_ws/install/orbit_robot_description/share/orbit_robot_description/meshes/fairino5_v6/base_link.STL
[0.193s] -- Up-to-date symlink: /home/sam/orbit_sim_ws/install/orbit_robot_description/share/orbit_robot_description/meshes/fairino5_v6/base_link.STL:Zone.Identifier
[0.193s] -- Up-to-date symlink: /home/sam/orbit_sim_ws/install/orbit_robot_description/share/orbit_robot_description/meshes/fairino5_v6/base_link.STL:Zone.Identifier:Zone.Identifier
[0.193s] -- Up-to-date symlink: /home/sam/orbit_sim_ws/install/orbit_robot_description/share/orbit_robot_description/meshes/fairino5_v6/forearm_link.STL
[0.193s] -- Up-to-date symlink: /home/sam/orbit_sim_ws/install/orbit_robot_description/share/orbit_robot_description/meshes/fairino5_v6/forearm_link.STL:Zone.Identifier
[0.193s] -- Up-to-date symlink: /home/sam/orbit_sim_ws/install/orbit_robot_description/share/orbit_robot_description/meshes/fairino5_v6/forearm_link.STL:Zone.Identifier:Zone.Identifier
[0.194s] -- Up-to-date symlink: /home/sam/orbit_sim_ws/install/orbit_robot_description/share/orbit_robot_description/meshes/fairino5_v6/shoulder_link.STL
[0.194s] -- Up-to-date symlink: /home/sam/orbit_sim_ws/install/orbit_robot_description/share/orbit_robot_description/meshes/fairino5_v6/shoulder_link.STL:Zone.Identifier
[0.194s] -- Up-to-date symlink: /home/sam/orbit_sim_ws/install/orbit_robot_description/share/orbit_robot_description/meshes/fairino5_v6/shoulder_link.STL:Zone.Identifier:Zone.Identifier
[0.194s] -- Up-to-date symlink: /home/sam/orbit_sim_ws/install/orbit_robot_description/share/orbit_robot_description/meshes/fairino5_v6/upperarm_link.STL
[0.194s] -- Up-to-date symlink: /home/sam/orbit_sim_ws/install/orbit_robot_description/share/orbit_robot_description/meshes/fairino5_v6/upperarm_link.STL:Zone.Identifier
[0.194s] -- Up-to-date symlink: /home/sam/orbit_sim_ws/install/orbit_robot_description/share/orbit_robot_description/meshes/fairino5_v6/upperarm_link.STL:Zone.Identifier:Zone.Identifier
[0.194s] -- Up-to-date symlink: /home/sam/orbit_sim_ws/install/orbit_robot_description/share/orbit_robot_description/meshes/fairino5_v6/wrist1_link.STL
[0.195s] -- Up-to-date symlink: /home/sam/orbit_sim_ws/install/orbit_robot_description/share/orbit_robot_description/meshes/fairino5_v6/wrist1_link.STL:Zone.Identifier
[0.195s] -- Up-to-date symlink: /home/sam/orbit_sim_ws/install/orbit_robot_description/share/orbit_robot_description/meshes/fairino5_v6/wrist1_link.STL:Zone.Identifier:Zone.Identifier
[0.195s] -- Up-to-date symlink: /home/sam/orbit_sim_ws/install/orbit_robot_description/share/orbit_robot_description/meshes/fairino5_v6/wrist2_link.STL
[0.195s] -- Up-to-date symlink: /home/sam/orbit_sim_ws/install/orbit_robot_description/share/orbit_robot_description/meshes/fairino5_v6/wrist2_link.STL:Zone.Identifier
[0.195s] -- Up-to-date symlink: /home/sam/orbit_sim_ws/install/orbit_robot_description/share/orbit_robot_description/meshes/fairino5_v6/wrist2_link.STL:Zone.Identifier:Zone.Identifier
[0.196s] -- Up-to-date symlink: /home/sam/orbit_sim_ws/install/orbit_robot_description/share/orbit_robot_description/meshes/fairino5_v6/wrist3_link.STL
[0.196s] -- Up-to-date symlink: /home/sam/orbit_sim_ws/install/orbit_robot_description/share/orbit_robot_description/meshes/fairino5_v6/wrist3_link.STL:Zone.Identifier
[0.196s] -- Up-to-date symlink: /home/sam/orbit_sim_ws/install/orbit_robot_description/share/orbit_robot_description/meshes/fairino5_v6/wrist3_link.STL:Zone.Identifier:Zone.Identifier
[0.196s] -- Up-to-date symlink: /home/sam/orbit_sim_ws/install/orbit_robot_description/share/orbit_robot_description/rviz/.setup_assistant
[0.196s] -- Up-to-date symlink: /home/sam/orbit_sim_ws/install/orbit_robot_description/share/orbit_robot_description/rviz/.setup_assistant:Zone.Identifier
[0.196s] -- Up-to-date symlink: /home/sam/orbit_sim_ws/install/orbit_robot_description/share/orbit_robot_description/rviz/.setup_assistant:Zone.Identifier:Zone.Identifier
[0.196s] -- Up-to-date symlink: /home/sam/orbit_sim_ws/install/orbit_robot_description/share/ament_index/resource_index/package_run_dependencies/orbit_robot_description
[0.196s] -- Up-to-date symlink: /home/sam/orbit_sim_ws/install/orbit_robot_description/share/ament_index/resource_index/parent_prefix_path/orbit_robot_description
[0.197s] -- Up-to-date symlink: /home/sam/orbit_sim_ws/install/orbit_robot_description/share/orbit_robot_description/environment/ament_prefix_path.sh
[0.197s] -- Up-to-date symlink: /home/sam/orbit_sim_ws/install/orbit_robot_description/share/orbit_robot_description/environment/ament_prefix_path.dsv
[0.197s] -- Up-to-date symlink: /home/sam/orbit_sim_ws/install/orbit_robot_description/share/orbit_robot_description/environment/path.sh
[0.197s] -- Up-to-date symlink: /home/sam/orbit_sim_ws/install/orbit_robot_description/share/orbit_robot_description/environment/path.dsv
[0.197s] -- Up-to-date symlink: /home/sam/orbit_sim_ws/install/orbit_robot_description/share/orbit_robot_description/local_setup.bash
[0.197s] -- Up-to-date symlink: /home/sam/orbit_sim_ws/install/orbit_robot_description/share/orbit_robot_description/local_setup.sh
[0.197s] -- Up-to-date symlink: /home/sam/orbit_sim_ws/install/orbit_robot_description/share/orbit_robot_description/local_setup.zsh
[0.197s] -- Up-to-date symlink: /home/sam/orbit_sim_ws/install/orbit_robot_description/share/orbit_robot_description/local_setup.dsv
[0.197s] -- Symlinking: /home/sam/orbit_sim_ws/install/orbit_robot_description/share/orbit_robot_description/package.dsv
[0.208s] -- Up-to-date symlink: /home/sam/orbit_sim_ws/install/orbit_robot_description/share/ament_index/resource_index/packages/orbit_robot_description
[0.208s] -- Up-to-date symlink: /home/sam/orbit_sim_ws/install/orbit_robot_description/share/orbit_robot_description/cmake/orbit_robot_descriptionConfig.cmake
[0.208s] -- Up-to-date symlink: /home/sam/orbit_sim_ws/install/orbit_robot_description/share/orbit_robot_description/cmake/orbit_robot_descriptionConfig-version.cmake
[0.208s] -- Up-to-date symlink: /home/sam/orbit_sim_ws/install/orbit_robot_description/share/orbit_robot_description/package.xml
[0.211s] Invoked command in '/home/sam/orbit_sim_ws/build/orbit_robot_description' returned '0': CMAKE_PREFIX_PATH=/opt/ros/humble /usr/bin/cmake --install /home/sam/orbit_sim_ws/build/orbit_robot_description
