[0.008s] Invoking command in '/home/sam/orbit_sim_ws/build/orbit_robot_description': CMAKE_PREFIX_PATH=${CMAKE_PREFIX_PATH}:/opt/ros/humble /usr/bin/cmake /home/sam/orbit_sim_ws/src/orbit_robot_description -DAMENT_CMAKE_SYMLINK_INSTALL=1 -DCMAKE_INSTALL_PREFIX=/home/sam/orbit_sim_ws/install/orbit_robot_description
[0.111s] -- The C compiler identification is GNU 11.4.0
[0.467s] -- The CXX compiler identification is GNU 11.4.0
[0.873s] -- Detecting C compiler ABI info
[0.987s] -- Detecting C compiler ABI info - done
[0.992s] -- Check for working C compiler: /usr/bin/cc - skipped
[0.992s] -- Detecting C compile features
[0.992s] -- Detecting C compile features - done
[0.994s] -- Detecting CXX compiler ABI info
[1.120s] -- Detecting CXX compiler ABI info - done
[1.125s] -- Check for working CXX compiler: /usr/bin/c++ - skipped
[1.126s] -- Detecting CXX compile features
[1.126s] -- Detecting CXX compile features - done
[1.127s] -- Found ament_cmake: 1.3.14 (/opt/ros/humble/share/ament_cmake/cmake)
[1.230s] -- Found Python3: /usr/bin/python3 (found version "3.10.12") found components: Interpreter 
[1.276s] -- Override CMake install command with custom implementation using symlinks instead of copying resources
[1.291s] -- Found ament_lint_auto: 0.12.15 (/opt/ros/humble/share/ament_lint_auto/cmake)
[1.348s] -- Added test 'flake8' to check Python code syntax and style conventions
[1.350s] -- Added test 'lint_cmake' to check CMake code style
[1.351s] -- Added test 'pep257' to check Python code against some of the docstring style conventions in PEP 257
[1.357s] -- Added test 'xmllint' to check XML markup files
[1.358s] -- Configuring done
[1.360s] -- Generating done
[1.362s] -- Build files have been written to: /home/sam/orbit_sim_ws/build/orbit_robot_description
[1.366s] Invoked command in '/home/sam/orbit_sim_ws/build/orbit_robot_description' returned '0': CMAKE_PREFIX_PATH=${CMAKE_PREFIX_PATH}:/opt/ros/humble /usr/bin/cmake /home/sam/orbit_sim_ws/src/orbit_robot_description -DAMENT_CMAKE_SYMLINK_INSTALL=1 -DCMAKE_INSTALL_PREFIX=/home/sam/orbit_sim_ws/install/orbit_robot_description
[1.366s] Invoking command in '/home/sam/orbit_sim_ws/build/orbit_robot_description': CMAKE_PREFIX_PATH=${CMAKE_PREFIX_PATH}:/opt/ros/humble /usr/bin/cmake --build /home/sam/orbit_sim_ws/build/orbit_robot_description -- -j32 -l32
[1.391s] Invoked command in '/home/sam/orbit_sim_ws/build/orbit_robot_description' returned '0': CMAKE_PREFIX_PATH=${CMAKE_PREFIX_PATH}:/opt/ros/humble /usr/bin/cmake --build /home/sam/orbit_sim_ws/build/orbit_robot_description -- -j32 -l32
[1.400s] Invoking command in '/home/sam/orbit_sim_ws/build/orbit_robot_description': CMAKE_PREFIX_PATH=${CMAKE_PREFIX_PATH}:/opt/ros/humble /usr/bin/cmake --install /home/sam/orbit_sim_ws/build/orbit_robot_description
[1.401s] -- Install configuration: ""
[1.401s] -- Execute custom install script
[1.402s] -- Symlinking: /home/sam/orbit_sim_ws/install/orbit_robot_description/share/orbit_robot_description/urdf/FR3WML.urdf
[1.407s] -- Symlinking: /home/sam/orbit_sim_ws/install/orbit_robot_description/share/orbit_robot_description/urdf/FR3WMS.urdf
[1.412s] -- Symlinking: /home/sam/orbit_sim_ws/install/orbit_robot_description/share/orbit_robot_description/urdf/FR5WM.urdf
[1.418s] -- Symlinking: /home/sam/orbit_sim_ws/install/orbit_robot_description/share/orbit_robot_description/urdf/fairino10_v6.urdf
[1.423s] -- Symlinking: /home/sam/orbit_sim_ws/install/orbit_robot_description/share/orbit_robot_description/urdf/fairino16_v6.urdf
[1.428s] -- Symlinking: /home/sam/orbit_sim_ws/install/orbit_robot_description/share/orbit_robot_description/urdf/fairino20_v6.urdf
[1.433s] -- Symlinking: /home/sam/orbit_sim_ws/install/orbit_robot_description/share/orbit_robot_description/urdf/fairino30_v6.urdf
[1.439s] -- Symlinking: /home/sam/orbit_sim_ws/install/orbit_robot_description/share/orbit_robot_description/urdf/fairino3_mt_v6.urdf
[1.444s] -- Symlinking: /home/sam/orbit_sim_ws/install/orbit_robot_description/share/orbit_robot_description/urdf/fairino3_v6.urdf
[1.449s] -- Symlinking: /home/sam/orbit_sim_ws/install/orbit_robot_description/share/orbit_robot_description/urdf/fairino5_v6.urdf
[1.455s] -- Symlinking: /home/sam/orbit_sim_ws/install/orbit_robot_description/share/orbit_robot_description/launch/display.launch.py
[1.460s] -- Symlinking: /home/sam/orbit_sim_ws/install/orbit_robot_description/share/orbit_robot_description/launch/gazebo.launch.py
[1.467s] -- Symlinking: /home/sam/orbit_sim_ws/install/orbit_robot_description/share/orbit_robot_description/meshes/FR3WML/collision/base_link.STL
[1.472s] -- Symlinking: /home/sam/orbit_sim_ws/install/orbit_robot_description/share/orbit_robot_description/meshes/FR3WML/collision/base_link.STL:Zone.Identifier
[1.477s] -- Symlinking: /home/sam/orbit_sim_ws/install/orbit_robot_description/share/orbit_robot_description/meshes/FR3WML/collision/base_link.STL:Zone.Identifier:Zone.Identifier
[1.483s] -- Symlinking: /home/sam/orbit_sim_ws/install/orbit_robot_description/share/orbit_robot_description/meshes/FR3WML/collision/forearm_Link.STL
[1.488s] -- Symlinking: /home/sam/orbit_sim_ws/install/orbit_robot_description/share/orbit_robot_description/meshes/FR3WML/collision/forearm_Link.STL:Zone.Identifier
[1.493s] -- Symlinking: /home/sam/orbit_sim_ws/install/orbit_robot_description/share/orbit_robot_description/meshes/FR3WML/collision/forearm_Link.STL:Zone.Identifier:Zone.Identifier
[1.498s] -- Symlinking: /home/sam/orbit_sim_ws/install/orbit_robot_description/share/orbit_robot_description/meshes/FR3WML/collision/shoulder_Link.STL
[1.503s] -- Symlinking: /home/sam/orbit_sim_ws/install/orbit_robot_description/share/orbit_robot_description/meshes/FR3WML/collision/shoulder_Link.STL:Zone.Identifier
[1.509s] -- Symlinking: /home/sam/orbit_sim_ws/install/orbit_robot_description/share/orbit_robot_description/meshes/FR3WML/collision/shoulder_Link.STL:Zone.Identifier:Zone.Identifier
[1.514s] -- Symlinking: /home/sam/orbit_sim_ws/install/orbit_robot_description/share/orbit_robot_description/meshes/FR3WML/collision/upperarm_Link.STL
[1.519s] -- Symlinking: /home/sam/orbit_sim_ws/install/orbit_robot_description/share/orbit_robot_description/meshes/FR3WML/collision/upperarm_Link.STL:Zone.Identifier
[1.524s] -- Symlinking: /home/sam/orbit_sim_ws/install/orbit_robot_description/share/orbit_robot_description/meshes/FR3WML/collision/upperarm_Link.STL:Zone.Identifier:Zone.Identifier
[1.530s] -- Symlinking: /home/sam/orbit_sim_ws/install/orbit_robot_description/share/orbit_robot_description/meshes/FR3WML/collision/wrist1_Link.STL
[1.535s] -- Symlinking: /home/sam/orbit_sim_ws/install/orbit_robot_description/share/orbit_robot_description/meshes/FR3WML/collision/wrist1_Link.STL:Zone.Identifier
[1.540s] -- Symlinking: /home/sam/orbit_sim_ws/install/orbit_robot_description/share/orbit_robot_description/meshes/FR3WML/collision/wrist1_Link.STL:Zone.Identifier:Zone.Identifier
[1.545s] -- Symlinking: /home/sam/orbit_sim_ws/install/orbit_robot_description/share/orbit_robot_description/meshes/FR3WML/collision/wrist2_Link.STL
[1.551s] -- Symlinking: /home/sam/orbit_sim_ws/install/orbit_robot_description/share/orbit_robot_description/meshes/FR3WML/collision/wrist2_Link.STL:Zone.Identifier
[1.556s] -- Symlinking: /home/sam/orbit_sim_ws/install/orbit_robot_description/share/orbit_robot_description/meshes/FR3WML/collision/wrist2_Link.STL:Zone.Identifier:Zone.Identifier
[1.561s] -- Symlinking: /home/sam/orbit_sim_ws/install/orbit_robot_description/share/orbit_robot_description/meshes/FR3WML/collision/wrist3_Link.STL
[1.567s] -- Symlinking: /home/sam/orbit_sim_ws/install/orbit_robot_description/share/orbit_robot_description/meshes/FR3WML/collision/wrist3_Link.STL:Zone.Identifier
[1.572s] -- Symlinking: /home/sam/orbit_sim_ws/install/orbit_robot_description/share/orbit_robot_description/meshes/FR3WML/collision/wrist3_Link.STL:Zone.Identifier:Zone.Identifier
[1.577s] -- Symlinking: /home/sam/orbit_sim_ws/install/orbit_robot_description/share/orbit_robot_description/meshes/FR3WML/visual/base_link.dae
[1.582s] -- Symlinking: /home/sam/orbit_sim_ws/install/orbit_robot_description/share/orbit_robot_description/meshes/FR3WML/visual/base_link.dae:Zone.Identifier
[1.587s] -- Symlinking: /home/sam/orbit_sim_ws/install/orbit_robot_description/share/orbit_robot_description/meshes/FR3WML/visual/base_link.dae:Zone.Identifier:Zone.Identifier
[1.593s] -- Symlinking: /home/sam/orbit_sim_ws/install/orbit_robot_description/share/orbit_robot_description/meshes/FR3WML/visual/forearm_Link.dae
[1.598s] -- Symlinking: /home/sam/orbit_sim_ws/install/orbit_robot_description/share/orbit_robot_description/meshes/FR3WML/visual/forearm_Link.dae:Zone.Identifier
[1.603s] -- Symlinking: /home/sam/orbit_sim_ws/install/orbit_robot_description/share/orbit_robot_description/meshes/FR3WML/visual/forearm_Link.dae:Zone.Identifier:Zone.Identifier
[1.608s] -- Symlinking: /home/sam/orbit_sim_ws/install/orbit_robot_description/share/orbit_robot_description/meshes/FR3WML/visual/shoulder_Link.dae
[1.614s] -- Symlinking: /home/sam/orbit_sim_ws/install/orbit_robot_description/share/orbit_robot_description/meshes/FR3WML/visual/shoulder_Link.dae:Zone.Identifier
[1.619s] -- Symlinking: /home/sam/orbit_sim_ws/install/orbit_robot_description/share/orbit_robot_description/meshes/FR3WML/visual/shoulder_Link.dae:Zone.Identifier:Zone.Identifier
[1.624s] -- Symlinking: /home/sam/orbit_sim_ws/install/orbit_robot_description/share/orbit_robot_description/meshes/FR3WML/visual/upperarm_Link.dae
[1.629s] -- Symlinking: /home/sam/orbit_sim_ws/install/orbit_robot_description/share/orbit_robot_description/meshes/FR3WML/visual/upperarm_Link.dae:Zone.Identifier
[1.635s] -- Symlinking: /home/sam/orbit_sim_ws/install/orbit_robot_description/share/orbit_robot_description/meshes/FR3WML/visual/upperarm_Link.dae:Zone.Identifier:Zone.Identifier
[1.640s] -- Symlinking: /home/sam/orbit_sim_ws/install/orbit_robot_description/share/orbit_robot_description/meshes/FR3WML/visual/wrist1_Link.dae
[1.645s] -- Symlinking: /home/sam/orbit_sim_ws/install/orbit_robot_description/share/orbit_robot_description/meshes/FR3WML/visual/wrist1_Link.dae:Zone.Identifier
[1.651s] -- Symlinking: /home/sam/orbit_sim_ws/install/orbit_robot_description/share/orbit_robot_description/meshes/FR3WML/visual/wrist1_Link.dae:Zone.Identifier:Zone.Identifier
[1.656s] -- Symlinking: /home/sam/orbit_sim_ws/install/orbit_robot_description/share/orbit_robot_description/meshes/FR3WML/visual/wrist2_Link.dae
[1.661s] -- Symlinking: /home/sam/orbit_sim_ws/install/orbit_robot_description/share/orbit_robot_description/meshes/FR3WML/visual/wrist2_Link.dae:Zone.Identifier
[1.666s] -- Symlinking: /home/sam/orbit_sim_ws/install/orbit_robot_description/share/orbit_robot_description/meshes/FR3WML/visual/wrist2_Link.dae:Zone.Identifier:Zone.Identifier
[1.672s] -- Symlinking: /home/sam/orbit_sim_ws/install/orbit_robot_description/share/orbit_robot_description/meshes/FR3WML/visual/wrist3_Link.dae
[1.677s] -- Symlinking: /home/sam/orbit_sim_ws/install/orbit_robot_description/share/orbit_robot_description/meshes/FR3WML/visual/wrist3_Link.dae:Zone.Identifier
[1.682s] -- Symlinking: /home/sam/orbit_sim_ws/install/orbit_robot_description/share/orbit_robot_description/meshes/FR3WML/visual/wrist3_Link.dae:Zone.Identifier:Zone.Identifier
[1.687s] -- Symlinking: /home/sam/orbit_sim_ws/install/orbit_robot_description/share/orbit_robot_description/meshes/FR3WMS/collision/base_link.STL
[1.693s] -- Symlinking: /home/sam/orbit_sim_ws/install/orbit_robot_description/share/orbit_robot_description/meshes/FR3WMS/collision/base_link.STL:Zone.Identifier
[1.698s] -- Symlinking: /home/sam/orbit_sim_ws/install/orbit_robot_description/share/orbit_robot_description/meshes/FR3WMS/collision/base_link.STL:Zone.Identifier:Zone.Identifier
[1.703s] -- Symlinking: /home/sam/orbit_sim_ws/install/orbit_robot_description/share/orbit_robot_description/meshes/FR3WMS/collision/forearm_Link.STL
[1.708s] -- Symlinking: /home/sam/orbit_sim_ws/install/orbit_robot_description/share/orbit_robot_description/meshes/FR3WMS/collision/forearm_Link.STL:Zone.Identifier
[1.714s] -- Symlinking: /home/sam/orbit_sim_ws/install/orbit_robot_description/share/orbit_robot_description/meshes/FR3WMS/collision/forearm_Link.STL:Zone.Identifier:Zone.Identifier
[1.719s] -- Symlinking: /home/sam/orbit_sim_ws/install/orbit_robot_description/share/orbit_robot_description/meshes/FR3WMS/collision/shoulder_Link.STL
[1.724s] -- Symlinking: /home/sam/orbit_sim_ws/install/orbit_robot_description/share/orbit_robot_description/meshes/FR3WMS/collision/shoulder_Link.STL:Zone.Identifier
[1.729s] -- Symlinking: /home/sam/orbit_sim_ws/install/orbit_robot_description/share/orbit_robot_description/meshes/FR3WMS/collision/shoulder_Link.STL:Zone.Identifier:Zone.Identifier
[1.734s] -- Symlinking: /home/sam/orbit_sim_ws/install/orbit_robot_description/share/orbit_robot_description/meshes/FR3WMS/collision/upperarm_Link.STL
[1.740s] -- Symlinking: /home/sam/orbit_sim_ws/install/orbit_robot_description/share/orbit_robot_description/meshes/FR3WMS/collision/upperarm_Link.STL:Zone.Identifier
[1.745s] -- Symlinking: /home/sam/orbit_sim_ws/install/orbit_robot_description/share/orbit_robot_description/meshes/FR3WMS/collision/upperarm_Link.STL:Zone.Identifier:Zone.Identifier
[1.751s] -- Symlinking: /home/sam/orbit_sim_ws/install/orbit_robot_description/share/orbit_robot_description/meshes/FR3WMS/collision/wrist1_Link.STL
[1.757s] -- Symlinking: /home/sam/orbit_sim_ws/install/orbit_robot_description/share/orbit_robot_description/meshes/FR3WMS/collision/wrist1_Link.STL:Zone.Identifier
[1.762s] -- Symlinking: /home/sam/orbit_sim_ws/install/orbit_robot_description/share/orbit_robot_description/meshes/FR3WMS/collision/wrist1_Link.STL:Zone.Identifier:Zone.Identifier
[1.768s] -- Symlinking: /home/sam/orbit_sim_ws/install/orbit_robot_description/share/orbit_robot_description/meshes/FR3WMS/collision/wrist2_Link.STL
[1.774s] -- Symlinking: /home/sam/orbit_sim_ws/install/orbit_robot_description/share/orbit_robot_description/meshes/FR3WMS/collision/wrist2_Link.STL:Zone.Identifier
[1.779s] -- Symlinking: /home/sam/orbit_sim_ws/install/orbit_robot_description/share/orbit_robot_description/meshes/FR3WMS/collision/wrist2_Link.STL:Zone.Identifier:Zone.Identifier
[1.784s] -- Symlinking: /home/sam/orbit_sim_ws/install/orbit_robot_description/share/orbit_robot_description/meshes/FR3WMS/collision/wrist3_Link.STL
[1.789s] -- Symlinking: /home/sam/orbit_sim_ws/install/orbit_robot_description/share/orbit_robot_description/meshes/FR3WMS/collision/wrist3_Link.STL:Zone.Identifier
[1.795s] -- Symlinking: /home/sam/orbit_sim_ws/install/orbit_robot_description/share/orbit_robot_description/meshes/FR3WMS/collision/wrist3_Link.STL:Zone.Identifier:Zone.Identifier
[1.800s] -- Symlinking: /home/sam/orbit_sim_ws/install/orbit_robot_description/share/orbit_robot_description/meshes/FR3WMS/visual/base_link.dae
[1.805s] -- Symlinking: /home/sam/orbit_sim_ws/install/orbit_robot_description/share/orbit_robot_description/meshes/FR3WMS/visual/base_link.dae:Zone.Identifier
[1.816s] -- Symlinking: /home/sam/orbit_sim_ws/install/orbit_robot_description/share/orbit_robot_description/meshes/FR3WMS/visual/base_link.dae:Zone.Identifier:Zone.Identifier
[1.822s] -- Symlinking: /home/sam/orbit_sim_ws/install/orbit_robot_description/share/orbit_robot_description/meshes/FR3WMS/visual/forearm_Link.dae
[1.827s] -- Symlinking: /home/sam/orbit_sim_ws/install/orbit_robot_description/share/orbit_robot_description/meshes/FR3WMS/visual/forearm_Link.dae:Zone.Identifier
[1.833s] -- Symlinking: /home/sam/orbit_sim_ws/install/orbit_robot_description/share/orbit_robot_description/meshes/FR3WMS/visual/forearm_Link.dae:Zone.Identifier:Zone.Identifier
[1.838s] -- Symlinking: /home/sam/orbit_sim_ws/install/orbit_robot_description/share/orbit_robot_description/meshes/FR3WMS/visual/shoulder_Link.dae
[1.844s] -- Symlinking: /home/sam/orbit_sim_ws/install/orbit_robot_description/share/orbit_robot_description/meshes/FR3WMS/visual/shoulder_Link.dae:Zone.Identifier
[1.850s] -- Symlinking: /home/sam/orbit_sim_ws/install/orbit_robot_description/share/orbit_robot_description/meshes/FR3WMS/visual/shoulder_Link.dae:Zone.Identifier:Zone.Identifier
[1.855s] -- Symlinking: /home/sam/orbit_sim_ws/install/orbit_robot_description/share/orbit_robot_description/meshes/FR3WMS/visual/upperarm_Link.dae
[1.861s] -- Symlinking: /home/sam/orbit_sim_ws/install/orbit_robot_description/share/orbit_robot_description/meshes/FR3WMS/visual/upperarm_Link.dae:Zone.Identifier
[1.866s] -- Symlinking: /home/sam/orbit_sim_ws/install/orbit_robot_description/share/orbit_robot_description/meshes/FR3WMS/visual/upperarm_Link.dae:Zone.Identifier:Zone.Identifier
[1.872s] -- Symlinking: /home/sam/orbit_sim_ws/install/orbit_robot_description/share/orbit_robot_description/meshes/FR3WMS/visual/wrist1_Link.dae
[1.882s] -- Symlinking: /home/sam/orbit_sim_ws/install/orbit_robot_description/share/orbit_robot_description/meshes/FR3WMS/visual/wrist1_Link.dae:Zone.Identifier
[1.887s] -- Symlinking: /home/sam/orbit_sim_ws/install/orbit_robot_description/share/orbit_robot_description/meshes/FR3WMS/visual/wrist1_Link.dae:Zone.Identifier:Zone.Identifier
[1.893s] -- Symlinking: /home/sam/orbit_sim_ws/install/orbit_robot_description/share/orbit_robot_description/meshes/FR3WMS/visual/wrist2_Link.dae
[1.899s] -- Symlinking: /home/sam/orbit_sim_ws/install/orbit_robot_description/share/orbit_robot_description/meshes/FR3WMS/visual/wrist2_Link.dae:Zone.Identifier
[1.905s] -- Symlinking: /home/sam/orbit_sim_ws/install/orbit_robot_description/share/orbit_robot_description/meshes/FR3WMS/visual/wrist2_Link.dae:Zone.Identifier:Zone.Identifier
[1.910s] -- Symlinking: /home/sam/orbit_sim_ws/install/orbit_robot_description/share/orbit_robot_description/meshes/FR3WMS/visual/wrist3_Link.dae
[1.915s] -- Symlinking: /home/sam/orbit_sim_ws/install/orbit_robot_description/share/orbit_robot_description/meshes/FR3WMS/visual/wrist3_Link.dae:Zone.Identifier
[1.921s] -- Symlinking: /home/sam/orbit_sim_ws/install/orbit_robot_description/share/orbit_robot_description/meshes/FR3WMS/visual/wrist3_Link.dae:Zone.Identifier:Zone.Identifier
[1.926s] -- Symlinking: /home/sam/orbit_sim_ws/install/orbit_robot_description/share/orbit_robot_description/meshes/FR5WM/collision/base_link.STL
[1.931s] -- Symlinking: /home/sam/orbit_sim_ws/install/orbit_robot_description/share/orbit_robot_description/meshes/FR5WM/collision/base_link.STL:Zone.Identifier
[1.936s] -- Symlinking: /home/sam/orbit_sim_ws/install/orbit_robot_description/share/orbit_robot_description/meshes/FR5WM/collision/base_link.STL:Zone.Identifier:Zone.Identifier
[1.941s] -- Symlinking: /home/sam/orbit_sim_ws/install/orbit_robot_description/share/orbit_robot_description/meshes/FR5WM/collision/forearm_Link.STL
[1.947s] -- Symlinking: /home/sam/orbit_sim_ws/install/orbit_robot_description/share/orbit_robot_description/meshes/FR5WM/collision/forearm_Link.STL:Zone.Identifier
[1.953s] -- Symlinking: /home/sam/orbit_sim_ws/install/orbit_robot_description/share/orbit_robot_description/meshes/FR5WM/collision/forearm_Link.STL:Zone.Identifier:Zone.Identifier
[1.958s] -- Symlinking: /home/sam/orbit_sim_ws/install/orbit_robot_description/share/orbit_robot_description/meshes/FR5WM/collision/shoulder_Link.STL
[1.964s] -- Symlinking: /home/sam/orbit_sim_ws/install/orbit_robot_description/share/orbit_robot_description/meshes/FR5WM/collision/shoulder_Link.STL:Zone.Identifier
[1.969s] -- Symlinking: /home/sam/orbit_sim_ws/install/orbit_robot_description/share/orbit_robot_description/meshes/FR5WM/collision/shoulder_Link.STL:Zone.Identifier:Zone.Identifier
[1.974s] -- Symlinking: /home/sam/orbit_sim_ws/install/orbit_robot_description/share/orbit_robot_description/meshes/FR5WM/collision/upperarm_Link.STL
[1.979s] -- Symlinking: /home/sam/orbit_sim_ws/install/orbit_robot_description/share/orbit_robot_description/meshes/FR5WM/collision/upperarm_Link.STL:Zone.Identifier
[1.984s] -- Symlinking: /home/sam/orbit_sim_ws/install/orbit_robot_description/share/orbit_robot_description/meshes/FR5WM/collision/upperarm_Link.STL:Zone.Identifier:Zone.Identifier
[1.990s] -- Symlinking: /home/sam/orbit_sim_ws/install/orbit_robot_description/share/orbit_robot_description/meshes/FR5WM/collision/wrist1_Link.STL
[1.995s] -- Symlinking: /home/sam/orbit_sim_ws/install/orbit_robot_description/share/orbit_robot_description/meshes/FR5WM/collision/wrist1_Link.STL:Zone.Identifier
[2.000s] -- Symlinking: /home/sam/orbit_sim_ws/install/orbit_robot_description/share/orbit_robot_description/meshes/FR5WM/collision/wrist1_Link.STL:Zone.Identifier:Zone.Identifier
[2.005s] -- Symlinking: /home/sam/orbit_sim_ws/install/orbit_robot_description/share/orbit_robot_description/meshes/FR5WM/collision/wrist2_Link.STL
[2.011s] -- Symlinking: /home/sam/orbit_sim_ws/install/orbit_robot_description/share/orbit_robot_description/meshes/FR5WM/collision/wrist2_Link.STL:Zone.Identifier
[2.016s] -- Symlinking: /home/sam/orbit_sim_ws/install/orbit_robot_description/share/orbit_robot_description/meshes/FR5WM/collision/wrist2_Link.STL:Zone.Identifier:Zone.Identifier
[2.021s] -- Symlinking: /home/sam/orbit_sim_ws/install/orbit_robot_description/share/orbit_robot_description/meshes/FR5WM/collision/wrist3_Link.STL
[2.026s] -- Symlinking: /home/sam/orbit_sim_ws/install/orbit_robot_description/share/orbit_robot_description/meshes/FR5WM/collision/wrist3_Link.STL:Zone.Identifier
[2.031s] -- Symlinking: /home/sam/orbit_sim_ws/install/orbit_robot_description/share/orbit_robot_description/meshes/FR5WM/collision/wrist3_Link.STL:Zone.Identifier:Zone.Identifier
[2.037s] -- Symlinking: /home/sam/orbit_sim_ws/install/orbit_robot_description/share/orbit_robot_description/meshes/FR5WM/visual/base_link.dae
[2.042s] -- Symlinking: /home/sam/orbit_sim_ws/install/orbit_robot_description/share/orbit_robot_description/meshes/FR5WM/visual/base_link.dae:Zone.Identifier
[2.047s] -- Symlinking: /home/sam/orbit_sim_ws/install/orbit_robot_description/share/orbit_robot_description/meshes/FR5WM/visual/base_link.dae:Zone.Identifier:Zone.Identifier
[2.053s] -- Symlinking: /home/sam/orbit_sim_ws/install/orbit_robot_description/share/orbit_robot_description/meshes/FR5WM/visual/forearm_Link.dae
[2.058s] -- Symlinking: /home/sam/orbit_sim_ws/install/orbit_robot_description/share/orbit_robot_description/meshes/FR5WM/visual/forearm_Link.dae:Zone.Identifier
[2.063s] -- Symlinking: /home/sam/orbit_sim_ws/install/orbit_robot_description/share/orbit_robot_description/meshes/FR5WM/visual/forearm_Link.dae:Zone.Identifier:Zone.Identifier
[2.068s] -- Symlinking: /home/sam/orbit_sim_ws/install/orbit_robot_description/share/orbit_robot_description/meshes/FR5WM/visual/shoulder_Link.dae
[2.074s] -- Symlinking: /home/sam/orbit_sim_ws/install/orbit_robot_description/share/orbit_robot_description/meshes/FR5WM/visual/shoulder_Link.dae:Zone.Identifier
[2.079s] -- Symlinking: /home/sam/orbit_sim_ws/install/orbit_robot_description/share/orbit_robot_description/meshes/FR5WM/visual/shoulder_Link.dae:Zone.Identifier:Zone.Identifier
[2.084s] -- Symlinking: /home/sam/orbit_sim_ws/install/orbit_robot_description/share/orbit_robot_description/meshes/FR5WM/visual/upperarm_Link.dae
[2.089s] -- Symlinking: /home/sam/orbit_sim_ws/install/orbit_robot_description/share/orbit_robot_description/meshes/FR5WM/visual/upperarm_Link.dae:Zone.Identifier
[2.094s] -- Symlinking: /home/sam/orbit_sim_ws/install/orbit_robot_description/share/orbit_robot_description/meshes/FR5WM/visual/upperarm_Link.dae:Zone.Identifier:Zone.Identifier
[2.099s] -- Symlinking: /home/sam/orbit_sim_ws/install/orbit_robot_description/share/orbit_robot_description/meshes/FR5WM/visual/wrist1_Link.dae
[2.105s] -- Symlinking: /home/sam/orbit_sim_ws/install/orbit_robot_description/share/orbit_robot_description/meshes/FR5WM/visual/wrist1_Link.dae:Zone.Identifier
[2.110s] -- Symlinking: /home/sam/orbit_sim_ws/install/orbit_robot_description/share/orbit_robot_description/meshes/FR5WM/visual/wrist1_Link.dae:Zone.Identifier:Zone.Identifier
[2.115s] -- Symlinking: /home/sam/orbit_sim_ws/install/orbit_robot_description/share/orbit_robot_description/meshes/FR5WM/visual/wrist2_Link.dae
[2.120s] -- Symlinking: /home/sam/orbit_sim_ws/install/orbit_robot_description/share/orbit_robot_description/meshes/FR5WM/visual/wrist2_Link.dae:Zone.Identifier
[2.125s] -- Symlinking: /home/sam/orbit_sim_ws/install/orbit_robot_description/share/orbit_robot_description/meshes/FR5WM/visual/wrist2_Link.dae:Zone.Identifier:Zone.Identifier
[2.130s] -- Symlinking: /home/sam/orbit_sim_ws/install/orbit_robot_description/share/orbit_robot_description/meshes/FR5WM/visual/wrist3_Link.dae
[2.135s] -- Symlinking: /home/sam/orbit_sim_ws/install/orbit_robot_description/share/orbit_robot_description/meshes/FR5WM/visual/wrist3_Link.dae:Zone.Identifier
[2.140s] -- Symlinking: /home/sam/orbit_sim_ws/install/orbit_robot_description/share/orbit_robot_description/meshes/FR5WM/visual/wrist3_Link.dae:Zone.Identifier:Zone.Identifier
[2.145s] -- Symlinking: /home/sam/orbit_sim_ws/install/orbit_robot_description/share/orbit_robot_description/meshes/fairino10_v6/base_link.STL:Zone.Identifier
[2.151s] -- Symlinking: /home/sam/orbit_sim_ws/install/orbit_robot_description/share/orbit_robot_description/meshes/fairino10_v6/base_link.STL:Zone.Identifier:Zone.Identifier
[2.156s] -- Symlinking: /home/sam/orbit_sim_ws/install/orbit_robot_description/share/orbit_robot_description/meshes/fairino10_v6/base_link.stl
[2.161s] -- Symlinking: /home/sam/orbit_sim_ws/install/orbit_robot_description/share/orbit_robot_description/meshes/fairino10_v6/forearm_link.STL:Zone.Identifier
[2.167s] -- Symlinking: /home/sam/orbit_sim_ws/install/orbit_robot_description/share/orbit_robot_description/meshes/fairino10_v6/forearm_link.STL:Zone.Identifier:Zone.Identifier
[2.172s] -- Symlinking: /home/sam/orbit_sim_ws/install/orbit_robot_description/share/orbit_robot_description/meshes/fairino10_v6/forearm_link.stl
[2.177s] -- Symlinking: /home/sam/orbit_sim_ws/install/orbit_robot_description/share/orbit_robot_description/meshes/fairino10_v6/shoulder_link.STL:Zone.Identifier
[2.183s] -- Symlinking: /home/sam/orbit_sim_ws/install/orbit_robot_description/share/orbit_robot_description/meshes/fairino10_v6/shoulder_link.STL:Zone.Identifier:Zone.Identifier
[2.188s] -- Symlinking: /home/sam/orbit_sim_ws/install/orbit_robot_description/share/orbit_robot_description/meshes/fairino10_v6/shoulder_link.stl
[2.193s] -- Symlinking: /home/sam/orbit_sim_ws/install/orbit_robot_description/share/orbit_robot_description/meshes/fairino10_v6/upperarm_link.STL:Zone.Identifier
[2.199s] -- Symlinking: /home/sam/orbit_sim_ws/install/orbit_robot_description/share/orbit_robot_description/meshes/fairino10_v6/upperarm_link.STL:Zone.Identifier:Zone.Identifier
[2.204s] -- Symlinking: /home/sam/orbit_sim_ws/install/orbit_robot_description/share/orbit_robot_description/meshes/fairino10_v6/upperarm_link.stl
[2.209s] -- Symlinking: /home/sam/orbit_sim_ws/install/orbit_robot_description/share/orbit_robot_description/meshes/fairino10_v6/wrist1_link.STL:Zone.Identifier
[2.214s] -- Symlinking: /home/sam/orbit_sim_ws/install/orbit_robot_description/share/orbit_robot_description/meshes/fairino10_v6/wrist1_link.STL:Zone.Identifier:Zone.Identifier
[2.219s] -- Symlinking: /home/sam/orbit_sim_ws/install/orbit_robot_description/share/orbit_robot_description/meshes/fairino10_v6/wrist1_link.stl
[2.225s] -- Symlinking: /home/sam/orbit_sim_ws/install/orbit_robot_description/share/orbit_robot_description/meshes/fairino10_v6/wrist2_link.STL:Zone.Identifier
[2.230s] -- Symlinking: /home/sam/orbit_sim_ws/install/orbit_robot_description/share/orbit_robot_description/meshes/fairino10_v6/wrist2_link.STL:Zone.Identifier:Zone.Identifier
[2.235s] -- Symlinking: /home/sam/orbit_sim_ws/install/orbit_robot_description/share/orbit_robot_description/meshes/fairino10_v6/wrist2_link.stl
[2.240s] -- Symlinking: /home/sam/orbit_sim_ws/install/orbit_robot_description/share/orbit_robot_description/meshes/fairino10_v6/wrist3_link.STL:Zone.Identifier
[2.245s] -- Symlinking: /home/sam/orbit_sim_ws/install/orbit_robot_description/share/orbit_robot_description/meshes/fairino10_v6/wrist3_link.STL:Zone.Identifier:Zone.Identifier
[2.251s] -- Symlinking: /home/sam/orbit_sim_ws/install/orbit_robot_description/share/orbit_robot_description/meshes/fairino10_v6/wrist3_link.stl
[2.256s] -- Symlinking: /home/sam/orbit_sim_ws/install/orbit_robot_description/share/orbit_robot_description/meshes/fairino16_v6/base_link.STL
[2.261s] -- Symlinking: /home/sam/orbit_sim_ws/install/orbit_robot_description/share/orbit_robot_description/meshes/fairino16_v6/base_link.STL:Zone.Identifier
[2.266s] -- Symlinking: /home/sam/orbit_sim_ws/install/orbit_robot_description/share/orbit_robot_description/meshes/fairino16_v6/base_link.STL:Zone.Identifier:Zone.Identifier
[2.272s] -- Symlinking: /home/sam/orbit_sim_ws/install/orbit_robot_description/share/orbit_robot_description/meshes/fairino16_v6/forearm_link.STL
[2.277s] -- Symlinking: /home/sam/orbit_sim_ws/install/orbit_robot_description/share/orbit_robot_description/meshes/fairino16_v6/forearm_link.STL:Zone.Identifier
[2.282s] -- Symlinking: /home/sam/orbit_sim_ws/install/orbit_robot_description/share/orbit_robot_description/meshes/fairino16_v6/forearm_link.STL:Zone.Identifier:Zone.Identifier
[2.287s] -- Symlinking: /home/sam/orbit_sim_ws/install/orbit_robot_description/share/orbit_robot_description/meshes/fairino16_v6/shoulder_link.STL
[2.293s] -- Symlinking: /home/sam/orbit_sim_ws/install/orbit_robot_description/share/orbit_robot_description/meshes/fairino16_v6/shoulder_link.STL:Zone.Identifier
[2.298s] -- Symlinking: /home/sam/orbit_sim_ws/install/orbit_robot_description/share/orbit_robot_description/meshes/fairino16_v6/shoulder_link.STL:Zone.Identifier:Zone.Identifier
[2.304s] -- Symlinking: /home/sam/orbit_sim_ws/install/orbit_robot_description/share/orbit_robot_description/meshes/fairino16_v6/upperarm_link.STL
[2.309s] -- Symlinking: /home/sam/orbit_sim_ws/install/orbit_robot_description/share/orbit_robot_description/meshes/fairino16_v6/upperarm_link.STL:Zone.Identifier
[2.314s] -- Symlinking: /home/sam/orbit_sim_ws/install/orbit_robot_description/share/orbit_robot_description/meshes/fairino16_v6/upperarm_link.STL:Zone.Identifier:Zone.Identifier
[2.319s] -- Symlinking: /home/sam/orbit_sim_ws/install/orbit_robot_description/share/orbit_robot_description/meshes/fairino16_v6/wrist1_link.STL
[2.324s] -- Symlinking: /home/sam/orbit_sim_ws/install/orbit_robot_description/share/orbit_robot_description/meshes/fairino16_v6/wrist1_link.STL:Zone.Identifier
[2.329s] -- Symlinking: /home/sam/orbit_sim_ws/install/orbit_robot_description/share/orbit_robot_description/meshes/fairino16_v6/wrist1_link.STL:Zone.Identifier:Zone.Identifier
[2.334s] -- Symlinking: /home/sam/orbit_sim_ws/install/orbit_robot_description/share/orbit_robot_description/meshes/fairino16_v6/wrist2_link.STL
[2.339s] -- Symlinking: /home/sam/orbit_sim_ws/install/orbit_robot_description/share/orbit_robot_description/meshes/fairino16_v6/wrist2_link.STL:Zone.Identifier
[2.345s] -- Symlinking: /home/sam/orbit_sim_ws/install/orbit_robot_description/share/orbit_robot_description/meshes/fairino16_v6/wrist2_link.STL:Zone.Identifier:Zone.Identifier
[2.350s] -- Symlinking: /home/sam/orbit_sim_ws/install/orbit_robot_description/share/orbit_robot_description/meshes/fairino16_v6/wrist3_link.STL
[2.355s] -- Symlinking: /home/sam/orbit_sim_ws/install/orbit_robot_description/share/orbit_robot_description/meshes/fairino16_v6/wrist3_link.STL:Zone.Identifier
[2.360s] -- Symlinking: /home/sam/orbit_sim_ws/install/orbit_robot_description/share/orbit_robot_description/meshes/fairino16_v6/wrist3_link.STL:Zone.Identifier:Zone.Identifier
[2.365s] -- Symlinking: /home/sam/orbit_sim_ws/install/orbit_robot_description/share/orbit_robot_description/meshes/fairino20_v6/base_link.STL
[2.370s] -- Symlinking: /home/sam/orbit_sim_ws/install/orbit_robot_description/share/orbit_robot_description/meshes/fairino20_v6/base_link.STL:Zone.Identifier
[2.376s] -- Symlinking: /home/sam/orbit_sim_ws/install/orbit_robot_description/share/orbit_robot_description/meshes/fairino20_v6/base_link.STL:Zone.Identifier:Zone.Identifier
[2.381s] -- Symlinking: /home/sam/orbit_sim_ws/install/orbit_robot_description/share/orbit_robot_description/meshes/fairino20_v6/forearm_link.STL
[2.386s] -- Symlinking: /home/sam/orbit_sim_ws/install/orbit_robot_description/share/orbit_robot_description/meshes/fairino20_v6/forearm_link.STL:Zone.Identifier
[2.391s] -- Symlinking: /home/sam/orbit_sim_ws/install/orbit_robot_description/share/orbit_robot_description/meshes/fairino20_v6/forearm_link.STL:Zone.Identifier:Zone.Identifier
[2.396s] -- Symlinking: /home/sam/orbit_sim_ws/install/orbit_robot_description/share/orbit_robot_description/meshes/fairino20_v6/shoulder_link.STL
[2.401s] -- Symlinking: /home/sam/orbit_sim_ws/install/orbit_robot_description/share/orbit_robot_description/meshes/fairino20_v6/shoulder_link.STL:Zone.Identifier
[2.406s] -- Symlinking: /home/sam/orbit_sim_ws/install/orbit_robot_description/share/orbit_robot_description/meshes/fairino20_v6/shoulder_link.STL:Zone.Identifier:Zone.Identifier
[2.411s] -- Symlinking: /home/sam/orbit_sim_ws/install/orbit_robot_description/share/orbit_robot_description/meshes/fairino20_v6/upperarm_link.STL
[2.416s] -- Symlinking: /home/sam/orbit_sim_ws/install/orbit_robot_description/share/orbit_robot_description/meshes/fairino20_v6/upperarm_link.STL:Zone.Identifier
[2.422s] -- Symlinking: /home/sam/orbit_sim_ws/install/orbit_robot_description/share/orbit_robot_description/meshes/fairino20_v6/upperarm_link.STL:Zone.Identifier:Zone.Identifier
[2.429s] -- Symlinking: /home/sam/orbit_sim_ws/install/orbit_robot_description/share/orbit_robot_description/meshes/fairino20_v6/wrist1_link.STL
[2.434s] -- Symlinking: /home/sam/orbit_sim_ws/install/orbit_robot_description/share/orbit_robot_description/meshes/fairino20_v6/wrist1_link.STL:Zone.Identifier
[2.440s] -- Symlinking: /home/sam/orbit_sim_ws/install/orbit_robot_description/share/orbit_robot_description/meshes/fairino20_v6/wrist1_link.STL:Zone.Identifier:Zone.Identifier
[2.447s] -- Symlinking: /home/sam/orbit_sim_ws/install/orbit_robot_description/share/orbit_robot_description/meshes/fairino20_v6/wrist2_link.STL
[2.452s] -- Symlinking: /home/sam/orbit_sim_ws/install/orbit_robot_description/share/orbit_robot_description/meshes/fairino20_v6/wrist2_link.STL:Zone.Identifier
[2.458s] -- Symlinking: /home/sam/orbit_sim_ws/install/orbit_robot_description/share/orbit_robot_description/meshes/fairino20_v6/wrist2_link.STL:Zone.Identifier:Zone.Identifier
[2.464s] -- Symlinking: /home/sam/orbit_sim_ws/install/orbit_robot_description/share/orbit_robot_description/meshes/fairino20_v6/wrist3_link.STL
[2.470s] -- Symlinking: /home/sam/orbit_sim_ws/install/orbit_robot_description/share/orbit_robot_description/meshes/fairino20_v6/wrist3_link.STL:Zone.Identifier
[2.476s] -- Symlinking: /home/sam/orbit_sim_ws/install/orbit_robot_description/share/orbit_robot_description/meshes/fairino20_v6/wrist3_link.STL:Zone.Identifier:Zone.Identifier
[2.483s] -- Symlinking: /home/sam/orbit_sim_ws/install/orbit_robot_description/share/orbit_robot_description/meshes/fairino30_v6/base_link.STL
[2.489s] -- Symlinking: /home/sam/orbit_sim_ws/install/orbit_robot_description/share/orbit_robot_description/meshes/fairino30_v6/base_link.STL:Zone.Identifier
[2.495s] -- Symlinking: /home/sam/orbit_sim_ws/install/orbit_robot_description/share/orbit_robot_description/meshes/fairino30_v6/base_link.STL:Zone.Identifier:Zone.Identifier
[2.501s] -- Symlinking: /home/sam/orbit_sim_ws/install/orbit_robot_description/share/orbit_robot_description/meshes/fairino30_v6/forearm_link.STL
[2.506s] -- Symlinking: /home/sam/orbit_sim_ws/install/orbit_robot_description/share/orbit_robot_description/meshes/fairino30_v6/forearm_link.STL:Zone.Identifier
[2.512s] -- Symlinking: /home/sam/orbit_sim_ws/install/orbit_robot_description/share/orbit_robot_description/meshes/fairino30_v6/forearm_link.STL:Zone.Identifier:Zone.Identifier
[2.518s] -- Symlinking: /home/sam/orbit_sim_ws/install/orbit_robot_description/share/orbit_robot_description/meshes/fairino30_v6/shoulder_link.STL
[2.524s] -- Symlinking: /home/sam/orbit_sim_ws/install/orbit_robot_description/share/orbit_robot_description/meshes/fairino30_v6/shoulder_link.STL:Zone.Identifier
[2.530s] -- Symlinking: /home/sam/orbit_sim_ws/install/orbit_robot_description/share/orbit_robot_description/meshes/fairino30_v6/shoulder_link.STL:Zone.Identifier:Zone.Identifier
[2.536s] -- Symlinking: /home/sam/orbit_sim_ws/install/orbit_robot_description/share/orbit_robot_description/meshes/fairino30_v6/tool_link.STL
[2.542s] -- Symlinking: /home/sam/orbit_sim_ws/install/orbit_robot_description/share/orbit_robot_description/meshes/fairino30_v6/tool_link.STL:Zone.Identifier
[2.549s] -- Symlinking: /home/sam/orbit_sim_ws/install/orbit_robot_description/share/orbit_robot_description/meshes/fairino30_v6/tool_link.STL:Zone.Identifier:Zone.Identifier
[2.555s] -- Symlinking: /home/sam/orbit_sim_ws/install/orbit_robot_description/share/orbit_robot_description/meshes/fairino30_v6/uppperarm_link.STL
[2.561s] -- Symlinking: /home/sam/orbit_sim_ws/install/orbit_robot_description/share/orbit_robot_description/meshes/fairino30_v6/uppperarm_link.STL:Zone.Identifier
[2.567s] -- Symlinking: /home/sam/orbit_sim_ws/install/orbit_robot_description/share/orbit_robot_description/meshes/fairino30_v6/uppperarm_link.STL:Zone.Identifier:Zone.Identifier
[2.574s] -- Symlinking: /home/sam/orbit_sim_ws/install/orbit_robot_description/share/orbit_robot_description/meshes/fairino30_v6/wrist1_link.STL
[2.580s] -- Symlinking: /home/sam/orbit_sim_ws/install/orbit_robot_description/share/orbit_robot_description/meshes/fairino30_v6/wrist1_link.STL:Zone.Identifier
[2.586s] -- Symlinking: /home/sam/orbit_sim_ws/install/orbit_robot_description/share/orbit_robot_description/meshes/fairino30_v6/wrist1_link.STL:Zone.Identifier:Zone.Identifier
[2.592s] -- Symlinking: /home/sam/orbit_sim_ws/install/orbit_robot_description/share/orbit_robot_description/meshes/fairino30_v6/wrist2_link.STL
[2.598s] -- Symlinking: /home/sam/orbit_sim_ws/install/orbit_robot_description/share/orbit_robot_description/meshes/fairino30_v6/wrist2_link.STL:Zone.Identifier
[2.604s] -- Symlinking: /home/sam/orbit_sim_ws/install/orbit_robot_description/share/orbit_robot_description/meshes/fairino30_v6/wrist2_link.STL:Zone.Identifier:Zone.Identifier
[2.609s] -- Symlinking: /home/sam/orbit_sim_ws/install/orbit_robot_description/share/orbit_robot_description/meshes/fairino30_v6/wrist3_link.STL
[2.615s] -- Symlinking: /home/sam/orbit_sim_ws/install/orbit_robot_description/share/orbit_robot_description/meshes/fairino30_v6/wrist3_link.STL:Zone.Identifier
[2.620s] -- Symlinking: /home/sam/orbit_sim_ws/install/orbit_robot_description/share/orbit_robot_description/meshes/fairino30_v6/wrist3_link.STL:Zone.Identifier:Zone.Identifier
[2.625s] -- Symlinking: /home/sam/orbit_sim_ws/install/orbit_robot_description/share/orbit_robot_description/meshes/fairino3_mt_v6/base_link.STL
[2.631s] -- Symlinking: /home/sam/orbit_sim_ws/install/orbit_robot_description/share/orbit_robot_description/meshes/fairino3_mt_v6/base_link.STL:Zone.Identifier
[2.636s] -- Symlinking: /home/sam/orbit_sim_ws/install/orbit_robot_description/share/orbit_robot_description/meshes/fairino3_mt_v6/base_link.STL:Zone.Identifier:Zone.Identifier
[2.641s] -- Symlinking: /home/sam/orbit_sim_ws/install/orbit_robot_description/share/orbit_robot_description/meshes/fairino3_mt_v6/forearm_link.STL
[2.646s] -- Symlinking: /home/sam/orbit_sim_ws/install/orbit_robot_description/share/orbit_robot_description/meshes/fairino3_mt_v6/forearm_link.STL:Zone.Identifier
[2.651s] -- Symlinking: /home/sam/orbit_sim_ws/install/orbit_robot_description/share/orbit_robot_description/meshes/fairino3_mt_v6/forearm_link.STL:Zone.Identifier:Zone.Identifier
[2.656s] -- Symlinking: /home/sam/orbit_sim_ws/install/orbit_robot_description/share/orbit_robot_description/meshes/fairino3_mt_v6/shoulder_link.STL
[2.661s] -- Symlinking: /home/sam/orbit_sim_ws/install/orbit_robot_description/share/orbit_robot_description/meshes/fairino3_mt_v6/shoulder_link.STL:Zone.Identifier
[2.667s] -- Symlinking: /home/sam/orbit_sim_ws/install/orbit_robot_description/share/orbit_robot_description/meshes/fairino3_mt_v6/shoulder_link.STL:Zone.Identifier:Zone.Identifier
[2.672s] -- Symlinking: /home/sam/orbit_sim_ws/install/orbit_robot_description/share/orbit_robot_description/meshes/fairino3_mt_v6/upperarm_link.STL
[2.677s] -- Symlinking: /home/sam/orbit_sim_ws/install/orbit_robot_description/share/orbit_robot_description/meshes/fairino3_mt_v6/upperarm_link.STL:Zone.Identifier
[2.682s] -- Symlinking: /home/sam/orbit_sim_ws/install/orbit_robot_description/share/orbit_robot_description/meshes/fairino3_mt_v6/upperarm_link.STL:Zone.Identifier:Zone.Identifier
[2.687s] -- Symlinking: /home/sam/orbit_sim_ws/install/orbit_robot_description/share/orbit_robot_description/meshes/fairino3_mt_v6/wrist1_link.STL
[2.692s] -- Symlinking: /home/sam/orbit_sim_ws/install/orbit_robot_description/share/orbit_robot_description/meshes/fairino3_mt_v6/wrist1_link.STL:Zone.Identifier
[2.698s] -- Symlinking: /home/sam/orbit_sim_ws/install/orbit_robot_description/share/orbit_robot_description/meshes/fairino3_mt_v6/wrist1_link.STL:Zone.Identifier:Zone.Identifier
[2.703s] -- Symlinking: /home/sam/orbit_sim_ws/install/orbit_robot_description/share/orbit_robot_description/meshes/fairino3_mt_v6/wrist2_link.STL
[2.709s] -- Symlinking: /home/sam/orbit_sim_ws/install/orbit_robot_description/share/orbit_robot_description/meshes/fairino3_mt_v6/wrist2_link.STL:Zone.Identifier
[2.715s] -- Symlinking: /home/sam/orbit_sim_ws/install/orbit_robot_description/share/orbit_robot_description/meshes/fairino3_mt_v6/wrist2_link.STL:Zone.Identifier:Zone.Identifier
[2.721s] -- Symlinking: /home/sam/orbit_sim_ws/install/orbit_robot_description/share/orbit_robot_description/meshes/fairino3_mt_v6/wrist3_link.STL
[2.727s] -- Symlinking: /home/sam/orbit_sim_ws/install/orbit_robot_description/share/orbit_robot_description/meshes/fairino3_mt_v6/wrist3_link.STL:Zone.Identifier
[2.733s] -- Symlinking: /home/sam/orbit_sim_ws/install/orbit_robot_description/share/orbit_robot_description/meshes/fairino3_mt_v6/wrist3_link.STL:Zone.Identifier:Zone.Identifier
[2.739s] -- Symlinking: /home/sam/orbit_sim_ws/install/orbit_robot_description/share/orbit_robot_description/meshes/fairino3_v6/base_link.STL
[2.745s] -- Symlinking: /home/sam/orbit_sim_ws/install/orbit_robot_description/share/orbit_robot_description/meshes/fairino3_v6/base_link.STL:Zone.Identifier
[2.751s] -- Symlinking: /home/sam/orbit_sim_ws/install/orbit_robot_description/share/orbit_robot_description/meshes/fairino3_v6/base_link.STL:Zone.Identifier:Zone.Identifier
[2.758s] -- Symlinking: /home/sam/orbit_sim_ws/install/orbit_robot_description/share/orbit_robot_description/meshes/fairino3_v6/forearm_link.STL
[2.764s] -- Symlinking: /home/sam/orbit_sim_ws/install/orbit_robot_description/share/orbit_robot_description/meshes/fairino3_v6/forearm_link.STL:Zone.Identifier
[2.770s] -- Symlinking: /home/sam/orbit_sim_ws/install/orbit_robot_description/share/orbit_robot_description/meshes/fairino3_v6/forearm_link.STL:Zone.Identifier:Zone.Identifier
[2.776s] -- Symlinking: /home/sam/orbit_sim_ws/install/orbit_robot_description/share/orbit_robot_description/meshes/fairino3_v6/shoulder_link.STL
[2.782s] -- Symlinking: /home/sam/orbit_sim_ws/install/orbit_robot_description/share/orbit_robot_description/meshes/fairino3_v6/shoulder_link.STL:Zone.Identifier
[2.788s] -- Symlinking: /home/sam/orbit_sim_ws/install/orbit_robot_description/share/orbit_robot_description/meshes/fairino3_v6/shoulder_link.STL:Zone.Identifier:Zone.Identifier
[2.794s] -- Symlinking: /home/sam/orbit_sim_ws/install/orbit_robot_description/share/orbit_robot_description/meshes/fairino3_v6/upperarm_link.STL
[2.800s] -- Symlinking: /home/sam/orbit_sim_ws/install/orbit_robot_description/share/orbit_robot_description/meshes/fairino3_v6/upperarm_link.STL:Zone.Identifier
[2.806s] -- Symlinking: /home/sam/orbit_sim_ws/install/orbit_robot_description/share/orbit_robot_description/meshes/fairino3_v6/upperarm_link.STL:Zone.Identifier:Zone.Identifier
[2.813s] -- Symlinking: /home/sam/orbit_sim_ws/install/orbit_robot_description/share/orbit_robot_description/meshes/fairino3_v6/wrist1_link.STL
[2.819s] -- Symlinking: /home/sam/orbit_sim_ws/install/orbit_robot_description/share/orbit_robot_description/meshes/fairino3_v6/wrist1_link.STL:Zone.Identifier
[2.825s] -- Symlinking: /home/sam/orbit_sim_ws/install/orbit_robot_description/share/orbit_robot_description/meshes/fairino3_v6/wrist1_link.STL:Zone.Identifier:Zone.Identifier
[2.830s] -- Symlinking: /home/sam/orbit_sim_ws/install/orbit_robot_description/share/orbit_robot_description/meshes/fairino3_v6/wrist2_link.STL
[2.835s] -- Symlinking: /home/sam/orbit_sim_ws/install/orbit_robot_description/share/orbit_robot_description/meshes/fairino3_v6/wrist2_link.STL:Zone.Identifier
[2.841s] -- Symlinking: /home/sam/orbit_sim_ws/install/orbit_robot_description/share/orbit_robot_description/meshes/fairino3_v6/wrist2_link.STL:Zone.Identifier:Zone.Identifier
[2.846s] -- Symlinking: /home/sam/orbit_sim_ws/install/orbit_robot_description/share/orbit_robot_description/meshes/fairino3_v6/wrist3_link.STL
[2.851s] -- Symlinking: /home/sam/orbit_sim_ws/install/orbit_robot_description/share/orbit_robot_description/meshes/fairino3_v6/wrist3_link.STL:Zone.Identifier
[2.857s] -- Symlinking: /home/sam/orbit_sim_ws/install/orbit_robot_description/share/orbit_robot_description/meshes/fairino3_v6/wrist3_link.STL:Zone.Identifier:Zone.Identifier
[2.862s] -- Symlinking: /home/sam/orbit_sim_ws/install/orbit_robot_description/share/orbit_robot_description/meshes/fairino5_v6/base_link.STL
[2.868s] -- Symlinking: /home/sam/orbit_sim_ws/install/orbit_robot_description/share/orbit_robot_description/meshes/fairino5_v6/base_link.STL:Zone.Identifier
[2.873s] -- Symlinking: /home/sam/orbit_sim_ws/install/orbit_robot_description/share/orbit_robot_description/meshes/fairino5_v6/base_link.STL:Zone.Identifier:Zone.Identifier
[2.878s] -- Symlinking: /home/sam/orbit_sim_ws/install/orbit_robot_description/share/orbit_robot_description/meshes/fairino5_v6/forearm_link.STL
[2.884s] -- Symlinking: /home/sam/orbit_sim_ws/install/orbit_robot_description/share/orbit_robot_description/meshes/fairino5_v6/forearm_link.STL:Zone.Identifier
[2.889s] -- Symlinking: /home/sam/orbit_sim_ws/install/orbit_robot_description/share/orbit_robot_description/meshes/fairino5_v6/forearm_link.STL:Zone.Identifier:Zone.Identifier
[2.894s] -- Symlinking: /home/sam/orbit_sim_ws/install/orbit_robot_description/share/orbit_robot_description/meshes/fairino5_v6/shoulder_link.STL
[2.900s] -- Symlinking: /home/sam/orbit_sim_ws/install/orbit_robot_description/share/orbit_robot_description/meshes/fairino5_v6/shoulder_link.STL:Zone.Identifier
[2.905s] -- Symlinking: /home/sam/orbit_sim_ws/install/orbit_robot_description/share/orbit_robot_description/meshes/fairino5_v6/shoulder_link.STL:Zone.Identifier:Zone.Identifier
[2.910s] -- Symlinking: /home/sam/orbit_sim_ws/install/orbit_robot_description/share/orbit_robot_description/meshes/fairino5_v6/upperarm_link.STL
[2.915s] -- Symlinking: /home/sam/orbit_sim_ws/install/orbit_robot_description/share/orbit_robot_description/meshes/fairino5_v6/upperarm_link.STL:Zone.Identifier
[2.921s] -- Symlinking: /home/sam/orbit_sim_ws/install/orbit_robot_description/share/orbit_robot_description/meshes/fairino5_v6/upperarm_link.STL:Zone.Identifier:Zone.Identifier
[2.927s] -- Symlinking: /home/sam/orbit_sim_ws/install/orbit_robot_description/share/orbit_robot_description/meshes/fairino5_v6/wrist1_link.STL
[2.933s] -- Symlinking: /home/sam/orbit_sim_ws/install/orbit_robot_description/share/orbit_robot_description/meshes/fairino5_v6/wrist1_link.STL:Zone.Identifier
[2.939s] -- Symlinking: /home/sam/orbit_sim_ws/install/orbit_robot_description/share/orbit_robot_description/meshes/fairino5_v6/wrist1_link.STL:Zone.Identifier:Zone.Identifier
[2.945s] -- Symlinking: /home/sam/orbit_sim_ws/install/orbit_robot_description/share/orbit_robot_description/meshes/fairino5_v6/wrist2_link.STL
[2.951s] -- Symlinking: /home/sam/orbit_sim_ws/install/orbit_robot_description/share/orbit_robot_description/meshes/fairino5_v6/wrist2_link.STL:Zone.Identifier
[2.957s] -- Symlinking: /home/sam/orbit_sim_ws/install/orbit_robot_description/share/orbit_robot_description/meshes/fairino5_v6/wrist2_link.STL:Zone.Identifier:Zone.Identifier
[2.963s] -- Symlinking: /home/sam/orbit_sim_ws/install/orbit_robot_description/share/orbit_robot_description/meshes/fairino5_v6/wrist3_link.STL
[2.969s] -- Symlinking: /home/sam/orbit_sim_ws/install/orbit_robot_description/share/orbit_robot_description/meshes/fairino5_v6/wrist3_link.STL:Zone.Identifier
[2.975s] -- Symlinking: /home/sam/orbit_sim_ws/install/orbit_robot_description/share/orbit_robot_description/meshes/fairino5_v6/wrist3_link.STL:Zone.Identifier:Zone.Identifier
[2.981s] -- Symlinking: /home/sam/orbit_sim_ws/install/orbit_robot_description/share/orbit_robot_description/rviz/.setup_assistant
[2.987s] -- Symlinking: /home/sam/orbit_sim_ws/install/orbit_robot_description/share/orbit_robot_description/rviz/.setup_assistant:Zone.Identifier
[2.993s] -- Symlinking: /home/sam/orbit_sim_ws/install/orbit_robot_description/share/orbit_robot_description/rviz/.setup_assistant:Zone.Identifier:Zone.Identifier
[2.999s] -- Symlinking: /home/sam/orbit_sim_ws/install/orbit_robot_description/share/ament_index/resource_index/package_run_dependencies/orbit_robot_description
[3.005s] -- Symlinking: /home/sam/orbit_sim_ws/install/orbit_robot_description/share/ament_index/resource_index/parent_prefix_path/orbit_robot_description
[3.015s] -- Symlinking: /home/sam/orbit_sim_ws/install/orbit_robot_description/share/orbit_robot_description/environment/ament_prefix_path.sh
[3.021s] -- Symlinking: /home/sam/orbit_sim_ws/install/orbit_robot_description/share/orbit_robot_description/environment/ament_prefix_path.dsv
[3.027s] -- Symlinking: /home/sam/orbit_sim_ws/install/orbit_robot_description/share/orbit_robot_description/environment/path.sh
[3.033s] -- Symlinking: /home/sam/orbit_sim_ws/install/orbit_robot_description/share/orbit_robot_description/environment/path.dsv
[3.038s] -- Symlinking: /home/sam/orbit_sim_ws/install/orbit_robot_description/share/orbit_robot_description/local_setup.bash
[3.044s] -- Symlinking: /home/sam/orbit_sim_ws/install/orbit_robot_description/share/orbit_robot_description/local_setup.sh
[3.050s] -- Symlinking: /home/sam/orbit_sim_ws/install/orbit_robot_description/share/orbit_robot_description/local_setup.zsh
[3.055s] -- Symlinking: /home/sam/orbit_sim_ws/install/orbit_robot_description/share/orbit_robot_description/local_setup.dsv
[3.061s] -- Symlinking: /home/sam/orbit_sim_ws/install/orbit_robot_description/share/orbit_robot_description/package.dsv
[3.067s] -- Symlinking: /home/sam/orbit_sim_ws/install/orbit_robot_description/share/ament_index/resource_index/packages/orbit_robot_description
[3.072s] -- Symlinking: /home/sam/orbit_sim_ws/install/orbit_robot_description/share/orbit_robot_description/cmake/orbit_robot_descriptionConfig.cmake
[3.078s] -- Symlinking: /home/sam/orbit_sim_ws/install/orbit_robot_description/share/orbit_robot_description/cmake/orbit_robot_descriptionConfig-version.cmake
[3.083s] -- Symlinking: /home/sam/orbit_sim_ws/install/orbit_robot_description/share/orbit_robot_description/package.xml
[3.091s] Invoked command in '/home/sam/orbit_sim_ws/build/orbit_robot_description' returned '0': CMAKE_PREFIX_PATH=${CMAKE_PREFIX_PATH}:/opt/ros/humble /usr/bin/cmake --install /home/sam/orbit_sim_ws/build/orbit_robot_description
