[0.010s] Invoking command in '/home/sam/orbit_sim_ws/build/gazebo_ros2_control': CMAKE_PREFIX_PATH=${CMAKE_PREFIX_PATH}:/opt/ros/humble /usr/bin/cmake /home/sam/orbit_sim_ws/src/gazebo_ros2_control/gazebo_ros2_control -DAMENT_CMAKE_SYMLINK_INSTALL=1 -DCMAKE_INSTALL_PREFIX=/home/sam/orbit_sim_ws/install/gazebo_ros2_control
[0.102s] -- The C compiler identification is GNU 11.4.0
[0.445s] -- The CXX compiler identification is GNU 11.4.0
[0.823s] -- Detecting C compiler ABI info
[0.954s] -- Detecting C compiler ABI info - done
[0.959s] -- Check for working C compiler: /usr/bin/cc - skipped
[0.959s] -- Detecting C compile features
[0.959s] -- Detecting C compile features - done
[0.962s] -- Detecting CXX compiler ABI info
[1.106s] -- Detecting CXX compiler ABI info - done
[1.112s] -- Check for working CXX compiler: /usr/bin/c++ - skipped
[1.112s] -- Detecting CXX compile features
[1.112s] -- Detecting CXX compile features - done
[1.114s] -- Found ament_cmake: 1.3.14 (/opt/ros/humble/share/ament_cmake/cmake)
[1.230s] -- Found Python3: /usr/bin/python3 (found version "3.10.12") found components: Interpreter 
[1.282s] -- Override CMake install command with custom implementation using symlinks instead of copying resources
[1.299s] -- Found angles: 1.15.0 (/opt/ros/humble/share/angles/cmake)
[1.300s] -- Found controller_manager: 2.54.0 (/opt/ros/humble/share/controller_manager/cmake)
[1.463s] -- Found rosidl_generator_c: 3.1.8 (/opt/ros/humble/share/rosidl_generator_c/cmake)
[1.467s] -- Found rosidl_adapter: 3.1.8 (/opt/ros/humble/share/rosidl_adapter/cmake)
[1.473s] -- Found rosidl_generator_cpp: 3.1.8 (/opt/ros/humble/share/rosidl_generator_cpp/cmake)
[1.481s] -- Using all available rosidl_typesupport_c: rosidl_typesupport_fastrtps_c;rosidl_typesupport_introspection_c
[1.493s] -- Using all available rosidl_typesupport_cpp: rosidl_typesupport_fastrtps_cpp;rosidl_typesupport_introspection_cpp
[2.845s] -- Found rmw_implementation_cmake: 6.1.2 (/opt/ros/humble/share/rmw_implementation_cmake/cmake)
[2.847s] -- Found rmw_fastrtps_cpp: 6.2.10 (/opt/ros/humble/share/rmw_fastrtps_cpp/cmake)
[2.866s] -- Found TinyXML2 via Config file: TinyXML2_DIR-NOTFOUND
[2.900s] -- Found OpenSSL: /usr/lib/x86_64-linux-gnu/libcrypto.so (found version "3.0.2")  
[2.902s] -- Found TinyXML2 via Config file: TinyXML2_DIR-NOTFOUND
[3.062s] -- Found FastRTPS: /opt/ros/humble/include  
[3.064s] -- Found TinyXML2 via Config file: TinyXML2_DIR-NOTFOUND
[3.071s] -- Found TinyXML2 via Config file: TinyXML2_DIR-NOTFOUND
[3.152s] -- Using RMW implementation 'rmw_fastrtps_cpp' as default
[3.157s] -- Looking for pthread.h
[3.270s] -- Looking for pthread.h - found
[3.270s] -- Performing Test CMAKE_HAVE_LIBC_PTHREAD
[3.386s] -- Performing Test CMAKE_HAVE_LIBC_PTHREAD - Success
[3.387s] -- Found Threads: TRUE  
[3.451s] -- Found control_toolbox: 3.7.0 (/opt/ros/humble/share/control_toolbox/cmake)
[3.484s] -- Found gazebo_dev: 3.9.0 (/opt/ros/humble/share/gazebo_dev/cmake)
[3.489s] -- Found PkgConfig: /usr/bin/pkg-config (found version "0.29.2") 
[3.490s] -- Checking for module 'bullet>=2.82'
[3.498s] --   Found bullet, version 3.05
[3.667s] -- Found fcl: /usr/include (found suitable version "0.7.0", minimum required is "0.5.0") 
[3.700s] -- Found assimp: /usr/include (found version "5.2.0") 
[3.711s] -- Found DART: /usr/include (Required is at least version "6.6") found components: dart 
[3.729s] -- Found Boost: /usr/lib/x86_64-linux-gnu/cmake/Boost-1.74.0/BoostConfig.cmake (found suitable version "1.74.0", minimum required is "1.40.0") found components: thread system filesystem program_options regex iostreams date_time 
[4.059s] -- Found Protobuf: /usr/lib/x86_64-linux-gnu/libprotobuf.so (found version "3.12.4") 
[4.062s] -- Looking for ignition-math6 -- found version 6.15.1
[4.068s] -- Searching for dependencies of ignition-math6
[4.070s] -- Looking for OGRE...
[4.070s] -- OGRE_PREFIX_WATCH changed.
[4.074s] -- Checking for module 'OGRE'
[4.084s] --   Found OGRE, version 1.9.0
[4.104s] -- Found Ogre Ghadamon (1.9.0)
[4.469s] -- Found OGRE: optimized;/usr/lib/x86_64-linux-gnu/libOgreMain.so;debug;/usr/lib/x86_64-linux-gnu/libOgreMain.so
[4.477s] -- Looking for OGRE_Paging...
[4.995s] -- Found OGRE_Paging: optimized;/usr/lib/x86_64-linux-gnu/libOgrePaging.so;debug;/usr/lib/x86_64-linux-gnu/libOgrePaging.so
[4.995s] -- Looking for OGRE_Terrain...
[5.312s] -- Found OGRE_Terrain: optimized;/usr/lib/x86_64-linux-gnu/libOgreTerrain.so;debug;/usr/lib/x86_64-linux-gnu/libOgreTerrain.so
[5.312s] -- Looking for OGRE_Property...
[5.621s] -- Found OGRE_Property: optimized;/usr/lib/x86_64-linux-gnu/libOgreProperty.so;debug;/usr/lib/x86_64-linux-gnu/libOgreProperty.so
[5.621s] -- Looking for OGRE_RTShaderSystem...
[5.937s] -- Found OGRE_RTShaderSystem: optimized;/usr/lib/x86_64-linux-gnu/libOgreRTShaderSystem.so;debug;/usr/lib/x86_64-linux-gnu/libOgreRTShaderSystem.so
[5.938s] -- Looking for OGRE_Volume...
[6.328s] -- Found OGRE_Volume: optimized;/usr/lib/x86_64-linux-gnu/libOgreVolume.so;debug;/usr/lib/x86_64-linux-gnu/libOgreVolume.so
[6.329s] -- Looking for OGRE_Overlay...
[6.631s] -- Found OGRE_Overlay: optimized;/usr/lib/x86_64-linux-gnu/libOgreOverlay.so;debug;/usr/lib/x86_64-linux-gnu/libOgreOverlay.so
[27.931s] -- Looking for ignition-math6 -- found version 6.15.1
[27.932s] -- Looking for ignition-transport8 -- found version 8.2.1
[27.933s] -- Searching for dependencies of ignition-transport8
[28.993s] -- Found Protobuf: /usr/lib/x86_64-linux-gnu/libprotobuf.so (found suitable version "3.12.4", minimum required is "3") 
[30.054s] -- Config-file not installed for ZeroMQ -- checking for pkg-config
[30.058s] -- Checking for module 'libzmq >= 4'
[30.067s] --   Found libzmq , version 4.3.4
[30.090s] -- Found ZeroMQ: TRUE (Required is at least version "4") 
[30.128s] -- Checking for module 'uuid'
[30.136s] --   Found uuid, version 2.37.2
[30.157s] -- Found UUID: TRUE  
[30.158s] -- Looking for ignition-msgs5 -- found version 5.8.1
[30.159s] -- Searching for dependencies of ignition-msgs5
[31.207s] -- Looking for ignition-math6 -- found version 6.15.1
[31.211s] -- Checking for module 'tinyxml2'
[31.219s] --   Found tinyxml2, version 9.0.0
[31.242s] -- Looking for ignition-msgs5 -- found version 5.8.1
[31.243s] -- Looking for ignition-common3 -- found version 3.14.0
[31.244s] -- Searching for dependencies of ignition-common3
[31.293s] -- Looking for dlfcn.h - found
[31.336s] -- Looking for libdl - found
[31.337s] -- Found DL: TRUE  
[31.425s] -- Found tinyobjloader: /usr/lib/x86_64-linux-gnu/cmake/tinyobjloader/tinyobjloader-config.cmake (found version "2.0.0") 
[31.425s] -- Searching for <ignition-common3> component [graphics]
[31.426s] -- Looking for ignition-common3-graphics -- found version 3.14.0
[31.427s] -- Searching for dependencies of ignition-common3-graphics
[31.427s] -- Looking for ignition-math6 -- found version 6.15.1
[31.429s] -- Looking for ignition-fuel_tools4 -- found version 4.4.0
[31.429s] -- Searching for dependencies of ignition-fuel_tools4
[32.819s] -- Found CURL: /usr/lib/x86_64-linux-gnu/libcurl.so (found version "7.81.0")  
[32.826s] -- Checking for module 'jsoncpp'
[32.835s] --   Found jsoncpp, version 1.9.5
[32.857s] -- Found JSONCPP: TRUE  
[32.861s] -- Checking for module 'libzip'
[32.875s] --   Found libzip, version 1.7.3
[32.898s] -- Found ZIP: TRUE  
[32.899s] -- Looking for ignition-common3 -- found version 3.14.0
[32.899s] -- Looking for ignition-math6 -- found version 6.15.1
[32.899s] -- Looking for ignition-msgs5 -- found version 5.8.1
[32.902s] -- Gazebo version: 11.10
[32.902s] -- Checking for module 'tbb'
[32.911s] --   Found tbb, version 2021.5.0
[32.933s] -- Found gazebo_ros: 3.9.0 (/opt/ros/humble/share/gazebo_ros/cmake)
[32.936s] -- Found yaml_cpp_vendor: 8.0.2 (/opt/ros/humble/share/yaml_cpp_vendor/cmake)
[32.945s] -- Found ament_cmake_gtest: 1.3.14 (/opt/ros/humble/share/ament_cmake_gtest/cmake)
[32.946s] -- Found ament_lint_auto: 0.12.15 (/opt/ros/humble/share/ament_lint_auto/cmake)
[33.004s] -- Added test 'copyright' to check source files copyright and LICENSE
[33.005s] -- Added test 'cppcheck' to perform static code analysis on C / C++ code
[33.006s] -- Configured cppcheck include dirs: /home/sam/orbit_sim_ws/src/gazebo_ros2_control/gazebo_ros2_control/include
[33.006s] -- Configured cppcheck exclude dirs and/or files: 
[33.007s] -- Added test 'cpplint' to check C / C++ code against the Google style
[33.007s] -- Configured cpplint exclude dirs and/or files: 
[33.008s] -- Added test 'lint_cmake' to check CMake code style
[33.008s] -- Added test 'uncrustify' to check C / C++ code style
[33.008s] -- Configured uncrustify additional arguments: 
[33.009s] -- Added test 'xmllint' to check XML markup files
[33.011s] -- Configuring done
[33.035s] -- Generating done
[33.041s] -- Build files have been written to: /home/sam/orbit_sim_ws/build/gazebo_ros2_control
[33.053s] Invoked command in '/home/sam/orbit_sim_ws/build/gazebo_ros2_control' returned '0': CMAKE_PREFIX_PATH=${CMAKE_PREFIX_PATH}:/opt/ros/humble /usr/bin/cmake /home/sam/orbit_sim_ws/src/gazebo_ros2_control/gazebo_ros2_control -DAMENT_CMAKE_SYMLINK_INSTALL=1 -DCMAKE_INSTALL_PREFIX=/home/sam/orbit_sim_ws/install/gazebo_ros2_control
[33.055s] Invoking command in '/home/sam/orbit_sim_ws/build/gazebo_ros2_control': CMAKE_PREFIX_PATH=${CMAKE_PREFIX_PATH}:/opt/ros/humble /usr/bin/cmake --build /home/sam/orbit_sim_ws/build/gazebo_ros2_control -- -j32 -l32
[33.092s] [ 25%] [32mBuilding CXX object CMakeFiles/gazebo_ros2_control.dir/src/gazebo_ros2_control_plugin.cpp.o[0m
[33.092s] [ 50%] [32mBuilding CXX object CMakeFiles/gazebo_hardware_plugins.dir/src/gazebo_system.cpp.o[0m
[43.056s] [ 75%] [32m[1mLinking CXX shared library libgazebo_hardware_plugins.so[0m
[43.449s] [ 75%] Built target gazebo_hardware_plugins
[44.362s] [100%] [32m[1mLinking CXX shared library libgazebo_ros2_control.so[0m
[44.844s] [100%] Built target gazebo_ros2_control
[44.855s] Invoked command in '/home/sam/orbit_sim_ws/build/gazebo_ros2_control' returned '0': CMAKE_PREFIX_PATH=${CMAKE_PREFIX_PATH}:/opt/ros/humble /usr/bin/cmake --build /home/sam/orbit_sim_ws/build/gazebo_ros2_control -- -j32 -l32
[44.857s] Invoking command in '/home/sam/orbit_sim_ws/build/gazebo_ros2_control': CMAKE_PREFIX_PATH=${CMAKE_PREFIX_PATH}:/opt/ros/humble /usr/bin/cmake --install /home/sam/orbit_sim_ws/build/gazebo_ros2_control
[44.862s] -- Install configuration: ""
[44.862s] -- Execute custom install script
[44.863s] -- Symlinking: /home/sam/orbit_sim_ws/install/gazebo_ros2_control/lib/libgazebo_ros2_control.so
[44.869s] -- Symlinking: /home/sam/orbit_sim_ws/install/gazebo_ros2_control/lib/libgazebo_hardware_plugins.so
[44.875s] -- Symlinking: /home/sam/orbit_sim_ws/install/gazebo_ros2_control/share/gazebo_ros2_control/environment/library_path.sh
[44.881s] -- Symlinking: /home/sam/orbit_sim_ws/install/gazebo_ros2_control/share/gazebo_ros2_control/environment/library_path.dsv
[44.887s] -- Symlinking: /home/sam/orbit_sim_ws/install/gazebo_ros2_control/include/gazebo_ros2_control/gazebo_ros2_control_plugin.hpp
[44.893s] -- Symlinking: /home/sam/orbit_sim_ws/install/gazebo_ros2_control/include/gazebo_ros2_control/gazebo_system.hpp
[44.899s] -- Symlinking: /home/sam/orbit_sim_ws/install/gazebo_ros2_control/include/gazebo_ros2_control/gazebo_system_interface.hpp
[44.905s] -- Symlinking: /home/sam/orbit_sim_ws/install/gazebo_ros2_control/share/gazebo_ros2_control//gazebo_hardware_plugins.xml
[44.911s] -- Symlinking: /home/sam/orbit_sim_ws/install/gazebo_ros2_control/share/ament_index/resource_index/package_run_dependencies/gazebo_ros2_control
[44.917s] -- Symlinking: /home/sam/orbit_sim_ws/install/gazebo_ros2_control/share/ament_index/resource_index/parent_prefix_path/gazebo_ros2_control
[44.923s] -- Symlinking: /home/sam/orbit_sim_ws/install/gazebo_ros2_control/share/gazebo_ros2_control/environment/ament_prefix_path.sh
[44.929s] -- Symlinking: /home/sam/orbit_sim_ws/install/gazebo_ros2_control/share/gazebo_ros2_control/environment/ament_prefix_path.dsv
[44.934s] -- Symlinking: /home/sam/orbit_sim_ws/install/gazebo_ros2_control/share/gazebo_ros2_control/environment/path.sh
[44.940s] -- Symlinking: /home/sam/orbit_sim_ws/install/gazebo_ros2_control/share/gazebo_ros2_control/environment/path.dsv
[44.946s] -- Symlinking: /home/sam/orbit_sim_ws/install/gazebo_ros2_control/share/gazebo_ros2_control/local_setup.bash
[44.951s] -- Symlinking: /home/sam/orbit_sim_ws/install/gazebo_ros2_control/share/gazebo_ros2_control/local_setup.sh
[44.958s] -- Symlinking: /home/sam/orbit_sim_ws/install/gazebo_ros2_control/share/gazebo_ros2_control/local_setup.zsh
[44.964s] -- Symlinking: /home/sam/orbit_sim_ws/install/gazebo_ros2_control/share/gazebo_ros2_control/local_setup.dsv
[44.969s] -- Symlinking: /home/sam/orbit_sim_ws/install/gazebo_ros2_control/share/gazebo_ros2_control/package.dsv
[44.976s] -- Symlinking: /home/sam/orbit_sim_ws/install/gazebo_ros2_control/share/ament_index/resource_index/packages/gazebo_ros2_control
[44.982s] -- Symlinking: /home/sam/orbit_sim_ws/install/gazebo_ros2_control/share/ament_index/resource_index/gazebo_ros2_control__pluginlib__plugin/gazebo_ros2_control
[44.988s] -- Symlinking: /home/sam/orbit_sim_ws/install/gazebo_ros2_control/share/gazebo_ros2_control/cmake/ament_cmake_export_include_directories-extras.cmake
[44.993s] -- Symlinking: /home/sam/orbit_sim_ws/install/gazebo_ros2_control/share/gazebo_ros2_control/cmake/ament_cmake_export_dependencies-extras.cmake
[44.999s] -- Symlinking: /home/sam/orbit_sim_ws/install/gazebo_ros2_control/share/gazebo_ros2_control/cmake/ament_cmake_export_libraries-extras.cmake
[45.005s] -- Symlinking: /home/sam/orbit_sim_ws/install/gazebo_ros2_control/share/gazebo_ros2_control/cmake/gazebo_ros2_controlConfig.cmake
[45.011s] -- Symlinking: /home/sam/orbit_sim_ws/install/gazebo_ros2_control/share/gazebo_ros2_control/cmake/gazebo_ros2_controlConfig-version.cmake
[45.017s] -- Symlinking: /home/sam/orbit_sim_ws/install/gazebo_ros2_control/share/gazebo_ros2_control/package.xml
[45.025s] Invoked command in '/home/sam/orbit_sim_ws/build/gazebo_ros2_control' returned '0': CMAKE_PREFIX_PATH=${CMAKE_PREFIX_PATH}:/opt/ros/humble /usr/bin/cmake --install /home/sam/orbit_sim_ws/build/gazebo_ros2_control
