[0.448s] DEBUG:colcon:Command line arguments: ['/usr/bin/colcon', 'build', '--symlink-install']
[0.448s] DEBUG:colcon:Parsed command line arguments: Namespace(log_base=None, log_level=None, verb_name='build', build_base='build', install_base='install', merge_install=False, symlink_install=True, test_result_base=None, continue_on_error=False, executor='parallel', parallel_workers=32, event_handlers=None, ignore_user_meta=False, metas=['./colcon.meta'], base_paths=['.'], packages_ignore=None, packages_ignore_regex=None, paths=None, packages_up_to=None, packages_up_to_regex=None, packages_above=None, packages_above_and_dependencies=None, packages_above_depth=None, packages_select_by_dep=None, packages_skip_by_dep=None, packages_skip_up_to=None, packages_select_build_failed=False, packages_skip_build_finished=False, packages_select_test_failures=False, packages_skip_test_passed=False, packages_select=None, packages_skip=None, packages_select_regex=None, packages_skip_regex=None, packages_start=None, packages_end=None, allow_overriding=[], cmake_args=None, cmake_target=None, cmake_target_skip_unavailable=False, cmake_clean_cache=False, cmake_clean_first=False, cmake_force_configure=False, ament_cmake_args=None, catkin_cmake_args=None, catkin_skip_building_tests=False, mixin_files=None, mixin=None, verb_parser=<colcon_mixin.mixin.mixin_argument.MixinArgumentDecorator object at 0x75f3f7e4da50>, verb_extension=<colcon_core.verb.build.BuildVerb object at 0x75f3f7e4d480>, main=<bound method BuildVerb.main of <colcon_core.verb.build.BuildVerb object at 0x75f3f7e4d480>>, mixin_verb=('build',))
[0.624s] Level 1:colcon.colcon_core.package_discovery:discover_packages(colcon_meta) check parameters
[0.624s] Level 1:colcon.colcon_core.package_discovery:discover_packages(recursive) check parameters
[0.624s] Level 1:colcon.colcon_core.package_discovery:discover_packages(ignore) check parameters
[0.624s] Level 1:colcon.colcon_core.package_discovery:discover_packages(path) check parameters
[0.624s] Level 1:colcon.colcon_core.package_discovery:discover_packages(colcon_meta) discover
[0.624s] Level 1:colcon.colcon_core.package_discovery:discover_packages(recursive) discover
[0.625s] INFO:colcon.colcon_core.package_discovery:Crawling recursively for packages in '/home/sam/orbit_sim_ws'
[0.625s] Level 1:colcon.colcon_core.package_identification:_identify(.) by extensions ['ignore', 'ignore_ament_install']
[0.625s] Level 1:colcon.colcon_core.package_identification:_identify(.) by extension 'ignore'
[0.625s] Level 1:colcon.colcon_core.package_identification:_identify(.) by extension 'ignore_ament_install'
[0.625s] Level 1:colcon.colcon_core.package_identification:_identify(.) by extensions ['colcon_pkg']
[0.625s] Level 1:colcon.colcon_core.package_identification:_identify(.) by extension 'colcon_pkg'
[0.625s] Level 1:colcon.colcon_core.package_identification:_identify(.) by extensions ['colcon_meta']
[0.625s] Level 1:colcon.colcon_core.package_identification:_identify(.) by extension 'colcon_meta'
[0.625s] Level 1:colcon.colcon_core.package_identification:_identify(.) by extensions ['ros']
[0.625s] Level 1:colcon.colcon_core.package_identification:_identify(.) by extension 'ros'
[0.638s] Level 1:colcon.colcon_core.package_identification:_identify(.) by extensions ['cmake', 'python']
[0.639s] Level 1:colcon.colcon_core.package_identification:_identify(.) by extension 'cmake'
[0.639s] Level 1:colcon.colcon_core.package_identification:_identify(.) by extension 'python'
[0.639s] Level 1:colcon.colcon_core.package_identification:_identify(.) by extensions ['python_setup_py']
[0.639s] Level 1:colcon.colcon_core.package_identification:_identify(.) by extension 'python_setup_py'
[0.639s] Level 1:colcon.colcon_core.package_identification:_identify(build) by extensions ['ignore', 'ignore_ament_install']
[0.639s] Level 1:colcon.colcon_core.package_identification:_identify(build) by extension 'ignore'
[0.639s] Level 1:colcon.colcon_core.package_identification:_identify(build) ignored
[0.639s] Level 1:colcon.colcon_core.package_identification:_identify(install) by extensions ['ignore', 'ignore_ament_install']
[0.639s] Level 1:colcon.colcon_core.package_identification:_identify(install) by extension 'ignore'
[0.639s] Level 1:colcon.colcon_core.package_identification:_identify(install) ignored
[0.639s] Level 1:colcon.colcon_core.package_identification:_identify(log) by extensions ['ignore', 'ignore_ament_install']
[0.639s] Level 1:colcon.colcon_core.package_identification:_identify(log) by extension 'ignore'
[0.639s] Level 1:colcon.colcon_core.package_identification:_identify(log) ignored
[0.639s] Level 1:colcon.colcon_core.package_identification:_identify(src) by extensions ['ignore', 'ignore_ament_install']
[0.640s] Level 1:colcon.colcon_core.package_identification:_identify(src) by extension 'ignore'
[0.640s] Level 1:colcon.colcon_core.package_identification:_identify(src) by extension 'ignore_ament_install'
[0.640s] Level 1:colcon.colcon_core.package_identification:_identify(src) by extensions ['colcon_pkg']
[0.640s] Level 1:colcon.colcon_core.package_identification:_identify(src) by extension 'colcon_pkg'
[0.640s] Level 1:colcon.colcon_core.package_identification:_identify(src) by extensions ['colcon_meta']
[0.640s] Level 1:colcon.colcon_core.package_identification:_identify(src) by extension 'colcon_meta'
[0.640s] Level 1:colcon.colcon_core.package_identification:_identify(src) by extensions ['ros']
[0.640s] Level 1:colcon.colcon_core.package_identification:_identify(src) by extension 'ros'
[0.640s] Level 1:colcon.colcon_core.package_identification:_identify(src) by extensions ['cmake', 'python']
[0.640s] Level 1:colcon.colcon_core.package_identification:_identify(src) by extension 'cmake'
[0.640s] Level 1:colcon.colcon_core.package_identification:_identify(src) by extension 'python'
[0.640s] Level 1:colcon.colcon_core.package_identification:_identify(src) by extensions ['python_setup_py']
[0.640s] Level 1:colcon.colcon_core.package_identification:_identify(src) by extension 'python_setup_py'
[0.640s] Level 1:colcon.colcon_core.package_identification:_identify(src/orbit_robot_description) by extensions ['ignore', 'ignore_ament_install']
[0.640s] Level 1:colcon.colcon_core.package_identification:_identify(src/orbit_robot_description) by extension 'ignore'
[0.640s] Level 1:colcon.colcon_core.package_identification:_identify(src/orbit_robot_description) by extension 'ignore_ament_install'
[0.640s] Level 1:colcon.colcon_core.package_identification:_identify(src/orbit_robot_description) by extensions ['colcon_pkg']
[0.640s] Level 1:colcon.colcon_core.package_identification:_identify(src/orbit_robot_description) by extension 'colcon_pkg'
[0.640s] Level 1:colcon.colcon_core.package_identification:_identify(src/orbit_robot_description) by extensions ['colcon_meta']
[0.640s] Level 1:colcon.colcon_core.package_identification:_identify(src/orbit_robot_description) by extension 'colcon_meta'
[0.640s] Level 1:colcon.colcon_core.package_identification:_identify(src/orbit_robot_description) by extensions ['ros']
[0.640s] Level 1:colcon.colcon_core.package_identification:_identify(src/orbit_robot_description) by extension 'ros'
[0.643s] DEBUG:colcon.colcon_core.package_identification:Package 'src/orbit_robot_description' with type 'ros.ament_cmake' and name 'orbit_robot_description'
[0.643s] Level 1:colcon.colcon_core.package_discovery:discover_packages(recursive) using defaults
[0.643s] Level 1:colcon.colcon_core.package_discovery:discover_packages(ignore) discover
[0.643s] Level 1:colcon.colcon_core.package_discovery:discover_packages(ignore) using defaults
[0.643s] Level 1:colcon.colcon_core.package_discovery:discover_packages(path) discover
[0.643s] Level 1:colcon.colcon_core.package_discovery:discover_packages(path) using defaults
[0.676s] Level 1:colcon.colcon_core.package_discovery:discover_packages(prefix_path) check parameters
[0.676s] Level 1:colcon.colcon_core.package_discovery:discover_packages(prefix_path) discover
[0.677s] WARNING:colcon.colcon_ros.prefix_path.ament:The path '/home/sam/orbit_sim_ws/install/orbit_robot_description' in the environment variable AMENT_PREFIX_PATH doesn't exist
[0.677s] WARNING:colcon.colcon_ros.prefix_path.catkin:The path '/home/sam/orbit_sim_ws/install/orbit_robot_description' in the environment variable CMAKE_PREFIX_PATH doesn't exist
[0.678s] DEBUG:colcon.colcon_installed_package_information.package_discovery:Found 0 installed packages in /home/sam/orbit_sim_ws/install
[0.679s] DEBUG:colcon.colcon_installed_package_information.package_discovery:Found 327 installed packages in /opt/ros/humble
[0.681s] Level 1:colcon.colcon_core.package_discovery:discover_packages(prefix_path) using defaults
[0.728s] Level 5:colcon.colcon_core.verb:set package 'orbit_robot_description' build argument 'cmake_args' from command line to 'None'
[0.728s] Level 5:colcon.colcon_core.verb:set package 'orbit_robot_description' build argument 'cmake_target' from command line to 'None'
[0.728s] Level 5:colcon.colcon_core.verb:set package 'orbit_robot_description' build argument 'cmake_target_skip_unavailable' from command line to 'False'
[0.729s] Level 5:colcon.colcon_core.verb:set package 'orbit_robot_description' build argument 'cmake_clean_cache' from command line to 'False'
[0.729s] Level 5:colcon.colcon_core.verb:set package 'orbit_robot_description' build argument 'cmake_clean_first' from command line to 'False'
[0.729s] Level 5:colcon.colcon_core.verb:set package 'orbit_robot_description' build argument 'cmake_force_configure' from command line to 'False'
[0.729s] Level 5:colcon.colcon_core.verb:set package 'orbit_robot_description' build argument 'ament_cmake_args' from command line to 'None'
[0.729s] Level 5:colcon.colcon_core.verb:set package 'orbit_robot_description' build argument 'catkin_cmake_args' from command line to 'None'
[0.729s] Level 5:colcon.colcon_core.verb:set package 'orbit_robot_description' build argument 'catkin_skip_building_tests' from command line to 'False'
[0.729s] DEBUG:colcon.colcon_core.verb:Building package 'orbit_robot_description' with the following arguments: {'ament_cmake_args': None, 'build_base': '/home/sam/orbit_sim_ws/build/orbit_robot_description', 'catkin_cmake_args': None, 'catkin_skip_building_tests': False, 'cmake_args': None, 'cmake_clean_cache': False, 'cmake_clean_first': False, 'cmake_force_configure': False, 'cmake_target': None, 'cmake_target_skip_unavailable': False, 'install_base': '/home/sam/orbit_sim_ws/install/orbit_robot_description', 'merge_install': False, 'path': '/home/sam/orbit_sim_ws/src/orbit_robot_description', 'symlink_install': True, 'test_result_base': None}
[0.729s] INFO:colcon.colcon_core.executor:Executing jobs using 'parallel' executor
[0.731s] DEBUG:colcon.colcon_parallel_executor.executor.parallel:run_until_complete
[0.731s] INFO:colcon.colcon_ros.task.ament_cmake.build:Building ROS package in '/home/sam/orbit_sim_ws/src/orbit_robot_description' with build type 'ament_cmake'
[0.731s] INFO:colcon.colcon_cmake.task.cmake.build:Building CMake package in '/home/sam/orbit_sim_ws/src/orbit_robot_description'
[0.734s] INFO:colcon.colcon_core.plugin_system:Skipping extension 'colcon_core.shell.bat': Not used on non-Windows systems
[0.734s] INFO:colcon.colcon_core.shell:Skip shell extension 'powershell' for command environment: Not usable outside of PowerShell
[0.734s] DEBUG:colcon.colcon_core.shell:Skip shell extension 'dsv' for command environment
[0.746s] DEBUG:colcon.colcon_core.event_handler.log_command:Invoking command in '/home/sam/orbit_sim_ws/build/orbit_robot_description': CMAKE_PREFIX_PATH=${CMAKE_PREFIX_PATH}:/opt/ros/humble /usr/bin/cmake /home/sam/orbit_sim_ws/src/orbit_robot_description -DAMENT_CMAKE_SYMLINK_INSTALL=1 -DCMAKE_INSTALL_PREFIX=/home/sam/orbit_sim_ws/install/orbit_robot_description
[3.587s] DEBUG:colcon.colcon_core.event_handler.log_command:Invoked command in '/home/sam/orbit_sim_ws/build/orbit_robot_description' returned '0': CMAKE_PREFIX_PATH=${CMAKE_PREFIX_PATH}:/opt/ros/humble /usr/bin/cmake /home/sam/orbit_sim_ws/src/orbit_robot_description -DAMENT_CMAKE_SYMLINK_INSTALL=1 -DCMAKE_INSTALL_PREFIX=/home/sam/orbit_sim_ws/install/orbit_robot_description
[3.589s] DEBUG:colcon.colcon_core.event_handler.log_command:Invoking command in '/home/sam/orbit_sim_ws/build/orbit_robot_description': CMAKE_PREFIX_PATH=${CMAKE_PREFIX_PATH}:/opt/ros/humble /usr/bin/cmake --build /home/sam/orbit_sim_ws/build/orbit_robot_description -- -j32 -l32
[3.626s] DEBUG:colcon.colcon_core.event_handler.log_command:Invoked command in '/home/sam/orbit_sim_ws/build/orbit_robot_description' returned '0': CMAKE_PREFIX_PATH=${CMAKE_PREFIX_PATH}:/opt/ros/humble /usr/bin/cmake --build /home/sam/orbit_sim_ws/build/orbit_robot_description -- -j32 -l32
[3.637s] DEBUG:colcon.colcon_core.event_handler.log_command:Invoking command in '/home/sam/orbit_sim_ws/build/orbit_robot_description': CMAKE_PREFIX_PATH=${CMAKE_PREFIX_PATH}:/opt/ros/humble /usr/bin/cmake --install /home/sam/orbit_sim_ws/build/orbit_robot_description
[6.330s] Level 1:colcon.colcon_core.environment:create_environment_scripts_only(orbit_robot_description)
[6.332s] DEBUG:colcon.colcon_core.event_handler.log_command:Invoked command in '/home/sam/orbit_sim_ws/build/orbit_robot_description' returned '0': CMAKE_PREFIX_PATH=${CMAKE_PREFIX_PATH}:/opt/ros/humble /usr/bin/cmake --install /home/sam/orbit_sim_ws/build/orbit_robot_description
[6.334s] Level 1:colcon.colcon_core.environment:checking '/home/sam/orbit_sim_ws/install/orbit_robot_description' for CMake module files
[6.334s] Level 1:colcon.colcon_core.environment:checking '/home/sam/orbit_sim_ws/install/orbit_robot_description' for CMake config files
[6.335s] Level 1:colcon.colcon_core.shell:create_environment_hook('orbit_robot_description', 'cmake_prefix_path')
[6.335s] INFO:colcon.colcon_core.shell:Creating environment hook '/home/sam/orbit_sim_ws/install/orbit_robot_description/share/orbit_robot_description/hook/cmake_prefix_path.ps1'
[6.336s] INFO:colcon.colcon_core.shell:Creating environment descriptor '/home/sam/orbit_sim_ws/install/orbit_robot_description/share/orbit_robot_description/hook/cmake_prefix_path.dsv'
[6.336s] INFO:colcon.colcon_core.shell:Creating environment hook '/home/sam/orbit_sim_ws/install/orbit_robot_description/share/orbit_robot_description/hook/cmake_prefix_path.sh'
[6.337s] Level 1:colcon.colcon_core.environment:checking '/home/sam/orbit_sim_ws/install/orbit_robot_description/bin'
[6.337s] Level 1:colcon.colcon_core.environment:checking '/home/sam/orbit_sim_ws/install/orbit_robot_description/lib/pkgconfig/orbit_robot_description.pc'
[6.337s] Level 1:colcon.colcon_core.environment:checking '/home/sam/orbit_sim_ws/install/orbit_robot_description/lib/python3.10/site-packages'
[6.338s] Level 1:colcon.colcon_core.environment:checking '/home/sam/orbit_sim_ws/install/orbit_robot_description/bin'
[6.338s] INFO:colcon.colcon_core.shell:Creating package script '/home/sam/orbit_sim_ws/install/orbit_robot_description/share/orbit_robot_description/package.ps1'
[6.339s] INFO:colcon.colcon_core.shell:Creating package descriptor '/home/sam/orbit_sim_ws/install/orbit_robot_description/share/orbit_robot_description/package.dsv'
[6.340s] INFO:colcon.colcon_core.shell:Creating package script '/home/sam/orbit_sim_ws/install/orbit_robot_description/share/orbit_robot_description/package.sh'
[6.340s] INFO:colcon.colcon_core.shell:Creating package script '/home/sam/orbit_sim_ws/install/orbit_robot_description/share/orbit_robot_description/package.bash'
[6.341s] INFO:colcon.colcon_core.shell:Creating package script '/home/sam/orbit_sim_ws/install/orbit_robot_description/share/orbit_robot_description/package.zsh'
[6.342s] Level 1:colcon.colcon_core.environment:create_file_with_runtime_dependencies(/home/sam/orbit_sim_ws/install/orbit_robot_description/share/colcon-core/packages/orbit_robot_description)
[6.343s] Level 1:colcon.colcon_core.environment:create_environment_scripts_only(orbit_robot_description)
[6.343s] Level 1:colcon.colcon_core.environment:checking '/home/sam/orbit_sim_ws/install/orbit_robot_description' for CMake module files
[6.343s] Level 1:colcon.colcon_core.environment:checking '/home/sam/orbit_sim_ws/install/orbit_robot_description' for CMake config files
[6.344s] Level 1:colcon.colcon_core.shell:create_environment_hook('orbit_robot_description', 'cmake_prefix_path')
[6.344s] INFO:colcon.colcon_core.shell:Creating environment hook '/home/sam/orbit_sim_ws/install/orbit_robot_description/share/orbit_robot_description/hook/cmake_prefix_path.ps1'
[6.344s] INFO:colcon.colcon_core.shell:Creating environment descriptor '/home/sam/orbit_sim_ws/install/orbit_robot_description/share/orbit_robot_description/hook/cmake_prefix_path.dsv'
[6.345s] INFO:colcon.colcon_core.shell:Creating environment hook '/home/sam/orbit_sim_ws/install/orbit_robot_description/share/orbit_robot_description/hook/cmake_prefix_path.sh'
[6.345s] Level 1:colcon.colcon_core.environment:checking '/home/sam/orbit_sim_ws/install/orbit_robot_description/bin'
[6.345s] Level 1:colcon.colcon_core.environment:checking '/home/sam/orbit_sim_ws/install/orbit_robot_description/lib/pkgconfig/orbit_robot_description.pc'
[6.345s] Level 1:colcon.colcon_core.environment:checking '/home/sam/orbit_sim_ws/install/orbit_robot_description/lib/python3.10/site-packages'
[6.346s] Level 1:colcon.colcon_core.environment:checking '/home/sam/orbit_sim_ws/install/orbit_robot_description/bin'
[6.346s] INFO:colcon.colcon_core.shell:Creating package script '/home/sam/orbit_sim_ws/install/orbit_robot_description/share/orbit_robot_description/package.ps1'
[6.347s] INFO:colcon.colcon_core.shell:Creating package descriptor '/home/sam/orbit_sim_ws/install/orbit_robot_description/share/orbit_robot_description/package.dsv'
[6.347s] INFO:colcon.colcon_core.shell:Creating package script '/home/sam/orbit_sim_ws/install/orbit_robot_description/share/orbit_robot_description/package.sh'
[6.347s] INFO:colcon.colcon_core.shell:Creating package script '/home/sam/orbit_sim_ws/install/orbit_robot_description/share/orbit_robot_description/package.bash'
[6.348s] INFO:colcon.colcon_core.shell:Creating package script '/home/sam/orbit_sim_ws/install/orbit_robot_description/share/orbit_robot_description/package.zsh'
[6.348s] Level 1:colcon.colcon_core.environment:create_file_with_runtime_dependencies(/home/sam/orbit_sim_ws/install/orbit_robot_description/share/colcon-core/packages/orbit_robot_description)
[6.349s] DEBUG:colcon.colcon_parallel_executor.executor.parallel:closing loop
[6.349s] DEBUG:colcon.colcon_parallel_executor.executor.parallel:loop closed
[6.349s] DEBUG:colcon.colcon_parallel_executor.executor.parallel:run_until_complete finished with '0'
[6.349s] DEBUG:colcon.colcon_core.event_reactor:joining thread
[6.423s] INFO:colcon.colcon_core.plugin_system:Skipping extension 'colcon_notification.desktop_notification.notify_send': Could not find 'notify-send'
[6.423s] INFO:colcon.colcon_core.plugin_system:Skipping extension 'colcon_notification.desktop_notification.terminal_notifier': Not used on non-Darwin systems
[6.423s] INFO:colcon.colcon_core.plugin_system:Skipping extension 'colcon_notification.desktop_notification.win32': Not used on non-Windows systems
[6.423s] INFO:colcon.colcon_notification.desktop_notification:Sending desktop notification using 'notify2'
[6.423s] DEBUG:colcon.colcon_notification.desktop_notification.notify2:Failed to initialize notify2: org.freedesktop.DBus.Error.FileNotFound: Failed to connect to socket /run/user/1000/bus: No such file or directory
[6.424s] DEBUG:colcon.colcon_core.event_reactor:joined thread
[6.424s] INFO:colcon.colcon_core.shell:Creating prefix script '/home/sam/orbit_sim_ws/install/local_setup.ps1'
[6.425s] INFO:colcon.colcon_core.shell:Creating prefix util module '/home/sam/orbit_sim_ws/install/_local_setup_util_ps1.py'
[6.426s] INFO:colcon.colcon_core.shell:Creating prefix chain script '/home/sam/orbit_sim_ws/install/setup.ps1'
[6.427s] INFO:colcon.colcon_core.shell:Creating prefix script '/home/sam/orbit_sim_ws/install/local_setup.sh'
[6.428s] INFO:colcon.colcon_core.shell:Creating prefix util module '/home/sam/orbit_sim_ws/install/_local_setup_util_sh.py'
[6.429s] INFO:colcon.colcon_core.shell:Creating prefix chain script '/home/sam/orbit_sim_ws/install/setup.sh'
[6.430s] INFO:colcon.colcon_core.shell:Creating prefix script '/home/sam/orbit_sim_ws/install/local_setup.bash'
[6.430s] INFO:colcon.colcon_core.shell:Creating prefix chain script '/home/sam/orbit_sim_ws/install/setup.bash'
[6.431s] INFO:colcon.colcon_core.shell:Creating prefix script '/home/sam/orbit_sim_ws/install/local_setup.zsh'
[6.431s] INFO:colcon.colcon_core.shell:Creating prefix chain script '/home/sam/orbit_sim_ws/install/setup.zsh'
