[0.010s] Invoking command in '/home/sam/orbit_sim_ws/build/orbit_robot_description': CMAKE_PREFIX_PATH=${CMAKE_PREFIX_PATH}:/opt/ros/humble /usr/bin/cmake /home/sam/orbit_sim_ws/src/orbit_robot_description -DAMENT_CMAKE_SYMLINK_INSTALL=1 -DCMAKE_INSTALL_PREFIX=/home/sam/orbit_sim_ws/install/orbit_robot_description
[0.184s] -- The C compiler identification is GNU 11.4.0
[0.953s] -- The CXX compiler identification is GNU 11.4.0
[1.525s] -- Detecting C compiler ABI info
[1.778s] -- Detecting C compiler ABI info - done
[1.784s] -- Check for working C compiler: /usr/bin/cc - skipped
[1.784s] -- Detecting C compile features
[1.785s] -- Detecting C compile features - done
[1.787s] -- Detecting CXX compiler ABI info
[2.014s] -- Detecting CXX compiler ABI info - done
[2.020s] -- Check for working CXX compiler: /usr/bin/c++ - skipped
[2.020s] -- Detecting CXX compile features
[2.021s] -- Detecting CXX compile features - done
[2.023s] -- Found ament_cmake: 1.3.14 (/opt/ros/humble/share/ament_cmake/cmake)
[2.148s] -- Found Python3: /usr/bin/python3 (found version "3.10.12") found components: Interpreter 
[2.204s] -- Override CMake install command with custom implementation using symlinks instead of copying resources
[2.224s] -- Found ament_lint_auto: 0.12.15 (/opt/ros/humble/share/ament_lint_auto/cmake)
[2.296s] -- Added test 'flake8' to check Python code syntax and style conventions
[2.299s] -- Added test 'lint_cmake' to check CMake code style
[2.300s] -- Added test 'pep257' to check Python code against some of the docstring style conventions in PEP 257
[2.308s] -- Added test 'xmllint' to check XML markup files
[2.309s] -- Configuring done
[2.313s] -- Generating done
[2.314s] -- Build files have been written to: /home/sam/orbit_sim_ws/build/orbit_robot_description
[2.318s] Invoked command in '/home/sam/orbit_sim_ws/build/orbit_robot_description' returned '0': CMAKE_PREFIX_PATH=${CMAKE_PREFIX_PATH}:/opt/ros/humble /usr/bin/cmake /home/sam/orbit_sim_ws/src/orbit_robot_description -DAMENT_CMAKE_SYMLINK_INSTALL=1 -DCMAKE_INSTALL_PREFIX=/home/sam/orbit_sim_ws/install/orbit_robot_description
[2.320s] Invoking command in '/home/sam/orbit_sim_ws/build/orbit_robot_description': CMAKE_PREFIX_PATH=${CMAKE_PREFIX_PATH}:/opt/ros/humble /usr/bin/cmake --build /home/sam/orbit_sim_ws/build/orbit_robot_description -- -j32 -l32
[2.352s] Invoked command in '/home/sam/orbit_sim_ws/build/orbit_robot_description' returned '0': CMAKE_PREFIX_PATH=${CMAKE_PREFIX_PATH}:/opt/ros/humble /usr/bin/cmake --build /home/sam/orbit_sim_ws/build/orbit_robot_description -- -j32 -l32
[2.360s] Invoking command in '/home/sam/orbit_sim_ws/build/orbit_robot_description': CMAKE_PREFIX_PATH=${CMAKE_PREFIX_PATH}:/opt/ros/humble /usr/bin/cmake --install /home/sam/orbit_sim_ws/build/orbit_robot_description
[2.366s] -- Install configuration: ""
[2.366s] -- Execute custom install script
[2.368s] -- Symlinking: /home/sam/orbit_sim_ws/install/orbit_robot_description/share/orbit_robot_description/urdf/FR3WML.urdf
[2.375s] -- Symlinking: /home/sam/orbit_sim_ws/install/orbit_robot_description/share/orbit_robot_description/urdf/FR3WMS.urdf
[2.383s] -- Symlinking: /home/sam/orbit_sim_ws/install/orbit_robot_description/share/orbit_robot_description/urdf/FR5WM.urdf
[2.391s] -- Symlinking: /home/sam/orbit_sim_ws/install/orbit_robot_description/share/orbit_robot_description/urdf/fairino10_v6.urdf
[2.399s] -- Symlinking: /home/sam/orbit_sim_ws/install/orbit_robot_description/share/orbit_robot_description/urdf/fairino16_v6.urdf
[2.406s] -- Symlinking: /home/sam/orbit_sim_ws/install/orbit_robot_description/share/orbit_robot_description/urdf/fairino20_v6.urdf
[2.414s] -- Symlinking: /home/sam/orbit_sim_ws/install/orbit_robot_description/share/orbit_robot_description/urdf/fairino30_v6.urdf
[2.422s] -- Symlinking: /home/sam/orbit_sim_ws/install/orbit_robot_description/share/orbit_robot_description/urdf/fairino3_mt_v6.urdf
[2.430s] -- Symlinking: /home/sam/orbit_sim_ws/install/orbit_robot_description/share/orbit_robot_description/urdf/fairino3_v6.urdf
[2.438s] -- Symlinking: /home/sam/orbit_sim_ws/install/orbit_robot_description/share/orbit_robot_description/urdf/fairino5_v6.urdf
[2.446s] -- Symlinking: /home/sam/orbit_sim_ws/install/orbit_robot_description/share/orbit_robot_description/launch/display.launch.py
[2.454s] -- Symlinking: /home/sam/orbit_sim_ws/install/orbit_robot_description/share/orbit_robot_description/launch/gazebo.launch.py
[2.464s] -- Symlinking: /home/sam/orbit_sim_ws/install/orbit_robot_description/share/orbit_robot_description/meshes/FR3WML/collision/base_link.STL
[2.472s] -- Symlinking: /home/sam/orbit_sim_ws/install/orbit_robot_description/share/orbit_robot_description/meshes/FR3WML/collision/base_link.STL:Zone.Identifier
[2.480s] -- Symlinking: /home/sam/orbit_sim_ws/install/orbit_robot_description/share/orbit_robot_description/meshes/FR3WML/collision/base_link.STL:Zone.Identifier:Zone.Identifier
[2.487s] -- Symlinking: /home/sam/orbit_sim_ws/install/orbit_robot_description/share/orbit_robot_description/meshes/FR3WML/collision/forearm_Link.STL
[2.495s] -- Symlinking: /home/sam/orbit_sim_ws/install/orbit_robot_description/share/orbit_robot_description/meshes/FR3WML/collision/forearm_Link.STL:Zone.Identifier
[2.502s] -- Symlinking: /home/sam/orbit_sim_ws/install/orbit_robot_description/share/orbit_robot_description/meshes/FR3WML/collision/forearm_Link.STL:Zone.Identifier:Zone.Identifier
[2.510s] -- Symlinking: /home/sam/orbit_sim_ws/install/orbit_robot_description/share/orbit_robot_description/meshes/FR3WML/collision/shoulder_Link.STL
[2.518s] -- Symlinking: /home/sam/orbit_sim_ws/install/orbit_robot_description/share/orbit_robot_description/meshes/FR3WML/collision/shoulder_Link.STL:Zone.Identifier
[2.525s] -- Symlinking: /home/sam/orbit_sim_ws/install/orbit_robot_description/share/orbit_robot_description/meshes/FR3WML/collision/shoulder_Link.STL:Zone.Identifier:Zone.Identifier
[2.532s] -- Symlinking: /home/sam/orbit_sim_ws/install/orbit_robot_description/share/orbit_robot_description/meshes/FR3WML/collision/upperarm_Link.STL
[2.540s] -- Symlinking: /home/sam/orbit_sim_ws/install/orbit_robot_description/share/orbit_robot_description/meshes/FR3WML/collision/upperarm_Link.STL:Zone.Identifier
[2.547s] -- Symlinking: /home/sam/orbit_sim_ws/install/orbit_robot_description/share/orbit_robot_description/meshes/FR3WML/collision/upperarm_Link.STL:Zone.Identifier:Zone.Identifier
[2.555s] -- Symlinking: /home/sam/orbit_sim_ws/install/orbit_robot_description/share/orbit_robot_description/meshes/FR3WML/collision/wrist1_Link.STL
[2.562s] -- Symlinking: /home/sam/orbit_sim_ws/install/orbit_robot_description/share/orbit_robot_description/meshes/FR3WML/collision/wrist1_Link.STL:Zone.Identifier
[2.570s] -- Symlinking: /home/sam/orbit_sim_ws/install/orbit_robot_description/share/orbit_robot_description/meshes/FR3WML/collision/wrist1_Link.STL:Zone.Identifier:Zone.Identifier
[2.577s] -- Symlinking: /home/sam/orbit_sim_ws/install/orbit_robot_description/share/orbit_robot_description/meshes/FR3WML/collision/wrist2_Link.STL
[2.584s] -- Symlinking: /home/sam/orbit_sim_ws/install/orbit_robot_description/share/orbit_robot_description/meshes/FR3WML/collision/wrist2_Link.STL:Zone.Identifier
[2.591s] -- Symlinking: /home/sam/orbit_sim_ws/install/orbit_robot_description/share/orbit_robot_description/meshes/FR3WML/collision/wrist2_Link.STL:Zone.Identifier:Zone.Identifier
[2.598s] -- Symlinking: /home/sam/orbit_sim_ws/install/orbit_robot_description/share/orbit_robot_description/meshes/FR3WML/collision/wrist3_Link.STL
[2.605s] -- Symlinking: /home/sam/orbit_sim_ws/install/orbit_robot_description/share/orbit_robot_description/meshes/FR3WML/collision/wrist3_Link.STL:Zone.Identifier
[2.612s] -- Symlinking: /home/sam/orbit_sim_ws/install/orbit_robot_description/share/orbit_robot_description/meshes/FR3WML/collision/wrist3_Link.STL:Zone.Identifier:Zone.Identifier
[2.618s] -- Symlinking: /home/sam/orbit_sim_ws/install/orbit_robot_description/share/orbit_robot_description/meshes/FR3WML/visual/base_link.dae
[2.624s] -- Symlinking: /home/sam/orbit_sim_ws/install/orbit_robot_description/share/orbit_robot_description/meshes/FR3WML/visual/base_link.dae:Zone.Identifier
[2.631s] -- Symlinking: /home/sam/orbit_sim_ws/install/orbit_robot_description/share/orbit_robot_description/meshes/FR3WML/visual/base_link.dae:Zone.Identifier:Zone.Identifier
[2.638s] -- Symlinking: /home/sam/orbit_sim_ws/install/orbit_robot_description/share/orbit_robot_description/meshes/FR3WML/visual/forearm_Link.dae
[2.644s] -- Symlinking: /home/sam/orbit_sim_ws/install/orbit_robot_description/share/orbit_robot_description/meshes/FR3WML/visual/forearm_Link.dae:Zone.Identifier
[2.651s] -- Symlinking: /home/sam/orbit_sim_ws/install/orbit_robot_description/share/orbit_robot_description/meshes/FR3WML/visual/forearm_Link.dae:Zone.Identifier:Zone.Identifier
[2.657s] -- Symlinking: /home/sam/orbit_sim_ws/install/orbit_robot_description/share/orbit_robot_description/meshes/FR3WML/visual/shoulder_Link.dae
[2.664s] -- Symlinking: /home/sam/orbit_sim_ws/install/orbit_robot_description/share/orbit_robot_description/meshes/FR3WML/visual/shoulder_Link.dae:Zone.Identifier
[2.672s] -- Symlinking: /home/sam/orbit_sim_ws/install/orbit_robot_description/share/orbit_robot_description/meshes/FR3WML/visual/shoulder_Link.dae:Zone.Identifier:Zone.Identifier
[2.679s] -- Symlinking: /home/sam/orbit_sim_ws/install/orbit_robot_description/share/orbit_robot_description/meshes/FR3WML/visual/upperarm_Link.dae
[2.687s] -- Symlinking: /home/sam/orbit_sim_ws/install/orbit_robot_description/share/orbit_robot_description/meshes/FR3WML/visual/upperarm_Link.dae:Zone.Identifier
[2.695s] -- Symlinking: /home/sam/orbit_sim_ws/install/orbit_robot_description/share/orbit_robot_description/meshes/FR3WML/visual/upperarm_Link.dae:Zone.Identifier:Zone.Identifier
[2.703s] -- Symlinking: /home/sam/orbit_sim_ws/install/orbit_robot_description/share/orbit_robot_description/meshes/FR3WML/visual/wrist1_Link.dae
[2.711s] -- Symlinking: /home/sam/orbit_sim_ws/install/orbit_robot_description/share/orbit_robot_description/meshes/FR3WML/visual/wrist1_Link.dae:Zone.Identifier
[2.720s] -- Symlinking: /home/sam/orbit_sim_ws/install/orbit_robot_description/share/orbit_robot_description/meshes/FR3WML/visual/wrist1_Link.dae:Zone.Identifier:Zone.Identifier
[2.727s] -- Symlinking: /home/sam/orbit_sim_ws/install/orbit_robot_description/share/orbit_robot_description/meshes/FR3WML/visual/wrist2_Link.dae
[2.735s] -- Symlinking: /home/sam/orbit_sim_ws/install/orbit_robot_description/share/orbit_robot_description/meshes/FR3WML/visual/wrist2_Link.dae:Zone.Identifier
[2.743s] -- Symlinking: /home/sam/orbit_sim_ws/install/orbit_robot_description/share/orbit_robot_description/meshes/FR3WML/visual/wrist2_Link.dae:Zone.Identifier:Zone.Identifier
[2.751s] -- Symlinking: /home/sam/orbit_sim_ws/install/orbit_robot_description/share/orbit_robot_description/meshes/FR3WML/visual/wrist3_Link.dae
[2.759s] -- Symlinking: /home/sam/orbit_sim_ws/install/orbit_robot_description/share/orbit_robot_description/meshes/FR3WML/visual/wrist3_Link.dae:Zone.Identifier
[2.767s] -- Symlinking: /home/sam/orbit_sim_ws/install/orbit_robot_description/share/orbit_robot_description/meshes/FR3WML/visual/wrist3_Link.dae:Zone.Identifier:Zone.Identifier
[2.775s] -- Symlinking: /home/sam/orbit_sim_ws/install/orbit_robot_description/share/orbit_robot_description/meshes/FR3WMS/collision/base_link.STL
[2.783s] -- Symlinking: /home/sam/orbit_sim_ws/install/orbit_robot_description/share/orbit_robot_description/meshes/FR3WMS/collision/base_link.STL:Zone.Identifier
[2.790s] -- Symlinking: /home/sam/orbit_sim_ws/install/orbit_robot_description/share/orbit_robot_description/meshes/FR3WMS/collision/base_link.STL:Zone.Identifier:Zone.Identifier
[2.798s] -- Symlinking: /home/sam/orbit_sim_ws/install/orbit_robot_description/share/orbit_robot_description/meshes/FR3WMS/collision/forearm_Link.STL
[2.805s] -- Symlinking: /home/sam/orbit_sim_ws/install/orbit_robot_description/share/orbit_robot_description/meshes/FR3WMS/collision/forearm_Link.STL:Zone.Identifier
[2.813s] -- Symlinking: /home/sam/orbit_sim_ws/install/orbit_robot_description/share/orbit_robot_description/meshes/FR3WMS/collision/forearm_Link.STL:Zone.Identifier:Zone.Identifier
[2.821s] -- Symlinking: /home/sam/orbit_sim_ws/install/orbit_robot_description/share/orbit_robot_description/meshes/FR3WMS/collision/shoulder_Link.STL
[2.828s] -- Symlinking: /home/sam/orbit_sim_ws/install/orbit_robot_description/share/orbit_robot_description/meshes/FR3WMS/collision/shoulder_Link.STL:Zone.Identifier
[2.836s] -- Symlinking: /home/sam/orbit_sim_ws/install/orbit_robot_description/share/orbit_robot_description/meshes/FR3WMS/collision/shoulder_Link.STL:Zone.Identifier:Zone.Identifier
[2.844s] -- Symlinking: /home/sam/orbit_sim_ws/install/orbit_robot_description/share/orbit_robot_description/meshes/FR3WMS/collision/upperarm_Link.STL
[2.852s] -- Symlinking: /home/sam/orbit_sim_ws/install/orbit_robot_description/share/orbit_robot_description/meshes/FR3WMS/collision/upperarm_Link.STL:Zone.Identifier
[2.859s] -- Symlinking: /home/sam/orbit_sim_ws/install/orbit_robot_description/share/orbit_robot_description/meshes/FR3WMS/collision/upperarm_Link.STL:Zone.Identifier:Zone.Identifier
[2.867s] -- Symlinking: /home/sam/orbit_sim_ws/install/orbit_robot_description/share/orbit_robot_description/meshes/FR3WMS/collision/wrist1_Link.STL
[2.875s] -- Symlinking: /home/sam/orbit_sim_ws/install/orbit_robot_description/share/orbit_robot_description/meshes/FR3WMS/collision/wrist1_Link.STL:Zone.Identifier
[2.883s] -- Symlinking: /home/sam/orbit_sim_ws/install/orbit_robot_description/share/orbit_robot_description/meshes/FR3WMS/collision/wrist1_Link.STL:Zone.Identifier:Zone.Identifier
[2.891s] -- Symlinking: /home/sam/orbit_sim_ws/install/orbit_robot_description/share/orbit_robot_description/meshes/FR3WMS/collision/wrist2_Link.STL
[2.898s] -- Symlinking: /home/sam/orbit_sim_ws/install/orbit_robot_description/share/orbit_robot_description/meshes/FR3WMS/collision/wrist2_Link.STL:Zone.Identifier
[2.906s] -- Symlinking: /home/sam/orbit_sim_ws/install/orbit_robot_description/share/orbit_robot_description/meshes/FR3WMS/collision/wrist2_Link.STL:Zone.Identifier:Zone.Identifier
[2.914s] -- Symlinking: /home/sam/orbit_sim_ws/install/orbit_robot_description/share/orbit_robot_description/meshes/FR3WMS/collision/wrist3_Link.STL
[2.921s] -- Symlinking: /home/sam/orbit_sim_ws/install/orbit_robot_description/share/orbit_robot_description/meshes/FR3WMS/collision/wrist3_Link.STL:Zone.Identifier
[2.929s] -- Symlinking: /home/sam/orbit_sim_ws/install/orbit_robot_description/share/orbit_robot_description/meshes/FR3WMS/collision/wrist3_Link.STL:Zone.Identifier:Zone.Identifier
[2.937s] -- Symlinking: /home/sam/orbit_sim_ws/install/orbit_robot_description/share/orbit_robot_description/meshes/FR3WMS/visual/base_link.dae
[2.945s] -- Symlinking: /home/sam/orbit_sim_ws/install/orbit_robot_description/share/orbit_robot_description/meshes/FR3WMS/visual/base_link.dae:Zone.Identifier
[2.953s] -- Symlinking: /home/sam/orbit_sim_ws/install/orbit_robot_description/share/orbit_robot_description/meshes/FR3WMS/visual/base_link.dae:Zone.Identifier:Zone.Identifier
[2.960s] -- Symlinking: /home/sam/orbit_sim_ws/install/orbit_robot_description/share/orbit_robot_description/meshes/FR3WMS/visual/forearm_Link.dae
[2.968s] -- Symlinking: /home/sam/orbit_sim_ws/install/orbit_robot_description/share/orbit_robot_description/meshes/FR3WMS/visual/forearm_Link.dae:Zone.Identifier
[2.976s] -- Symlinking: /home/sam/orbit_sim_ws/install/orbit_robot_description/share/orbit_robot_description/meshes/FR3WMS/visual/forearm_Link.dae:Zone.Identifier:Zone.Identifier
[2.984s] -- Symlinking: /home/sam/orbit_sim_ws/install/orbit_robot_description/share/orbit_robot_description/meshes/FR3WMS/visual/shoulder_Link.dae
[2.991s] -- Symlinking: /home/sam/orbit_sim_ws/install/orbit_robot_description/share/orbit_robot_description/meshes/FR3WMS/visual/shoulder_Link.dae:Zone.Identifier
[2.999s] -- Symlinking: /home/sam/orbit_sim_ws/install/orbit_robot_description/share/orbit_robot_description/meshes/FR3WMS/visual/shoulder_Link.dae:Zone.Identifier:Zone.Identifier
[3.006s] -- Symlinking: /home/sam/orbit_sim_ws/install/orbit_robot_description/share/orbit_robot_description/meshes/FR3WMS/visual/upperarm_Link.dae
[3.014s] -- Symlinking: /home/sam/orbit_sim_ws/install/orbit_robot_description/share/orbit_robot_description/meshes/FR3WMS/visual/upperarm_Link.dae:Zone.Identifier
[3.021s] -- Symlinking: /home/sam/orbit_sim_ws/install/orbit_robot_description/share/orbit_robot_description/meshes/FR3WMS/visual/upperarm_Link.dae:Zone.Identifier:Zone.Identifier
[3.028s] -- Symlinking: /home/sam/orbit_sim_ws/install/orbit_robot_description/share/orbit_robot_description/meshes/FR3WMS/visual/wrist1_Link.dae
[3.035s] -- Symlinking: /home/sam/orbit_sim_ws/install/orbit_robot_description/share/orbit_robot_description/meshes/FR3WMS/visual/wrist1_Link.dae:Zone.Identifier
[3.041s] -- Symlinking: /home/sam/orbit_sim_ws/install/orbit_robot_description/share/orbit_robot_description/meshes/FR3WMS/visual/wrist1_Link.dae:Zone.Identifier:Zone.Identifier
[3.048s] -- Symlinking: /home/sam/orbit_sim_ws/install/orbit_robot_description/share/orbit_robot_description/meshes/FR3WMS/visual/wrist2_Link.dae
[3.055s] -- Symlinking: /home/sam/orbit_sim_ws/install/orbit_robot_description/share/orbit_robot_description/meshes/FR3WMS/visual/wrist2_Link.dae:Zone.Identifier
[3.061s] -- Symlinking: /home/sam/orbit_sim_ws/install/orbit_robot_description/share/orbit_robot_description/meshes/FR3WMS/visual/wrist2_Link.dae:Zone.Identifier:Zone.Identifier
[3.068s] -- Symlinking: /home/sam/orbit_sim_ws/install/orbit_robot_description/share/orbit_robot_description/meshes/FR3WMS/visual/wrist3_Link.dae
[3.074s] -- Symlinking: /home/sam/orbit_sim_ws/install/orbit_robot_description/share/orbit_robot_description/meshes/FR3WMS/visual/wrist3_Link.dae:Zone.Identifier
[3.081s] -- Symlinking: /home/sam/orbit_sim_ws/install/orbit_robot_description/share/orbit_robot_description/meshes/FR3WMS/visual/wrist3_Link.dae:Zone.Identifier:Zone.Identifier
[3.088s] -- Symlinking: /home/sam/orbit_sim_ws/install/orbit_robot_description/share/orbit_robot_description/meshes/FR5WM/collision/base_link.STL
[3.094s] -- Symlinking: /home/sam/orbit_sim_ws/install/orbit_robot_description/share/orbit_robot_description/meshes/FR5WM/collision/base_link.STL:Zone.Identifier
[3.101s] -- Symlinking: /home/sam/orbit_sim_ws/install/orbit_robot_description/share/orbit_robot_description/meshes/FR5WM/collision/base_link.STL:Zone.Identifier:Zone.Identifier
[3.108s] -- Symlinking: /home/sam/orbit_sim_ws/install/orbit_robot_description/share/orbit_robot_description/meshes/FR5WM/collision/forearm_Link.STL
[3.114s] -- Symlinking: /home/sam/orbit_sim_ws/install/orbit_robot_description/share/orbit_robot_description/meshes/FR5WM/collision/forearm_Link.STL:Zone.Identifier
[3.121s] -- Symlinking: /home/sam/orbit_sim_ws/install/orbit_robot_description/share/orbit_robot_description/meshes/FR5WM/collision/forearm_Link.STL:Zone.Identifier:Zone.Identifier
[3.127s] -- Symlinking: /home/sam/orbit_sim_ws/install/orbit_robot_description/share/orbit_robot_description/meshes/FR5WM/collision/shoulder_Link.STL
[3.134s] -- Symlinking: /home/sam/orbit_sim_ws/install/orbit_robot_description/share/orbit_robot_description/meshes/FR5WM/collision/shoulder_Link.STL:Zone.Identifier
[3.143s] -- Symlinking: /home/sam/orbit_sim_ws/install/orbit_robot_description/share/orbit_robot_description/meshes/FR5WM/collision/shoulder_Link.STL:Zone.Identifier:Zone.Identifier
[3.151s] -- Symlinking: /home/sam/orbit_sim_ws/install/orbit_robot_description/share/orbit_robot_description/meshes/FR5WM/collision/upperarm_Link.STL
[3.158s] -- Symlinking: /home/sam/orbit_sim_ws/install/orbit_robot_description/share/orbit_robot_description/meshes/FR5WM/collision/upperarm_Link.STL:Zone.Identifier
[3.165s] -- Symlinking: /home/sam/orbit_sim_ws/install/orbit_robot_description/share/orbit_robot_description/meshes/FR5WM/collision/upperarm_Link.STL:Zone.Identifier:Zone.Identifier
[3.173s] -- Symlinking: /home/sam/orbit_sim_ws/install/orbit_robot_description/share/orbit_robot_description/meshes/FR5WM/collision/wrist1_Link.STL
[3.179s] -- Symlinking: /home/sam/orbit_sim_ws/install/orbit_robot_description/share/orbit_robot_description/meshes/FR5WM/collision/wrist1_Link.STL:Zone.Identifier
[3.186s] -- Symlinking: /home/sam/orbit_sim_ws/install/orbit_robot_description/share/orbit_robot_description/meshes/FR5WM/collision/wrist1_Link.STL:Zone.Identifier:Zone.Identifier
[3.192s] -- Symlinking: /home/sam/orbit_sim_ws/install/orbit_robot_description/share/orbit_robot_description/meshes/FR5WM/collision/wrist2_Link.STL
[3.199s] -- Symlinking: /home/sam/orbit_sim_ws/install/orbit_robot_description/share/orbit_robot_description/meshes/FR5WM/collision/wrist2_Link.STL:Zone.Identifier
[3.206s] -- Symlinking: /home/sam/orbit_sim_ws/install/orbit_robot_description/share/orbit_robot_description/meshes/FR5WM/collision/wrist2_Link.STL:Zone.Identifier:Zone.Identifier
[3.212s] -- Symlinking: /home/sam/orbit_sim_ws/install/orbit_robot_description/share/orbit_robot_description/meshes/FR5WM/collision/wrist3_Link.STL
[3.219s] -- Symlinking: /home/sam/orbit_sim_ws/install/orbit_robot_description/share/orbit_robot_description/meshes/FR5WM/collision/wrist3_Link.STL:Zone.Identifier
[3.225s] -- Symlinking: /home/sam/orbit_sim_ws/install/orbit_robot_description/share/orbit_robot_description/meshes/FR5WM/collision/wrist3_Link.STL:Zone.Identifier:Zone.Identifier
[3.232s] -- Symlinking: /home/sam/orbit_sim_ws/install/orbit_robot_description/share/orbit_robot_description/meshes/FR5WM/visual/base_link.dae
[3.238s] -- Symlinking: /home/sam/orbit_sim_ws/install/orbit_robot_description/share/orbit_robot_description/meshes/FR5WM/visual/base_link.dae:Zone.Identifier
[3.245s] -- Symlinking: /home/sam/orbit_sim_ws/install/orbit_robot_description/share/orbit_robot_description/meshes/FR5WM/visual/base_link.dae:Zone.Identifier:Zone.Identifier
[3.251s] -- Symlinking: /home/sam/orbit_sim_ws/install/orbit_robot_description/share/orbit_robot_description/meshes/FR5WM/visual/forearm_Link.dae
[3.257s] -- Symlinking: /home/sam/orbit_sim_ws/install/orbit_robot_description/share/orbit_robot_description/meshes/FR5WM/visual/forearm_Link.dae:Zone.Identifier
[3.264s] -- Symlinking: /home/sam/orbit_sim_ws/install/orbit_robot_description/share/orbit_robot_description/meshes/FR5WM/visual/forearm_Link.dae:Zone.Identifier:Zone.Identifier
[3.271s] -- Symlinking: /home/sam/orbit_sim_ws/install/orbit_robot_description/share/orbit_robot_description/meshes/FR5WM/visual/shoulder_Link.dae
[3.277s] -- Symlinking: /home/sam/orbit_sim_ws/install/orbit_robot_description/share/orbit_robot_description/meshes/FR5WM/visual/shoulder_Link.dae:Zone.Identifier
[3.284s] -- Symlinking: /home/sam/orbit_sim_ws/install/orbit_robot_description/share/orbit_robot_description/meshes/FR5WM/visual/shoulder_Link.dae:Zone.Identifier:Zone.Identifier
[3.290s] -- Symlinking: /home/sam/orbit_sim_ws/install/orbit_robot_description/share/orbit_robot_description/meshes/FR5WM/visual/upperarm_Link.dae
[3.297s] -- Symlinking: /home/sam/orbit_sim_ws/install/orbit_robot_description/share/orbit_robot_description/meshes/FR5WM/visual/upperarm_Link.dae:Zone.Identifier
[3.305s] -- Symlinking: /home/sam/orbit_sim_ws/install/orbit_robot_description/share/orbit_robot_description/meshes/FR5WM/visual/upperarm_Link.dae:Zone.Identifier:Zone.Identifier
[3.312s] -- Symlinking: /home/sam/orbit_sim_ws/install/orbit_robot_description/share/orbit_robot_description/meshes/FR5WM/visual/wrist1_Link.dae
[3.319s] -- Symlinking: /home/sam/orbit_sim_ws/install/orbit_robot_description/share/orbit_robot_description/meshes/FR5WM/visual/wrist1_Link.dae:Zone.Identifier
[3.326s] -- Symlinking: /home/sam/orbit_sim_ws/install/orbit_robot_description/share/orbit_robot_description/meshes/FR5WM/visual/wrist1_Link.dae:Zone.Identifier:Zone.Identifier
[3.332s] -- Symlinking: /home/sam/orbit_sim_ws/install/orbit_robot_description/share/orbit_robot_description/meshes/FR5WM/visual/wrist2_Link.dae
[3.339s] -- Symlinking: /home/sam/orbit_sim_ws/install/orbit_robot_description/share/orbit_robot_description/meshes/FR5WM/visual/wrist2_Link.dae:Zone.Identifier
[3.345s] -- Symlinking: /home/sam/orbit_sim_ws/install/orbit_robot_description/share/orbit_robot_description/meshes/FR5WM/visual/wrist2_Link.dae:Zone.Identifier:Zone.Identifier
[3.352s] -- Symlinking: /home/sam/orbit_sim_ws/install/orbit_robot_description/share/orbit_robot_description/meshes/FR5WM/visual/wrist3_Link.dae
[3.358s] -- Symlinking: /home/sam/orbit_sim_ws/install/orbit_robot_description/share/orbit_robot_description/meshes/FR5WM/visual/wrist3_Link.dae:Zone.Identifier
[3.365s] -- Symlinking: /home/sam/orbit_sim_ws/install/orbit_robot_description/share/orbit_robot_description/meshes/FR5WM/visual/wrist3_Link.dae:Zone.Identifier:Zone.Identifier
[3.371s] -- Symlinking: /home/sam/orbit_sim_ws/install/orbit_robot_description/share/orbit_robot_description/meshes/fairino10_v6/base_link.STL:Zone.Identifier
[3.378s] -- Symlinking: /home/sam/orbit_sim_ws/install/orbit_robot_description/share/orbit_robot_description/meshes/fairino10_v6/base_link.STL:Zone.Identifier:Zone.Identifier
[3.384s] -- Symlinking: /home/sam/orbit_sim_ws/install/orbit_robot_description/share/orbit_robot_description/meshes/fairino10_v6/base_link.stl
[3.390s] -- Symlinking: /home/sam/orbit_sim_ws/install/orbit_robot_description/share/orbit_robot_description/meshes/fairino10_v6/forearm_link.STL:Zone.Identifier
[3.397s] -- Symlinking: /home/sam/orbit_sim_ws/install/orbit_robot_description/share/orbit_robot_description/meshes/fairino10_v6/forearm_link.STL:Zone.Identifier:Zone.Identifier
[3.404s] -- Symlinking: /home/sam/orbit_sim_ws/install/orbit_robot_description/share/orbit_robot_description/meshes/fairino10_v6/forearm_link.stl
[3.411s] -- Symlinking: /home/sam/orbit_sim_ws/install/orbit_robot_description/share/orbit_robot_description/meshes/fairino10_v6/shoulder_link.STL:Zone.Identifier
[3.418s] -- Symlinking: /home/sam/orbit_sim_ws/install/orbit_robot_description/share/orbit_robot_description/meshes/fairino10_v6/shoulder_link.STL:Zone.Identifier:Zone.Identifier
[3.424s] -- Symlinking: /home/sam/orbit_sim_ws/install/orbit_robot_description/share/orbit_robot_description/meshes/fairino10_v6/shoulder_link.stl
[3.431s] -- Symlinking: /home/sam/orbit_sim_ws/install/orbit_robot_description/share/orbit_robot_description/meshes/fairino10_v6/upperarm_link.STL:Zone.Identifier
[3.437s] -- Symlinking: /home/sam/orbit_sim_ws/install/orbit_robot_description/share/orbit_robot_description/meshes/fairino10_v6/upperarm_link.STL:Zone.Identifier:Zone.Identifier
[3.445s] -- Symlinking: /home/sam/orbit_sim_ws/install/orbit_robot_description/share/orbit_robot_description/meshes/fairino10_v6/upperarm_link.stl
[3.452s] -- Symlinking: /home/sam/orbit_sim_ws/install/orbit_robot_description/share/orbit_robot_description/meshes/fairino10_v6/wrist1_link.STL:Zone.Identifier
[3.459s] -- Symlinking: /home/sam/orbit_sim_ws/install/orbit_robot_description/share/orbit_robot_description/meshes/fairino10_v6/wrist1_link.STL:Zone.Identifier:Zone.Identifier
[3.466s] -- Symlinking: /home/sam/orbit_sim_ws/install/orbit_robot_description/share/orbit_robot_description/meshes/fairino10_v6/wrist1_link.stl
[3.472s] -- Symlinking: /home/sam/orbit_sim_ws/install/orbit_robot_description/share/orbit_robot_description/meshes/fairino10_v6/wrist2_link.STL:Zone.Identifier
[3.479s] -- Symlinking: /home/sam/orbit_sim_ws/install/orbit_robot_description/share/orbit_robot_description/meshes/fairino10_v6/wrist2_link.STL:Zone.Identifier:Zone.Identifier
[3.485s] -- Symlinking: /home/sam/orbit_sim_ws/install/orbit_robot_description/share/orbit_robot_description/meshes/fairino10_v6/wrist2_link.stl
[3.492s] -- Symlinking: /home/sam/orbit_sim_ws/install/orbit_robot_description/share/orbit_robot_description/meshes/fairino10_v6/wrist3_link.STL:Zone.Identifier
[3.498s] -- Symlinking: /home/sam/orbit_sim_ws/install/orbit_robot_description/share/orbit_robot_description/meshes/fairino10_v6/wrist3_link.STL:Zone.Identifier:Zone.Identifier
[3.505s] -- Symlinking: /home/sam/orbit_sim_ws/install/orbit_robot_description/share/orbit_robot_description/meshes/fairino10_v6/wrist3_link.stl
[3.512s] -- Symlinking: /home/sam/orbit_sim_ws/install/orbit_robot_description/share/orbit_robot_description/meshes/fairino16_v6/base_link.STL
[3.518s] -- Symlinking: /home/sam/orbit_sim_ws/install/orbit_robot_description/share/orbit_robot_description/meshes/fairino16_v6/base_link.STL:Zone.Identifier
[3.526s] -- Symlinking: /home/sam/orbit_sim_ws/install/orbit_robot_description/share/orbit_robot_description/meshes/fairino16_v6/base_link.STL:Zone.Identifier:Zone.Identifier
[3.533s] -- Symlinking: /home/sam/orbit_sim_ws/install/orbit_robot_description/share/orbit_robot_description/meshes/fairino16_v6/forearm_link.STL
[3.541s] -- Symlinking: /home/sam/orbit_sim_ws/install/orbit_robot_description/share/orbit_robot_description/meshes/fairino16_v6/forearm_link.STL:Zone.Identifier
[3.549s] -- Symlinking: /home/sam/orbit_sim_ws/install/orbit_robot_description/share/orbit_robot_description/meshes/fairino16_v6/forearm_link.STL:Zone.Identifier:Zone.Identifier
[3.557s] -- Symlinking: /home/sam/orbit_sim_ws/install/orbit_robot_description/share/orbit_robot_description/meshes/fairino16_v6/shoulder_link.STL
[3.565s] -- Symlinking: /home/sam/orbit_sim_ws/install/orbit_robot_description/share/orbit_robot_description/meshes/fairino16_v6/shoulder_link.STL:Zone.Identifier
[3.573s] -- Symlinking: /home/sam/orbit_sim_ws/install/orbit_robot_description/share/orbit_robot_description/meshes/fairino16_v6/shoulder_link.STL:Zone.Identifier:Zone.Identifier
[3.581s] -- Symlinking: /home/sam/orbit_sim_ws/install/orbit_robot_description/share/orbit_robot_description/meshes/fairino16_v6/upperarm_link.STL
[3.589s] -- Symlinking: /home/sam/orbit_sim_ws/install/orbit_robot_description/share/orbit_robot_description/meshes/fairino16_v6/upperarm_link.STL:Zone.Identifier
[3.597s] -- Symlinking: /home/sam/orbit_sim_ws/install/orbit_robot_description/share/orbit_robot_description/meshes/fairino16_v6/upperarm_link.STL:Zone.Identifier:Zone.Identifier
[3.605s] -- Symlinking: /home/sam/orbit_sim_ws/install/orbit_robot_description/share/orbit_robot_description/meshes/fairino16_v6/wrist1_link.STL
[3.612s] -- Symlinking: /home/sam/orbit_sim_ws/install/orbit_robot_description/share/orbit_robot_description/meshes/fairino16_v6/wrist1_link.STL:Zone.Identifier
[3.619s] -- Symlinking: /home/sam/orbit_sim_ws/install/orbit_robot_description/share/orbit_robot_description/meshes/fairino16_v6/wrist1_link.STL:Zone.Identifier:Zone.Identifier
[3.627s] -- Symlinking: /home/sam/orbit_sim_ws/install/orbit_robot_description/share/orbit_robot_description/meshes/fairino16_v6/wrist2_link.STL
[3.634s] -- Symlinking: /home/sam/orbit_sim_ws/install/orbit_robot_description/share/orbit_robot_description/meshes/fairino16_v6/wrist2_link.STL:Zone.Identifier
[3.641s] -- Symlinking: /home/sam/orbit_sim_ws/install/orbit_robot_description/share/orbit_robot_description/meshes/fairino16_v6/wrist2_link.STL:Zone.Identifier:Zone.Identifier
[3.649s] -- Symlinking: /home/sam/orbit_sim_ws/install/orbit_robot_description/share/orbit_robot_description/meshes/fairino16_v6/wrist3_link.STL
[3.656s] -- Symlinking: /home/sam/orbit_sim_ws/install/orbit_robot_description/share/orbit_robot_description/meshes/fairino16_v6/wrist3_link.STL:Zone.Identifier
[3.664s] -- Symlinking: /home/sam/orbit_sim_ws/install/orbit_robot_description/share/orbit_robot_description/meshes/fairino16_v6/wrist3_link.STL:Zone.Identifier:Zone.Identifier
[3.672s] -- Symlinking: /home/sam/orbit_sim_ws/install/orbit_robot_description/share/orbit_robot_description/meshes/fairino20_v6/base_link.STL
[3.679s] -- Symlinking: /home/sam/orbit_sim_ws/install/orbit_robot_description/share/orbit_robot_description/meshes/fairino20_v6/base_link.STL:Zone.Identifier
[3.686s] -- Symlinking: /home/sam/orbit_sim_ws/install/orbit_robot_description/share/orbit_robot_description/meshes/fairino20_v6/base_link.STL:Zone.Identifier:Zone.Identifier
[3.693s] -- Symlinking: /home/sam/orbit_sim_ws/install/orbit_robot_description/share/orbit_robot_description/meshes/fairino20_v6/forearm_link.STL
[3.701s] -- Symlinking: /home/sam/orbit_sim_ws/install/orbit_robot_description/share/orbit_robot_description/meshes/fairino20_v6/forearm_link.STL:Zone.Identifier
[3.708s] -- Symlinking: /home/sam/orbit_sim_ws/install/orbit_robot_description/share/orbit_robot_description/meshes/fairino20_v6/forearm_link.STL:Zone.Identifier:Zone.Identifier
[3.715s] -- Symlinking: /home/sam/orbit_sim_ws/install/orbit_robot_description/share/orbit_robot_description/meshes/fairino20_v6/shoulder_link.STL
[3.722s] -- Symlinking: /home/sam/orbit_sim_ws/install/orbit_robot_description/share/orbit_robot_description/meshes/fairino20_v6/shoulder_link.STL:Zone.Identifier
[3.729s] -- Symlinking: /home/sam/orbit_sim_ws/install/orbit_robot_description/share/orbit_robot_description/meshes/fairino20_v6/shoulder_link.STL:Zone.Identifier:Zone.Identifier
[3.736s] -- Symlinking: /home/sam/orbit_sim_ws/install/orbit_robot_description/share/orbit_robot_description/meshes/fairino20_v6/upperarm_link.STL
[3.744s] -- Symlinking: /home/sam/orbit_sim_ws/install/orbit_robot_description/share/orbit_robot_description/meshes/fairino20_v6/upperarm_link.STL:Zone.Identifier
[3.751s] -- Symlinking: /home/sam/orbit_sim_ws/install/orbit_robot_description/share/orbit_robot_description/meshes/fairino20_v6/upperarm_link.STL:Zone.Identifier:Zone.Identifier
[3.759s] -- Symlinking: /home/sam/orbit_sim_ws/install/orbit_robot_description/share/orbit_robot_description/meshes/fairino20_v6/wrist1_link.STL
[3.766s] -- Symlinking: /home/sam/orbit_sim_ws/install/orbit_robot_description/share/orbit_robot_description/meshes/fairino20_v6/wrist1_link.STL:Zone.Identifier
[3.772s] -- Symlinking: /home/sam/orbit_sim_ws/install/orbit_robot_description/share/orbit_robot_description/meshes/fairino20_v6/wrist1_link.STL:Zone.Identifier:Zone.Identifier
[3.779s] -- Symlinking: /home/sam/orbit_sim_ws/install/orbit_robot_description/share/orbit_robot_description/meshes/fairino20_v6/wrist2_link.STL
[3.785s] -- Symlinking: /home/sam/orbit_sim_ws/install/orbit_robot_description/share/orbit_robot_description/meshes/fairino20_v6/wrist2_link.STL:Zone.Identifier
[3.792s] -- Symlinking: /home/sam/orbit_sim_ws/install/orbit_robot_description/share/orbit_robot_description/meshes/fairino20_v6/wrist2_link.STL:Zone.Identifier:Zone.Identifier
[3.798s] -- Symlinking: /home/sam/orbit_sim_ws/install/orbit_robot_description/share/orbit_robot_description/meshes/fairino20_v6/wrist3_link.STL
[3.805s] -- Symlinking: /home/sam/orbit_sim_ws/install/orbit_robot_description/share/orbit_robot_description/meshes/fairino20_v6/wrist3_link.STL:Zone.Identifier
[3.811s] -- Symlinking: /home/sam/orbit_sim_ws/install/orbit_robot_description/share/orbit_robot_description/meshes/fairino20_v6/wrist3_link.STL:Zone.Identifier:Zone.Identifier
[3.818s] -- Symlinking: /home/sam/orbit_sim_ws/install/orbit_robot_description/share/orbit_robot_description/meshes/fairino30_v6/base_link.STL
[3.825s] -- Symlinking: /home/sam/orbit_sim_ws/install/orbit_robot_description/share/orbit_robot_description/meshes/fairino30_v6/base_link.STL:Zone.Identifier
[3.831s] -- Symlinking: /home/sam/orbit_sim_ws/install/orbit_robot_description/share/orbit_robot_description/meshes/fairino30_v6/base_link.STL:Zone.Identifier:Zone.Identifier
[3.838s] -- Symlinking: /home/sam/orbit_sim_ws/install/orbit_robot_description/share/orbit_robot_description/meshes/fairino30_v6/forearm_link.STL
[3.844s] -- Symlinking: /home/sam/orbit_sim_ws/install/orbit_robot_description/share/orbit_robot_description/meshes/fairino30_v6/forearm_link.STL:Zone.Identifier
[3.851s] -- Symlinking: /home/sam/orbit_sim_ws/install/orbit_robot_description/share/orbit_robot_description/meshes/fairino30_v6/forearm_link.STL:Zone.Identifier:Zone.Identifier
[3.858s] -- Symlinking: /home/sam/orbit_sim_ws/install/orbit_robot_description/share/orbit_robot_description/meshes/fairino30_v6/shoulder_link.STL
[3.865s] -- Symlinking: /home/sam/orbit_sim_ws/install/orbit_robot_description/share/orbit_robot_description/meshes/fairino30_v6/shoulder_link.STL:Zone.Identifier
[3.872s] -- Symlinking: /home/sam/orbit_sim_ws/install/orbit_robot_description/share/orbit_robot_description/meshes/fairino30_v6/shoulder_link.STL:Zone.Identifier:Zone.Identifier
[3.878s] -- Symlinking: /home/sam/orbit_sim_ws/install/orbit_robot_description/share/orbit_robot_description/meshes/fairino30_v6/tool_link.STL
[3.885s] -- Symlinking: /home/sam/orbit_sim_ws/install/orbit_robot_description/share/orbit_robot_description/meshes/fairino30_v6/tool_link.STL:Zone.Identifier
[3.892s] -- Symlinking: /home/sam/orbit_sim_ws/install/orbit_robot_description/share/orbit_robot_description/meshes/fairino30_v6/tool_link.STL:Zone.Identifier:Zone.Identifier
[3.899s] -- Symlinking: /home/sam/orbit_sim_ws/install/orbit_robot_description/share/orbit_robot_description/meshes/fairino30_v6/uppperarm_link.STL
[3.906s] -- Symlinking: /home/sam/orbit_sim_ws/install/orbit_robot_description/share/orbit_robot_description/meshes/fairino30_v6/uppperarm_link.STL:Zone.Identifier
[3.913s] -- Symlinking: /home/sam/orbit_sim_ws/install/orbit_robot_description/share/orbit_robot_description/meshes/fairino30_v6/uppperarm_link.STL:Zone.Identifier:Zone.Identifier
[3.919s] -- Symlinking: /home/sam/orbit_sim_ws/install/orbit_robot_description/share/orbit_robot_description/meshes/fairino30_v6/wrist1_link.STL
[3.926s] -- Symlinking: /home/sam/orbit_sim_ws/install/orbit_robot_description/share/orbit_robot_description/meshes/fairino30_v6/wrist1_link.STL:Zone.Identifier
[3.933s] -- Symlinking: /home/sam/orbit_sim_ws/install/orbit_robot_description/share/orbit_robot_description/meshes/fairino30_v6/wrist1_link.STL:Zone.Identifier:Zone.Identifier
[3.940s] -- Symlinking: /home/sam/orbit_sim_ws/install/orbit_robot_description/share/orbit_robot_description/meshes/fairino30_v6/wrist2_link.STL
[3.946s] -- Symlinking: /home/sam/orbit_sim_ws/install/orbit_robot_description/share/orbit_robot_description/meshes/fairino30_v6/wrist2_link.STL:Zone.Identifier
[3.953s] -- Symlinking: /home/sam/orbit_sim_ws/install/orbit_robot_description/share/orbit_robot_description/meshes/fairino30_v6/wrist2_link.STL:Zone.Identifier:Zone.Identifier
[3.960s] -- Symlinking: /home/sam/orbit_sim_ws/install/orbit_robot_description/share/orbit_robot_description/meshes/fairino30_v6/wrist3_link.STL
[3.966s] -- Symlinking: /home/sam/orbit_sim_ws/install/orbit_robot_description/share/orbit_robot_description/meshes/fairino30_v6/wrist3_link.STL:Zone.Identifier
[3.973s] -- Symlinking: /home/sam/orbit_sim_ws/install/orbit_robot_description/share/orbit_robot_description/meshes/fairino30_v6/wrist3_link.STL:Zone.Identifier:Zone.Identifier
[3.980s] -- Symlinking: /home/sam/orbit_sim_ws/install/orbit_robot_description/share/orbit_robot_description/meshes/fairino3_mt_v6/base_link.STL
[3.986s] -- Symlinking: /home/sam/orbit_sim_ws/install/orbit_robot_description/share/orbit_robot_description/meshes/fairino3_mt_v6/base_link.STL:Zone.Identifier
[3.993s] -- Symlinking: /home/sam/orbit_sim_ws/install/orbit_robot_description/share/orbit_robot_description/meshes/fairino3_mt_v6/base_link.STL:Zone.Identifier:Zone.Identifier
[4.000s] -- Symlinking: /home/sam/orbit_sim_ws/install/orbit_robot_description/share/orbit_robot_description/meshes/fairino3_mt_v6/forearm_link.STL
[4.007s] -- Symlinking: /home/sam/orbit_sim_ws/install/orbit_robot_description/share/orbit_robot_description/meshes/fairino3_mt_v6/forearm_link.STL:Zone.Identifier
[4.013s] -- Symlinking: /home/sam/orbit_sim_ws/install/orbit_robot_description/share/orbit_robot_description/meshes/fairino3_mt_v6/forearm_link.STL:Zone.Identifier:Zone.Identifier
[4.020s] -- Symlinking: /home/sam/orbit_sim_ws/install/orbit_robot_description/share/orbit_robot_description/meshes/fairino3_mt_v6/shoulder_link.STL
[4.027s] -- Symlinking: /home/sam/orbit_sim_ws/install/orbit_robot_description/share/orbit_robot_description/meshes/fairino3_mt_v6/shoulder_link.STL:Zone.Identifier
[4.034s] -- Symlinking: /home/sam/orbit_sim_ws/install/orbit_robot_description/share/orbit_robot_description/meshes/fairino3_mt_v6/shoulder_link.STL:Zone.Identifier:Zone.Identifier
[4.041s] -- Symlinking: /home/sam/orbit_sim_ws/install/orbit_robot_description/share/orbit_robot_description/meshes/fairino3_mt_v6/upperarm_link.STL
[4.047s] -- Symlinking: /home/sam/orbit_sim_ws/install/orbit_robot_description/share/orbit_robot_description/meshes/fairino3_mt_v6/upperarm_link.STL:Zone.Identifier
[4.054s] -- Symlinking: /home/sam/orbit_sim_ws/install/orbit_robot_description/share/orbit_robot_description/meshes/fairino3_mt_v6/upperarm_link.STL:Zone.Identifier:Zone.Identifier
[4.060s] -- Symlinking: /home/sam/orbit_sim_ws/install/orbit_robot_description/share/orbit_robot_description/meshes/fairino3_mt_v6/wrist1_link.STL
[4.067s] -- Symlinking: /home/sam/orbit_sim_ws/install/orbit_robot_description/share/orbit_robot_description/meshes/fairino3_mt_v6/wrist1_link.STL:Zone.Identifier
[4.073s] -- Symlinking: /home/sam/orbit_sim_ws/install/orbit_robot_description/share/orbit_robot_description/meshes/fairino3_mt_v6/wrist1_link.STL:Zone.Identifier:Zone.Identifier
[4.080s] -- Symlinking: /home/sam/orbit_sim_ws/install/orbit_robot_description/share/orbit_robot_description/meshes/fairino3_mt_v6/wrist2_link.STL
[4.086s] -- Symlinking: /home/sam/orbit_sim_ws/install/orbit_robot_description/share/orbit_robot_description/meshes/fairino3_mt_v6/wrist2_link.STL:Zone.Identifier
[4.092s] -- Symlinking: /home/sam/orbit_sim_ws/install/orbit_robot_description/share/orbit_robot_description/meshes/fairino3_mt_v6/wrist2_link.STL:Zone.Identifier:Zone.Identifier
[4.099s] -- Symlinking: /home/sam/orbit_sim_ws/install/orbit_robot_description/share/orbit_robot_description/meshes/fairino3_mt_v6/wrist3_link.STL
[4.106s] -- Symlinking: /home/sam/orbit_sim_ws/install/orbit_robot_description/share/orbit_robot_description/meshes/fairino3_mt_v6/wrist3_link.STL:Zone.Identifier
[4.112s] -- Symlinking: /home/sam/orbit_sim_ws/install/orbit_robot_description/share/orbit_robot_description/meshes/fairino3_mt_v6/wrist3_link.STL:Zone.Identifier:Zone.Identifier
[4.119s] -- Symlinking: /home/sam/orbit_sim_ws/install/orbit_robot_description/share/orbit_robot_description/meshes/fairino3_v6/base_link.STL
[4.126s] -- Symlinking: /home/sam/orbit_sim_ws/install/orbit_robot_description/share/orbit_robot_description/meshes/fairino3_v6/base_link.STL:Zone.Identifier
[4.133s] -- Symlinking: /home/sam/orbit_sim_ws/install/orbit_robot_description/share/orbit_robot_description/meshes/fairino3_v6/base_link.STL:Zone.Identifier:Zone.Identifier
[4.140s] -- Symlinking: /home/sam/orbit_sim_ws/install/orbit_robot_description/share/orbit_robot_description/meshes/fairino3_v6/forearm_link.STL
[4.146s] -- Symlinking: /home/sam/orbit_sim_ws/install/orbit_robot_description/share/orbit_robot_description/meshes/fairino3_v6/forearm_link.STL:Zone.Identifier
[4.153s] -- Symlinking: /home/sam/orbit_sim_ws/install/orbit_robot_description/share/orbit_robot_description/meshes/fairino3_v6/forearm_link.STL:Zone.Identifier:Zone.Identifier
[4.159s] -- Symlinking: /home/sam/orbit_sim_ws/install/orbit_robot_description/share/orbit_robot_description/meshes/fairino3_v6/shoulder_link.STL
[4.166s] -- Symlinking: /home/sam/orbit_sim_ws/install/orbit_robot_description/share/orbit_robot_description/meshes/fairino3_v6/shoulder_link.STL:Zone.Identifier
[4.172s] -- Symlinking: /home/sam/orbit_sim_ws/install/orbit_robot_description/share/orbit_robot_description/meshes/fairino3_v6/shoulder_link.STL:Zone.Identifier:Zone.Identifier
[4.179s] -- Symlinking: /home/sam/orbit_sim_ws/install/orbit_robot_description/share/orbit_robot_description/meshes/fairino3_v6/upperarm_link.STL
[4.185s] -- Symlinking: /home/sam/orbit_sim_ws/install/orbit_robot_description/share/orbit_robot_description/meshes/fairino3_v6/upperarm_link.STL:Zone.Identifier
[4.192s] -- Symlinking: /home/sam/orbit_sim_ws/install/orbit_robot_description/share/orbit_robot_description/meshes/fairino3_v6/upperarm_link.STL:Zone.Identifier:Zone.Identifier
[4.199s] -- Symlinking: /home/sam/orbit_sim_ws/install/orbit_robot_description/share/orbit_robot_description/meshes/fairino3_v6/wrist1_link.STL
[4.206s] -- Symlinking: /home/sam/orbit_sim_ws/install/orbit_robot_description/share/orbit_robot_description/meshes/fairino3_v6/wrist1_link.STL:Zone.Identifier
[4.213s] -- Symlinking: /home/sam/orbit_sim_ws/install/orbit_robot_description/share/orbit_robot_description/meshes/fairino3_v6/wrist1_link.STL:Zone.Identifier:Zone.Identifier
[4.220s] -- Symlinking: /home/sam/orbit_sim_ws/install/orbit_robot_description/share/orbit_robot_description/meshes/fairino3_v6/wrist2_link.STL
[4.226s] -- Symlinking: /home/sam/orbit_sim_ws/install/orbit_robot_description/share/orbit_robot_description/meshes/fairino3_v6/wrist2_link.STL:Zone.Identifier
[4.233s] -- Symlinking: /home/sam/orbit_sim_ws/install/orbit_robot_description/share/orbit_robot_description/meshes/fairino3_v6/wrist2_link.STL:Zone.Identifier:Zone.Identifier
[4.239s] -- Symlinking: /home/sam/orbit_sim_ws/install/orbit_robot_description/share/orbit_robot_description/meshes/fairino3_v6/wrist3_link.STL
[4.245s] -- Symlinking: /home/sam/orbit_sim_ws/install/orbit_robot_description/share/orbit_robot_description/meshes/fairino3_v6/wrist3_link.STL:Zone.Identifier
[4.252s] -- Symlinking: /home/sam/orbit_sim_ws/install/orbit_robot_description/share/orbit_robot_description/meshes/fairino3_v6/wrist3_link.STL:Zone.Identifier:Zone.Identifier
[4.258s] -- Symlinking: /home/sam/orbit_sim_ws/install/orbit_robot_description/share/orbit_robot_description/meshes/fairino5_v6/base_link.STL
[4.265s] -- Symlinking: /home/sam/orbit_sim_ws/install/orbit_robot_description/share/orbit_robot_description/meshes/fairino5_v6/base_link.STL:Zone.Identifier
[4.271s] -- Symlinking: /home/sam/orbit_sim_ws/install/orbit_robot_description/share/orbit_robot_description/meshes/fairino5_v6/base_link.STL:Zone.Identifier:Zone.Identifier
[4.278s] -- Symlinking: /home/sam/orbit_sim_ws/install/orbit_robot_description/share/orbit_robot_description/meshes/fairino5_v6/forearm_link.STL
[4.285s] -- Symlinking: /home/sam/orbit_sim_ws/install/orbit_robot_description/share/orbit_robot_description/meshes/fairino5_v6/forearm_link.STL:Zone.Identifier
[4.291s] -- Symlinking: /home/sam/orbit_sim_ws/install/orbit_robot_description/share/orbit_robot_description/meshes/fairino5_v6/forearm_link.STL:Zone.Identifier:Zone.Identifier
[4.297s] -- Symlinking: /home/sam/orbit_sim_ws/install/orbit_robot_description/share/orbit_robot_description/meshes/fairino5_v6/shoulder_link.STL
[4.304s] -- Symlinking: /home/sam/orbit_sim_ws/install/orbit_robot_description/share/orbit_robot_description/meshes/fairino5_v6/shoulder_link.STL:Zone.Identifier
[4.311s] -- Symlinking: /home/sam/orbit_sim_ws/install/orbit_robot_description/share/orbit_robot_description/meshes/fairino5_v6/shoulder_link.STL:Zone.Identifier:Zone.Identifier
[4.317s] -- Symlinking: /home/sam/orbit_sim_ws/install/orbit_robot_description/share/orbit_robot_description/meshes/fairino5_v6/upperarm_link.STL
[4.325s] -- Symlinking: /home/sam/orbit_sim_ws/install/orbit_robot_description/share/orbit_robot_description/meshes/fairino5_v6/upperarm_link.STL:Zone.Identifier
[4.332s] -- Symlinking: /home/sam/orbit_sim_ws/install/orbit_robot_description/share/orbit_robot_description/meshes/fairino5_v6/upperarm_link.STL:Zone.Identifier:Zone.Identifier
[4.339s] -- Symlinking: /home/sam/orbit_sim_ws/install/orbit_robot_description/share/orbit_robot_description/meshes/fairino5_v6/wrist1_link.STL
[4.346s] -- Symlinking: /home/sam/orbit_sim_ws/install/orbit_robot_description/share/orbit_robot_description/meshes/fairino5_v6/wrist1_link.STL:Zone.Identifier
[4.353s] -- Symlinking: /home/sam/orbit_sim_ws/install/orbit_robot_description/share/orbit_robot_description/meshes/fairino5_v6/wrist1_link.STL:Zone.Identifier:Zone.Identifier
[4.365s] -- Symlinking: /home/sam/orbit_sim_ws/install/orbit_robot_description/share/orbit_robot_description/meshes/fairino5_v6/wrist2_link.STL
[4.372s] -- Symlinking: /home/sam/orbit_sim_ws/install/orbit_robot_description/share/orbit_robot_description/meshes/fairino5_v6/wrist2_link.STL:Zone.Identifier
[4.380s] -- Symlinking: /home/sam/orbit_sim_ws/install/orbit_robot_description/share/orbit_robot_description/meshes/fairino5_v6/wrist2_link.STL:Zone.Identifier:Zone.Identifier
[4.387s] -- Symlinking: /home/sam/orbit_sim_ws/install/orbit_robot_description/share/orbit_robot_description/meshes/fairino5_v6/wrist3_link.STL
[4.394s] -- Symlinking: /home/sam/orbit_sim_ws/install/orbit_robot_description/share/orbit_robot_description/meshes/fairino5_v6/wrist3_link.STL:Zone.Identifier
[4.401s] -- Symlinking: /home/sam/orbit_sim_ws/install/orbit_robot_description/share/orbit_robot_description/meshes/fairino5_v6/wrist3_link.STL:Zone.Identifier:Zone.Identifier
[4.408s] -- Symlinking: /home/sam/orbit_sim_ws/install/orbit_robot_description/share/orbit_robot_description/rviz/.setup_assistant
[4.415s] -- Symlinking: /home/sam/orbit_sim_ws/install/orbit_robot_description/share/orbit_robot_description/rviz/.setup_assistant:Zone.Identifier
[4.422s] -- Symlinking: /home/sam/orbit_sim_ws/install/orbit_robot_description/share/orbit_robot_description/rviz/.setup_assistant:Zone.Identifier:Zone.Identifier
[4.429s] -- Symlinking: /home/sam/orbit_sim_ws/install/orbit_robot_description/share/ament_index/resource_index/package_run_dependencies/orbit_robot_description
[4.436s] -- Symlinking: /home/sam/orbit_sim_ws/install/orbit_robot_description/share/ament_index/resource_index/parent_prefix_path/orbit_robot_description
[4.442s] -- Symlinking: /home/sam/orbit_sim_ws/install/orbit_robot_description/share/orbit_robot_description/environment/ament_prefix_path.sh
[4.449s] -- Symlinking: /home/sam/orbit_sim_ws/install/orbit_robot_description/share/orbit_robot_description/environment/ament_prefix_path.dsv
[4.455s] -- Symlinking: /home/sam/orbit_sim_ws/install/orbit_robot_description/share/orbit_robot_description/environment/path.sh
[4.462s] -- Symlinking: /home/sam/orbit_sim_ws/install/orbit_robot_description/share/orbit_robot_description/environment/path.dsv
[4.468s] -- Symlinking: /home/sam/orbit_sim_ws/install/orbit_robot_description/share/orbit_robot_description/local_setup.bash
[4.475s] -- Symlinking: /home/sam/orbit_sim_ws/install/orbit_robot_description/share/orbit_robot_description/local_setup.sh
[4.482s] -- Symlinking: /home/sam/orbit_sim_ws/install/orbit_robot_description/share/orbit_robot_description/local_setup.zsh
[4.489s] -- Symlinking: /home/sam/orbit_sim_ws/install/orbit_robot_description/share/orbit_robot_description/local_setup.dsv
[4.496s] -- Symlinking: /home/sam/orbit_sim_ws/install/orbit_robot_description/share/orbit_robot_description/package.dsv
[4.502s] -- Symlinking: /home/sam/orbit_sim_ws/install/orbit_robot_description/share/ament_index/resource_index/packages/orbit_robot_description
[4.512s] -- Symlinking: /home/sam/orbit_sim_ws/install/orbit_robot_description/share/orbit_robot_description/cmake/orbit_robot_descriptionConfig.cmake
[4.520s] -- Symlinking: /home/sam/orbit_sim_ws/install/orbit_robot_description/share/orbit_robot_description/cmake/orbit_robot_descriptionConfig-version.cmake
[4.526s] -- Symlinking: /home/sam/orbit_sim_ws/install/orbit_robot_description/share/orbit_robot_description/package.xml
[4.534s] Invoked command in '/home/sam/orbit_sim_ws/build/orbit_robot_description' returned '0': CMAKE_PREFIX_PATH=${CMAKE_PREFIX_PATH}:/opt/ros/humble /usr/bin/cmake --install /home/sam/orbit_sim_ws/build/orbit_robot_description
