[0.010s] Invoking command in '/home/sam/orbit_sim_ws/build/orbit_robot_description': CMAKE_PREFIX_PATH=${CMAKE_PREFIX_PATH}:/opt/ros/humble /usr/bin/cmake /home/sam/orbit_sim_ws/src/orbit_robot_description -DAMENT_CMAKE_SYMLINK_INSTALL=1 -DCMAKE_INSTALL_PREFIX=/home/sam/orbit_sim_ws/install/orbit_robot_description
[0.140s] -- The C compiler identification is GNU 11.4.0
[0.966s] -- The CXX compiler identification is GNU 11.4.0
[1.507s] -- Detecting C compiler ABI info
[1.811s] -- Detecting C compiler ABI info - done
[1.817s] -- Check for working C compiler: /usr/bin/cc - skipped
[1.818s] -- Detecting C compile features
[1.818s] -- Detecting C compile features - done
[1.821s] -- Detecting CXX compiler ABI info
[1.959s] -- Detecting CXX compiler ABI info - done
[1.966s] -- Check for working CXX compiler: /usr/bin/c++ - skipped
[1.966s] -- Detecting CXX compile features
[1.967s] -- Detecting CXX compile features - done
[1.969s] -- Found ament_cmake: 1.3.14 (/opt/ros/humble/share/ament_cmake/cmake)
[2.094s] -- Found Python3: /usr/bin/python3 (found version "3.10.12") found components: Interpreter 
[2.147s] -- Override CMake install command with custom implementation using symlinks instead of copying resources
[2.165s] -- Found ament_lint_auto: 0.12.15 (/opt/ros/humble/share/ament_lint_auto/cmake)
[2.239s] -- Added test 'flake8' to check Python code syntax and style conventions
[2.241s] -- Added test 'lint_cmake' to check CMake code style
[2.242s] -- Added test 'pep257' to check Python code against some of the docstring style conventions in PEP 257
[2.249s] -- Added test 'xmllint' to check XML markup files
[2.250s] -- Configuring done
[2.254s] -- Generating done
[2.255s] -- Build files have been written to: /home/sam/orbit_sim_ws/build/orbit_robot_description
[2.261s] Invoked command in '/home/sam/orbit_sim_ws/build/orbit_robot_description' returned '0': CMAKE_PREFIX_PATH=${CMAKE_PREFIX_PATH}:/opt/ros/humble /usr/bin/cmake /home/sam/orbit_sim_ws/src/orbit_robot_description -DAMENT_CMAKE_SYMLINK_INSTALL=1 -DCMAKE_INSTALL_PREFIX=/home/sam/orbit_sim_ws/install/orbit_robot_description
[2.261s] Invoking command in '/home/sam/orbit_sim_ws/build/orbit_robot_description': CMAKE_PREFIX_PATH=${CMAKE_PREFIX_PATH}:/opt/ros/humble /usr/bin/cmake --build /home/sam/orbit_sim_ws/build/orbit_robot_description -- -j32 -l32
[2.292s] Invoked command in '/home/sam/orbit_sim_ws/build/orbit_robot_description' returned '0': CMAKE_PREFIX_PATH=${CMAKE_PREFIX_PATH}:/opt/ros/humble /usr/bin/cmake --build /home/sam/orbit_sim_ws/build/orbit_robot_description -- -j32 -l32
[2.300s] Invoking command in '/home/sam/orbit_sim_ws/build/orbit_robot_description': CMAKE_PREFIX_PATH=${CMAKE_PREFIX_PATH}:/opt/ros/humble /usr/bin/cmake --install /home/sam/orbit_sim_ws/build/orbit_robot_description
[2.307s] -- Install configuration: ""
[2.307s] -- Execute custom install script
[2.309s] -- Symlinking: /home/sam/orbit_sim_ws/install/orbit_robot_description/share/orbit_robot_description/urdf/FR3WML.urdf
[2.316s] -- Symlinking: /home/sam/orbit_sim_ws/install/orbit_robot_description/share/orbit_robot_description/urdf/FR3WMS.urdf
[2.323s] -- Symlinking: /home/sam/orbit_sim_ws/install/orbit_robot_description/share/orbit_robot_description/urdf/FR5WM.urdf
[2.330s] -- Symlinking: /home/sam/orbit_sim_ws/install/orbit_robot_description/share/orbit_robot_description/urdf/fairino10_v6.urdf
[2.337s] -- Symlinking: /home/sam/orbit_sim_ws/install/orbit_robot_description/share/orbit_robot_description/urdf/fairino16_v6.urdf
[2.344s] -- Symlinking: /home/sam/orbit_sim_ws/install/orbit_robot_description/share/orbit_robot_description/urdf/fairino20_v6.urdf
[2.350s] -- Symlinking: /home/sam/orbit_sim_ws/install/orbit_robot_description/share/orbit_robot_description/urdf/fairino30_v6.urdf
[2.357s] -- Symlinking: /home/sam/orbit_sim_ws/install/orbit_robot_description/share/orbit_robot_description/urdf/fairino3_mt_v6.urdf
[2.363s] -- Symlinking: /home/sam/orbit_sim_ws/install/orbit_robot_description/share/orbit_robot_description/urdf/fairino3_v6.urdf
[2.372s] -- Symlinking: /home/sam/orbit_sim_ws/install/orbit_robot_description/share/orbit_robot_description/urdf/fairino5_v6.urdf
[2.378s] -- Symlinking: /home/sam/orbit_sim_ws/install/orbit_robot_description/share/orbit_robot_description/launch/display.launch.py
[2.386s] -- Symlinking: /home/sam/orbit_sim_ws/install/orbit_robot_description/share/orbit_robot_description/launch/gazebo.launch.py
[2.395s] -- Symlinking: /home/sam/orbit_sim_ws/install/orbit_robot_description/share/orbit_robot_description/meshes/FR3WML/collision/base_link.STL
[2.402s] -- Symlinking: /home/sam/orbit_sim_ws/install/orbit_robot_description/share/orbit_robot_description/meshes/FR3WML/collision/base_link.STL:Zone.Identifier
[2.408s] -- Symlinking: /home/sam/orbit_sim_ws/install/orbit_robot_description/share/orbit_robot_description/meshes/FR3WML/collision/base_link.STL:Zone.Identifier:Zone.Identifier
[2.415s] -- Symlinking: /home/sam/orbit_sim_ws/install/orbit_robot_description/share/orbit_robot_description/meshes/FR3WML/collision/forearm_Link.STL
[2.422s] -- Symlinking: /home/sam/orbit_sim_ws/install/orbit_robot_description/share/orbit_robot_description/meshes/FR3WML/collision/forearm_Link.STL:Zone.Identifier
[2.428s] -- Symlinking: /home/sam/orbit_sim_ws/install/orbit_robot_description/share/orbit_robot_description/meshes/FR3WML/collision/forearm_Link.STL:Zone.Identifier:Zone.Identifier
[2.435s] -- Symlinking: /home/sam/orbit_sim_ws/install/orbit_robot_description/share/orbit_robot_description/meshes/FR3WML/collision/shoulder_Link.STL
[2.442s] -- Symlinking: /home/sam/orbit_sim_ws/install/orbit_robot_description/share/orbit_robot_description/meshes/FR3WML/collision/shoulder_Link.STL:Zone.Identifier
[2.449s] -- Symlinking: /home/sam/orbit_sim_ws/install/orbit_robot_description/share/orbit_robot_description/meshes/FR3WML/collision/shoulder_Link.STL:Zone.Identifier:Zone.Identifier
[2.456s] -- Symlinking: /home/sam/orbit_sim_ws/install/orbit_robot_description/share/orbit_robot_description/meshes/FR3WML/collision/upperarm_Link.STL
[2.463s] -- Symlinking: /home/sam/orbit_sim_ws/install/orbit_robot_description/share/orbit_robot_description/meshes/FR3WML/collision/upperarm_Link.STL:Zone.Identifier
[2.470s] -- Symlinking: /home/sam/orbit_sim_ws/install/orbit_robot_description/share/orbit_robot_description/meshes/FR3WML/collision/upperarm_Link.STL:Zone.Identifier:Zone.Identifier
[2.477s] -- Symlinking: /home/sam/orbit_sim_ws/install/orbit_robot_description/share/orbit_robot_description/meshes/FR3WML/collision/wrist1_Link.STL
[2.484s] -- Symlinking: /home/sam/orbit_sim_ws/install/orbit_robot_description/share/orbit_robot_description/meshes/FR3WML/collision/wrist1_Link.STL:Zone.Identifier
[2.491s] -- Symlinking: /home/sam/orbit_sim_ws/install/orbit_robot_description/share/orbit_robot_description/meshes/FR3WML/collision/wrist1_Link.STL:Zone.Identifier:Zone.Identifier
[2.497s] -- Symlinking: /home/sam/orbit_sim_ws/install/orbit_robot_description/share/orbit_robot_description/meshes/FR3WML/collision/wrist2_Link.STL
[2.504s] -- Symlinking: /home/sam/orbit_sim_ws/install/orbit_robot_description/share/orbit_robot_description/meshes/FR3WML/collision/wrist2_Link.STL:Zone.Identifier
[2.511s] -- Symlinking: /home/sam/orbit_sim_ws/install/orbit_robot_description/share/orbit_robot_description/meshes/FR3WML/collision/wrist2_Link.STL:Zone.Identifier:Zone.Identifier
[2.518s] -- Symlinking: /home/sam/orbit_sim_ws/install/orbit_robot_description/share/orbit_robot_description/meshes/FR3WML/collision/wrist3_Link.STL
[2.525s] -- Symlinking: /home/sam/orbit_sim_ws/install/orbit_robot_description/share/orbit_robot_description/meshes/FR3WML/collision/wrist3_Link.STL:Zone.Identifier
[2.531s] -- Symlinking: /home/sam/orbit_sim_ws/install/orbit_robot_description/share/orbit_robot_description/meshes/FR3WML/collision/wrist3_Link.STL:Zone.Identifier:Zone.Identifier
[2.538s] -- Symlinking: /home/sam/orbit_sim_ws/install/orbit_robot_description/share/orbit_robot_description/meshes/FR3WML/visual/base_link.dae
[2.545s] -- Symlinking: /home/sam/orbit_sim_ws/install/orbit_robot_description/share/orbit_robot_description/meshes/FR3WML/visual/base_link.dae:Zone.Identifier
[2.552s] -- Symlinking: /home/sam/orbit_sim_ws/install/orbit_robot_description/share/orbit_robot_description/meshes/FR3WML/visual/base_link.dae:Zone.Identifier:Zone.Identifier
[2.559s] -- Symlinking: /home/sam/orbit_sim_ws/install/orbit_robot_description/share/orbit_robot_description/meshes/FR3WML/visual/forearm_Link.dae
[2.566s] -- Symlinking: /home/sam/orbit_sim_ws/install/orbit_robot_description/share/orbit_robot_description/meshes/FR3WML/visual/forearm_Link.dae:Zone.Identifier
[2.573s] -- Symlinking: /home/sam/orbit_sim_ws/install/orbit_robot_description/share/orbit_robot_description/meshes/FR3WML/visual/forearm_Link.dae:Zone.Identifier:Zone.Identifier
[2.580s] -- Symlinking: /home/sam/orbit_sim_ws/install/orbit_robot_description/share/orbit_robot_description/meshes/FR3WML/visual/shoulder_Link.dae
[2.591s] -- Symlinking: /home/sam/orbit_sim_ws/install/orbit_robot_description/share/orbit_robot_description/meshes/FR3WML/visual/shoulder_Link.dae:Zone.Identifier
[2.599s] -- Symlinking: /home/sam/orbit_sim_ws/install/orbit_robot_description/share/orbit_robot_description/meshes/FR3WML/visual/shoulder_Link.dae:Zone.Identifier:Zone.Identifier
[2.607s] -- Symlinking: /home/sam/orbit_sim_ws/install/orbit_robot_description/share/orbit_robot_description/meshes/FR3WML/visual/upperarm_Link.dae
[2.614s] -- Symlinking: /home/sam/orbit_sim_ws/install/orbit_robot_description/share/orbit_robot_description/meshes/FR3WML/visual/upperarm_Link.dae:Zone.Identifier
[2.622s] -- Symlinking: /home/sam/orbit_sim_ws/install/orbit_robot_description/share/orbit_robot_description/meshes/FR3WML/visual/upperarm_Link.dae:Zone.Identifier:Zone.Identifier
[2.629s] -- Symlinking: /home/sam/orbit_sim_ws/install/orbit_robot_description/share/orbit_robot_description/meshes/FR3WML/visual/wrist1_Link.dae
[2.636s] -- Symlinking: /home/sam/orbit_sim_ws/install/orbit_robot_description/share/orbit_robot_description/meshes/FR3WML/visual/wrist1_Link.dae:Zone.Identifier
[2.644s] -- Symlinking: /home/sam/orbit_sim_ws/install/orbit_robot_description/share/orbit_robot_description/meshes/FR3WML/visual/wrist1_Link.dae:Zone.Identifier:Zone.Identifier
[2.651s] -- Symlinking: /home/sam/orbit_sim_ws/install/orbit_robot_description/share/orbit_robot_description/meshes/FR3WML/visual/wrist2_Link.dae
[2.658s] -- Symlinking: /home/sam/orbit_sim_ws/install/orbit_robot_description/share/orbit_robot_description/meshes/FR3WML/visual/wrist2_Link.dae:Zone.Identifier
[2.665s] -- Symlinking: /home/sam/orbit_sim_ws/install/orbit_robot_description/share/orbit_robot_description/meshes/FR3WML/visual/wrist2_Link.dae:Zone.Identifier:Zone.Identifier
[2.673s] -- Symlinking: /home/sam/orbit_sim_ws/install/orbit_robot_description/share/orbit_robot_description/meshes/FR3WML/visual/wrist3_Link.dae
[2.679s] -- Symlinking: /home/sam/orbit_sim_ws/install/orbit_robot_description/share/orbit_robot_description/meshes/FR3WML/visual/wrist3_Link.dae:Zone.Identifier
[2.686s] -- Symlinking: /home/sam/orbit_sim_ws/install/orbit_robot_description/share/orbit_robot_description/meshes/FR3WML/visual/wrist3_Link.dae:Zone.Identifier:Zone.Identifier
[2.694s] -- Symlinking: /home/sam/orbit_sim_ws/install/orbit_robot_description/share/orbit_robot_description/meshes/FR3WMS/collision/base_link.STL
[2.701s] -- Symlinking: /home/sam/orbit_sim_ws/install/orbit_robot_description/share/orbit_robot_description/meshes/FR3WMS/collision/base_link.STL:Zone.Identifier
[2.708s] -- Symlinking: /home/sam/orbit_sim_ws/install/orbit_robot_description/share/orbit_robot_description/meshes/FR3WMS/collision/base_link.STL:Zone.Identifier:Zone.Identifier
[2.715s] -- Symlinking: /home/sam/orbit_sim_ws/install/orbit_robot_description/share/orbit_robot_description/meshes/FR3WMS/collision/forearm_Link.STL
[2.723s] -- Symlinking: /home/sam/orbit_sim_ws/install/orbit_robot_description/share/orbit_robot_description/meshes/FR3WMS/collision/forearm_Link.STL:Zone.Identifier
[2.730s] -- Symlinking: /home/sam/orbit_sim_ws/install/orbit_robot_description/share/orbit_robot_description/meshes/FR3WMS/collision/forearm_Link.STL:Zone.Identifier:Zone.Identifier
[2.738s] -- Symlinking: /home/sam/orbit_sim_ws/install/orbit_robot_description/share/orbit_robot_description/meshes/FR3WMS/collision/shoulder_Link.STL
[2.747s] -- Symlinking: /home/sam/orbit_sim_ws/install/orbit_robot_description/share/orbit_robot_description/meshes/FR3WMS/collision/shoulder_Link.STL:Zone.Identifier
[2.756s] -- Symlinking: /home/sam/orbit_sim_ws/install/orbit_robot_description/share/orbit_robot_description/meshes/FR3WMS/collision/shoulder_Link.STL:Zone.Identifier:Zone.Identifier
[2.764s] -- Symlinking: /home/sam/orbit_sim_ws/install/orbit_robot_description/share/orbit_robot_description/meshes/FR3WMS/collision/upperarm_Link.STL
[2.773s] -- Symlinking: /home/sam/orbit_sim_ws/install/orbit_robot_description/share/orbit_robot_description/meshes/FR3WMS/collision/upperarm_Link.STL:Zone.Identifier
[2.781s] -- Symlinking: /home/sam/orbit_sim_ws/install/orbit_robot_description/share/orbit_robot_description/meshes/FR3WMS/collision/upperarm_Link.STL:Zone.Identifier:Zone.Identifier
[2.788s] -- Symlinking: /home/sam/orbit_sim_ws/install/orbit_robot_description/share/orbit_robot_description/meshes/FR3WMS/collision/wrist1_Link.STL
[2.796s] -- Symlinking: /home/sam/orbit_sim_ws/install/orbit_robot_description/share/orbit_robot_description/meshes/FR3WMS/collision/wrist1_Link.STL:Zone.Identifier
[2.804s] -- Symlinking: /home/sam/orbit_sim_ws/install/orbit_robot_description/share/orbit_robot_description/meshes/FR3WMS/collision/wrist1_Link.STL:Zone.Identifier:Zone.Identifier
[2.811s] -- Symlinking: /home/sam/orbit_sim_ws/install/orbit_robot_description/share/orbit_robot_description/meshes/FR3WMS/collision/wrist2_Link.STL
[2.818s] -- Symlinking: /home/sam/orbit_sim_ws/install/orbit_robot_description/share/orbit_robot_description/meshes/FR3WMS/collision/wrist2_Link.STL:Zone.Identifier
[2.826s] -- Symlinking: /home/sam/orbit_sim_ws/install/orbit_robot_description/share/orbit_robot_description/meshes/FR3WMS/collision/wrist2_Link.STL:Zone.Identifier:Zone.Identifier
[2.833s] -- Symlinking: /home/sam/orbit_sim_ws/install/orbit_robot_description/share/orbit_robot_description/meshes/FR3WMS/collision/wrist3_Link.STL
[2.841s] -- Symlinking: /home/sam/orbit_sim_ws/install/orbit_robot_description/share/orbit_robot_description/meshes/FR3WMS/collision/wrist3_Link.STL:Zone.Identifier
[2.849s] -- Symlinking: /home/sam/orbit_sim_ws/install/orbit_robot_description/share/orbit_robot_description/meshes/FR3WMS/collision/wrist3_Link.STL:Zone.Identifier:Zone.Identifier
[2.857s] -- Symlinking: /home/sam/orbit_sim_ws/install/orbit_robot_description/share/orbit_robot_description/meshes/FR3WMS/visual/base_link.dae
[2.864s] -- Symlinking: /home/sam/orbit_sim_ws/install/orbit_robot_description/share/orbit_robot_description/meshes/FR3WMS/visual/base_link.dae:Zone.Identifier
[2.872s] -- Symlinking: /home/sam/orbit_sim_ws/install/orbit_robot_description/share/orbit_robot_description/meshes/FR3WMS/visual/base_link.dae:Zone.Identifier:Zone.Identifier
[2.879s] -- Symlinking: /home/sam/orbit_sim_ws/install/orbit_robot_description/share/orbit_robot_description/meshes/FR3WMS/visual/forearm_Link.dae
[2.887s] -- Symlinking: /home/sam/orbit_sim_ws/install/orbit_robot_description/share/orbit_robot_description/meshes/FR3WMS/visual/forearm_Link.dae:Zone.Identifier
[2.895s] -- Symlinking: /home/sam/orbit_sim_ws/install/orbit_robot_description/share/orbit_robot_description/meshes/FR3WMS/visual/forearm_Link.dae:Zone.Identifier:Zone.Identifier
[2.903s] -- Symlinking: /home/sam/orbit_sim_ws/install/orbit_robot_description/share/orbit_robot_description/meshes/FR3WMS/visual/shoulder_Link.dae
[2.911s] -- Symlinking: /home/sam/orbit_sim_ws/install/orbit_robot_description/share/orbit_robot_description/meshes/FR3WMS/visual/shoulder_Link.dae:Zone.Identifier
[2.918s] -- Symlinking: /home/sam/orbit_sim_ws/install/orbit_robot_description/share/orbit_robot_description/meshes/FR3WMS/visual/shoulder_Link.dae:Zone.Identifier:Zone.Identifier
[2.926s] -- Symlinking: /home/sam/orbit_sim_ws/install/orbit_robot_description/share/orbit_robot_description/meshes/FR3WMS/visual/upperarm_Link.dae
[2.934s] -- Symlinking: /home/sam/orbit_sim_ws/install/orbit_robot_description/share/orbit_robot_description/meshes/FR3WMS/visual/upperarm_Link.dae:Zone.Identifier
[2.941s] -- Symlinking: /home/sam/orbit_sim_ws/install/orbit_robot_description/share/orbit_robot_description/meshes/FR3WMS/visual/upperarm_Link.dae:Zone.Identifier:Zone.Identifier
[2.948s] -- Symlinking: /home/sam/orbit_sim_ws/install/orbit_robot_description/share/orbit_robot_description/meshes/FR3WMS/visual/wrist1_Link.dae
[2.955s] -- Symlinking: /home/sam/orbit_sim_ws/install/orbit_robot_description/share/orbit_robot_description/meshes/FR3WMS/visual/wrist1_Link.dae:Zone.Identifier
[2.963s] -- Symlinking: /home/sam/orbit_sim_ws/install/orbit_robot_description/share/orbit_robot_description/meshes/FR3WMS/visual/wrist1_Link.dae:Zone.Identifier:Zone.Identifier
[2.970s] -- Symlinking: /home/sam/orbit_sim_ws/install/orbit_robot_description/share/orbit_robot_description/meshes/FR3WMS/visual/wrist2_Link.dae
[2.977s] -- Symlinking: /home/sam/orbit_sim_ws/install/orbit_robot_description/share/orbit_robot_description/meshes/FR3WMS/visual/wrist2_Link.dae:Zone.Identifier
[2.984s] -- Symlinking: /home/sam/orbit_sim_ws/install/orbit_robot_description/share/orbit_robot_description/meshes/FR3WMS/visual/wrist2_Link.dae:Zone.Identifier:Zone.Identifier
[2.991s] -- Symlinking: /home/sam/orbit_sim_ws/install/orbit_robot_description/share/orbit_robot_description/meshes/FR3WMS/visual/wrist3_Link.dae
[2.998s] -- Symlinking: /home/sam/orbit_sim_ws/install/orbit_robot_description/share/orbit_robot_description/meshes/FR3WMS/visual/wrist3_Link.dae:Zone.Identifier
[3.005s] -- Symlinking: /home/sam/orbit_sim_ws/install/orbit_robot_description/share/orbit_robot_description/meshes/FR3WMS/visual/wrist3_Link.dae:Zone.Identifier:Zone.Identifier
[3.013s] -- Symlinking: /home/sam/orbit_sim_ws/install/orbit_robot_description/share/orbit_robot_description/meshes/FR5WM/collision/base_link.STL
[3.019s] -- Symlinking: /home/sam/orbit_sim_ws/install/orbit_robot_description/share/orbit_robot_description/meshes/FR5WM/collision/base_link.STL:Zone.Identifier
[3.026s] -- Symlinking: /home/sam/orbit_sim_ws/install/orbit_robot_description/share/orbit_robot_description/meshes/FR5WM/collision/base_link.STL:Zone.Identifier:Zone.Identifier
[3.033s] -- Symlinking: /home/sam/orbit_sim_ws/install/orbit_robot_description/share/orbit_robot_description/meshes/FR5WM/collision/forearm_Link.STL
[3.040s] -- Symlinking: /home/sam/orbit_sim_ws/install/orbit_robot_description/share/orbit_robot_description/meshes/FR5WM/collision/forearm_Link.STL:Zone.Identifier
[3.047s] -- Symlinking: /home/sam/orbit_sim_ws/install/orbit_robot_description/share/orbit_robot_description/meshes/FR5WM/collision/forearm_Link.STL:Zone.Identifier:Zone.Identifier
[3.054s] -- Symlinking: /home/sam/orbit_sim_ws/install/orbit_robot_description/share/orbit_robot_description/meshes/FR5WM/collision/shoulder_Link.STL
[3.060s] -- Symlinking: /home/sam/orbit_sim_ws/install/orbit_robot_description/share/orbit_robot_description/meshes/FR5WM/collision/shoulder_Link.STL:Zone.Identifier
[3.067s] -- Symlinking: /home/sam/orbit_sim_ws/install/orbit_robot_description/share/orbit_robot_description/meshes/FR5WM/collision/shoulder_Link.STL:Zone.Identifier:Zone.Identifier
[3.073s] -- Symlinking: /home/sam/orbit_sim_ws/install/orbit_robot_description/share/orbit_robot_description/meshes/FR5WM/collision/upperarm_Link.STL
[3.080s] -- Symlinking: /home/sam/orbit_sim_ws/install/orbit_robot_description/share/orbit_robot_description/meshes/FR5WM/collision/upperarm_Link.STL:Zone.Identifier
[3.087s] -- Symlinking: /home/sam/orbit_sim_ws/install/orbit_robot_description/share/orbit_robot_description/meshes/FR5WM/collision/upperarm_Link.STL:Zone.Identifier:Zone.Identifier
[3.093s] -- Symlinking: /home/sam/orbit_sim_ws/install/orbit_robot_description/share/orbit_robot_description/meshes/FR5WM/collision/wrist1_Link.STL
[3.100s] -- Symlinking: /home/sam/orbit_sim_ws/install/orbit_robot_description/share/orbit_robot_description/meshes/FR5WM/collision/wrist1_Link.STL:Zone.Identifier
[3.107s] -- Symlinking: /home/sam/orbit_sim_ws/install/orbit_robot_description/share/orbit_robot_description/meshes/FR5WM/collision/wrist1_Link.STL:Zone.Identifier:Zone.Identifier
[3.114s] -- Symlinking: /home/sam/orbit_sim_ws/install/orbit_robot_description/share/orbit_robot_description/meshes/FR5WM/collision/wrist2_Link.STL
[3.120s] -- Symlinking: /home/sam/orbit_sim_ws/install/orbit_robot_description/share/orbit_robot_description/meshes/FR5WM/collision/wrist2_Link.STL:Zone.Identifier
[3.127s] -- Symlinking: /home/sam/orbit_sim_ws/install/orbit_robot_description/share/orbit_robot_description/meshes/FR5WM/collision/wrist2_Link.STL:Zone.Identifier:Zone.Identifier
[3.134s] -- Symlinking: /home/sam/orbit_sim_ws/install/orbit_robot_description/share/orbit_robot_description/meshes/FR5WM/collision/wrist3_Link.STL
[3.140s] -- Symlinking: /home/sam/orbit_sim_ws/install/orbit_robot_description/share/orbit_robot_description/meshes/FR5WM/collision/wrist3_Link.STL:Zone.Identifier
[3.147s] -- Symlinking: /home/sam/orbit_sim_ws/install/orbit_robot_description/share/orbit_robot_description/meshes/FR5WM/collision/wrist3_Link.STL:Zone.Identifier:Zone.Identifier
[3.154s] -- Symlinking: /home/sam/orbit_sim_ws/install/orbit_robot_description/share/orbit_robot_description/meshes/FR5WM/visual/base_link.dae
[3.160s] -- Symlinking: /home/sam/orbit_sim_ws/install/orbit_robot_description/share/orbit_robot_description/meshes/FR5WM/visual/base_link.dae:Zone.Identifier
[3.166s] -- Symlinking: /home/sam/orbit_sim_ws/install/orbit_robot_description/share/orbit_robot_description/meshes/FR5WM/visual/base_link.dae:Zone.Identifier:Zone.Identifier
[3.173s] -- Symlinking: /home/sam/orbit_sim_ws/install/orbit_robot_description/share/orbit_robot_description/meshes/FR5WM/visual/forearm_Link.dae
[3.179s] -- Symlinking: /home/sam/orbit_sim_ws/install/orbit_robot_description/share/orbit_robot_description/meshes/FR5WM/visual/forearm_Link.dae:Zone.Identifier
[3.186s] -- Symlinking: /home/sam/orbit_sim_ws/install/orbit_robot_description/share/orbit_robot_description/meshes/FR5WM/visual/forearm_Link.dae:Zone.Identifier:Zone.Identifier
[3.193s] -- Symlinking: /home/sam/orbit_sim_ws/install/orbit_robot_description/share/orbit_robot_description/meshes/FR5WM/visual/shoulder_Link.dae
[3.201s] -- Symlinking: /home/sam/orbit_sim_ws/install/orbit_robot_description/share/orbit_robot_description/meshes/FR5WM/visual/shoulder_Link.dae:Zone.Identifier
[3.207s] -- Symlinking: /home/sam/orbit_sim_ws/install/orbit_robot_description/share/orbit_robot_description/meshes/FR5WM/visual/shoulder_Link.dae:Zone.Identifier:Zone.Identifier
[3.214s] -- Symlinking: /home/sam/orbit_sim_ws/install/orbit_robot_description/share/orbit_robot_description/meshes/FR5WM/visual/upperarm_Link.dae
[3.221s] -- Symlinking: /home/sam/orbit_sim_ws/install/orbit_robot_description/share/orbit_robot_description/meshes/FR5WM/visual/upperarm_Link.dae:Zone.Identifier
[3.228s] -- Symlinking: /home/sam/orbit_sim_ws/install/orbit_robot_description/share/orbit_robot_description/meshes/FR5WM/visual/upperarm_Link.dae:Zone.Identifier:Zone.Identifier
[3.235s] -- Symlinking: /home/sam/orbit_sim_ws/install/orbit_robot_description/share/orbit_robot_description/meshes/FR5WM/visual/wrist1_Link.dae
[3.242s] -- Symlinking: /home/sam/orbit_sim_ws/install/orbit_robot_description/share/orbit_robot_description/meshes/FR5WM/visual/wrist1_Link.dae:Zone.Identifier
[3.249s] -- Symlinking: /home/sam/orbit_sim_ws/install/orbit_robot_description/share/orbit_robot_description/meshes/FR5WM/visual/wrist1_Link.dae:Zone.Identifier:Zone.Identifier
[3.256s] -- Symlinking: /home/sam/orbit_sim_ws/install/orbit_robot_description/share/orbit_robot_description/meshes/FR5WM/visual/wrist2_Link.dae
[3.264s] -- Symlinking: /home/sam/orbit_sim_ws/install/orbit_robot_description/share/orbit_robot_description/meshes/FR5WM/visual/wrist2_Link.dae:Zone.Identifier
[3.271s] -- Symlinking: /home/sam/orbit_sim_ws/install/orbit_robot_description/share/orbit_robot_description/meshes/FR5WM/visual/wrist2_Link.dae:Zone.Identifier:Zone.Identifier
[3.277s] -- Symlinking: /home/sam/orbit_sim_ws/install/orbit_robot_description/share/orbit_robot_description/meshes/FR5WM/visual/wrist3_Link.dae
[3.284s] -- Symlinking: /home/sam/orbit_sim_ws/install/orbit_robot_description/share/orbit_robot_description/meshes/FR5WM/visual/wrist3_Link.dae:Zone.Identifier
[3.291s] -- Symlinking: /home/sam/orbit_sim_ws/install/orbit_robot_description/share/orbit_robot_description/meshes/FR5WM/visual/wrist3_Link.dae:Zone.Identifier:Zone.Identifier
[3.298s] -- Symlinking: /home/sam/orbit_sim_ws/install/orbit_robot_description/share/orbit_robot_description/meshes/fairino10_v6/base_link.STL:Zone.Identifier
[3.304s] -- Symlinking: /home/sam/orbit_sim_ws/install/orbit_robot_description/share/orbit_robot_description/meshes/fairino10_v6/base_link.STL:Zone.Identifier:Zone.Identifier
[3.311s] -- Symlinking: /home/sam/orbit_sim_ws/install/orbit_robot_description/share/orbit_robot_description/meshes/fairino10_v6/base_link.stl
[3.318s] -- Symlinking: /home/sam/orbit_sim_ws/install/orbit_robot_description/share/orbit_robot_description/meshes/fairino10_v6/forearm_link.STL:Zone.Identifier
[3.325s] -- Symlinking: /home/sam/orbit_sim_ws/install/orbit_robot_description/share/orbit_robot_description/meshes/fairino10_v6/forearm_link.STL:Zone.Identifier:Zone.Identifier
[3.331s] -- Symlinking: /home/sam/orbit_sim_ws/install/orbit_robot_description/share/orbit_robot_description/meshes/fairino10_v6/forearm_link.stl
[3.338s] -- Symlinking: /home/sam/orbit_sim_ws/install/orbit_robot_description/share/orbit_robot_description/meshes/fairino10_v6/shoulder_link.STL:Zone.Identifier
[3.345s] -- Symlinking: /home/sam/orbit_sim_ws/install/orbit_robot_description/share/orbit_robot_description/meshes/fairino10_v6/shoulder_link.STL:Zone.Identifier:Zone.Identifier
[3.352s] -- Symlinking: /home/sam/orbit_sim_ws/install/orbit_robot_description/share/orbit_robot_description/meshes/fairino10_v6/shoulder_link.stl
[3.358s] -- Symlinking: /home/sam/orbit_sim_ws/install/orbit_robot_description/share/orbit_robot_description/meshes/fairino10_v6/upperarm_link.STL:Zone.Identifier
[3.364s] -- Symlinking: /home/sam/orbit_sim_ws/install/orbit_robot_description/share/orbit_robot_description/meshes/fairino10_v6/upperarm_link.STL:Zone.Identifier:Zone.Identifier
[3.371s] -- Symlinking: /home/sam/orbit_sim_ws/install/orbit_robot_description/share/orbit_robot_description/meshes/fairino10_v6/upperarm_link.stl
[3.377s] -- Symlinking: /home/sam/orbit_sim_ws/install/orbit_robot_description/share/orbit_robot_description/meshes/fairino10_v6/wrist1_link.STL:Zone.Identifier
[3.384s] -- Symlinking: /home/sam/orbit_sim_ws/install/orbit_robot_description/share/orbit_robot_description/meshes/fairino10_v6/wrist1_link.STL:Zone.Identifier:Zone.Identifier
[3.390s] -- Symlinking: /home/sam/orbit_sim_ws/install/orbit_robot_description/share/orbit_robot_description/meshes/fairino10_v6/wrist1_link.stl
[3.397s] -- Symlinking: /home/sam/orbit_sim_ws/install/orbit_robot_description/share/orbit_robot_description/meshes/fairino10_v6/wrist2_link.STL:Zone.Identifier
[3.403s] -- Symlinking: /home/sam/orbit_sim_ws/install/orbit_robot_description/share/orbit_robot_description/meshes/fairino10_v6/wrist2_link.STL:Zone.Identifier:Zone.Identifier
[3.410s] -- Symlinking: /home/sam/orbit_sim_ws/install/orbit_robot_description/share/orbit_robot_description/meshes/fairino10_v6/wrist2_link.stl
[3.416s] -- Symlinking: /home/sam/orbit_sim_ws/install/orbit_robot_description/share/orbit_robot_description/meshes/fairino10_v6/wrist3_link.STL:Zone.Identifier
[3.423s] -- Symlinking: /home/sam/orbit_sim_ws/install/orbit_robot_description/share/orbit_robot_description/meshes/fairino10_v6/wrist3_link.STL:Zone.Identifier:Zone.Identifier
[3.429s] -- Symlinking: /home/sam/orbit_sim_ws/install/orbit_robot_description/share/orbit_robot_description/meshes/fairino10_v6/wrist3_link.stl
[3.436s] -- Symlinking: /home/sam/orbit_sim_ws/install/orbit_robot_description/share/orbit_robot_description/meshes/fairino16_v6/base_link.STL
[3.442s] -- Symlinking: /home/sam/orbit_sim_ws/install/orbit_robot_description/share/orbit_robot_description/meshes/fairino16_v6/base_link.STL:Zone.Identifier
[3.449s] -- Symlinking: /home/sam/orbit_sim_ws/install/orbit_robot_description/share/orbit_robot_description/meshes/fairino16_v6/base_link.STL:Zone.Identifier:Zone.Identifier
[3.455s] -- Symlinking: /home/sam/orbit_sim_ws/install/orbit_robot_description/share/orbit_robot_description/meshes/fairino16_v6/forearm_link.STL
[3.462s] -- Symlinking: /home/sam/orbit_sim_ws/install/orbit_robot_description/share/orbit_robot_description/meshes/fairino16_v6/forearm_link.STL:Zone.Identifier
[3.469s] -- Symlinking: /home/sam/orbit_sim_ws/install/orbit_robot_description/share/orbit_robot_description/meshes/fairino16_v6/forearm_link.STL:Zone.Identifier:Zone.Identifier
[3.477s] -- Symlinking: /home/sam/orbit_sim_ws/install/orbit_robot_description/share/orbit_robot_description/meshes/fairino16_v6/shoulder_link.STL
[3.484s] -- Symlinking: /home/sam/orbit_sim_ws/install/orbit_robot_description/share/orbit_robot_description/meshes/fairino16_v6/shoulder_link.STL:Zone.Identifier
[3.491s] -- Symlinking: /home/sam/orbit_sim_ws/install/orbit_robot_description/share/orbit_robot_description/meshes/fairino16_v6/shoulder_link.STL:Zone.Identifier:Zone.Identifier
[3.498s] -- Symlinking: /home/sam/orbit_sim_ws/install/orbit_robot_description/share/orbit_robot_description/meshes/fairino16_v6/upperarm_link.STL
[3.505s] -- Symlinking: /home/sam/orbit_sim_ws/install/orbit_robot_description/share/orbit_robot_description/meshes/fairino16_v6/upperarm_link.STL:Zone.Identifier
[3.511s] -- Symlinking: /home/sam/orbit_sim_ws/install/orbit_robot_description/share/orbit_robot_description/meshes/fairino16_v6/upperarm_link.STL:Zone.Identifier:Zone.Identifier
[3.518s] -- Symlinking: /home/sam/orbit_sim_ws/install/orbit_robot_description/share/orbit_robot_description/meshes/fairino16_v6/wrist1_link.STL
[3.525s] -- Symlinking: /home/sam/orbit_sim_ws/install/orbit_robot_description/share/orbit_robot_description/meshes/fairino16_v6/wrist1_link.STL:Zone.Identifier
[3.532s] -- Symlinking: /home/sam/orbit_sim_ws/install/orbit_robot_description/share/orbit_robot_description/meshes/fairino16_v6/wrist1_link.STL:Zone.Identifier:Zone.Identifier
[3.539s] -- Symlinking: /home/sam/orbit_sim_ws/install/orbit_robot_description/share/orbit_robot_description/meshes/fairino16_v6/wrist2_link.STL
[3.546s] -- Symlinking: /home/sam/orbit_sim_ws/install/orbit_robot_description/share/orbit_robot_description/meshes/fairino16_v6/wrist2_link.STL:Zone.Identifier
[3.553s] -- Symlinking: /home/sam/orbit_sim_ws/install/orbit_robot_description/share/orbit_robot_description/meshes/fairino16_v6/wrist2_link.STL:Zone.Identifier:Zone.Identifier
[3.560s] -- Symlinking: /home/sam/orbit_sim_ws/install/orbit_robot_description/share/orbit_robot_description/meshes/fairino16_v6/wrist3_link.STL
[3.567s] -- Symlinking: /home/sam/orbit_sim_ws/install/orbit_robot_description/share/orbit_robot_description/meshes/fairino16_v6/wrist3_link.STL:Zone.Identifier
[3.574s] -- Symlinking: /home/sam/orbit_sim_ws/install/orbit_robot_description/share/orbit_robot_description/meshes/fairino16_v6/wrist3_link.STL:Zone.Identifier:Zone.Identifier
[3.581s] -- Symlinking: /home/sam/orbit_sim_ws/install/orbit_robot_description/share/orbit_robot_description/meshes/fairino20_v6/base_link.STL
[3.588s] -- Symlinking: /home/sam/orbit_sim_ws/install/orbit_robot_description/share/orbit_robot_description/meshes/fairino20_v6/base_link.STL:Zone.Identifier
[3.595s] -- Symlinking: /home/sam/orbit_sim_ws/install/orbit_robot_description/share/orbit_robot_description/meshes/fairino20_v6/base_link.STL:Zone.Identifier:Zone.Identifier
[3.601s] -- Symlinking: /home/sam/orbit_sim_ws/install/orbit_robot_description/share/orbit_robot_description/meshes/fairino20_v6/forearm_link.STL
[3.607s] -- Symlinking: /home/sam/orbit_sim_ws/install/orbit_robot_description/share/orbit_robot_description/meshes/fairino20_v6/forearm_link.STL:Zone.Identifier
[3.614s] -- Symlinking: /home/sam/orbit_sim_ws/install/orbit_robot_description/share/orbit_robot_description/meshes/fairino20_v6/forearm_link.STL:Zone.Identifier:Zone.Identifier
[3.621s] -- Symlinking: /home/sam/orbit_sim_ws/install/orbit_robot_description/share/orbit_robot_description/meshes/fairino20_v6/shoulder_link.STL
[3.628s] -- Symlinking: /home/sam/orbit_sim_ws/install/orbit_robot_description/share/orbit_robot_description/meshes/fairino20_v6/shoulder_link.STL:Zone.Identifier
[3.635s] -- Symlinking: /home/sam/orbit_sim_ws/install/orbit_robot_description/share/orbit_robot_description/meshes/fairino20_v6/shoulder_link.STL:Zone.Identifier:Zone.Identifier
[3.642s] -- Symlinking: /home/sam/orbit_sim_ws/install/orbit_robot_description/share/orbit_robot_description/meshes/fairino20_v6/upperarm_link.STL
[3.649s] -- Symlinking: /home/sam/orbit_sim_ws/install/orbit_robot_description/share/orbit_robot_description/meshes/fairino20_v6/upperarm_link.STL:Zone.Identifier
[3.655s] -- Symlinking: /home/sam/orbit_sim_ws/install/orbit_robot_description/share/orbit_robot_description/meshes/fairino20_v6/upperarm_link.STL:Zone.Identifier:Zone.Identifier
[3.662s] -- Symlinking: /home/sam/orbit_sim_ws/install/orbit_robot_description/share/orbit_robot_description/meshes/fairino20_v6/wrist1_link.STL
[3.669s] -- Symlinking: /home/sam/orbit_sim_ws/install/orbit_robot_description/share/orbit_robot_description/meshes/fairino20_v6/wrist1_link.STL:Zone.Identifier
[3.675s] -- Symlinking: /home/sam/orbit_sim_ws/install/orbit_robot_description/share/orbit_robot_description/meshes/fairino20_v6/wrist1_link.STL:Zone.Identifier:Zone.Identifier
[3.682s] -- Symlinking: /home/sam/orbit_sim_ws/install/orbit_robot_description/share/orbit_robot_description/meshes/fairino20_v6/wrist2_link.STL
[3.689s] -- Symlinking: /home/sam/orbit_sim_ws/install/orbit_robot_description/share/orbit_robot_description/meshes/fairino20_v6/wrist2_link.STL:Zone.Identifier
[3.696s] -- Symlinking: /home/sam/orbit_sim_ws/install/orbit_robot_description/share/orbit_robot_description/meshes/fairino20_v6/wrist2_link.STL:Zone.Identifier:Zone.Identifier
[3.703s] -- Symlinking: /home/sam/orbit_sim_ws/install/orbit_robot_description/share/orbit_robot_description/meshes/fairino20_v6/wrist3_link.STL
[3.710s] -- Symlinking: /home/sam/orbit_sim_ws/install/orbit_robot_description/share/orbit_robot_description/meshes/fairino20_v6/wrist3_link.STL:Zone.Identifier
[3.716s] -- Symlinking: /home/sam/orbit_sim_ws/install/orbit_robot_description/share/orbit_robot_description/meshes/fairino20_v6/wrist3_link.STL:Zone.Identifier:Zone.Identifier
[3.723s] -- Symlinking: /home/sam/orbit_sim_ws/install/orbit_robot_description/share/orbit_robot_description/meshes/fairino30_v6/base_link.STL
[3.730s] -- Symlinking: /home/sam/orbit_sim_ws/install/orbit_robot_description/share/orbit_robot_description/meshes/fairino30_v6/base_link.STL:Zone.Identifier
[3.736s] -- Symlinking: /home/sam/orbit_sim_ws/install/orbit_robot_description/share/orbit_robot_description/meshes/fairino30_v6/base_link.STL:Zone.Identifier:Zone.Identifier
[3.742s] -- Symlinking: /home/sam/orbit_sim_ws/install/orbit_robot_description/share/orbit_robot_description/meshes/fairino30_v6/forearm_link.STL
[3.749s] -- Symlinking: /home/sam/orbit_sim_ws/install/orbit_robot_description/share/orbit_robot_description/meshes/fairino30_v6/forearm_link.STL:Zone.Identifier
[3.755s] -- Symlinking: /home/sam/orbit_sim_ws/install/orbit_robot_description/share/orbit_robot_description/meshes/fairino30_v6/forearm_link.STL:Zone.Identifier:Zone.Identifier
[3.762s] -- Symlinking: /home/sam/orbit_sim_ws/install/orbit_robot_description/share/orbit_robot_description/meshes/fairino30_v6/shoulder_link.STL
[3.769s] -- Symlinking: /home/sam/orbit_sim_ws/install/orbit_robot_description/share/orbit_robot_description/meshes/fairino30_v6/shoulder_link.STL:Zone.Identifier
[3.775s] -- Symlinking: /home/sam/orbit_sim_ws/install/orbit_robot_description/share/orbit_robot_description/meshes/fairino30_v6/shoulder_link.STL:Zone.Identifier:Zone.Identifier
[3.782s] -- Symlinking: /home/sam/orbit_sim_ws/install/orbit_robot_description/share/orbit_robot_description/meshes/fairino30_v6/tool_link.STL
[3.795s] -- Symlinking: /home/sam/orbit_sim_ws/install/orbit_robot_description/share/orbit_robot_description/meshes/fairino30_v6/tool_link.STL:Zone.Identifier
[3.802s] -- Symlinking: /home/sam/orbit_sim_ws/install/orbit_robot_description/share/orbit_robot_description/meshes/fairino30_v6/tool_link.STL:Zone.Identifier:Zone.Identifier
[3.809s] -- Symlinking: /home/sam/orbit_sim_ws/install/orbit_robot_description/share/orbit_robot_description/meshes/fairino30_v6/uppperarm_link.STL
[3.815s] -- Symlinking: /home/sam/orbit_sim_ws/install/orbit_robot_description/share/orbit_robot_description/meshes/fairino30_v6/uppperarm_link.STL:Zone.Identifier
[3.822s] -- Symlinking: /home/sam/orbit_sim_ws/install/orbit_robot_description/share/orbit_robot_description/meshes/fairino30_v6/uppperarm_link.STL:Zone.Identifier:Zone.Identifier
[3.829s] -- Symlinking: /home/sam/orbit_sim_ws/install/orbit_robot_description/share/orbit_robot_description/meshes/fairino30_v6/wrist1_link.STL
[3.835s] -- Symlinking: /home/sam/orbit_sim_ws/install/orbit_robot_description/share/orbit_robot_description/meshes/fairino30_v6/wrist1_link.STL:Zone.Identifier
[3.842s] -- Symlinking: /home/sam/orbit_sim_ws/install/orbit_robot_description/share/orbit_robot_description/meshes/fairino30_v6/wrist1_link.STL:Zone.Identifier:Zone.Identifier
[3.848s] -- Symlinking: /home/sam/orbit_sim_ws/install/orbit_robot_description/share/orbit_robot_description/meshes/fairino30_v6/wrist2_link.STL
[3.854s] -- Symlinking: /home/sam/orbit_sim_ws/install/orbit_robot_description/share/orbit_robot_description/meshes/fairino30_v6/wrist2_link.STL:Zone.Identifier
[3.861s] -- Symlinking: /home/sam/orbit_sim_ws/install/orbit_robot_description/share/orbit_robot_description/meshes/fairino30_v6/wrist2_link.STL:Zone.Identifier:Zone.Identifier
[3.867s] -- Symlinking: /home/sam/orbit_sim_ws/install/orbit_robot_description/share/orbit_robot_description/meshes/fairino30_v6/wrist3_link.STL
[3.874s] -- Symlinking: /home/sam/orbit_sim_ws/install/orbit_robot_description/share/orbit_robot_description/meshes/fairino30_v6/wrist3_link.STL:Zone.Identifier
[3.880s] -- Symlinking: /home/sam/orbit_sim_ws/install/orbit_robot_description/share/orbit_robot_description/meshes/fairino30_v6/wrist3_link.STL:Zone.Identifier:Zone.Identifier
[3.887s] -- Symlinking: /home/sam/orbit_sim_ws/install/orbit_robot_description/share/orbit_robot_description/meshes/fairino3_mt_v6/base_link.STL
[3.893s] -- Symlinking: /home/sam/orbit_sim_ws/install/orbit_robot_description/share/orbit_robot_description/meshes/fairino3_mt_v6/base_link.STL:Zone.Identifier
[3.900s] -- Symlinking: /home/sam/orbit_sim_ws/install/orbit_robot_description/share/orbit_robot_description/meshes/fairino3_mt_v6/base_link.STL:Zone.Identifier:Zone.Identifier
[3.906s] -- Symlinking: /home/sam/orbit_sim_ws/install/orbit_robot_description/share/orbit_robot_description/meshes/fairino3_mt_v6/forearm_link.STL
[3.913s] -- Symlinking: /home/sam/orbit_sim_ws/install/orbit_robot_description/share/orbit_robot_description/meshes/fairino3_mt_v6/forearm_link.STL:Zone.Identifier
[3.919s] -- Symlinking: /home/sam/orbit_sim_ws/install/orbit_robot_description/share/orbit_robot_description/meshes/fairino3_mt_v6/forearm_link.STL:Zone.Identifier:Zone.Identifier
[3.926s] -- Symlinking: /home/sam/orbit_sim_ws/install/orbit_robot_description/share/orbit_robot_description/meshes/fairino3_mt_v6/shoulder_link.STL
[3.932s] -- Symlinking: /home/sam/orbit_sim_ws/install/orbit_robot_description/share/orbit_robot_description/meshes/fairino3_mt_v6/shoulder_link.STL:Zone.Identifier
[3.938s] -- Symlinking: /home/sam/orbit_sim_ws/install/orbit_robot_description/share/orbit_robot_description/meshes/fairino3_mt_v6/shoulder_link.STL:Zone.Identifier:Zone.Identifier
[3.945s] -- Symlinking: /home/sam/orbit_sim_ws/install/orbit_robot_description/share/orbit_robot_description/meshes/fairino3_mt_v6/upperarm_link.STL
[3.952s] -- Symlinking: /home/sam/orbit_sim_ws/install/orbit_robot_description/share/orbit_robot_description/meshes/fairino3_mt_v6/upperarm_link.STL:Zone.Identifier
[3.958s] -- Symlinking: /home/sam/orbit_sim_ws/install/orbit_robot_description/share/orbit_robot_description/meshes/fairino3_mt_v6/upperarm_link.STL:Zone.Identifier:Zone.Identifier
[3.964s] -- Symlinking: /home/sam/orbit_sim_ws/install/orbit_robot_description/share/orbit_robot_description/meshes/fairino3_mt_v6/wrist1_link.STL
[3.971s] -- Symlinking: /home/sam/orbit_sim_ws/install/orbit_robot_description/share/orbit_robot_description/meshes/fairino3_mt_v6/wrist1_link.STL:Zone.Identifier
[3.977s] -- Symlinking: /home/sam/orbit_sim_ws/install/orbit_robot_description/share/orbit_robot_description/meshes/fairino3_mt_v6/wrist1_link.STL:Zone.Identifier:Zone.Identifier
[3.984s] -- Symlinking: /home/sam/orbit_sim_ws/install/orbit_robot_description/share/orbit_robot_description/meshes/fairino3_mt_v6/wrist2_link.STL
[3.990s] -- Symlinking: /home/sam/orbit_sim_ws/install/orbit_robot_description/share/orbit_robot_description/meshes/fairino3_mt_v6/wrist2_link.STL:Zone.Identifier
[3.997s] -- Symlinking: /home/sam/orbit_sim_ws/install/orbit_robot_description/share/orbit_robot_description/meshes/fairino3_mt_v6/wrist2_link.STL:Zone.Identifier:Zone.Identifier
[4.003s] -- Symlinking: /home/sam/orbit_sim_ws/install/orbit_robot_description/share/orbit_robot_description/meshes/fairino3_mt_v6/wrist3_link.STL
[4.010s] -- Symlinking: /home/sam/orbit_sim_ws/install/orbit_robot_description/share/orbit_robot_description/meshes/fairino3_mt_v6/wrist3_link.STL:Zone.Identifier
[4.016s] -- Symlinking: /home/sam/orbit_sim_ws/install/orbit_robot_description/share/orbit_robot_description/meshes/fairino3_mt_v6/wrist3_link.STL:Zone.Identifier:Zone.Identifier
[4.023s] -- Symlinking: /home/sam/orbit_sim_ws/install/orbit_robot_description/share/orbit_robot_description/meshes/fairino3_v6/base_link.STL
[4.029s] -- Symlinking: /home/sam/orbit_sim_ws/install/orbit_robot_description/share/orbit_robot_description/meshes/fairino3_v6/base_link.STL:Zone.Identifier
[4.035s] -- Symlinking: /home/sam/orbit_sim_ws/install/orbit_robot_description/share/orbit_robot_description/meshes/fairino3_v6/base_link.STL:Zone.Identifier:Zone.Identifier
[4.041s] -- Symlinking: /home/sam/orbit_sim_ws/install/orbit_robot_description/share/orbit_robot_description/meshes/fairino3_v6/forearm_link.STL
[4.047s] -- Symlinking: /home/sam/orbit_sim_ws/install/orbit_robot_description/share/orbit_robot_description/meshes/fairino3_v6/forearm_link.STL:Zone.Identifier
[4.054s] -- Symlinking: /home/sam/orbit_sim_ws/install/orbit_robot_description/share/orbit_robot_description/meshes/fairino3_v6/forearm_link.STL:Zone.Identifier:Zone.Identifier
[4.060s] -- Symlinking: /home/sam/orbit_sim_ws/install/orbit_robot_description/share/orbit_robot_description/meshes/fairino3_v6/shoulder_link.STL
[4.067s] -- Symlinking: /home/sam/orbit_sim_ws/install/orbit_robot_description/share/orbit_robot_description/meshes/fairino3_v6/shoulder_link.STL:Zone.Identifier
[4.074s] -- Symlinking: /home/sam/orbit_sim_ws/install/orbit_robot_description/share/orbit_robot_description/meshes/fairino3_v6/shoulder_link.STL:Zone.Identifier:Zone.Identifier
[4.080s] -- Symlinking: /home/sam/orbit_sim_ws/install/orbit_robot_description/share/orbit_robot_description/meshes/fairino3_v6/upperarm_link.STL
[4.087s] -- Symlinking: /home/sam/orbit_sim_ws/install/orbit_robot_description/share/orbit_robot_description/meshes/fairino3_v6/upperarm_link.STL:Zone.Identifier
[4.093s] -- Symlinking: /home/sam/orbit_sim_ws/install/orbit_robot_description/share/orbit_robot_description/meshes/fairino3_v6/upperarm_link.STL:Zone.Identifier:Zone.Identifier
[4.100s] -- Symlinking: /home/sam/orbit_sim_ws/install/orbit_robot_description/share/orbit_robot_description/meshes/fairino3_v6/wrist1_link.STL
[4.106s] -- Symlinking: /home/sam/orbit_sim_ws/install/orbit_robot_description/share/orbit_robot_description/meshes/fairino3_v6/wrist1_link.STL:Zone.Identifier
[4.112s] -- Symlinking: /home/sam/orbit_sim_ws/install/orbit_robot_description/share/orbit_robot_description/meshes/fairino3_v6/wrist1_link.STL:Zone.Identifier:Zone.Identifier
[4.119s] -- Symlinking: /home/sam/orbit_sim_ws/install/orbit_robot_description/share/orbit_robot_description/meshes/fairino3_v6/wrist2_link.STL
[4.125s] -- Symlinking: /home/sam/orbit_sim_ws/install/orbit_robot_description/share/orbit_robot_description/meshes/fairino3_v6/wrist2_link.STL:Zone.Identifier
[4.131s] -- Symlinking: /home/sam/orbit_sim_ws/install/orbit_robot_description/share/orbit_robot_description/meshes/fairino3_v6/wrist2_link.STL:Zone.Identifier:Zone.Identifier
[4.138s] -- Symlinking: /home/sam/orbit_sim_ws/install/orbit_robot_description/share/orbit_robot_description/meshes/fairino3_v6/wrist3_link.STL
[4.145s] -- Symlinking: /home/sam/orbit_sim_ws/install/orbit_robot_description/share/orbit_robot_description/meshes/fairino3_v6/wrist3_link.STL:Zone.Identifier
[4.152s] -- Symlinking: /home/sam/orbit_sim_ws/install/orbit_robot_description/share/orbit_robot_description/meshes/fairino3_v6/wrist3_link.STL:Zone.Identifier:Zone.Identifier
[4.159s] -- Symlinking: /home/sam/orbit_sim_ws/install/orbit_robot_description/share/orbit_robot_description/meshes/fairino5_v6/base_link.STL
[4.165s] -- Symlinking: /home/sam/orbit_sim_ws/install/orbit_robot_description/share/orbit_robot_description/meshes/fairino5_v6/base_link.STL:Zone.Identifier
[4.172s] -- Symlinking: /home/sam/orbit_sim_ws/install/orbit_robot_description/share/orbit_robot_description/meshes/fairino5_v6/base_link.STL:Zone.Identifier:Zone.Identifier
[4.179s] -- Symlinking: /home/sam/orbit_sim_ws/install/orbit_robot_description/share/orbit_robot_description/meshes/fairino5_v6/forearm_link.STL
[4.185s] -- Symlinking: /home/sam/orbit_sim_ws/install/orbit_robot_description/share/orbit_robot_description/meshes/fairino5_v6/forearm_link.STL:Zone.Identifier
[4.191s] -- Symlinking: /home/sam/orbit_sim_ws/install/orbit_robot_description/share/orbit_robot_description/meshes/fairino5_v6/forearm_link.STL:Zone.Identifier:Zone.Identifier
[4.198s] -- Symlinking: /home/sam/orbit_sim_ws/install/orbit_robot_description/share/orbit_robot_description/meshes/fairino5_v6/shoulder_link.STL
[4.205s] -- Symlinking: /home/sam/orbit_sim_ws/install/orbit_robot_description/share/orbit_robot_description/meshes/fairino5_v6/shoulder_link.STL:Zone.Identifier
[4.211s] -- Symlinking: /home/sam/orbit_sim_ws/install/orbit_robot_description/share/orbit_robot_description/meshes/fairino5_v6/shoulder_link.STL:Zone.Identifier:Zone.Identifier
[4.217s] -- Symlinking: /home/sam/orbit_sim_ws/install/orbit_robot_description/share/orbit_robot_description/meshes/fairino5_v6/upperarm_link.STL
[4.224s] -- Symlinking: /home/sam/orbit_sim_ws/install/orbit_robot_description/share/orbit_robot_description/meshes/fairino5_v6/upperarm_link.STL:Zone.Identifier
[4.230s] -- Symlinking: /home/sam/orbit_sim_ws/install/orbit_robot_description/share/orbit_robot_description/meshes/fairino5_v6/upperarm_link.STL:Zone.Identifier:Zone.Identifier
[4.236s] -- Symlinking: /home/sam/orbit_sim_ws/install/orbit_robot_description/share/orbit_robot_description/meshes/fairino5_v6/wrist1_link.STL
[4.243s] -- Symlinking: /home/sam/orbit_sim_ws/install/orbit_robot_description/share/orbit_robot_description/meshes/fairino5_v6/wrist1_link.STL:Zone.Identifier
[4.250s] -- Symlinking: /home/sam/orbit_sim_ws/install/orbit_robot_description/share/orbit_robot_description/meshes/fairino5_v6/wrist1_link.STL:Zone.Identifier:Zone.Identifier
[4.256s] -- Symlinking: /home/sam/orbit_sim_ws/install/orbit_robot_description/share/orbit_robot_description/meshes/fairino5_v6/wrist2_link.STL
[4.262s] -- Symlinking: /home/sam/orbit_sim_ws/install/orbit_robot_description/share/orbit_robot_description/meshes/fairino5_v6/wrist2_link.STL:Zone.Identifier
[4.269s] -- Symlinking: /home/sam/orbit_sim_ws/install/orbit_robot_description/share/orbit_robot_description/meshes/fairino5_v6/wrist2_link.STL:Zone.Identifier:Zone.Identifier
[4.275s] -- Symlinking: /home/sam/orbit_sim_ws/install/orbit_robot_description/share/orbit_robot_description/meshes/fairino5_v6/wrist3_link.STL
[4.281s] -- Symlinking: /home/sam/orbit_sim_ws/install/orbit_robot_description/share/orbit_robot_description/meshes/fairino5_v6/wrist3_link.STL:Zone.Identifier
[4.288s] -- Symlinking: /home/sam/orbit_sim_ws/install/orbit_robot_description/share/orbit_robot_description/meshes/fairino5_v6/wrist3_link.STL:Zone.Identifier:Zone.Identifier
[4.295s] -- Symlinking: /home/sam/orbit_sim_ws/install/orbit_robot_description/share/orbit_robot_description/rviz/.setup_assistant
[4.301s] -- Symlinking: /home/sam/orbit_sim_ws/install/orbit_robot_description/share/orbit_robot_description/rviz/.setup_assistant:Zone.Identifier
[4.308s] -- Symlinking: /home/sam/orbit_sim_ws/install/orbit_robot_description/share/orbit_robot_description/rviz/.setup_assistant:Zone.Identifier:Zone.Identifier
[4.315s] -- Symlinking: /home/sam/orbit_sim_ws/install/orbit_robot_description/share/ament_index/resource_index/package_run_dependencies/orbit_robot_description
[4.322s] -- Symlinking: /home/sam/orbit_sim_ws/install/orbit_robot_description/share/ament_index/resource_index/parent_prefix_path/orbit_robot_description
[4.328s] -- Symlinking: /home/sam/orbit_sim_ws/install/orbit_robot_description/share/orbit_robot_description/environment/ament_prefix_path.sh
[4.336s] -- Symlinking: /home/sam/orbit_sim_ws/install/orbit_robot_description/share/orbit_robot_description/environment/ament_prefix_path.dsv
[4.342s] -- Symlinking: /home/sam/orbit_sim_ws/install/orbit_robot_description/share/orbit_robot_description/environment/path.sh
[4.349s] -- Symlinking: /home/sam/orbit_sim_ws/install/orbit_robot_description/share/orbit_robot_description/environment/path.dsv
[4.355s] -- Symlinking: /home/sam/orbit_sim_ws/install/orbit_robot_description/share/orbit_robot_description/local_setup.bash
[4.362s] -- Symlinking: /home/sam/orbit_sim_ws/install/orbit_robot_description/share/orbit_robot_description/local_setup.sh
[4.369s] -- Symlinking: /home/sam/orbit_sim_ws/install/orbit_robot_description/share/orbit_robot_description/local_setup.zsh
[4.376s] -- Symlinking: /home/sam/orbit_sim_ws/install/orbit_robot_description/share/orbit_robot_description/local_setup.dsv
[4.383s] -- Symlinking: /home/sam/orbit_sim_ws/install/orbit_robot_description/share/orbit_robot_description/package.dsv
[4.390s] -- Symlinking: /home/sam/orbit_sim_ws/install/orbit_robot_description/share/ament_index/resource_index/packages/orbit_robot_description
[4.398s] -- Symlinking: /home/sam/orbit_sim_ws/install/orbit_robot_description/share/orbit_robot_description/cmake/orbit_robot_descriptionConfig.cmake
[4.405s] -- Symlinking: /home/sam/orbit_sim_ws/install/orbit_robot_description/share/orbit_robot_description/cmake/orbit_robot_descriptionConfig-version.cmake
[4.411s] -- Symlinking: /home/sam/orbit_sim_ws/install/orbit_robot_description/share/orbit_robot_description/package.xml
[4.419s] Invoked command in '/home/sam/orbit_sim_ws/build/orbit_robot_description' returned '0': CMAKE_PREFIX_PATH=${CMAKE_PREFIX_PATH}:/opt/ros/humble /usr/bin/cmake --install /home/sam/orbit_sim_ws/build/orbit_robot_description
