[0.090s] Invoking command in '/home/sam/orbit_sim_ws/build/gazebo_ros2_control_demos': CMAKE_PREFIX_PATH=${CMAKE_PREFIX_PATH}:/opt/ros/humble /usr/bin/cmake /home/sam/orbit_sim_ws/src/gazebo_ros2_control/gazebo_ros2_control_demos -DAMENT_CMAKE_SYMLINK_INSTALL=1 -DCMAKE_INSTALL_PREFIX=/home/sam/orbit_sim_ws/install/gazebo_ros2_control_demos
[0.266s] -- The C compiler identification is GNU 11.4.0
[0.655s] -- The CXX compiler identification is GNU 11.4.0
[1.056s] -- Detecting C compiler ABI info
[1.191s] -- Detecting C compiler ABI info - done
[1.196s] -- Check for working C compiler: /usr/bin/cc - skipped
[1.196s] -- Detecting C compile features
[1.196s] -- Detecting C compile features - done
[1.198s] -- Detecting CXX compiler ABI info
[1.345s] -- Detecting CXX compiler ABI info - done
[1.350s] -- Check for working CXX compiler: /usr/bin/c++ - skipped
[1.350s] -- Detecting CXX compile features
[1.350s] -- Detecting CXX compile features - done
[1.352s] -- Found ament_cmake: 1.3.14 (/opt/ros/humble/share/ament_cmake/cmake)
[1.462s] -- Found Python3: /usr/bin/python3 (found version "3.10.12") found components: Interpreter 
[1.510s] -- Override CMake install command with custom implementation using symlinks instead of copying resources
[1.526s] -- Found control_msgs: 4.9.0 (/opt/ros/humble/share/control_msgs/cmake)
[1.715s] -- Found rosidl_generator_c: 3.1.8 (/opt/ros/humble/share/rosidl_generator_c/cmake)
[1.719s] -- Found rosidl_adapter: 3.1.8 (/opt/ros/humble/share/rosidl_adapter/cmake)
[1.726s] -- Found rosidl_generator_cpp: 3.1.8 (/opt/ros/humble/share/rosidl_generator_cpp/cmake)
[1.734s] -- Using all available rosidl_typesupport_c: rosidl_typesupport_fastrtps_c;rosidl_typesupport_introspection_c
[1.745s] -- Using all available rosidl_typesupport_cpp: rosidl_typesupport_fastrtps_cpp;rosidl_typesupport_introspection_cpp
[1.834s] -- Found rclcpp: 16.0.19 (/opt/ros/humble/share/rclcpp/cmake)
[1.860s] -- Found rmw_implementation_cmake: 6.1.2 (/opt/ros/humble/share/rmw_implementation_cmake/cmake)
[1.862s] -- Found rmw_fastrtps_cpp: 6.2.10 (/opt/ros/humble/share/rmw_fastrtps_cpp/cmake)
[3.561s] -- Found OpenSSL: /usr/lib/x86_64-linux-gnu/libcrypto.so (found version "3.0.2")  
[5.684s] -- Found FastRTPS: /opt/ros/humble/include  
[8.206s] -- Using RMW implementation 'rmw_fastrtps_cpp' as default
[8.212s] -- Looking for pthread.h
[8.358s] -- Looking for pthread.h - found
[8.358s] -- Performing Test CMAKE_HAVE_LIBC_PTHREAD
[8.510s] -- Performing Test CMAKE_HAVE_LIBC_PTHREAD - Success
[8.511s] -- Found Threads: TRUE  
[8.538s] -- Found rclcpp_action: 16.0.19 (/opt/ros/humble/share/rclcpp_action/cmake)
[8.549s] -- Found ament_cmake_gtest: 1.3.14 (/opt/ros/humble/share/ament_cmake_gtest/cmake)
[8.550s] -- Found ament_lint_auto: 0.12.15 (/opt/ros/humble/share/ament_lint_auto/cmake)
[8.612s] -- Added test 'copyright' to check source files copyright and LICENSE
[8.614s] -- Added test 'cppcheck' to perform static code analysis on C / C++ code
[8.614s] -- Configured cppcheck include dirs: 
[8.614s] -- Configured cppcheck exclude dirs and/or files: 
[8.615s] -- Added test 'cpplint' to check C / C++ code against the Google style
[8.616s] -- Configured cpplint exclude dirs and/or files: 
[8.616s] -- Added test 'flake8' to check Python code syntax and style conventions
[8.617s] -- Added test 'lint_cmake' to check CMake code style
[8.617s] -- Added test 'pep257' to check Python code against some of the docstring style conventions in PEP 257
[8.619s] -- Added test 'uncrustify' to check C / C++ code style
[8.619s] -- Configured uncrustify additional arguments: 
[8.619s] -- Added test 'xmllint' to check XML markup files
[8.620s] -- Configuring done
[8.644s] -- Generating done
[8.654s] -- Build files have been written to: /home/sam/orbit_sim_ws/build/gazebo_ros2_control_demos
[8.663s] Invoked command in '/home/sam/orbit_sim_ws/build/gazebo_ros2_control_demos' returned '0': CMAKE_PREFIX_PATH=${CMAKE_PREFIX_PATH}:/opt/ros/humble /usr/bin/cmake /home/sam/orbit_sim_ws/src/gazebo_ros2_control/gazebo_ros2_control_demos -DAMENT_CMAKE_SYMLINK_INSTALL=1 -DCMAKE_INSTALL_PREFIX=/home/sam/orbit_sim_ws/install/gazebo_ros2_control_demos
[8.665s] Invoking command in '/home/sam/orbit_sim_ws/build/gazebo_ros2_control_demos': CMAKE_PREFIX_PATH=${CMAKE_PREFIX_PATH}:/opt/ros/humble /usr/bin/cmake --build /home/sam/orbit_sim_ws/build/gazebo_ros2_control_demos -- -j32 -l32
[8.708s] [  7%] [32mBuilding CXX object CMakeFiles/example_velocity.dir/examples/example_velocity.cpp.o[0m
[8.712s] [ 21%] [32mBuilding CXX object CMakeFiles/example_gripper.dir/examples/example_gripper.cpp.o[0m
[8.712s] [ 21%] [32mBuilding CXX object CMakeFiles/example_diff_drive.dir/examples/example_diff_drive.cpp.o[0m
[8.717s] [ 28%] [32mBuilding CXX object CMakeFiles/example_tricycle_drive.dir/examples/example_tricycle_drive.cpp.o[0m
[8.719s] [ 35%] [32mBuilding CXX object CMakeFiles/example_effort.dir/examples/example_effort.cpp.o[0m
[8.726s] [ 42%] [32mBuilding CXX object CMakeFiles/example_position_pid.dir/examples/example_position_pid.cpp.o[0m
[8.728s] [ 50%] [32mBuilding CXX object CMakeFiles/example_position.dir/examples/example_position.cpp.o[0m
[13.563s] [ 57%] [32m[1mLinking CXX executable example_position_pid[0m
[13.604s] [ 64%] [32m[1mLinking CXX executable example_diff_drive[0m
[13.649s] [ 71%] [32m[1mLinking CXX executable example_velocity[0m
[13.659s] [ 78%] [32m[1mLinking CXX executable example_tricycle_drive[0m
[13.670s] [ 85%] [32m[1mLinking CXX executable example_gripper[0m
[13.777s] [ 92%] [32m[1mLinking CXX executable example_effort[0m
[13.866s] [ 92%] Built target example_position_pid
[13.934s] [ 92%] Built target example_diff_drive
[13.955s] [ 92%] Built target example_velocity
[13.975s] [ 92%] Built target example_tricycle_drive
[13.983s] [ 92%] Built target example_gripper
[14.040s] [100%] [32m[1mLinking CXX executable example_position[0m
[14.077s] [100%] Built target example_effort
[14.310s] [100%] Built target example_position
[14.318s] Invoked command in '/home/sam/orbit_sim_ws/build/gazebo_ros2_control_demos' returned '0': CMAKE_PREFIX_PATH=${CMAKE_PREFIX_PATH}:/opt/ros/humble /usr/bin/cmake --build /home/sam/orbit_sim_ws/build/gazebo_ros2_control_demos -- -j32 -l32
[14.318s] Invoking command in '/home/sam/orbit_sim_ws/build/gazebo_ros2_control_demos': CMAKE_PREFIX_PATH=${CMAKE_PREFIX_PATH}:/opt/ros/humble /usr/bin/cmake --install /home/sam/orbit_sim_ws/build/gazebo_ros2_control_demos
[14.323s] -- Install configuration: ""
[14.323s] -- Execute custom install script
[14.324s] -- Symlinking: /home/sam/orbit_sim_ws/install/gazebo_ros2_control_demos/share/gazebo_ros2_control_demos//launch/cart_example_effort.launch.py
[14.330s] -- Symlinking: /home/sam/orbit_sim_ws/install/gazebo_ros2_control_demos/share/gazebo_ros2_control_demos//launch/cart_example_position.launch.py
[14.335s] -- Symlinking: /home/sam/orbit_sim_ws/install/gazebo_ros2_control_demos/share/gazebo_ros2_control_demos//launch/cart_example_velocity.launch.py
[14.340s] -- Symlinking: /home/sam/orbit_sim_ws/install/gazebo_ros2_control_demos/share/gazebo_ros2_control_demos//launch/diff_drive.launch.py
[14.347s] -- Symlinking: /home/sam/orbit_sim_ws/install/gazebo_ros2_control_demos/share/gazebo_ros2_control_demos//launch/diff_drive_namespaced.launch.py
[14.353s] -- Symlinking: /home/sam/orbit_sim_ws/install/gazebo_ros2_control_demos/share/gazebo_ros2_control_demos//launch/diff_drive_pair_namespaced.launch.py
[14.359s] -- Symlinking: /home/sam/orbit_sim_ws/install/gazebo_ros2_control_demos/share/gazebo_ros2_control_demos//launch/gripper_mimic_joint_example.launch.py
[14.365s] -- Symlinking: /home/sam/orbit_sim_ws/install/gazebo_ros2_control_demos/share/gazebo_ros2_control_demos//launch/pendulum_example_effort.launch.py
[14.370s] -- Symlinking: /home/sam/orbit_sim_ws/install/gazebo_ros2_control_demos/share/gazebo_ros2_control_demos//launch/pendulum_example_position.launch.py
[14.376s] -- Symlinking: /home/sam/orbit_sim_ws/install/gazebo_ros2_control_demos/share/gazebo_ros2_control_demos//launch/tricycle_drive.launch.py
[14.381s] -- Symlinking: /home/sam/orbit_sim_ws/install/gazebo_ros2_control_demos/share/gazebo_ros2_control_demos//launch/vertical_cart_example_position_pid.launch.py
[14.386s] -- Symlinking: /home/sam/orbit_sim_ws/install/gazebo_ros2_control_demos/share/gazebo_ros2_control_demos//launch/vertical_cart_example_position_pids_in_yaml.launch.py
[14.391s] -- Symlinking: /home/sam/orbit_sim_ws/install/gazebo_ros2_control_demos/share/gazebo_ros2_control_demos//launch/vertical_cart_example_velocity_pid.launch.py
[14.397s] -- Symlinking: /home/sam/orbit_sim_ws/install/gazebo_ros2_control_demos/share/gazebo_ros2_control_demos//config/cart_controller.yaml
[14.402s] -- Symlinking: /home/sam/orbit_sim_ws/install/gazebo_ros2_control_demos/share/gazebo_ros2_control_demos//config/cart_controller_effort.yaml
[14.407s] -- Symlinking: /home/sam/orbit_sim_ws/install/gazebo_ros2_control_demos/share/gazebo_ros2_control_demos//config/cart_controller_position.yaml
[14.413s] -- Symlinking: /home/sam/orbit_sim_ws/install/gazebo_ros2_control_demos/share/gazebo_ros2_control_demos//config/cart_controller_position_with_pids.yaml
[14.418s] -- Symlinking: /home/sam/orbit_sim_ws/install/gazebo_ros2_control_demos/share/gazebo_ros2_control_demos//config/cart_controller_velocity.yaml
[14.424s] -- Symlinking: /home/sam/orbit_sim_ws/install/gazebo_ros2_control_demos/share/gazebo_ros2_control_demos//config/config.rviz
[14.429s] -- Symlinking: /home/sam/orbit_sim_ws/install/gazebo_ros2_control_demos/share/gazebo_ros2_control_demos//config/diff_drive_controller.yaml
[14.434s] -- Symlinking: /home/sam/orbit_sim_ws/install/gazebo_ros2_control_demos/share/gazebo_ros2_control_demos//config/diff_drive_controller_namespaced.yaml
[14.440s] -- Symlinking: /home/sam/orbit_sim_ws/install/gazebo_ros2_control_demos/share/gazebo_ros2_control_demos//config/gripper_controller.yaml
[14.446s] -- Symlinking: /home/sam/orbit_sim_ws/install/gazebo_ros2_control_demos/share/gazebo_ros2_control_demos//config/tricycle_drive_controller.yaml
[14.452s] -- Symlinking: /home/sam/orbit_sim_ws/install/gazebo_ros2_control_demos/share/gazebo_ros2_control_demos//urdf/test_cart_effort.xacro.urdf
[14.461s] -- Symlinking: /home/sam/orbit_sim_ws/install/gazebo_ros2_control_demos/share/gazebo_ros2_control_demos//urdf/test_cart_position.xacro.urdf
[14.473s] -- Symlinking: /home/sam/orbit_sim_ws/install/gazebo_ros2_control_demos/share/gazebo_ros2_control_demos//urdf/test_cart_velocity.xacro.urdf
[14.479s] -- Symlinking: /home/sam/orbit_sim_ws/install/gazebo_ros2_control_demos/share/gazebo_ros2_control_demos//urdf/test_diff_drive.xacro.urdf
[14.487s] -- Symlinking: /home/sam/orbit_sim_ws/install/gazebo_ros2_control_demos/share/gazebo_ros2_control_demos//urdf/test_diff_drive_namespaced.xacro.urdf
[14.498s] -- Symlinking: /home/sam/orbit_sim_ws/install/gazebo_ros2_control_demos/share/gazebo_ros2_control_demos//urdf/test_gripper_mimic_joint.xacro.urdf
[14.504s] -- Symlinking: /home/sam/orbit_sim_ws/install/gazebo_ros2_control_demos/share/gazebo_ros2_control_demos//urdf/test_pendulum_effort.xacro.urdf
[14.511s] -- Symlinking: /home/sam/orbit_sim_ws/install/gazebo_ros2_control_demos/share/gazebo_ros2_control_demos//urdf/test_pendulum_position.xacro.urdf
[14.520s] -- Symlinking: /home/sam/orbit_sim_ws/install/gazebo_ros2_control_demos/share/gazebo_ros2_control_demos//urdf/test_tricycle_drive.xacro.urdf
[14.566s] -- Symlinking: /home/sam/orbit_sim_ws/install/gazebo_ros2_control_demos/share/gazebo_ros2_control_demos//urdf/test_vertical_cart_position_pid.xacro.urdf
[14.574s] -- Symlinking: /home/sam/orbit_sim_ws/install/gazebo_ros2_control_demos/share/gazebo_ros2_control_demos//urdf/test_vertical_cart_position_pids_in_yaml.xacro.urdf
[14.590s] -- Symlinking: /home/sam/orbit_sim_ws/install/gazebo_ros2_control_demos/share/gazebo_ros2_control_demos//urdf/test_vertical_cart_velocity_pid.xacro.urdf
[14.602s] -- Symlinking: /home/sam/orbit_sim_ws/install/gazebo_ros2_control_demos/lib/gazebo_ros2_control_demos/example_position
[14.615s] -- Symlinking: /home/sam/orbit_sim_ws/install/gazebo_ros2_control_demos/lib/gazebo_ros2_control_demos/example_position_pid
[14.625s] -- Symlinking: /home/sam/orbit_sim_ws/install/gazebo_ros2_control_demos/lib/gazebo_ros2_control_demos/example_velocity
[14.635s] -- Symlinking: /home/sam/orbit_sim_ws/install/gazebo_ros2_control_demos/lib/gazebo_ros2_control_demos/example_effort
[14.645s] -- Symlinking: /home/sam/orbit_sim_ws/install/gazebo_ros2_control_demos/lib/gazebo_ros2_control_demos/example_diff_drive
[14.655s] -- Symlinking: /home/sam/orbit_sim_ws/install/gazebo_ros2_control_demos/lib/gazebo_ros2_control_demos/example_tricycle_drive
[14.664s] -- Symlinking: /home/sam/orbit_sim_ws/install/gazebo_ros2_control_demos/lib/gazebo_ros2_control_demos/example_gripper
[14.674s] -- Symlinking: /home/sam/orbit_sim_ws/install/gazebo_ros2_control_demos/share/ament_index/resource_index/package_run_dependencies/gazebo_ros2_control_demos
[14.685s] -- Symlinking: /home/sam/orbit_sim_ws/install/gazebo_ros2_control_demos/share/ament_index/resource_index/parent_prefix_path/gazebo_ros2_control_demos
[14.694s] -- Symlinking: /home/sam/orbit_sim_ws/install/gazebo_ros2_control_demos/share/gazebo_ros2_control_demos/environment/ament_prefix_path.sh
[14.704s] -- Symlinking: /home/sam/orbit_sim_ws/install/gazebo_ros2_control_demos/share/gazebo_ros2_control_demos/environment/ament_prefix_path.dsv
[14.712s] -- Symlinking: /home/sam/orbit_sim_ws/install/gazebo_ros2_control_demos/share/gazebo_ros2_control_demos/environment/path.sh
[14.722s] -- Symlinking: /home/sam/orbit_sim_ws/install/gazebo_ros2_control_demos/share/gazebo_ros2_control_demos/environment/path.dsv
[14.730s] -- Symlinking: /home/sam/orbit_sim_ws/install/gazebo_ros2_control_demos/share/gazebo_ros2_control_demos/local_setup.bash
[14.739s] -- Symlinking: /home/sam/orbit_sim_ws/install/gazebo_ros2_control_demos/share/gazebo_ros2_control_demos/local_setup.sh
[14.748s] -- Symlinking: /home/sam/orbit_sim_ws/install/gazebo_ros2_control_demos/share/gazebo_ros2_control_demos/local_setup.zsh
[14.756s] -- Symlinking: /home/sam/orbit_sim_ws/install/gazebo_ros2_control_demos/share/gazebo_ros2_control_demos/local_setup.dsv
[14.764s] -- Symlinking: /home/sam/orbit_sim_ws/install/gazebo_ros2_control_demos/share/gazebo_ros2_control_demos/package.dsv
[14.773s] -- Symlinking: /home/sam/orbit_sim_ws/install/gazebo_ros2_control_demos/share/ament_index/resource_index/packages/gazebo_ros2_control_demos
[14.781s] -- Symlinking: /home/sam/orbit_sim_ws/install/gazebo_ros2_control_demos/share/gazebo_ros2_control_demos/cmake/gazebo_ros2_control_demosConfig.cmake
[14.788s] -- Symlinking: /home/sam/orbit_sim_ws/install/gazebo_ros2_control_demos/share/gazebo_ros2_control_demos/cmake/gazebo_ros2_control_demosConfig-version.cmake
[14.796s] -- Symlinking: /home/sam/orbit_sim_ws/install/gazebo_ros2_control_demos/share/gazebo_ros2_control_demos/package.xml
[14.805s] Invoked command in '/home/sam/orbit_sim_ws/build/gazebo_ros2_control_demos' returned '0': CMAKE_PREFIX_PATH=${CMAKE_PREFIX_PATH}:/opt/ros/humble /usr/bin/cmake --install /home/sam/orbit_sim_ws/build/gazebo_ros2_control_demos
