[0.331s] DEBUG:colcon:Command line arguments: ['/usr/bin/colcon', 'build', '--symlink-install', '--packages-up-to', 'orbit_robot_description']
[0.331s] DEBUG:colcon:Parsed command line arguments: Namespace(log_base=None, log_level=None, verb_name='build', build_base='build', install_base='install', merge_install=False, symlink_install=True, test_result_base=None, continue_on_error=False, executor='parallel', parallel_workers=32, event_handlers=None, ignore_user_meta=False, metas=['./colcon.meta'], base_paths=['.'], packages_ignore=None, packages_ignore_regex=None, paths=None, packages_up_to=['orbit_robot_description'], packages_up_to_regex=None, packages_above=None, packages_above_and_dependencies=None, packages_above_depth=None, packages_select_by_dep=None, packages_skip_by_dep=None, packages_skip_up_to=None, packages_select_build_failed=False, packages_skip_build_finished=False, packages_select_test_failures=False, packages_skip_test_passed=False, packages_select=None, packages_skip=None, packages_select_regex=None, packages_skip_regex=None, packages_start=None, packages_end=None, allow_overriding=[], cmake_args=None, cmake_target=None, cmake_target_skip_unavailable=False, cmake_clean_cache=False, cmake_clean_first=False, cmake_force_configure=False, ament_cmake_args=None, catkin_cmake_args=None, catkin_skip_building_tests=False, mixin_files=None, mixin=None, verb_parser=<colcon_mixin.mixin.mixin_argument.MixinArgumentDecorator object at 0x754637145b10>, verb_extension=<colcon_core.verb.build.BuildVerb object at 0x754637145540>, main=<bound method BuildVerb.main of <colcon_core.verb.build.BuildVerb object at 0x754637145540>>, mixin_verb=('build',))
[0.619s] Level 1:colcon.colcon_core.package_discovery:discover_packages(colcon_meta) check parameters
[0.619s] Level 1:colcon.colcon_core.package_discovery:discover_packages(recursive) check parameters
[0.619s] Level 1:colcon.colcon_core.package_discovery:discover_packages(ignore) check parameters
[0.619s] Level 1:colcon.colcon_core.package_discovery:discover_packages(path) check parameters
[0.619s] Level 1:colcon.colcon_core.package_discovery:discover_packages(colcon_meta) discover
[0.619s] Level 1:colcon.colcon_core.package_discovery:discover_packages(recursive) discover
[0.619s] INFO:colcon.colcon_core.package_discovery:Crawling recursively for packages in '/home/sam/orbit_sim_ws'
[0.619s] Level 1:colcon.colcon_core.package_identification:_identify(.) by extensions ['ignore', 'ignore_ament_install']
[0.619s] Level 1:colcon.colcon_core.package_identification:_identify(.) by extension 'ignore'
[0.619s] Level 1:colcon.colcon_core.package_identification:_identify(.) by extension 'ignore_ament_install'
[0.619s] Level 1:colcon.colcon_core.package_identification:_identify(.) by extensions ['colcon_pkg']
[0.620s] Level 1:colcon.colcon_core.package_identification:_identify(.) by extension 'colcon_pkg'
[0.620s] Level 1:colcon.colcon_core.package_identification:_identify(.) by extensions ['colcon_meta']
[0.620s] Level 1:colcon.colcon_core.package_identification:_identify(.) by extension 'colcon_meta'
[0.620s] Level 1:colcon.colcon_core.package_identification:_identify(.) by extensions ['ros']
[0.620s] Level 1:colcon.colcon_core.package_identification:_identify(.) by extension 'ros'
[0.630s] Level 1:colcon.colcon_core.package_identification:_identify(.) by extensions ['cmake', 'python']
[0.630s] Level 1:colcon.colcon_core.package_identification:_identify(.) by extension 'cmake'
[0.630s] Level 1:colcon.colcon_core.package_identification:_identify(.) by extension 'python'
[0.630s] Level 1:colcon.colcon_core.package_identification:_identify(.) by extensions ['python_setup_py']
[0.630s] Level 1:colcon.colcon_core.package_identification:_identify(.) by extension 'python_setup_py'
[0.631s] Level 1:colcon.colcon_core.package_identification:_identify(build) by extensions ['ignore', 'ignore_ament_install']
[0.631s] Level 1:colcon.colcon_core.package_identification:_identify(build) by extension 'ignore'
[0.631s] Level 1:colcon.colcon_core.package_identification:_identify(build) ignored
[0.631s] Level 1:colcon.colcon_core.package_identification:_identify(install) by extensions ['ignore', 'ignore_ament_install']
[0.631s] Level 1:colcon.colcon_core.package_identification:_identify(install) by extension 'ignore'
[0.631s] Level 1:colcon.colcon_core.package_identification:_identify(install) ignored
[0.632s] Level 1:colcon.colcon_core.package_identification:_identify(log) by extensions ['ignore', 'ignore_ament_install']
[0.632s] Level 1:colcon.colcon_core.package_identification:_identify(log) by extension 'ignore'
[0.632s] Level 1:colcon.colcon_core.package_identification:_identify(log) ignored
[0.632s] Level 1:colcon.colcon_core.package_identification:_identify(src) by extensions ['ignore', 'ignore_ament_install']
[0.632s] Level 1:colcon.colcon_core.package_identification:_identify(src) by extension 'ignore'
[0.632s] Level 1:colcon.colcon_core.package_identification:_identify(src) by extension 'ignore_ament_install'
[0.632s] Level 1:colcon.colcon_core.package_identification:_identify(src) by extensions ['colcon_pkg']
[0.632s] Level 1:colcon.colcon_core.package_identification:_identify(src) by extension 'colcon_pkg'
[0.632s] Level 1:colcon.colcon_core.package_identification:_identify(src) by extensions ['colcon_meta']
[0.632s] Level 1:colcon.colcon_core.package_identification:_identify(src) by extension 'colcon_meta'
[0.632s] Level 1:colcon.colcon_core.package_identification:_identify(src) by extensions ['ros']
[0.632s] Level 1:colcon.colcon_core.package_identification:_identify(src) by extension 'ros'
[0.632s] Level 1:colcon.colcon_core.package_identification:_identify(src) by extensions ['cmake', 'python']
[0.632s] Level 1:colcon.colcon_core.package_identification:_identify(src) by extension 'cmake'
[0.632s] Level 1:colcon.colcon_core.package_identification:_identify(src) by extension 'python'
[0.632s] Level 1:colcon.colcon_core.package_identification:_identify(src) by extensions ['python_setup_py']
[0.632s] Level 1:colcon.colcon_core.package_identification:_identify(src) by extension 'python_setup_py'
[0.632s] Level 1:colcon.colcon_core.package_identification:_identify(src/orbit_robot_description) by extensions ['ignore', 'ignore_ament_install']
[0.632s] Level 1:colcon.colcon_core.package_identification:_identify(src/orbit_robot_description) by extension 'ignore'
[0.632s] Level 1:colcon.colcon_core.package_identification:_identify(src/orbit_robot_description) by extension 'ignore_ament_install'
[0.632s] Level 1:colcon.colcon_core.package_identification:_identify(src/orbit_robot_description) by extensions ['colcon_pkg']
[0.632s] Level 1:colcon.colcon_core.package_identification:_identify(src/orbit_robot_description) by extension 'colcon_pkg'
[0.632s] Level 1:colcon.colcon_core.package_identification:_identify(src/orbit_robot_description) by extensions ['colcon_meta']
[0.632s] Level 1:colcon.colcon_core.package_identification:_identify(src/orbit_robot_description) by extension 'colcon_meta'
[0.632s] Level 1:colcon.colcon_core.package_identification:_identify(src/orbit_robot_description) by extensions ['ros']
[0.632s] Level 1:colcon.colcon_core.package_identification:_identify(src/orbit_robot_description) by extension 'ros'
[0.635s] DEBUG:colcon.colcon_core.package_identification:Package 'src/orbit_robot_description' with type 'ros.ament_cmake' and name 'orbit_robot_description'
[0.635s] Level 1:colcon.colcon_core.package_discovery:discover_packages(recursive) using defaults
[0.635s] Level 1:colcon.colcon_core.package_discovery:discover_packages(ignore) discover
[0.635s] Level 1:colcon.colcon_core.package_discovery:discover_packages(ignore) using defaults
[0.635s] Level 1:colcon.colcon_core.package_discovery:discover_packages(path) discover
[0.635s] Level 1:colcon.colcon_core.package_discovery:discover_packages(path) using defaults
[0.670s] Level 1:colcon.colcon_core.package_discovery:discover_packages(prefix_path) check parameters
[0.670s] Level 1:colcon.colcon_core.package_discovery:discover_packages(prefix_path) discover
[0.674s] DEBUG:colcon.colcon_installed_package_information.package_discovery:Found 1 installed packages in /home/sam/orbit_sim_ws/install
[0.675s] DEBUG:colcon.colcon_installed_package_information.package_discovery:Found 326 installed packages in /opt/ros/humble
[0.676s] Level 1:colcon.colcon_core.package_discovery:discover_packages(prefix_path) using defaults
[0.755s] Level 5:colcon.colcon_core.verb:set package 'orbit_robot_description' build argument 'cmake_args' from command line to 'None'
[0.755s] Level 5:colcon.colcon_core.verb:set package 'orbit_robot_description' build argument 'cmake_target' from command line to 'None'
[0.755s] Level 5:colcon.colcon_core.verb:set package 'orbit_robot_description' build argument 'cmake_target_skip_unavailable' from command line to 'False'
[0.755s] Level 5:colcon.colcon_core.verb:set package 'orbit_robot_description' build argument 'cmake_clean_cache' from command line to 'False'
[0.755s] Level 5:colcon.colcon_core.verb:set package 'orbit_robot_description' build argument 'cmake_clean_first' from command line to 'False'
[0.755s] Level 5:colcon.colcon_core.verb:set package 'orbit_robot_description' build argument 'cmake_force_configure' from command line to 'False'
[0.755s] Level 5:colcon.colcon_core.verb:set package 'orbit_robot_description' build argument 'ament_cmake_args' from command line to 'None'
[0.755s] Level 5:colcon.colcon_core.verb:set package 'orbit_robot_description' build argument 'catkin_cmake_args' from command line to 'None'
[0.755s] Level 5:colcon.colcon_core.verb:set package 'orbit_robot_description' build argument 'catkin_skip_building_tests' from command line to 'False'
[0.755s] DEBUG:colcon.colcon_core.verb:Building package 'orbit_robot_description' with the following arguments: {'ament_cmake_args': None, 'build_base': '/home/sam/orbit_sim_ws/build/orbit_robot_description', 'catkin_cmake_args': None, 'catkin_skip_building_tests': False, 'cmake_args': None, 'cmake_clean_cache': False, 'cmake_clean_first': False, 'cmake_force_configure': False, 'cmake_target': None, 'cmake_target_skip_unavailable': False, 'install_base': '/home/sam/orbit_sim_ws/install/orbit_robot_description', 'merge_install': False, 'path': '/home/sam/orbit_sim_ws/src/orbit_robot_description', 'symlink_install': True, 'test_result_base': None}
[0.755s] INFO:colcon.colcon_core.executor:Executing jobs using 'parallel' executor
[0.757s] DEBUG:colcon.colcon_parallel_executor.executor.parallel:run_until_complete
[0.757s] INFO:colcon.colcon_ros.task.ament_cmake.build:Building ROS package in '/home/sam/orbit_sim_ws/src/orbit_robot_description' with build type 'ament_cmake'
[0.757s] INFO:colcon.colcon_cmake.task.cmake.build:Building CMake package in '/home/sam/orbit_sim_ws/src/orbit_robot_description'
[0.762s] INFO:colcon.colcon_core.plugin_system:Skipping extension 'colcon_core.shell.bat': Not used on non-Windows systems
[0.762s] INFO:colcon.colcon_core.shell:Skip shell extension 'powershell' for command environment: Not usable outside of PowerShell
[0.762s] DEBUG:colcon.colcon_core.shell:Skip shell extension 'dsv' for command environment
[0.773s] DEBUG:colcon.colcon_core.event_handler.log_command:Invoking command in '/home/sam/orbit_sim_ws/build/orbit_robot_description': CMAKE_PREFIX_PATH=${CMAKE_PREFIX_PATH}:/opt/ros/humble /usr/bin/cmake --build /home/sam/orbit_sim_ws/build/orbit_robot_description -- -j32 -l32
[0.821s] DEBUG:colcon.colcon_core.event_handler.log_command:Invoked command in '/home/sam/orbit_sim_ws/build/orbit_robot_description' returned '0': CMAKE_PREFIX_PATH=${CMAKE_PREFIX_PATH}:/opt/ros/humble /usr/bin/cmake --build /home/sam/orbit_sim_ws/build/orbit_robot_description -- -j32 -l32
[0.830s] DEBUG:colcon.colcon_core.event_handler.log_command:Invoking command in '/home/sam/orbit_sim_ws/build/orbit_robot_description': CMAKE_PREFIX_PATH=${CMAKE_PREFIX_PATH}:/opt/ros/humble /usr/bin/cmake --install /home/sam/orbit_sim_ws/build/orbit_robot_description
[0.889s] Level 1:colcon.colcon_core.environment:create_environment_scripts_only(orbit_robot_description)
[0.889s] DEBUG:colcon.colcon_core.event_handler.log_command:Invoked command in '/home/sam/orbit_sim_ws/build/orbit_robot_description' returned '0': CMAKE_PREFIX_PATH=${CMAKE_PREFIX_PATH}:/opt/ros/humble /usr/bin/cmake --install /home/sam/orbit_sim_ws/build/orbit_robot_description
[0.896s] Level 1:colcon.colcon_core.environment:checking '/home/sam/orbit_sim_ws/install/orbit_robot_description' for CMake module files
[0.896s] Level 1:colcon.colcon_core.environment:checking '/home/sam/orbit_sim_ws/install/orbit_robot_description' for CMake config files
[0.897s] Level 1:colcon.colcon_core.shell:create_environment_hook('orbit_robot_description', 'cmake_prefix_path')
[0.897s] INFO:colcon.colcon_core.shell:Creating environment hook '/home/sam/orbit_sim_ws/install/orbit_robot_description/share/orbit_robot_description/hook/cmake_prefix_path.ps1'
[0.898s] INFO:colcon.colcon_core.shell:Creating environment descriptor '/home/sam/orbit_sim_ws/install/orbit_robot_description/share/orbit_robot_description/hook/cmake_prefix_path.dsv'
[0.898s] INFO:colcon.colcon_core.shell:Creating environment hook '/home/sam/orbit_sim_ws/install/orbit_robot_description/share/orbit_robot_description/hook/cmake_prefix_path.sh'
[0.899s] Level 1:colcon.colcon_core.environment:checking '/home/sam/orbit_sim_ws/install/orbit_robot_description/bin'
[0.900s] Level 1:colcon.colcon_core.environment:checking '/home/sam/orbit_sim_ws/install/orbit_robot_description/lib/pkgconfig/orbit_robot_description.pc'
[0.900s] Level 1:colcon.colcon_core.environment:checking '/home/sam/orbit_sim_ws/install/orbit_robot_description/lib/python3.10/site-packages'
[0.900s] Level 1:colcon.colcon_core.environment:checking '/home/sam/orbit_sim_ws/install/orbit_robot_description/bin'
[0.900s] INFO:colcon.colcon_core.shell:Creating package script '/home/sam/orbit_sim_ws/install/orbit_robot_description/share/orbit_robot_description/package.ps1'
[0.902s] INFO:colcon.colcon_core.shell:Creating package descriptor '/home/sam/orbit_sim_ws/install/orbit_robot_description/share/orbit_robot_description/package.dsv'
[0.902s] INFO:colcon.colcon_core.shell:Creating package script '/home/sam/orbit_sim_ws/install/orbit_robot_description/share/orbit_robot_description/package.sh'
[0.903s] INFO:colcon.colcon_core.shell:Creating package script '/home/sam/orbit_sim_ws/install/orbit_robot_description/share/orbit_robot_description/package.bash'
[0.904s] INFO:colcon.colcon_core.shell:Creating package script '/home/sam/orbit_sim_ws/install/orbit_robot_description/share/orbit_robot_description/package.zsh'
[0.905s] Level 1:colcon.colcon_core.environment:create_file_with_runtime_dependencies(/home/sam/orbit_sim_ws/install/orbit_robot_description/share/colcon-core/packages/orbit_robot_description)
[0.905s] Level 1:colcon.colcon_core.environment:create_environment_scripts_only(orbit_robot_description)
[0.905s] Level 1:colcon.colcon_core.environment:checking '/home/sam/orbit_sim_ws/install/orbit_robot_description' for CMake module files
[0.905s] Level 1:colcon.colcon_core.environment:checking '/home/sam/orbit_sim_ws/install/orbit_robot_description' for CMake config files
[0.906s] Level 1:colcon.colcon_core.shell:create_environment_hook('orbit_robot_description', 'cmake_prefix_path')
[0.906s] INFO:colcon.colcon_core.shell:Creating environment hook '/home/sam/orbit_sim_ws/install/orbit_robot_description/share/orbit_robot_description/hook/cmake_prefix_path.ps1'
[0.907s] INFO:colcon.colcon_core.shell:Creating environment descriptor '/home/sam/orbit_sim_ws/install/orbit_robot_description/share/orbit_robot_description/hook/cmake_prefix_path.dsv'
[0.907s] INFO:colcon.colcon_core.shell:Creating environment hook '/home/sam/orbit_sim_ws/install/orbit_robot_description/share/orbit_robot_description/hook/cmake_prefix_path.sh'
[0.907s] Level 1:colcon.colcon_core.environment:checking '/home/sam/orbit_sim_ws/install/orbit_robot_description/bin'
[0.907s] Level 1:colcon.colcon_core.environment:checking '/home/sam/orbit_sim_ws/install/orbit_robot_description/lib/pkgconfig/orbit_robot_description.pc'
[0.907s] Level 1:colcon.colcon_core.environment:checking '/home/sam/orbit_sim_ws/install/orbit_robot_description/lib/python3.10/site-packages'
[0.908s] Level 1:colcon.colcon_core.environment:checking '/home/sam/orbit_sim_ws/install/orbit_robot_description/bin'
[0.908s] INFO:colcon.colcon_core.shell:Creating package script '/home/sam/orbit_sim_ws/install/orbit_robot_description/share/orbit_robot_description/package.ps1'
[0.908s] INFO:colcon.colcon_core.shell:Creating package descriptor '/home/sam/orbit_sim_ws/install/orbit_robot_description/share/orbit_robot_description/package.dsv'
[0.909s] INFO:colcon.colcon_core.shell:Creating package script '/home/sam/orbit_sim_ws/install/orbit_robot_description/share/orbit_robot_description/package.sh'
[0.909s] INFO:colcon.colcon_core.shell:Creating package script '/home/sam/orbit_sim_ws/install/orbit_robot_description/share/orbit_robot_description/package.bash'
[0.909s] INFO:colcon.colcon_core.shell:Creating package script '/home/sam/orbit_sim_ws/install/orbit_robot_description/share/orbit_robot_description/package.zsh'
[0.910s] Level 1:colcon.colcon_core.environment:create_file_with_runtime_dependencies(/home/sam/orbit_sim_ws/install/orbit_robot_description/share/colcon-core/packages/orbit_robot_description)
[0.910s] DEBUG:colcon.colcon_parallel_executor.executor.parallel:closing loop
[0.911s] DEBUG:colcon.colcon_parallel_executor.executor.parallel:loop closed
[0.911s] DEBUG:colcon.colcon_parallel_executor.executor.parallel:run_until_complete finished with '0'
[0.911s] DEBUG:colcon.colcon_core.event_reactor:joining thread
[1.071s] INFO:colcon.colcon_core.plugin_system:Skipping extension 'colcon_notification.desktop_notification.notify_send': Could not find 'notify-send'
[1.071s] INFO:colcon.colcon_core.plugin_system:Skipping extension 'colcon_notification.desktop_notification.terminal_notifier': Not used on non-Darwin systems
[1.071s] INFO:colcon.colcon_core.plugin_system:Skipping extension 'colcon_notification.desktop_notification.win32': Not used on non-Windows systems
[1.071s] INFO:colcon.colcon_notification.desktop_notification:Sending desktop notification using 'notify2'
[1.071s] DEBUG:colcon.colcon_notification.desktop_notification.notify2:Failed to initialize notify2: org.freedesktop.DBus.Error.FileNotFound: Failed to connect to socket /run/user/1000/bus: No such file or directory
[1.072s] DEBUG:colcon.colcon_core.event_reactor:joined thread
[1.072s] INFO:colcon.colcon_core.shell:Creating prefix script '/home/sam/orbit_sim_ws/install/local_setup.ps1'
[1.074s] INFO:colcon.colcon_core.shell:Creating prefix util module '/home/sam/orbit_sim_ws/install/_local_setup_util_ps1.py'
[1.075s] INFO:colcon.colcon_core.shell:Creating prefix chain script '/home/sam/orbit_sim_ws/install/setup.ps1'
[1.077s] INFO:colcon.colcon_core.shell:Creating prefix script '/home/sam/orbit_sim_ws/install/local_setup.sh'
[1.077s] INFO:colcon.colcon_core.shell:Creating prefix util module '/home/sam/orbit_sim_ws/install/_local_setup_util_sh.py'
[1.078s] INFO:colcon.colcon_core.shell:Creating prefix chain script '/home/sam/orbit_sim_ws/install/setup.sh'
[1.079s] INFO:colcon.colcon_core.shell:Creating prefix script '/home/sam/orbit_sim_ws/install/local_setup.bash'
[1.080s] INFO:colcon.colcon_core.shell:Creating prefix chain script '/home/sam/orbit_sim_ws/install/setup.bash'
[1.081s] INFO:colcon.colcon_core.shell:Creating prefix script '/home/sam/orbit_sim_ws/install/local_setup.zsh'
[1.081s] INFO:colcon.colcon_core.shell:Creating prefix chain script '/home/sam/orbit_sim_ws/install/setup.zsh'
