[0.274s] DEBUG:colcon:Command line arguments: ['/usr/bin/colcon', 'build', '--symlink-install']
[0.274s] DEBUG:colcon:Parsed command line arguments: Namespace(log_base=None, log_level=None, verb_name='build', build_base='build', install_base='install', merge_install=False, symlink_install=True, test_result_base=None, continue_on_error=False, executor='parallel', parallel_workers=32, event_handlers=None, ignore_user_meta=False, metas=['./colcon.meta'], base_paths=['.'], packages_ignore=None, packages_ignore_regex=None, paths=None, packages_up_to=None, packages_up_to_regex=None, packages_above=None, packages_above_and_dependencies=None, packages_above_depth=None, packages_select_by_dep=None, packages_skip_by_dep=None, packages_skip_up_to=None, packages_select_build_failed=False, packages_skip_build_finished=False, packages_select_test_failures=False, packages_skip_test_passed=False, packages_select=None, packages_skip=None, packages_select_regex=None, packages_skip_regex=None, packages_start=None, packages_end=None, allow_overriding=[], cmake_args=None, cmake_target=None, cmake_target_skip_unavailable=False, cmake_clean_cache=False, cmake_clean_first=False, cmake_force_configure=False, ament_cmake_args=None, catkin_cmake_args=None, catkin_skip_building_tests=False, mixin_files=None, mixin=None, verb_parser=<colcon_mixin.mixin.mixin_argument.MixinArgumentDecorator object at 0x7d6ea972da50>, verb_extension=<colcon_core.verb.build.BuildVerb object at 0x7d6ea972d480>, main=<bound method BuildVerb.main of <colcon_core.verb.build.BuildVerb object at 0x7d6ea972d480>>, mixin_verb=('build',))
[0.408s] Level 1:colcon.colcon_core.package_discovery:discover_packages(colcon_meta) check parameters
[0.408s] Level 1:colcon.colcon_core.package_discovery:discover_packages(recursive) check parameters
[0.408s] Level 1:colcon.colcon_core.package_discovery:discover_packages(ignore) check parameters
[0.408s] Level 1:colcon.colcon_core.package_discovery:discover_packages(path) check parameters
[0.408s] Level 1:colcon.colcon_core.package_discovery:discover_packages(colcon_meta) discover
[0.408s] Level 1:colcon.colcon_core.package_discovery:discover_packages(recursive) discover
[0.408s] INFO:colcon.colcon_core.package_discovery:Crawling recursively for packages in '/home/sam/orbit_sim_ws'
[0.408s] Level 1:colcon.colcon_core.package_identification:_identify(.) by extensions ['ignore', 'ignore_ament_install']
[0.409s] Level 1:colcon.colcon_core.package_identification:_identify(.) by extension 'ignore'
[0.409s] Level 1:colcon.colcon_core.package_identification:_identify(.) by extension 'ignore_ament_install'
[0.409s] Level 1:colcon.colcon_core.package_identification:_identify(.) by extensions ['colcon_pkg']
[0.409s] Level 1:colcon.colcon_core.package_identification:_identify(.) by extension 'colcon_pkg'
[0.409s] Level 1:colcon.colcon_core.package_identification:_identify(.) by extensions ['colcon_meta']
[0.409s] Level 1:colcon.colcon_core.package_identification:_identify(.) by extension 'colcon_meta'
[0.409s] Level 1:colcon.colcon_core.package_identification:_identify(.) by extensions ['ros']
[0.409s] Level 1:colcon.colcon_core.package_identification:_identify(.) by extension 'ros'
[0.419s] Level 1:colcon.colcon_core.package_identification:_identify(.) by extensions ['cmake', 'python']
[0.419s] Level 1:colcon.colcon_core.package_identification:_identify(.) by extension 'cmake'
[0.419s] Level 1:colcon.colcon_core.package_identification:_identify(.) by extension 'python'
[0.419s] Level 1:colcon.colcon_core.package_identification:_identify(.) by extensions ['python_setup_py']
[0.419s] Level 1:colcon.colcon_core.package_identification:_identify(.) by extension 'python_setup_py'
[0.419s] Level 1:colcon.colcon_core.package_identification:_identify(build) by extensions ['ignore', 'ignore_ament_install']
[0.419s] Level 1:colcon.colcon_core.package_identification:_identify(build) by extension 'ignore'
[0.419s] Level 1:colcon.colcon_core.package_identification:_identify(build) ignored
[0.419s] Level 1:colcon.colcon_core.package_identification:_identify(install) by extensions ['ignore', 'ignore_ament_install']
[0.419s] Level 1:colcon.colcon_core.package_identification:_identify(install) by extension 'ignore'
[0.419s] Level 1:colcon.colcon_core.package_identification:_identify(install) ignored
[0.419s] Level 1:colcon.colcon_core.package_identification:_identify(log) by extensions ['ignore', 'ignore_ament_install']
[0.419s] Level 1:colcon.colcon_core.package_identification:_identify(log) by extension 'ignore'
[0.419s] Level 1:colcon.colcon_core.package_identification:_identify(log) ignored
[0.419s] Level 1:colcon.colcon_core.package_identification:_identify(src) by extensions ['ignore', 'ignore_ament_install']
[0.419s] Level 1:colcon.colcon_core.package_identification:_identify(src) by extension 'ignore'
[0.419s] Level 1:colcon.colcon_core.package_identification:_identify(src) by extension 'ignore_ament_install'
[0.420s] Level 1:colcon.colcon_core.package_identification:_identify(src) by extensions ['colcon_pkg']
[0.420s] Level 1:colcon.colcon_core.package_identification:_identify(src) by extension 'colcon_pkg'
[0.420s] Level 1:colcon.colcon_core.package_identification:_identify(src) by extensions ['colcon_meta']
[0.420s] Level 1:colcon.colcon_core.package_identification:_identify(src) by extension 'colcon_meta'
[0.420s] Level 1:colcon.colcon_core.package_identification:_identify(src) by extensions ['ros']
[0.420s] Level 1:colcon.colcon_core.package_identification:_identify(src) by extension 'ros'
[0.420s] Level 1:colcon.colcon_core.package_identification:_identify(src) by extensions ['cmake', 'python']
[0.420s] Level 1:colcon.colcon_core.package_identification:_identify(src) by extension 'cmake'
[0.420s] Level 1:colcon.colcon_core.package_identification:_identify(src) by extension 'python'
[0.420s] Level 1:colcon.colcon_core.package_identification:_identify(src) by extensions ['python_setup_py']
[0.420s] Level 1:colcon.colcon_core.package_identification:_identify(src) by extension 'python_setup_py'
[0.420s] Level 1:colcon.colcon_core.package_identification:_identify(src/orbit_robot_description) by extensions ['ignore', 'ignore_ament_install']
[0.420s] Level 1:colcon.colcon_core.package_identification:_identify(src/orbit_robot_description) by extension 'ignore'
[0.420s] Level 1:colcon.colcon_core.package_identification:_identify(src/orbit_robot_description) by extension 'ignore_ament_install'
[0.420s] Level 1:colcon.colcon_core.package_identification:_identify(src/orbit_robot_description) by extensions ['colcon_pkg']
[0.420s] Level 1:colcon.colcon_core.package_identification:_identify(src/orbit_robot_description) by extension 'colcon_pkg'
[0.420s] Level 1:colcon.colcon_core.package_identification:_identify(src/orbit_robot_description) by extensions ['colcon_meta']
[0.420s] Level 1:colcon.colcon_core.package_identification:_identify(src/orbit_robot_description) by extension 'colcon_meta'
[0.420s] Level 1:colcon.colcon_core.package_identification:_identify(src/orbit_robot_description) by extensions ['ros']
[0.420s] Level 1:colcon.colcon_core.package_identification:_identify(src/orbit_robot_description) by extension 'ros'
[0.422s] DEBUG:colcon.colcon_core.package_identification:Package 'src/orbit_robot_description' with type 'ros.ament_cmake' and name 'orbit_robot_description'
[0.422s] Level 1:colcon.colcon_core.package_discovery:discover_packages(recursive) using defaults
[0.422s] Level 1:colcon.colcon_core.package_discovery:discover_packages(ignore) discover
[0.422s] Level 1:colcon.colcon_core.package_discovery:discover_packages(ignore) using defaults
[0.422s] Level 1:colcon.colcon_core.package_discovery:discover_packages(path) discover
[0.422s] Level 1:colcon.colcon_core.package_discovery:discover_packages(path) using defaults
[0.447s] Level 1:colcon.colcon_core.package_discovery:discover_packages(prefix_path) check parameters
[0.447s] Level 1:colcon.colcon_core.package_discovery:discover_packages(prefix_path) discover
[0.448s] WARNING:colcon.colcon_ros.prefix_path.ament:The path '/home/sam/orbit_sim_ws/install/orbit_robot_description' in the environment variable AMENT_PREFIX_PATH doesn't exist
[0.448s] WARNING:colcon.colcon_ros.prefix_path.catkin:The path '/home/sam/orbit_sim_ws/install/orbit_robot_description' in the environment variable CMAKE_PREFIX_PATH doesn't exist
[0.448s] DEBUG:colcon.colcon_installed_package_information.package_discovery:Found 0 installed packages in /home/sam/orbit_sim_ws/install
[0.449s] DEBUG:colcon.colcon_installed_package_information.package_discovery:Found 327 installed packages in /opt/ros/humble
[0.451s] Level 1:colcon.colcon_core.package_discovery:discover_packages(prefix_path) using defaults
[0.484s] Level 5:colcon.colcon_core.verb:set package 'orbit_robot_description' build argument 'cmake_args' from command line to 'None'
[0.484s] Level 5:colcon.colcon_core.verb:set package 'orbit_robot_description' build argument 'cmake_target' from command line to 'None'
[0.484s] Level 5:colcon.colcon_core.verb:set package 'orbit_robot_description' build argument 'cmake_target_skip_unavailable' from command line to 'False'
[0.484s] Level 5:colcon.colcon_core.verb:set package 'orbit_robot_description' build argument 'cmake_clean_cache' from command line to 'False'
[0.484s] Level 5:colcon.colcon_core.verb:set package 'orbit_robot_description' build argument 'cmake_clean_first' from command line to 'False'
[0.484s] Level 5:colcon.colcon_core.verb:set package 'orbit_robot_description' build argument 'cmake_force_configure' from command line to 'False'
[0.484s] Level 5:colcon.colcon_core.verb:set package 'orbit_robot_description' build argument 'ament_cmake_args' from command line to 'None'
[0.484s] Level 5:colcon.colcon_core.verb:set package 'orbit_robot_description' build argument 'catkin_cmake_args' from command line to 'None'
[0.484s] Level 5:colcon.colcon_core.verb:set package 'orbit_robot_description' build argument 'catkin_skip_building_tests' from command line to 'False'
[0.484s] DEBUG:colcon.colcon_core.verb:Building package 'orbit_robot_description' with the following arguments: {'ament_cmake_args': None, 'build_base': '/home/sam/orbit_sim_ws/build/orbit_robot_description', 'catkin_cmake_args': None, 'catkin_skip_building_tests': False, 'cmake_args': None, 'cmake_clean_cache': False, 'cmake_clean_first': False, 'cmake_force_configure': False, 'cmake_target': None, 'cmake_target_skip_unavailable': False, 'install_base': '/home/sam/orbit_sim_ws/install/orbit_robot_description', 'merge_install': False, 'path': '/home/sam/orbit_sim_ws/src/orbit_robot_description', 'symlink_install': True, 'test_result_base': None}
[0.484s] INFO:colcon.colcon_core.executor:Executing jobs using 'parallel' executor
[0.485s] DEBUG:colcon.colcon_parallel_executor.executor.parallel:run_until_complete
[0.485s] INFO:colcon.colcon_ros.task.ament_cmake.build:Building ROS package in '/home/sam/orbit_sim_ws/src/orbit_robot_description' with build type 'ament_cmake'
[0.485s] INFO:colcon.colcon_cmake.task.cmake.build:Building CMake package in '/home/sam/orbit_sim_ws/src/orbit_robot_description'
[0.488s] INFO:colcon.colcon_core.plugin_system:Skipping extension 'colcon_core.shell.bat': Not used on non-Windows systems
[0.488s] INFO:colcon.colcon_core.shell:Skip shell extension 'powershell' for command environment: Not usable outside of PowerShell
[0.488s] DEBUG:colcon.colcon_core.shell:Skip shell extension 'dsv' for command environment
[0.497s] DEBUG:colcon.colcon_core.event_handler.log_command:Invoking command in '/home/sam/orbit_sim_ws/build/orbit_robot_description': CMAKE_PREFIX_PATH=${CMAKE_PREFIX_PATH}:/opt/ros/humble /usr/bin/cmake /home/sam/orbit_sim_ws/src/orbit_robot_description -DAMENT_CMAKE_SYMLINK_INSTALL=1 -DCMAKE_INSTALL_PREFIX=/home/sam/orbit_sim_ws/install/orbit_robot_description
[3.030s] DEBUG:colcon.colcon_core.event_handler.log_command:Invoked command in '/home/sam/orbit_sim_ws/build/orbit_robot_description' returned '0': CMAKE_PREFIX_PATH=${CMAKE_PREFIX_PATH}:/opt/ros/humble /usr/bin/cmake /home/sam/orbit_sim_ws/src/orbit_robot_description -DAMENT_CMAKE_SYMLINK_INSTALL=1 -DCMAKE_INSTALL_PREFIX=/home/sam/orbit_sim_ws/install/orbit_robot_description
[3.032s] DEBUG:colcon.colcon_core.event_handler.log_command:Invoking command in '/home/sam/orbit_sim_ws/build/orbit_robot_description': CMAKE_PREFIX_PATH=${CMAKE_PREFIX_PATH}:/opt/ros/humble /usr/bin/cmake --build /home/sam/orbit_sim_ws/build/orbit_robot_description -- -j32 -l32
[3.061s] DEBUG:colcon.colcon_core.event_handler.log_command:Invoked command in '/home/sam/orbit_sim_ws/build/orbit_robot_description' returned '0': CMAKE_PREFIX_PATH=${CMAKE_PREFIX_PATH}:/opt/ros/humble /usr/bin/cmake --build /home/sam/orbit_sim_ws/build/orbit_robot_description -- -j32 -l32
[3.069s] DEBUG:colcon.colcon_core.event_handler.log_command:Invoking command in '/home/sam/orbit_sim_ws/build/orbit_robot_description': CMAKE_PREFIX_PATH=${CMAKE_PREFIX_PATH}:/opt/ros/humble /usr/bin/cmake --install /home/sam/orbit_sim_ws/build/orbit_robot_description
[5.059s] Level 1:colcon.colcon_core.environment:create_environment_scripts_only(orbit_robot_description)
[5.059s] DEBUG:colcon.colcon_core.event_handler.log_command:Invoked command in '/home/sam/orbit_sim_ws/build/orbit_robot_description' returned '0': CMAKE_PREFIX_PATH=${CMAKE_PREFIX_PATH}:/opt/ros/humble /usr/bin/cmake --install /home/sam/orbit_sim_ws/build/orbit_robot_description
[5.061s] Level 1:colcon.colcon_core.environment:checking '/home/sam/orbit_sim_ws/install/orbit_robot_description' for CMake module files
[5.061s] Level 1:colcon.colcon_core.environment:checking '/home/sam/orbit_sim_ws/install/orbit_robot_description' for CMake config files
[5.062s] Level 1:colcon.colcon_core.shell:create_environment_hook('orbit_robot_description', 'cmake_prefix_path')
[5.062s] INFO:colcon.colcon_core.shell:Creating environment hook '/home/sam/orbit_sim_ws/install/orbit_robot_description/share/orbit_robot_description/hook/cmake_prefix_path.ps1'
[5.063s] INFO:colcon.colcon_core.shell:Creating environment descriptor '/home/sam/orbit_sim_ws/install/orbit_robot_description/share/orbit_robot_description/hook/cmake_prefix_path.dsv'
[5.063s] INFO:colcon.colcon_core.shell:Creating environment hook '/home/sam/orbit_sim_ws/install/orbit_robot_description/share/orbit_robot_description/hook/cmake_prefix_path.sh'
[5.063s] Level 1:colcon.colcon_core.environment:checking '/home/sam/orbit_sim_ws/install/orbit_robot_description/bin'
[5.064s] Level 1:colcon.colcon_core.environment:checking '/home/sam/orbit_sim_ws/install/orbit_robot_description/lib/pkgconfig/orbit_robot_description.pc'
[5.064s] Level 1:colcon.colcon_core.environment:checking '/home/sam/orbit_sim_ws/install/orbit_robot_description/lib/python3.10/site-packages'
[5.064s] Level 1:colcon.colcon_core.environment:checking '/home/sam/orbit_sim_ws/install/orbit_robot_description/bin'
[5.064s] INFO:colcon.colcon_core.shell:Creating package script '/home/sam/orbit_sim_ws/install/orbit_robot_description/share/orbit_robot_description/package.ps1'
[5.065s] INFO:colcon.colcon_core.shell:Creating package descriptor '/home/sam/orbit_sim_ws/install/orbit_robot_description/share/orbit_robot_description/package.dsv'
[5.066s] INFO:colcon.colcon_core.shell:Creating package script '/home/sam/orbit_sim_ws/install/orbit_robot_description/share/orbit_robot_description/package.sh'
[5.066s] INFO:colcon.colcon_core.shell:Creating package script '/home/sam/orbit_sim_ws/install/orbit_robot_description/share/orbit_robot_description/package.bash'
[5.067s] INFO:colcon.colcon_core.shell:Creating package script '/home/sam/orbit_sim_ws/install/orbit_robot_description/share/orbit_robot_description/package.zsh'
[5.067s] Level 1:colcon.colcon_core.environment:create_file_with_runtime_dependencies(/home/sam/orbit_sim_ws/install/orbit_robot_description/share/colcon-core/packages/orbit_robot_description)
[5.068s] Level 1:colcon.colcon_core.environment:create_environment_scripts_only(orbit_robot_description)
[5.068s] Level 1:colcon.colcon_core.environment:checking '/home/sam/orbit_sim_ws/install/orbit_robot_description' for CMake module files
[5.068s] Level 1:colcon.colcon_core.environment:checking '/home/sam/orbit_sim_ws/install/orbit_robot_description' for CMake config files
[5.069s] Level 1:colcon.colcon_core.shell:create_environment_hook('orbit_robot_description', 'cmake_prefix_path')
[5.069s] INFO:colcon.colcon_core.shell:Creating environment hook '/home/sam/orbit_sim_ws/install/orbit_robot_description/share/orbit_robot_description/hook/cmake_prefix_path.ps1'
[5.069s] INFO:colcon.colcon_core.shell:Creating environment descriptor '/home/sam/orbit_sim_ws/install/orbit_robot_description/share/orbit_robot_description/hook/cmake_prefix_path.dsv'
[5.069s] INFO:colcon.colcon_core.shell:Creating environment hook '/home/sam/orbit_sim_ws/install/orbit_robot_description/share/orbit_robot_description/hook/cmake_prefix_path.sh'
[5.070s] Level 1:colcon.colcon_core.environment:checking '/home/sam/orbit_sim_ws/install/orbit_robot_description/bin'
[5.070s] Level 1:colcon.colcon_core.environment:checking '/home/sam/orbit_sim_ws/install/orbit_robot_description/lib/pkgconfig/orbit_robot_description.pc'
[5.070s] Level 1:colcon.colcon_core.environment:checking '/home/sam/orbit_sim_ws/install/orbit_robot_description/lib/python3.10/site-packages'
[5.070s] Level 1:colcon.colcon_core.environment:checking '/home/sam/orbit_sim_ws/install/orbit_robot_description/bin'
[5.071s] INFO:colcon.colcon_core.shell:Creating package script '/home/sam/orbit_sim_ws/install/orbit_robot_description/share/orbit_robot_description/package.ps1'
[5.071s] INFO:colcon.colcon_core.shell:Creating package descriptor '/home/sam/orbit_sim_ws/install/orbit_robot_description/share/orbit_robot_description/package.dsv'
[5.071s] INFO:colcon.colcon_core.shell:Creating package script '/home/sam/orbit_sim_ws/install/orbit_robot_description/share/orbit_robot_description/package.sh'
[5.071s] INFO:colcon.colcon_core.shell:Creating package script '/home/sam/orbit_sim_ws/install/orbit_robot_description/share/orbit_robot_description/package.bash'
[5.072s] INFO:colcon.colcon_core.shell:Creating package script '/home/sam/orbit_sim_ws/install/orbit_robot_description/share/orbit_robot_description/package.zsh'
[5.072s] Level 1:colcon.colcon_core.environment:create_file_with_runtime_dependencies(/home/sam/orbit_sim_ws/install/orbit_robot_description/share/colcon-core/packages/orbit_robot_description)
[5.072s] DEBUG:colcon.colcon_parallel_executor.executor.parallel:closing loop
[5.073s] DEBUG:colcon.colcon_parallel_executor.executor.parallel:loop closed
[5.073s] DEBUG:colcon.colcon_parallel_executor.executor.parallel:run_until_complete finished with '0'
[5.073s] DEBUG:colcon.colcon_core.event_reactor:joining thread
[5.156s] INFO:colcon.colcon_core.plugin_system:Skipping extension 'colcon_notification.desktop_notification.notify_send': Could not find 'notify-send'
[5.156s] INFO:colcon.colcon_core.plugin_system:Skipping extension 'colcon_notification.desktop_notification.terminal_notifier': Not used on non-Darwin systems
[5.156s] INFO:colcon.colcon_core.plugin_system:Skipping extension 'colcon_notification.desktop_notification.win32': Not used on non-Windows systems
[5.156s] INFO:colcon.colcon_notification.desktop_notification:Sending desktop notification using 'notify2'
[5.156s] DEBUG:colcon.colcon_notification.desktop_notification.notify2:Failed to initialize notify2: org.freedesktop.DBus.Error.FileNotFound: Failed to connect to socket /run/user/1000/bus: No such file or directory
[5.156s] DEBUG:colcon.colcon_core.event_reactor:joined thread
[5.157s] INFO:colcon.colcon_core.shell:Creating prefix script '/home/sam/orbit_sim_ws/install/local_setup.ps1'
[5.157s] INFO:colcon.colcon_core.shell:Creating prefix util module '/home/sam/orbit_sim_ws/install/_local_setup_util_ps1.py'
[5.158s] INFO:colcon.colcon_core.shell:Creating prefix chain script '/home/sam/orbit_sim_ws/install/setup.ps1'
[5.159s] INFO:colcon.colcon_core.shell:Creating prefix script '/home/sam/orbit_sim_ws/install/local_setup.sh'
[5.159s] INFO:colcon.colcon_core.shell:Creating prefix util module '/home/sam/orbit_sim_ws/install/_local_setup_util_sh.py'
[5.160s] INFO:colcon.colcon_core.shell:Creating prefix chain script '/home/sam/orbit_sim_ws/install/setup.sh'
[5.161s] INFO:colcon.colcon_core.shell:Creating prefix script '/home/sam/orbit_sim_ws/install/local_setup.bash'
[5.161s] INFO:colcon.colcon_core.shell:Creating prefix chain script '/home/sam/orbit_sim_ws/install/setup.bash'
[5.162s] INFO:colcon.colcon_core.shell:Creating prefix script '/home/sam/orbit_sim_ws/install/local_setup.zsh'
[5.162s] INFO:colcon.colcon_core.shell:Creating prefix chain script '/home/sam/orbit_sim_ws/install/setup.zsh'
