[0.314s] DEBUG:colcon:Command line arguments: ['/usr/bin/colcon', 'build', '--symlink-install']
[0.314s] DEBUG:colcon:Parsed command line arguments: Namespace(log_base=None, log_level=None, verb_name='build', build_base='build', install_base='install', merge_install=False, symlink_install=True, test_result_base=None, continue_on_error=False, executor='parallel', parallel_workers=32, event_handlers=None, ignore_user_meta=False, metas=['./colcon.meta'], base_paths=['.'], packages_ignore=None, packages_ignore_regex=None, paths=None, packages_up_to=None, packages_up_to_regex=None, packages_above=None, packages_above_and_dependencies=None, packages_above_depth=None, packages_select_by_dep=None, packages_skip_by_dep=None, packages_skip_up_to=None, packages_select_build_failed=False, packages_skip_build_finished=False, packages_select_test_failures=False, packages_skip_test_passed=False, packages_select=None, packages_skip=None, packages_select_regex=None, packages_skip_regex=None, packages_start=None, packages_end=None, allow_overriding=[], cmake_args=None, cmake_target=None, cmake_target_skip_unavailable=False, cmake_clean_cache=False, cmake_clean_first=False, cmake_force_configure=False, ament_cmake_args=None, catkin_cmake_args=None, catkin_skip_building_tests=False, mixin_files=None, mixin=None, verb_parser=<colcon_mixin.mixin.mixin_argument.MixinArgumentDecorator object at 0x7f3cc43f5a50>, verb_extension=<colcon_core.verb.build.BuildVerb object at 0x7f3cc43f5480>, main=<bound method BuildVerb.main of <colcon_core.verb.build.BuildVerb object at 0x7f3cc43f5480>>, mixin_verb=('build',))
[0.486s] Level 1:colcon.colcon_core.package_discovery:discover_packages(colcon_meta) check parameters
[0.486s] Level 1:colcon.colcon_core.package_discovery:discover_packages(recursive) check parameters
[0.486s] Level 1:colcon.colcon_core.package_discovery:discover_packages(ignore) check parameters
[0.486s] Level 1:colcon.colcon_core.package_discovery:discover_packages(path) check parameters
[0.486s] Level 1:colcon.colcon_core.package_discovery:discover_packages(colcon_meta) discover
[0.486s] Level 1:colcon.colcon_core.package_discovery:discover_packages(recursive) discover
[0.486s] INFO:colcon.colcon_core.package_discovery:Crawling recursively for packages in '/home/sam/orbit_sim_ws'
[0.486s] Level 1:colcon.colcon_core.package_identification:_identify(.) by extensions ['ignore', 'ignore_ament_install']
[0.486s] Level 1:colcon.colcon_core.package_identification:_identify(.) by extension 'ignore'
[0.487s] Level 1:colcon.colcon_core.package_identification:_identify(.) by extension 'ignore_ament_install'
[0.487s] Level 1:colcon.colcon_core.package_identification:_identify(.) by extensions ['colcon_pkg']
[0.490s] Level 1:colcon.colcon_core.package_identification:_identify(.) by extension 'colcon_pkg'
[0.490s] Level 1:colcon.colcon_core.package_identification:_identify(.) by extensions ['colcon_meta']
[0.490s] Level 1:colcon.colcon_core.package_identification:_identify(.) by extension 'colcon_meta'
[0.490s] Level 1:colcon.colcon_core.package_identification:_identify(.) by extensions ['ros']
[0.490s] Level 1:colcon.colcon_core.package_identification:_identify(.) by extension 'ros'
[0.504s] Level 1:colcon.colcon_core.package_identification:_identify(.) by extensions ['cmake', 'python']
[0.504s] Level 1:colcon.colcon_core.package_identification:_identify(.) by extension 'cmake'
[0.504s] Level 1:colcon.colcon_core.package_identification:_identify(.) by extension 'python'
[0.504s] Level 1:colcon.colcon_core.package_identification:_identify(.) by extensions ['python_setup_py']
[0.504s] Level 1:colcon.colcon_core.package_identification:_identify(.) by extension 'python_setup_py'
[0.504s] Level 1:colcon.colcon_core.package_identification:_identify(build) by extensions ['ignore', 'ignore_ament_install']
[0.504s] Level 1:colcon.colcon_core.package_identification:_identify(build) by extension 'ignore'
[0.504s] Level 1:colcon.colcon_core.package_identification:_identify(build) ignored
[0.505s] Level 1:colcon.colcon_core.package_identification:_identify(install) by extensions ['ignore', 'ignore_ament_install']
[0.505s] Level 1:colcon.colcon_core.package_identification:_identify(install) by extension 'ignore'
[0.505s] Level 1:colcon.colcon_core.package_identification:_identify(install) ignored
[0.505s] Level 1:colcon.colcon_core.package_identification:_identify(log) by extensions ['ignore', 'ignore_ament_install']
[0.505s] Level 1:colcon.colcon_core.package_identification:_identify(log) by extension 'ignore'
[0.505s] Level 1:colcon.colcon_core.package_identification:_identify(log) ignored
[0.505s] Level 1:colcon.colcon_core.package_identification:_identify(src) by extensions ['ignore', 'ignore_ament_install']
[0.505s] Level 1:colcon.colcon_core.package_identification:_identify(src) by extension 'ignore'
[0.505s] Level 1:colcon.colcon_core.package_identification:_identify(src) by extension 'ignore_ament_install'
[0.505s] Level 1:colcon.colcon_core.package_identification:_identify(src) by extensions ['colcon_pkg']
[0.505s] Level 1:colcon.colcon_core.package_identification:_identify(src) by extension 'colcon_pkg'
[0.505s] Level 1:colcon.colcon_core.package_identification:_identify(src) by extensions ['colcon_meta']
[0.505s] Level 1:colcon.colcon_core.package_identification:_identify(src) by extension 'colcon_meta'
[0.505s] Level 1:colcon.colcon_core.package_identification:_identify(src) by extensions ['ros']
[0.505s] Level 1:colcon.colcon_core.package_identification:_identify(src) by extension 'ros'
[0.505s] Level 1:colcon.colcon_core.package_identification:_identify(src) by extensions ['cmake', 'python']
[0.505s] Level 1:colcon.colcon_core.package_identification:_identify(src) by extension 'cmake'
[0.505s] Level 1:colcon.colcon_core.package_identification:_identify(src) by extension 'python'
[0.505s] Level 1:colcon.colcon_core.package_identification:_identify(src) by extensions ['python_setup_py']
[0.505s] Level 1:colcon.colcon_core.package_identification:_identify(src) by extension 'python_setup_py'
[0.506s] Level 1:colcon.colcon_core.package_identification:_identify(src/gazebo_ros2_control) by extensions ['ignore', 'ignore_ament_install']
[0.506s] Level 1:colcon.colcon_core.package_identification:_identify(src/gazebo_ros2_control) by extension 'ignore'
[0.506s] Level 1:colcon.colcon_core.package_identification:_identify(src/gazebo_ros2_control) by extension 'ignore_ament_install'
[0.506s] Level 1:colcon.colcon_core.package_identification:_identify(src/gazebo_ros2_control) by extensions ['colcon_pkg']
[0.506s] Level 1:colcon.colcon_core.package_identification:_identify(src/gazebo_ros2_control) by extension 'colcon_pkg'
[0.506s] Level 1:colcon.colcon_core.package_identification:_identify(src/gazebo_ros2_control) by extensions ['colcon_meta']
[0.506s] Level 1:colcon.colcon_core.package_identification:_identify(src/gazebo_ros2_control) by extension 'colcon_meta'
[0.506s] Level 1:colcon.colcon_core.package_identification:_identify(src/gazebo_ros2_control) by extensions ['ros']
[0.506s] Level 1:colcon.colcon_core.package_identification:_identify(src/gazebo_ros2_control) by extension 'ros'
[0.506s] Level 1:colcon.colcon_core.package_identification:_identify(src/gazebo_ros2_control) by extensions ['cmake', 'python']
[0.506s] Level 1:colcon.colcon_core.package_identification:_identify(src/gazebo_ros2_control) by extension 'cmake'
[0.506s] Level 1:colcon.colcon_core.package_identification:_identify(src/gazebo_ros2_control) by extension 'python'
[0.506s] Level 1:colcon.colcon_core.package_identification:_identify(src/gazebo_ros2_control) by extensions ['python_setup_py']
[0.506s] Level 1:colcon.colcon_core.package_identification:_identify(src/gazebo_ros2_control) by extension 'python_setup_py'
[0.506s] Level 1:colcon.colcon_core.package_identification:_identify(src/gazebo_ros2_control/Docker) by extensions ['ignore', 'ignore_ament_install']
[0.506s] Level 1:colcon.colcon_core.package_identification:_identify(src/gazebo_ros2_control/Docker) by extension 'ignore'
[0.506s] Level 1:colcon.colcon_core.package_identification:_identify(src/gazebo_ros2_control/Docker) by extension 'ignore_ament_install'
[0.506s] Level 1:colcon.colcon_core.package_identification:_identify(src/gazebo_ros2_control/Docker) by extensions ['colcon_pkg']
[0.507s] Level 1:colcon.colcon_core.package_identification:_identify(src/gazebo_ros2_control/Docker) by extension 'colcon_pkg'
[0.507s] Level 1:colcon.colcon_core.package_identification:_identify(src/gazebo_ros2_control/Docker) by extensions ['colcon_meta']
[0.507s] Level 1:colcon.colcon_core.package_identification:_identify(src/gazebo_ros2_control/Docker) by extension 'colcon_meta'
[0.507s] Level 1:colcon.colcon_core.package_identification:_identify(src/gazebo_ros2_control/Docker) by extensions ['ros']
[0.507s] Level 1:colcon.colcon_core.package_identification:_identify(src/gazebo_ros2_control/Docker) by extension 'ros'
[0.507s] Level 1:colcon.colcon_core.package_identification:_identify(src/gazebo_ros2_control/Docker) by extensions ['cmake', 'python']
[0.507s] Level 1:colcon.colcon_core.package_identification:_identify(src/gazebo_ros2_control/Docker) by extension 'cmake'
[0.507s] Level 1:colcon.colcon_core.package_identification:_identify(src/gazebo_ros2_control/Docker) by extension 'python'
[0.507s] Level 1:colcon.colcon_core.package_identification:_identify(src/gazebo_ros2_control/Docker) by extensions ['python_setup_py']
[0.507s] Level 1:colcon.colcon_core.package_identification:_identify(src/gazebo_ros2_control/Docker) by extension 'python_setup_py'
[0.507s] Level 1:colcon.colcon_core.package_identification:_identify(src/gazebo_ros2_control/doc) by extensions ['ignore', 'ignore_ament_install']
[0.507s] Level 1:colcon.colcon_core.package_identification:_identify(src/gazebo_ros2_control/doc) by extension 'ignore'
[0.508s] Level 1:colcon.colcon_core.package_identification:_identify(src/gazebo_ros2_control/doc) by extension 'ignore_ament_install'
[0.508s] Level 1:colcon.colcon_core.package_identification:_identify(src/gazebo_ros2_control/doc) by extensions ['colcon_pkg']
[0.509s] Level 1:colcon.colcon_core.package_identification:_identify(src/gazebo_ros2_control/doc) by extension 'colcon_pkg'
[0.509s] Level 1:colcon.colcon_core.package_identification:_identify(src/gazebo_ros2_control/doc) by extensions ['colcon_meta']
[0.509s] Level 1:colcon.colcon_core.package_identification:_identify(src/gazebo_ros2_control/doc) by extension 'colcon_meta'
[0.509s] Level 1:colcon.colcon_core.package_identification:_identify(src/gazebo_ros2_control/doc) by extensions ['ros']
[0.510s] Level 1:colcon.colcon_core.package_identification:_identify(src/gazebo_ros2_control/doc) by extension 'ros'
[0.510s] Level 1:colcon.colcon_core.package_identification:_identify(src/gazebo_ros2_control/doc) by extensions ['cmake', 'python']
[0.510s] Level 1:colcon.colcon_core.package_identification:_identify(src/gazebo_ros2_control/doc) by extension 'cmake'
[0.510s] Level 1:colcon.colcon_core.package_identification:_identify(src/gazebo_ros2_control/doc) by extension 'python'
[0.510s] Level 1:colcon.colcon_core.package_identification:_identify(src/gazebo_ros2_control/doc) by extensions ['python_setup_py']
[0.510s] Level 1:colcon.colcon_core.package_identification:_identify(src/gazebo_ros2_control/doc) by extension 'python_setup_py'
[0.510s] Level 1:colcon.colcon_core.package_identification:_identify(src/gazebo_ros2_control/doc/img) by extensions ['ignore', 'ignore_ament_install']
[0.510s] Level 1:colcon.colcon_core.package_identification:_identify(src/gazebo_ros2_control/doc/img) by extension 'ignore'
[0.510s] Level 1:colcon.colcon_core.package_identification:_identify(src/gazebo_ros2_control/doc/img) by extension 'ignore_ament_install'
[0.510s] Level 1:colcon.colcon_core.package_identification:_identify(src/gazebo_ros2_control/doc/img) by extensions ['colcon_pkg']
[0.510s] Level 1:colcon.colcon_core.package_identification:_identify(src/gazebo_ros2_control/doc/img) by extension 'colcon_pkg'
[0.510s] Level 1:colcon.colcon_core.package_identification:_identify(src/gazebo_ros2_control/doc/img) by extensions ['colcon_meta']
[0.510s] Level 1:colcon.colcon_core.package_identification:_identify(src/gazebo_ros2_control/doc/img) by extension 'colcon_meta'
[0.510s] Level 1:colcon.colcon_core.package_identification:_identify(src/gazebo_ros2_control/doc/img) by extensions ['ros']
[0.510s] Level 1:colcon.colcon_core.package_identification:_identify(src/gazebo_ros2_control/doc/img) by extension 'ros'
[0.510s] Level 1:colcon.colcon_core.package_identification:_identify(src/gazebo_ros2_control/doc/img) by extensions ['cmake', 'python']
[0.510s] Level 1:colcon.colcon_core.package_identification:_identify(src/gazebo_ros2_control/doc/img) by extension 'cmake'
[0.510s] Level 1:colcon.colcon_core.package_identification:_identify(src/gazebo_ros2_control/doc/img) by extension 'python'
[0.510s] Level 1:colcon.colcon_core.package_identification:_identify(src/gazebo_ros2_control/doc/img) by extensions ['python_setup_py']
[0.510s] Level 1:colcon.colcon_core.package_identification:_identify(src/gazebo_ros2_control/doc/img) by extension 'python_setup_py'
[0.511s] Level 1:colcon.colcon_core.package_identification:_identify(src/gazebo_ros2_control/gazebo_ros2_control) by extensions ['ignore', 'ignore_ament_install']
[0.511s] Level 1:colcon.colcon_core.package_identification:_identify(src/gazebo_ros2_control/gazebo_ros2_control) by extension 'ignore'
[0.511s] Level 1:colcon.colcon_core.package_identification:_identify(src/gazebo_ros2_control/gazebo_ros2_control) by extension 'ignore_ament_install'
[0.511s] Level 1:colcon.colcon_core.package_identification:_identify(src/gazebo_ros2_control/gazebo_ros2_control) by extensions ['colcon_pkg']
[0.511s] Level 1:colcon.colcon_core.package_identification:_identify(src/gazebo_ros2_control/gazebo_ros2_control) by extension 'colcon_pkg'
[0.511s] Level 1:colcon.colcon_core.package_identification:_identify(src/gazebo_ros2_control/gazebo_ros2_control) by extensions ['colcon_meta']
[0.511s] Level 1:colcon.colcon_core.package_identification:_identify(src/gazebo_ros2_control/gazebo_ros2_control) by extension 'colcon_meta'
[0.511s] Level 1:colcon.colcon_core.package_identification:_identify(src/gazebo_ros2_control/gazebo_ros2_control) by extensions ['ros']
[0.511s] Level 1:colcon.colcon_core.package_identification:_identify(src/gazebo_ros2_control/gazebo_ros2_control) by extension 'ros'
[0.515s] DEBUG:colcon.colcon_core.package_identification:Package 'src/gazebo_ros2_control/gazebo_ros2_control' with type 'ros.ament_cmake' and name 'gazebo_ros2_control'
[0.515s] Level 1:colcon.colcon_core.package_identification:_identify(src/gazebo_ros2_control/gazebo_ros2_control_demos) by extensions ['ignore', 'ignore_ament_install']
[0.515s] Level 1:colcon.colcon_core.package_identification:_identify(src/gazebo_ros2_control/gazebo_ros2_control_demos) by extension 'ignore'
[0.515s] Level 1:colcon.colcon_core.package_identification:_identify(src/gazebo_ros2_control/gazebo_ros2_control_demos) by extension 'ignore_ament_install'
[0.515s] Level 1:colcon.colcon_core.package_identification:_identify(src/gazebo_ros2_control/gazebo_ros2_control_demos) by extensions ['colcon_pkg']
[0.515s] Level 1:colcon.colcon_core.package_identification:_identify(src/gazebo_ros2_control/gazebo_ros2_control_demos) by extension 'colcon_pkg'
[0.515s] Level 1:colcon.colcon_core.package_identification:_identify(src/gazebo_ros2_control/gazebo_ros2_control_demos) by extensions ['colcon_meta']
[0.515s] Level 1:colcon.colcon_core.package_identification:_identify(src/gazebo_ros2_control/gazebo_ros2_control_demos) by extension 'colcon_meta'
[0.515s] Level 1:colcon.colcon_core.package_identification:_identify(src/gazebo_ros2_control/gazebo_ros2_control_demos) by extensions ['ros']
[0.515s] Level 1:colcon.colcon_core.package_identification:_identify(src/gazebo_ros2_control/gazebo_ros2_control_demos) by extension 'ros'
[0.516s] DEBUG:colcon.colcon_core.package_identification:Package 'src/gazebo_ros2_control/gazebo_ros2_control_demos' with type 'ros.ament_cmake' and name 'gazebo_ros2_control_demos'
[0.516s] Level 1:colcon.colcon_core.package_identification:_identify(src/orbit_robot_description) by extensions ['ignore', 'ignore_ament_install']
[0.516s] Level 1:colcon.colcon_core.package_identification:_identify(src/orbit_robot_description) by extension 'ignore'
[0.516s] Level 1:colcon.colcon_core.package_identification:_identify(src/orbit_robot_description) by extension 'ignore_ament_install'
[0.516s] Level 1:colcon.colcon_core.package_identification:_identify(src/orbit_robot_description) by extensions ['colcon_pkg']
[0.516s] Level 1:colcon.colcon_core.package_identification:_identify(src/orbit_robot_description) by extension 'colcon_pkg'
[0.516s] Level 1:colcon.colcon_core.package_identification:_identify(src/orbit_robot_description) by extensions ['colcon_meta']
[0.516s] Level 1:colcon.colcon_core.package_identification:_identify(src/orbit_robot_description) by extension 'colcon_meta'
[0.516s] Level 1:colcon.colcon_core.package_identification:_identify(src/orbit_robot_description) by extensions ['ros']
[0.516s] Level 1:colcon.colcon_core.package_identification:_identify(src/orbit_robot_description) by extension 'ros'
[0.517s] DEBUG:colcon.colcon_core.package_identification:Package 'src/orbit_robot_description' with type 'ros.ament_cmake' and name 'orbit_robot_description'
[0.517s] Level 1:colcon.colcon_core.package_discovery:discover_packages(recursive) using defaults
[0.517s] Level 1:colcon.colcon_core.package_discovery:discover_packages(ignore) discover
[0.517s] Level 1:colcon.colcon_core.package_discovery:discover_packages(ignore) using defaults
[0.517s] Level 1:colcon.colcon_core.package_discovery:discover_packages(path) discover
[0.517s] Level 1:colcon.colcon_core.package_discovery:discover_packages(path) using defaults
[0.552s] Level 1:colcon.colcon_core.package_discovery:discover_packages(prefix_path) check parameters
[0.552s] Level 1:colcon.colcon_core.package_discovery:discover_packages(prefix_path) discover
[0.553s] WARNING:colcon.colcon_ros.prefix_path.ament:The path '/home/sam/orbit_sim_ws/install/gazebo_ros2_control_demos' in the environment variable AMENT_PREFIX_PATH doesn't exist
[0.554s] WARNING:colcon.colcon_ros.prefix_path.ament:The path '/home/sam/orbit_sim_ws/install/gazebo_ros2_control' in the environment variable AMENT_PREFIX_PATH doesn't exist
[0.554s] WARNING:colcon.colcon_ros.prefix_path.ament:The path '/home/sam/orbit_sim_ws/install/orbit_robot_description' in the environment variable AMENT_PREFIX_PATH doesn't exist
[0.554s] WARNING:colcon.colcon_ros.prefix_path.catkin:The path '/home/sam/orbit_sim_ws/install/gazebo_ros2_control_demos' in the environment variable CMAKE_PREFIX_PATH doesn't exist
[0.554s] WARNING:colcon.colcon_ros.prefix_path.catkin:The path '/home/sam/orbit_sim_ws/install/gazebo_ros2_control' in the environment variable CMAKE_PREFIX_PATH doesn't exist
[0.554s] WARNING:colcon.colcon_ros.prefix_path.catkin:The path '/home/sam/orbit_sim_ws/install/orbit_robot_description' in the environment variable CMAKE_PREFIX_PATH doesn't exist
[0.555s] DEBUG:colcon.colcon_installed_package_information.package_discovery:Found 0 installed packages in /home/sam/orbit_sim_ws/install
[0.556s] DEBUG:colcon.colcon_installed_package_information.package_discovery:Found 327 installed packages in /opt/ros/humble
[0.558s] Level 1:colcon.colcon_core.package_discovery:discover_packages(prefix_path) using defaults
[0.603s] Level 5:colcon.colcon_core.verb:set package 'gazebo_ros2_control' build argument 'cmake_args' from command line to 'None'
[0.603s] Level 5:colcon.colcon_core.verb:set package 'gazebo_ros2_control' build argument 'cmake_target' from command line to 'None'
[0.603s] Level 5:colcon.colcon_core.verb:set package 'gazebo_ros2_control' build argument 'cmake_target_skip_unavailable' from command line to 'False'
[0.603s] Level 5:colcon.colcon_core.verb:set package 'gazebo_ros2_control' build argument 'cmake_clean_cache' from command line to 'False'
[0.603s] Level 5:colcon.colcon_core.verb:set package 'gazebo_ros2_control' build argument 'cmake_clean_first' from command line to 'False'
[0.603s] Level 5:colcon.colcon_core.verb:set package 'gazebo_ros2_control' build argument 'cmake_force_configure' from command line to 'False'
[0.603s] Level 5:colcon.colcon_core.verb:set package 'gazebo_ros2_control' build argument 'ament_cmake_args' from command line to 'None'
[0.603s] Level 5:colcon.colcon_core.verb:set package 'gazebo_ros2_control' build argument 'catkin_cmake_args' from command line to 'None'
[0.603s] Level 5:colcon.colcon_core.verb:set package 'gazebo_ros2_control' build argument 'catkin_skip_building_tests' from command line to 'False'
[0.603s] DEBUG:colcon.colcon_core.verb:Building package 'gazebo_ros2_control' with the following arguments: {'ament_cmake_args': None, 'build_base': '/home/sam/orbit_sim_ws/build/gazebo_ros2_control', 'catkin_cmake_args': None, 'catkin_skip_building_tests': False, 'cmake_args': None, 'cmake_clean_cache': False, 'cmake_clean_first': False, 'cmake_force_configure': False, 'cmake_target': None, 'cmake_target_skip_unavailable': False, 'install_base': '/home/sam/orbit_sim_ws/install/gazebo_ros2_control', 'merge_install': False, 'path': '/home/sam/orbit_sim_ws/src/gazebo_ros2_control/gazebo_ros2_control', 'symlink_install': True, 'test_result_base': None}
[0.604s] Level 5:colcon.colcon_core.verb:set package 'orbit_robot_description' build argument 'cmake_args' from command line to 'None'
[0.604s] Level 5:colcon.colcon_core.verb:set package 'orbit_robot_description' build argument 'cmake_target' from command line to 'None'
[0.604s] Level 5:colcon.colcon_core.verb:set package 'orbit_robot_description' build argument 'cmake_target_skip_unavailable' from command line to 'False'
[0.604s] Level 5:colcon.colcon_core.verb:set package 'orbit_robot_description' build argument 'cmake_clean_cache' from command line to 'False'
[0.604s] Level 5:colcon.colcon_core.verb:set package 'orbit_robot_description' build argument 'cmake_clean_first' from command line to 'False'
[0.604s] Level 5:colcon.colcon_core.verb:set package 'orbit_robot_description' build argument 'cmake_force_configure' from command line to 'False'
[0.604s] Level 5:colcon.colcon_core.verb:set package 'orbit_robot_description' build argument 'ament_cmake_args' from command line to 'None'
[0.604s] Level 5:colcon.colcon_core.verb:set package 'orbit_robot_description' build argument 'catkin_cmake_args' from command line to 'None'
[0.604s] Level 5:colcon.colcon_core.verb:set package 'orbit_robot_description' build argument 'catkin_skip_building_tests' from command line to 'False'
[0.604s] DEBUG:colcon.colcon_core.verb:Building package 'orbit_robot_description' with the following arguments: {'ament_cmake_args': None, 'build_base': '/home/sam/orbit_sim_ws/build/orbit_robot_description', 'catkin_cmake_args': None, 'catkin_skip_building_tests': False, 'cmake_args': None, 'cmake_clean_cache': False, 'cmake_clean_first': False, 'cmake_force_configure': False, 'cmake_target': None, 'cmake_target_skip_unavailable': False, 'install_base': '/home/sam/orbit_sim_ws/install/orbit_robot_description', 'merge_install': False, 'path': '/home/sam/orbit_sim_ws/src/orbit_robot_description', 'symlink_install': True, 'test_result_base': None}
[0.604s] Level 5:colcon.colcon_core.verb:set package 'gazebo_ros2_control_demos' build argument 'cmake_args' from command line to 'None'
[0.604s] Level 5:colcon.colcon_core.verb:set package 'gazebo_ros2_control_demos' build argument 'cmake_target' from command line to 'None'
[0.604s] Level 5:colcon.colcon_core.verb:set package 'gazebo_ros2_control_demos' build argument 'cmake_target_skip_unavailable' from command line to 'False'
[0.604s] Level 5:colcon.colcon_core.verb:set package 'gazebo_ros2_control_demos' build argument 'cmake_clean_cache' from command line to 'False'
[0.604s] Level 5:colcon.colcon_core.verb:set package 'gazebo_ros2_control_demos' build argument 'cmake_clean_first' from command line to 'False'
[0.604s] Level 5:colcon.colcon_core.verb:set package 'gazebo_ros2_control_demos' build argument 'cmake_force_configure' from command line to 'False'
[0.604s] Level 5:colcon.colcon_core.verb:set package 'gazebo_ros2_control_demos' build argument 'ament_cmake_args' from command line to 'None'
[0.604s] Level 5:colcon.colcon_core.verb:set package 'gazebo_ros2_control_demos' build argument 'catkin_cmake_args' from command line to 'None'
[0.604s] Level 5:colcon.colcon_core.verb:set package 'gazebo_ros2_control_demos' build argument 'catkin_skip_building_tests' from command line to 'False'
[0.604s] DEBUG:colcon.colcon_core.verb:Building package 'gazebo_ros2_control_demos' with the following arguments: {'ament_cmake_args': None, 'build_base': '/home/sam/orbit_sim_ws/build/gazebo_ros2_control_demos', 'catkin_cmake_args': None, 'catkin_skip_building_tests': False, 'cmake_args': None, 'cmake_clean_cache': False, 'cmake_clean_first': False, 'cmake_force_configure': False, 'cmake_target': None, 'cmake_target_skip_unavailable': False, 'install_base': '/home/sam/orbit_sim_ws/install/gazebo_ros2_control_demos', 'merge_install': False, 'path': '/home/sam/orbit_sim_ws/src/gazebo_ros2_control/gazebo_ros2_control_demos', 'symlink_install': True, 'test_result_base': None}
[0.605s] INFO:colcon.colcon_core.executor:Executing jobs using 'parallel' executor
[0.606s] DEBUG:colcon.colcon_parallel_executor.executor.parallel:run_until_complete
[0.606s] INFO:colcon.colcon_ros.task.ament_cmake.build:Building ROS package in '/home/sam/orbit_sim_ws/src/gazebo_ros2_control/gazebo_ros2_control' with build type 'ament_cmake'
[0.607s] INFO:colcon.colcon_cmake.task.cmake.build:Building CMake package in '/home/sam/orbit_sim_ws/src/gazebo_ros2_control/gazebo_ros2_control'
[0.609s] INFO:colcon.colcon_core.plugin_system:Skipping extension 'colcon_core.shell.bat': Not used on non-Windows systems
[0.609s] INFO:colcon.colcon_core.shell:Skip shell extension 'powershell' for command environment: Not usable outside of PowerShell
[0.609s] DEBUG:colcon.colcon_core.shell:Skip shell extension 'dsv' for command environment
[0.613s] INFO:colcon.colcon_ros.task.ament_cmake.build:Building ROS package in '/home/sam/orbit_sim_ws/src/orbit_robot_description' with build type 'ament_cmake'
[0.614s] INFO:colcon.colcon_cmake.task.cmake.build:Building CMake package in '/home/sam/orbit_sim_ws/src/orbit_robot_description'
[0.614s] INFO:colcon.colcon_core.shell:Skip shell extension 'powershell' for command environment: Not usable outside of PowerShell
[0.614s] DEBUG:colcon.colcon_core.shell:Skip shell extension 'dsv' for command environment
[0.624s] DEBUG:colcon.colcon_core.event_handler.log_command:Invoking command in '/home/sam/orbit_sim_ws/build/gazebo_ros2_control': CMAKE_PREFIX_PATH=${CMAKE_PREFIX_PATH}:/opt/ros/humble /usr/bin/cmake /home/sam/orbit_sim_ws/src/gazebo_ros2_control/gazebo_ros2_control -DAMENT_CMAKE_SYMLINK_INSTALL=1 -DCMAKE_INSTALL_PREFIX=/home/sam/orbit_sim_ws/install/gazebo_ros2_control
[0.630s] DEBUG:colcon.colcon_core.event_handler.log_command:Invoking command in '/home/sam/orbit_sim_ws/build/orbit_robot_description': CMAKE_PREFIX_PATH=${CMAKE_PREFIX_PATH}:/opt/ros/humble /usr/bin/cmake /home/sam/orbit_sim_ws/src/orbit_robot_description -DAMENT_CMAKE_SYMLINK_INSTALL=1 -DCMAKE_INSTALL_PREFIX=/home/sam/orbit_sim_ws/install/orbit_robot_description
[2.772s] DEBUG:colcon.colcon_core.event_handler.log_command:Invoked command in '/home/sam/orbit_sim_ws/build/orbit_robot_description' returned '0': CMAKE_PREFIX_PATH=${CMAKE_PREFIX_PATH}:/opt/ros/humble /usr/bin/cmake /home/sam/orbit_sim_ws/src/orbit_robot_description -DAMENT_CMAKE_SYMLINK_INSTALL=1 -DCMAKE_INSTALL_PREFIX=/home/sam/orbit_sim_ws/install/orbit_robot_description
[2.774s] DEBUG:colcon.colcon_core.event_handler.log_command:Invoking command in '/home/sam/orbit_sim_ws/build/orbit_robot_description': CMAKE_PREFIX_PATH=${CMAKE_PREFIX_PATH}:/opt/ros/humble /usr/bin/cmake --build /home/sam/orbit_sim_ws/build/orbit_robot_description -- -j32 -l32
[2.815s] DEBUG:colcon.colcon_core.event_handler.log_command:Invoked command in '/home/sam/orbit_sim_ws/build/orbit_robot_description' returned '0': CMAKE_PREFIX_PATH=${CMAKE_PREFIX_PATH}:/opt/ros/humble /usr/bin/cmake --build /home/sam/orbit_sim_ws/build/orbit_robot_description -- -j32 -l32
[2.826s] DEBUG:colcon.colcon_core.event_handler.log_command:Invoking command in '/home/sam/orbit_sim_ws/build/orbit_robot_description': CMAKE_PREFIX_PATH=${CMAKE_PREFIX_PATH}:/opt/ros/humble /usr/bin/cmake --install /home/sam/orbit_sim_ws/build/orbit_robot_description
[5.665s] Level 1:colcon.colcon_core.environment:create_environment_scripts_only(orbit_robot_description)
[5.666s] DEBUG:colcon.colcon_core.event_handler.log_command:Invoked command in '/home/sam/orbit_sim_ws/build/orbit_robot_description' returned '0': CMAKE_PREFIX_PATH=${CMAKE_PREFIX_PATH}:/opt/ros/humble /usr/bin/cmake --install /home/sam/orbit_sim_ws/build/orbit_robot_description
[5.668s] Level 1:colcon.colcon_core.environment:checking '/home/sam/orbit_sim_ws/install/orbit_robot_description' for CMake module files
[5.668s] Level 1:colcon.colcon_core.environment:checking '/home/sam/orbit_sim_ws/install/orbit_robot_description' for CMake config files
[5.669s] Level 1:colcon.colcon_core.shell:create_environment_hook('orbit_robot_description', 'cmake_prefix_path')
[5.669s] INFO:colcon.colcon_core.shell:Creating environment hook '/home/sam/orbit_sim_ws/install/orbit_robot_description/share/orbit_robot_description/hook/cmake_prefix_path.ps1'
[5.670s] INFO:colcon.colcon_core.shell:Creating environment descriptor '/home/sam/orbit_sim_ws/install/orbit_robot_description/share/orbit_robot_description/hook/cmake_prefix_path.dsv'
[5.671s] INFO:colcon.colcon_core.shell:Creating environment hook '/home/sam/orbit_sim_ws/install/orbit_robot_description/share/orbit_robot_description/hook/cmake_prefix_path.sh'
[5.672s] Level 1:colcon.colcon_core.environment:checking '/home/sam/orbit_sim_ws/install/orbit_robot_description/bin'
[5.672s] Level 1:colcon.colcon_core.environment:checking '/home/sam/orbit_sim_ws/install/orbit_robot_description/lib/pkgconfig/orbit_robot_description.pc'
[5.672s] Level 1:colcon.colcon_core.environment:checking '/home/sam/orbit_sim_ws/install/orbit_robot_description/lib/python3.10/site-packages'
[5.673s] Level 1:colcon.colcon_core.environment:checking '/home/sam/orbit_sim_ws/install/orbit_robot_description/bin'
[5.673s] INFO:colcon.colcon_core.shell:Creating package script '/home/sam/orbit_sim_ws/install/orbit_robot_description/share/orbit_robot_description/package.ps1'
[5.674s] INFO:colcon.colcon_core.shell:Creating package descriptor '/home/sam/orbit_sim_ws/install/orbit_robot_description/share/orbit_robot_description/package.dsv'
[5.675s] INFO:colcon.colcon_core.shell:Creating package script '/home/sam/orbit_sim_ws/install/orbit_robot_description/share/orbit_robot_description/package.sh'
[5.677s] INFO:colcon.colcon_core.shell:Creating package script '/home/sam/orbit_sim_ws/install/orbit_robot_description/share/orbit_robot_description/package.bash'
[5.678s] INFO:colcon.colcon_core.shell:Creating package script '/home/sam/orbit_sim_ws/install/orbit_robot_description/share/orbit_robot_description/package.zsh'
[5.678s] Level 1:colcon.colcon_core.environment:create_file_with_runtime_dependencies(/home/sam/orbit_sim_ws/install/orbit_robot_description/share/colcon-core/packages/orbit_robot_description)
[5.679s] Level 1:colcon.colcon_core.environment:create_environment_scripts_only(orbit_robot_description)
[5.679s] Level 1:colcon.colcon_core.environment:checking '/home/sam/orbit_sim_ws/install/orbit_robot_description' for CMake module files
[5.680s] Level 1:colcon.colcon_core.environment:checking '/home/sam/orbit_sim_ws/install/orbit_robot_description' for CMake config files
[5.680s] Level 1:colcon.colcon_core.shell:create_environment_hook('orbit_robot_description', 'cmake_prefix_path')
[5.680s] INFO:colcon.colcon_core.shell:Creating environment hook '/home/sam/orbit_sim_ws/install/orbit_robot_description/share/orbit_robot_description/hook/cmake_prefix_path.ps1'
[5.681s] INFO:colcon.colcon_core.shell:Creating environment descriptor '/home/sam/orbit_sim_ws/install/orbit_robot_description/share/orbit_robot_description/hook/cmake_prefix_path.dsv'
[5.681s] INFO:colcon.colcon_core.shell:Creating environment hook '/home/sam/orbit_sim_ws/install/orbit_robot_description/share/orbit_robot_description/hook/cmake_prefix_path.sh'
[5.682s] Level 1:colcon.colcon_core.environment:checking '/home/sam/orbit_sim_ws/install/orbit_robot_description/bin'
[5.682s] Level 1:colcon.colcon_core.environment:checking '/home/sam/orbit_sim_ws/install/orbit_robot_description/lib/pkgconfig/orbit_robot_description.pc'
[5.682s] Level 1:colcon.colcon_core.environment:checking '/home/sam/orbit_sim_ws/install/orbit_robot_description/lib/python3.10/site-packages'
[5.683s] Level 1:colcon.colcon_core.environment:checking '/home/sam/orbit_sim_ws/install/orbit_robot_description/bin'
[5.683s] INFO:colcon.colcon_core.shell:Creating package script '/home/sam/orbit_sim_ws/install/orbit_robot_description/share/orbit_robot_description/package.ps1'
[5.684s] INFO:colcon.colcon_core.shell:Creating package descriptor '/home/sam/orbit_sim_ws/install/orbit_robot_description/share/orbit_robot_description/package.dsv'
[5.684s] INFO:colcon.colcon_core.shell:Creating package script '/home/sam/orbit_sim_ws/install/orbit_robot_description/share/orbit_robot_description/package.sh'
[5.685s] INFO:colcon.colcon_core.shell:Creating package script '/home/sam/orbit_sim_ws/install/orbit_robot_description/share/orbit_robot_description/package.bash'
[5.685s] INFO:colcon.colcon_core.shell:Creating package script '/home/sam/orbit_sim_ws/install/orbit_robot_description/share/orbit_robot_description/package.zsh'
[5.686s] Level 1:colcon.colcon_core.environment:create_file_with_runtime_dependencies(/home/sam/orbit_sim_ws/install/orbit_robot_description/share/colcon-core/packages/orbit_robot_description)
[54.553s] DEBUG:colcon.colcon_core.event_handler.log_command:Invoked command in '/home/sam/orbit_sim_ws/build/gazebo_ros2_control' returned '0': CMAKE_PREFIX_PATH=${CMAKE_PREFIX_PATH}:/opt/ros/humble /usr/bin/cmake /home/sam/orbit_sim_ws/src/gazebo_ros2_control/gazebo_ros2_control -DAMENT_CMAKE_SYMLINK_INSTALL=1 -DCMAKE_INSTALL_PREFIX=/home/sam/orbit_sim_ws/install/gazebo_ros2_control
[54.555s] DEBUG:colcon.colcon_core.event_handler.log_command:Invoking command in '/home/sam/orbit_sim_ws/build/gazebo_ros2_control': CMAKE_PREFIX_PATH=${CMAKE_PREFIX_PATH}:/opt/ros/humble /usr/bin/cmake --build /home/sam/orbit_sim_ws/build/gazebo_ros2_control -- -j32 -l32
[71.894s] DEBUG:colcon.colcon_core.event_handler.log_command:Invoked command in '/home/sam/orbit_sim_ws/build/gazebo_ros2_control' returned '0': CMAKE_PREFIX_PATH=${CMAKE_PREFIX_PATH}:/opt/ros/humble /usr/bin/cmake --build /home/sam/orbit_sim_ws/build/gazebo_ros2_control -- -j32 -l32
[71.897s] DEBUG:colcon.colcon_core.event_handler.log_command:Invoking command in '/home/sam/orbit_sim_ws/build/gazebo_ros2_control': CMAKE_PREFIX_PATH=${CMAKE_PREFIX_PATH}:/opt/ros/humble /usr/bin/cmake --install /home/sam/orbit_sim_ws/build/gazebo_ros2_control
[72.164s] Level 1:colcon.colcon_core.environment:create_environment_scripts_only(gazebo_ros2_control)
[72.165s] Level 1:colcon.colcon_core.environment:checking '/home/sam/orbit_sim_ws/install/gazebo_ros2_control' for CMake module files
[72.166s] DEBUG:colcon.colcon_core.event_handler.log_command:Invoked command in '/home/sam/orbit_sim_ws/build/gazebo_ros2_control' returned '0': CMAKE_PREFIX_PATH=${CMAKE_PREFIX_PATH}:/opt/ros/humble /usr/bin/cmake --install /home/sam/orbit_sim_ws/build/gazebo_ros2_control
[72.166s] Level 1:colcon.colcon_core.environment:checking '/home/sam/orbit_sim_ws/install/gazebo_ros2_control' for CMake config files
[72.166s] Level 1:colcon.colcon_core.shell:create_environment_hook('gazebo_ros2_control', 'cmake_prefix_path')
[72.167s] INFO:colcon.colcon_core.shell:Creating environment hook '/home/sam/orbit_sim_ws/install/gazebo_ros2_control/share/gazebo_ros2_control/hook/cmake_prefix_path.ps1'
[72.168s] INFO:colcon.colcon_core.shell:Creating environment descriptor '/home/sam/orbit_sim_ws/install/gazebo_ros2_control/share/gazebo_ros2_control/hook/cmake_prefix_path.dsv'
[72.168s] INFO:colcon.colcon_core.shell:Creating environment hook '/home/sam/orbit_sim_ws/install/gazebo_ros2_control/share/gazebo_ros2_control/hook/cmake_prefix_path.sh'
[72.169s] Level 1:colcon.colcon_core.environment:checking '/home/sam/orbit_sim_ws/install/gazebo_ros2_control/lib'
[72.169s] Level 1:colcon.colcon_core.shell:create_environment_hook('gazebo_ros2_control', 'ld_library_path_lib')
[72.170s] INFO:colcon.colcon_core.shell:Creating environment hook '/home/sam/orbit_sim_ws/install/gazebo_ros2_control/share/gazebo_ros2_control/hook/ld_library_path_lib.ps1'
[72.170s] INFO:colcon.colcon_core.shell:Creating environment descriptor '/home/sam/orbit_sim_ws/install/gazebo_ros2_control/share/gazebo_ros2_control/hook/ld_library_path_lib.dsv'
[72.171s] INFO:colcon.colcon_core.shell:Creating environment hook '/home/sam/orbit_sim_ws/install/gazebo_ros2_control/share/gazebo_ros2_control/hook/ld_library_path_lib.sh'
[72.171s] Level 1:colcon.colcon_core.environment:checking '/home/sam/orbit_sim_ws/install/gazebo_ros2_control/bin'
[72.171s] Level 1:colcon.colcon_core.environment:checking '/home/sam/orbit_sim_ws/install/gazebo_ros2_control/lib/pkgconfig/gazebo_ros2_control.pc'
[72.171s] Level 1:colcon.colcon_core.environment:checking '/home/sam/orbit_sim_ws/install/gazebo_ros2_control/lib/python3.10/site-packages'
[72.172s] Level 1:colcon.colcon_core.environment:checking '/home/sam/orbit_sim_ws/install/gazebo_ros2_control/bin'
[72.172s] INFO:colcon.colcon_core.shell:Creating package script '/home/sam/orbit_sim_ws/install/gazebo_ros2_control/share/gazebo_ros2_control/package.ps1'
[72.173s] INFO:colcon.colcon_core.shell:Creating package descriptor '/home/sam/orbit_sim_ws/install/gazebo_ros2_control/share/gazebo_ros2_control/package.dsv'
[72.174s] INFO:colcon.colcon_core.shell:Creating package script '/home/sam/orbit_sim_ws/install/gazebo_ros2_control/share/gazebo_ros2_control/package.sh'
[72.174s] INFO:colcon.colcon_core.shell:Creating package script '/home/sam/orbit_sim_ws/install/gazebo_ros2_control/share/gazebo_ros2_control/package.bash'
[72.174s] INFO:colcon.colcon_core.shell:Creating package script '/home/sam/orbit_sim_ws/install/gazebo_ros2_control/share/gazebo_ros2_control/package.zsh'
[72.175s] Level 1:colcon.colcon_core.environment:create_file_with_runtime_dependencies(/home/sam/orbit_sim_ws/install/gazebo_ros2_control/share/colcon-core/packages/gazebo_ros2_control)
[72.176s] Level 1:colcon.colcon_core.environment:create_environment_scripts_only(gazebo_ros2_control)
[72.176s] Level 1:colcon.colcon_core.environment:checking '/home/sam/orbit_sim_ws/install/gazebo_ros2_control' for CMake module files
[72.176s] Level 1:colcon.colcon_core.environment:checking '/home/sam/orbit_sim_ws/install/gazebo_ros2_control' for CMake config files
[72.177s] Level 1:colcon.colcon_core.shell:create_environment_hook('gazebo_ros2_control', 'cmake_prefix_path')
[72.177s] INFO:colcon.colcon_core.shell:Creating environment hook '/home/sam/orbit_sim_ws/install/gazebo_ros2_control/share/gazebo_ros2_control/hook/cmake_prefix_path.ps1'
[72.178s] INFO:colcon.colcon_core.shell:Creating environment descriptor '/home/sam/orbit_sim_ws/install/gazebo_ros2_control/share/gazebo_ros2_control/hook/cmake_prefix_path.dsv'
[72.178s] INFO:colcon.colcon_core.shell:Creating environment hook '/home/sam/orbit_sim_ws/install/gazebo_ros2_control/share/gazebo_ros2_control/hook/cmake_prefix_path.sh'
[72.179s] Level 1:colcon.colcon_core.environment:checking '/home/sam/orbit_sim_ws/install/gazebo_ros2_control/lib'
[72.179s] Level 1:colcon.colcon_core.shell:create_environment_hook('gazebo_ros2_control', 'ld_library_path_lib')
[72.179s] INFO:colcon.colcon_core.shell:Creating environment hook '/home/sam/orbit_sim_ws/install/gazebo_ros2_control/share/gazebo_ros2_control/hook/ld_library_path_lib.ps1'
[72.180s] INFO:colcon.colcon_core.shell:Creating environment descriptor '/home/sam/orbit_sim_ws/install/gazebo_ros2_control/share/gazebo_ros2_control/hook/ld_library_path_lib.dsv'
[72.180s] INFO:colcon.colcon_core.shell:Creating environment hook '/home/sam/orbit_sim_ws/install/gazebo_ros2_control/share/gazebo_ros2_control/hook/ld_library_path_lib.sh'
[72.181s] Level 1:colcon.colcon_core.environment:checking '/home/sam/orbit_sim_ws/install/gazebo_ros2_control/bin'
[72.181s] Level 1:colcon.colcon_core.environment:checking '/home/sam/orbit_sim_ws/install/gazebo_ros2_control/lib/pkgconfig/gazebo_ros2_control.pc'
[72.181s] Level 1:colcon.colcon_core.environment:checking '/home/sam/orbit_sim_ws/install/gazebo_ros2_control/lib/python3.10/site-packages'
[72.182s] Level 1:colcon.colcon_core.environment:checking '/home/sam/orbit_sim_ws/install/gazebo_ros2_control/bin'
[72.182s] INFO:colcon.colcon_core.shell:Creating package script '/home/sam/orbit_sim_ws/install/gazebo_ros2_control/share/gazebo_ros2_control/package.ps1'
[72.183s] INFO:colcon.colcon_core.shell:Creating package descriptor '/home/sam/orbit_sim_ws/install/gazebo_ros2_control/share/gazebo_ros2_control/package.dsv'
[72.183s] INFO:colcon.colcon_core.shell:Creating package script '/home/sam/orbit_sim_ws/install/gazebo_ros2_control/share/gazebo_ros2_control/package.sh'
[72.184s] INFO:colcon.colcon_core.shell:Creating package script '/home/sam/orbit_sim_ws/install/gazebo_ros2_control/share/gazebo_ros2_control/package.bash'
[72.184s] INFO:colcon.colcon_core.shell:Creating package script '/home/sam/orbit_sim_ws/install/gazebo_ros2_control/share/gazebo_ros2_control/package.zsh'
[72.185s] Level 1:colcon.colcon_core.environment:create_file_with_runtime_dependencies(/home/sam/orbit_sim_ws/install/gazebo_ros2_control/share/colcon-core/packages/gazebo_ros2_control)
[72.186s] INFO:colcon.colcon_ros.task.ament_cmake.build:Building ROS package in '/home/sam/orbit_sim_ws/src/gazebo_ros2_control/gazebo_ros2_control_demos' with build type 'ament_cmake'
[72.186s] INFO:colcon.colcon_cmake.task.cmake.build:Building CMake package in '/home/sam/orbit_sim_ws/src/gazebo_ros2_control/gazebo_ros2_control_demos'
[72.187s] INFO:colcon.colcon_core.shell:Skip shell extension 'powershell' for command environment: Not usable outside of PowerShell
[72.187s] DEBUG:colcon.colcon_core.shell:Skip shell extension 'dsv' for command environment
[72.349s] DEBUG:colcon.colcon_core.event_handler.log_command:Invoking command in '/home/sam/orbit_sim_ws/build/gazebo_ros2_control_demos': CMAKE_PREFIX_PATH=/home/sam/orbit_sim_ws/install/gazebo_ros2_control:/home/sam/orbit_sim_ws/install/gazebo_ros2_control_demos:/home/sam/orbit_sim_ws/install/orbit_robot_description:/opt/ros/humble /usr/bin/cmake /home/sam/orbit_sim_ws/src/gazebo_ros2_control/gazebo_ros2_control_demos -DAMENT_CMAKE_SYMLINK_INSTALL=1 -DCMAKE_INSTALL_PREFIX=/home/sam/orbit_sim_ws/install/gazebo_ros2_control_demos
[84.769s] DEBUG:colcon.colcon_core.event_handler.log_command:Invoked command in '/home/sam/orbit_sim_ws/build/gazebo_ros2_control_demos' returned '0': CMAKE_PREFIX_PATH=/home/sam/orbit_sim_ws/install/gazebo_ros2_control:/home/sam/orbit_sim_ws/install/gazebo_ros2_control_demos:/home/sam/orbit_sim_ws/install/orbit_robot_description:/opt/ros/humble /usr/bin/cmake /home/sam/orbit_sim_ws/src/gazebo_ros2_control/gazebo_ros2_control_demos -DAMENT_CMAKE_SYMLINK_INSTALL=1 -DCMAKE_INSTALL_PREFIX=/home/sam/orbit_sim_ws/install/gazebo_ros2_control_demos
[84.769s] DEBUG:colcon.colcon_core.event_handler.log_command:Invoking command in '/home/sam/orbit_sim_ws/build/gazebo_ros2_control_demos': CMAKE_PREFIX_PATH=/home/sam/orbit_sim_ws/install/gazebo_ros2_control:/home/sam/orbit_sim_ws/install/gazebo_ros2_control_demos:/home/sam/orbit_sim_ws/install/orbit_robot_description:/opt/ros/humble /usr/bin/cmake --build /home/sam/orbit_sim_ws/build/gazebo_ros2_control_demos -- -j32 -l32
[89.807s] DEBUG:colcon.colcon_core.event_handler.log_command:Invoked command in '/home/sam/orbit_sim_ws/build/gazebo_ros2_control_demos' returned '0': CMAKE_PREFIX_PATH=/home/sam/orbit_sim_ws/install/gazebo_ros2_control:/home/sam/orbit_sim_ws/install/gazebo_ros2_control_demos:/home/sam/orbit_sim_ws/install/orbit_robot_description:/opt/ros/humble /usr/bin/cmake --build /home/sam/orbit_sim_ws/build/gazebo_ros2_control_demos -- -j32 -l32
[89.809s] DEBUG:colcon.colcon_core.event_handler.log_command:Invoking command in '/home/sam/orbit_sim_ws/build/gazebo_ros2_control_demos': CMAKE_PREFIX_PATH=/home/sam/orbit_sim_ws/install/gazebo_ros2_control:/home/sam/orbit_sim_ws/install/gazebo_ros2_control_demos:/home/sam/orbit_sim_ws/install/orbit_robot_description:/opt/ros/humble /usr/bin/cmake --install /home/sam/orbit_sim_ws/build/gazebo_ros2_control_demos
[90.347s] Level 1:colcon.colcon_core.environment:create_environment_scripts_only(gazebo_ros2_control_demos)
[90.347s] Level 1:colcon.colcon_core.environment:checking '/home/sam/orbit_sim_ws/install/gazebo_ros2_control_demos' for CMake module files
[90.348s] DEBUG:colcon.colcon_core.event_handler.log_command:Invoked command in '/home/sam/orbit_sim_ws/build/gazebo_ros2_control_demos' returned '0': CMAKE_PREFIX_PATH=/home/sam/orbit_sim_ws/install/gazebo_ros2_control:/home/sam/orbit_sim_ws/install/gazebo_ros2_control_demos:/home/sam/orbit_sim_ws/install/orbit_robot_description:/opt/ros/humble /usr/bin/cmake --install /home/sam/orbit_sim_ws/build/gazebo_ros2_control_demos
[90.349s] Level 1:colcon.colcon_core.environment:checking '/home/sam/orbit_sim_ws/install/gazebo_ros2_control_demos' for CMake config files
[90.349s] Level 1:colcon.colcon_core.shell:create_environment_hook('gazebo_ros2_control_demos', 'cmake_prefix_path')
[90.349s] INFO:colcon.colcon_core.shell:Creating environment hook '/home/sam/orbit_sim_ws/install/gazebo_ros2_control_demos/share/gazebo_ros2_control_demos/hook/cmake_prefix_path.ps1'
[90.350s] INFO:colcon.colcon_core.shell:Creating environment descriptor '/home/sam/orbit_sim_ws/install/gazebo_ros2_control_demos/share/gazebo_ros2_control_demos/hook/cmake_prefix_path.dsv'
[90.351s] INFO:colcon.colcon_core.shell:Creating environment hook '/home/sam/orbit_sim_ws/install/gazebo_ros2_control_demos/share/gazebo_ros2_control_demos/hook/cmake_prefix_path.sh'
[90.351s] Level 1:colcon.colcon_core.environment:checking '/home/sam/orbit_sim_ws/install/gazebo_ros2_control_demos/lib'
[90.351s] Level 1:colcon.colcon_core.environment:checking '/home/sam/orbit_sim_ws/install/gazebo_ros2_control_demos/bin'
[90.351s] Level 1:colcon.colcon_core.environment:checking '/home/sam/orbit_sim_ws/install/gazebo_ros2_control_demos/lib/pkgconfig/gazebo_ros2_control_demos.pc'
[90.351s] Level 1:colcon.colcon_core.environment:checking '/home/sam/orbit_sim_ws/install/gazebo_ros2_control_demos/lib/python3.10/site-packages'
[90.352s] Level 1:colcon.colcon_core.environment:checking '/home/sam/orbit_sim_ws/install/gazebo_ros2_control_demos/bin'
[90.352s] INFO:colcon.colcon_core.shell:Creating package script '/home/sam/orbit_sim_ws/install/gazebo_ros2_control_demos/share/gazebo_ros2_control_demos/package.ps1'
[90.353s] INFO:colcon.colcon_core.shell:Creating package descriptor '/home/sam/orbit_sim_ws/install/gazebo_ros2_control_demos/share/gazebo_ros2_control_demos/package.dsv'
[90.353s] INFO:colcon.colcon_core.shell:Creating package script '/home/sam/orbit_sim_ws/install/gazebo_ros2_control_demos/share/gazebo_ros2_control_demos/package.sh'
[90.354s] INFO:colcon.colcon_core.shell:Creating package script '/home/sam/orbit_sim_ws/install/gazebo_ros2_control_demos/share/gazebo_ros2_control_demos/package.bash'
[90.354s] INFO:colcon.colcon_core.shell:Creating package script '/home/sam/orbit_sim_ws/install/gazebo_ros2_control_demos/share/gazebo_ros2_control_demos/package.zsh'
[90.354s] Level 1:colcon.colcon_core.environment:create_file_with_runtime_dependencies(/home/sam/orbit_sim_ws/install/gazebo_ros2_control_demos/share/colcon-core/packages/gazebo_ros2_control_demos)
[90.355s] Level 1:colcon.colcon_core.environment:create_environment_scripts_only(gazebo_ros2_control_demos)
[90.355s] Level 1:colcon.colcon_core.environment:checking '/home/sam/orbit_sim_ws/install/gazebo_ros2_control_demos' for CMake module files
[90.356s] Level 1:colcon.colcon_core.environment:checking '/home/sam/orbit_sim_ws/install/gazebo_ros2_control_demos' for CMake config files
[90.356s] Level 1:colcon.colcon_core.shell:create_environment_hook('gazebo_ros2_control_demos', 'cmake_prefix_path')
[90.357s] INFO:colcon.colcon_core.shell:Creating environment hook '/home/sam/orbit_sim_ws/install/gazebo_ros2_control_demos/share/gazebo_ros2_control_demos/hook/cmake_prefix_path.ps1'
[90.357s] INFO:colcon.colcon_core.shell:Creating environment descriptor '/home/sam/orbit_sim_ws/install/gazebo_ros2_control_demos/share/gazebo_ros2_control_demos/hook/cmake_prefix_path.dsv'
[90.358s] INFO:colcon.colcon_core.shell:Creating environment hook '/home/sam/orbit_sim_ws/install/gazebo_ros2_control_demos/share/gazebo_ros2_control_demos/hook/cmake_prefix_path.sh'
[90.358s] Level 1:colcon.colcon_core.environment:checking '/home/sam/orbit_sim_ws/install/gazebo_ros2_control_demos/lib'
[90.358s] Level 1:colcon.colcon_core.environment:checking '/home/sam/orbit_sim_ws/install/gazebo_ros2_control_demos/bin'
[90.358s] Level 1:colcon.colcon_core.environment:checking '/home/sam/orbit_sim_ws/install/gazebo_ros2_control_demos/lib/pkgconfig/gazebo_ros2_control_demos.pc'
[90.359s] Level 1:colcon.colcon_core.environment:checking '/home/sam/orbit_sim_ws/install/gazebo_ros2_control_demos/lib/python3.10/site-packages'
[90.359s] Level 1:colcon.colcon_core.environment:checking '/home/sam/orbit_sim_ws/install/gazebo_ros2_control_demos/bin'
[90.360s] INFO:colcon.colcon_core.shell:Creating package script '/home/sam/orbit_sim_ws/install/gazebo_ros2_control_demos/share/gazebo_ros2_control_demos/package.ps1'
[90.361s] INFO:colcon.colcon_core.shell:Creating package descriptor '/home/sam/orbit_sim_ws/install/gazebo_ros2_control_demos/share/gazebo_ros2_control_demos/package.dsv'
[90.361s] INFO:colcon.colcon_core.shell:Creating package script '/home/sam/orbit_sim_ws/install/gazebo_ros2_control_demos/share/gazebo_ros2_control_demos/package.sh'
[90.362s] INFO:colcon.colcon_core.shell:Creating package script '/home/sam/orbit_sim_ws/install/gazebo_ros2_control_demos/share/gazebo_ros2_control_demos/package.bash'
[90.362s] INFO:colcon.colcon_core.shell:Creating package script '/home/sam/orbit_sim_ws/install/gazebo_ros2_control_demos/share/gazebo_ros2_control_demos/package.zsh'
[90.363s] Level 1:colcon.colcon_core.environment:create_file_with_runtime_dependencies(/home/sam/orbit_sim_ws/install/gazebo_ros2_control_demos/share/colcon-core/packages/gazebo_ros2_control_demos)
[90.363s] DEBUG:colcon.colcon_parallel_executor.executor.parallel:closing loop
[90.363s] DEBUG:colcon.colcon_parallel_executor.executor.parallel:loop closed
[90.363s] DEBUG:colcon.colcon_parallel_executor.executor.parallel:run_until_complete finished with '0'
[90.364s] DEBUG:colcon.colcon_core.event_reactor:joining thread
[90.436s] INFO:colcon.colcon_core.plugin_system:Skipping extension 'colcon_notification.desktop_notification.notify_send': Could not find 'notify-send'
[90.437s] INFO:colcon.colcon_core.plugin_system:Skipping extension 'colcon_notification.desktop_notification.terminal_notifier': Not used on non-Darwin systems
[90.437s] INFO:colcon.colcon_core.plugin_system:Skipping extension 'colcon_notification.desktop_notification.win32': Not used on non-Windows systems
[90.437s] INFO:colcon.colcon_notification.desktop_notification:Sending desktop notification using 'notify2'
[90.437s] DEBUG:colcon.colcon_notification.desktop_notification.notify2:Failed to initialize notify2: org.freedesktop.DBus.Error.FileNotFound: Failed to connect to socket /run/user/1000/bus: No such file or directory
[90.437s] DEBUG:colcon.colcon_core.event_reactor:joined thread
[90.438s] INFO:colcon.colcon_core.shell:Creating prefix script '/home/sam/orbit_sim_ws/install/local_setup.ps1'
[90.439s] INFO:colcon.colcon_core.shell:Creating prefix util module '/home/sam/orbit_sim_ws/install/_local_setup_util_ps1.py'
[90.440s] INFO:colcon.colcon_core.shell:Creating prefix chain script '/home/sam/orbit_sim_ws/install/setup.ps1'
[90.441s] INFO:colcon.colcon_core.shell:Creating prefix script '/home/sam/orbit_sim_ws/install/local_setup.sh'
[90.442s] INFO:colcon.colcon_core.shell:Creating prefix util module '/home/sam/orbit_sim_ws/install/_local_setup_util_sh.py'
[90.443s] INFO:colcon.colcon_core.shell:Creating prefix chain script '/home/sam/orbit_sim_ws/install/setup.sh'
[90.444s] INFO:colcon.colcon_core.shell:Creating prefix script '/home/sam/orbit_sim_ws/install/local_setup.bash'
[90.444s] INFO:colcon.colcon_core.shell:Creating prefix chain script '/home/sam/orbit_sim_ws/install/setup.bash'
[90.445s] INFO:colcon.colcon_core.shell:Creating prefix script '/home/sam/orbit_sim_ws/install/local_setup.zsh'
[90.446s] INFO:colcon.colcon_core.shell:Creating prefix chain script '/home/sam/orbit_sim_ws/install/setup.zsh'
