[0.326s] DEBUG:colcon:Command line arguments: ['/usr/bin/colcon', 'build', '--symlink-install']
[0.326s] DEBUG:colcon:Parsed command line arguments: Namespace(log_base=None, log_level=None, verb_name='build', build_base='build', install_base='install', merge_install=False, symlink_install=True, test_result_base=None, continue_on_error=False, executor='parallel', parallel_workers=32, event_handlers=None, ignore_user_meta=False, metas=['./colcon.meta'], base_paths=['.'], packages_ignore=None, packages_ignore_regex=None, paths=None, packages_up_to=None, packages_up_to_regex=None, packages_above=None, packages_above_and_dependencies=None, packages_above_depth=None, packages_select_by_dep=None, packages_skip_by_dep=None, packages_skip_up_to=None, packages_select_build_failed=False, packages_skip_build_finished=False, packages_select_test_failures=False, packages_skip_test_passed=False, packages_select=None, packages_skip=None, packages_select_regex=None, packages_skip_regex=None, packages_start=None, packages_end=None, allow_overriding=[], cmake_args=None, cmake_target=None, cmake_target_skip_unavailable=False, cmake_clean_cache=False, cmake_clean_first=False, cmake_force_configure=False, ament_cmake_args=None, catkin_cmake_args=None, catkin_skip_building_tests=False, mixin_files=None, mixin=None, verb_parser=<colcon_mixin.mixin.mixin_argument.MixinArgumentDecorator object at 0x7ebabfc49a80>, verb_extension=<colcon_core.verb.build.BuildVerb object at 0x7ebabfc494b0>, main=<bound method BuildVerb.main of <colcon_core.verb.build.BuildVerb object at 0x7ebabfc494b0>>, mixin_verb=('build',))
[0.494s] Level 1:colcon.colcon_core.package_discovery:discover_packages(colcon_meta) check parameters
[0.494s] Level 1:colcon.colcon_core.package_discovery:discover_packages(recursive) check parameters
[0.494s] Level 1:colcon.colcon_core.package_discovery:discover_packages(ignore) check parameters
[0.494s] Level 1:colcon.colcon_core.package_discovery:discover_packages(path) check parameters
[0.494s] Level 1:colcon.colcon_core.package_discovery:discover_packages(colcon_meta) discover
[0.495s] Level 1:colcon.colcon_core.package_discovery:discover_packages(recursive) discover
[0.495s] INFO:colcon.colcon_core.package_discovery:Crawling recursively for packages in '/home/sam/orbit_sim_ws'
[0.495s] Level 1:colcon.colcon_core.package_identification:_identify(.) by extensions ['ignore', 'ignore_ament_install']
[0.495s] Level 1:colcon.colcon_core.package_identification:_identify(.) by extension 'ignore'
[0.495s] Level 1:colcon.colcon_core.package_identification:_identify(.) by extension 'ignore_ament_install'
[0.495s] Level 1:colcon.colcon_core.package_identification:_identify(.) by extensions ['colcon_pkg']
[0.495s] Level 1:colcon.colcon_core.package_identification:_identify(.) by extension 'colcon_pkg'
[0.495s] Level 1:colcon.colcon_core.package_identification:_identify(.) by extensions ['colcon_meta']
[0.495s] Level 1:colcon.colcon_core.package_identification:_identify(.) by extension 'colcon_meta'
[0.495s] Level 1:colcon.colcon_core.package_identification:_identify(.) by extensions ['ros']
[0.495s] Level 1:colcon.colcon_core.package_identification:_identify(.) by extension 'ros'
[0.507s] Level 1:colcon.colcon_core.package_identification:_identify(.) by extensions ['cmake', 'python']
[0.507s] Level 1:colcon.colcon_core.package_identification:_identify(.) by extension 'cmake'
[0.507s] Level 1:colcon.colcon_core.package_identification:_identify(.) by extension 'python'
[0.507s] Level 1:colcon.colcon_core.package_identification:_identify(.) by extensions ['python_setup_py']
[0.507s] Level 1:colcon.colcon_core.package_identification:_identify(.) by extension 'python_setup_py'
[0.508s] Level 1:colcon.colcon_core.package_identification:_identify(build) by extensions ['ignore', 'ignore_ament_install']
[0.508s] Level 1:colcon.colcon_core.package_identification:_identify(build) by extension 'ignore'
[0.508s] Level 1:colcon.colcon_core.package_identification:_identify(build) ignored
[0.508s] Level 1:colcon.colcon_core.package_identification:_identify(install) by extensions ['ignore', 'ignore_ament_install']
[0.508s] Level 1:colcon.colcon_core.package_identification:_identify(install) by extension 'ignore'
[0.508s] Level 1:colcon.colcon_core.package_identification:_identify(install) ignored
[0.508s] Level 1:colcon.colcon_core.package_identification:_identify(log) by extensions ['ignore', 'ignore_ament_install']
[0.508s] Level 1:colcon.colcon_core.package_identification:_identify(log) by extension 'ignore'
[0.508s] Level 1:colcon.colcon_core.package_identification:_identify(log) ignored
[0.508s] Level 1:colcon.colcon_core.package_identification:_identify(src) by extensions ['ignore', 'ignore_ament_install']
[0.508s] Level 1:colcon.colcon_core.package_identification:_identify(src) by extension 'ignore'
[0.509s] Level 1:colcon.colcon_core.package_identification:_identify(src) by extension 'ignore_ament_install'
[0.509s] Level 1:colcon.colcon_core.package_identification:_identify(src) by extensions ['colcon_pkg']
[0.509s] Level 1:colcon.colcon_core.package_identification:_identify(src) by extension 'colcon_pkg'
[0.509s] Level 1:colcon.colcon_core.package_identification:_identify(src) by extensions ['colcon_meta']
[0.509s] Level 1:colcon.colcon_core.package_identification:_identify(src) by extension 'colcon_meta'
[0.509s] Level 1:colcon.colcon_core.package_identification:_identify(src) by extensions ['ros']
[0.509s] Level 1:colcon.colcon_core.package_identification:_identify(src) by extension 'ros'
[0.509s] Level 1:colcon.colcon_core.package_identification:_identify(src) by extensions ['cmake', 'python']
[0.509s] Level 1:colcon.colcon_core.package_identification:_identify(src) by extension 'cmake'
[0.509s] Level 1:colcon.colcon_core.package_identification:_identify(src) by extension 'python'
[0.509s] Level 1:colcon.colcon_core.package_identification:_identify(src) by extensions ['python_setup_py']
[0.509s] Level 1:colcon.colcon_core.package_identification:_identify(src) by extension 'python_setup_py'
[0.509s] Level 1:colcon.colcon_core.package_identification:_identify(src/orbit_robot_description) by extensions ['ignore', 'ignore_ament_install']
[0.509s] Level 1:colcon.colcon_core.package_identification:_identify(src/orbit_robot_description) by extension 'ignore'
[0.509s] Level 1:colcon.colcon_core.package_identification:_identify(src/orbit_robot_description) by extension 'ignore_ament_install'
[0.509s] Level 1:colcon.colcon_core.package_identification:_identify(src/orbit_robot_description) by extensions ['colcon_pkg']
[0.509s] Level 1:colcon.colcon_core.package_identification:_identify(src/orbit_robot_description) by extension 'colcon_pkg'
[0.509s] Level 1:colcon.colcon_core.package_identification:_identify(src/orbit_robot_description) by extensions ['colcon_meta']
[0.509s] Level 1:colcon.colcon_core.package_identification:_identify(src/orbit_robot_description) by extension 'colcon_meta'
[0.509s] Level 1:colcon.colcon_core.package_identification:_identify(src/orbit_robot_description) by extensions ['ros']
[0.509s] Level 1:colcon.colcon_core.package_identification:_identify(src/orbit_robot_description) by extension 'ros'
[0.512s] DEBUG:colcon.colcon_core.package_identification:Package 'src/orbit_robot_description' with type 'ros.ament_cmake' and name 'orbit_robot_description'
[0.512s] Level 1:colcon.colcon_core.package_discovery:discover_packages(recursive) using defaults
[0.512s] Level 1:colcon.colcon_core.package_discovery:discover_packages(ignore) discover
[0.512s] Level 1:colcon.colcon_core.package_discovery:discover_packages(ignore) using defaults
[0.512s] Level 1:colcon.colcon_core.package_discovery:discover_packages(path) discover
[0.512s] Level 1:colcon.colcon_core.package_discovery:discover_packages(path) using defaults
[0.544s] Level 1:colcon.colcon_core.package_discovery:discover_packages(prefix_path) check parameters
[0.544s] Level 1:colcon.colcon_core.package_discovery:discover_packages(prefix_path) discover
[0.547s] DEBUG:colcon.colcon_installed_package_information.package_discovery:Found 327 installed packages in /opt/ros/humble
[0.549s] Level 1:colcon.colcon_core.package_discovery:discover_packages(prefix_path) using defaults
[0.593s] Level 5:colcon.colcon_core.verb:set package 'orbit_robot_description' build argument 'cmake_args' from command line to 'None'
[0.593s] Level 5:colcon.colcon_core.verb:set package 'orbit_robot_description' build argument 'cmake_target' from command line to 'None'
[0.594s] Level 5:colcon.colcon_core.verb:set package 'orbit_robot_description' build argument 'cmake_target_skip_unavailable' from command line to 'False'
[0.594s] Level 5:colcon.colcon_core.verb:set package 'orbit_robot_description' build argument 'cmake_clean_cache' from command line to 'False'
[0.594s] Level 5:colcon.colcon_core.verb:set package 'orbit_robot_description' build argument 'cmake_clean_first' from command line to 'False'
[0.594s] Level 5:colcon.colcon_core.verb:set package 'orbit_robot_description' build argument 'cmake_force_configure' from command line to 'False'
[0.594s] Level 5:colcon.colcon_core.verb:set package 'orbit_robot_description' build argument 'ament_cmake_args' from command line to 'None'
[0.594s] Level 5:colcon.colcon_core.verb:set package 'orbit_robot_description' build argument 'catkin_cmake_args' from command line to 'None'
[0.594s] Level 5:colcon.colcon_core.verb:set package 'orbit_robot_description' build argument 'catkin_skip_building_tests' from command line to 'False'
[0.594s] DEBUG:colcon.colcon_core.verb:Building package 'orbit_robot_description' with the following arguments: {'ament_cmake_args': None, 'build_base': '/home/sam/orbit_sim_ws/build/orbit_robot_description', 'catkin_cmake_args': None, 'catkin_skip_building_tests': False, 'cmake_args': None, 'cmake_clean_cache': False, 'cmake_clean_first': False, 'cmake_force_configure': False, 'cmake_target': None, 'cmake_target_skip_unavailable': False, 'install_base': '/home/sam/orbit_sim_ws/install/orbit_robot_description', 'merge_install': False, 'path': '/home/sam/orbit_sim_ws/src/orbit_robot_description', 'symlink_install': True, 'test_result_base': None}
[0.594s] INFO:colcon.colcon_core.executor:Executing jobs using 'parallel' executor
[0.595s] DEBUG:colcon.colcon_parallel_executor.executor.parallel:run_until_complete
[0.596s] INFO:colcon.colcon_ros.task.ament_cmake.build:Building ROS package in '/home/sam/orbit_sim_ws/src/orbit_robot_description' with build type 'ament_cmake'
[0.596s] INFO:colcon.colcon_cmake.task.cmake.build:Building CMake package in '/home/sam/orbit_sim_ws/src/orbit_robot_description'
[0.598s] INFO:colcon.colcon_core.plugin_system:Skipping extension 'colcon_core.shell.bat': Not used on non-Windows systems
[0.598s] INFO:colcon.colcon_core.shell:Skip shell extension 'powershell' for command environment: Not usable outside of PowerShell
[0.598s] DEBUG:colcon.colcon_core.shell:Skip shell extension 'dsv' for command environment
[0.607s] DEBUG:colcon.colcon_core.event_handler.log_command:Invoking command in '/home/sam/orbit_sim_ws/build/orbit_robot_description': CMAKE_PREFIX_PATH=/opt/ros/humble /usr/bin/cmake /home/sam/orbit_sim_ws/src/orbit_robot_description -DAMENT_CMAKE_SYMLINK_INSTALL=1 -DCMAKE_INSTALL_PREFIX=/home/sam/orbit_sim_ws/install/orbit_robot_description
[4.146s] DEBUG:colcon.colcon_core.event_handler.log_command:Invoked command in '/home/sam/orbit_sim_ws/build/orbit_robot_description' returned '0': CMAKE_PREFIX_PATH=/opt/ros/humble /usr/bin/cmake /home/sam/orbit_sim_ws/src/orbit_robot_description -DAMENT_CMAKE_SYMLINK_INSTALL=1 -DCMAKE_INSTALL_PREFIX=/home/sam/orbit_sim_ws/install/orbit_robot_description
[4.147s] DEBUG:colcon.colcon_core.event_handler.log_command:Invoking command in '/home/sam/orbit_sim_ws/build/orbit_robot_description': CMAKE_PREFIX_PATH=/opt/ros/humble /usr/bin/cmake --build /home/sam/orbit_sim_ws/build/orbit_robot_description -- -j32 -l32
[4.192s] DEBUG:colcon.colcon_core.event_handler.log_command:Invoked command in '/home/sam/orbit_sim_ws/build/orbit_robot_description' returned '0': CMAKE_PREFIX_PATH=/opt/ros/humble /usr/bin/cmake --build /home/sam/orbit_sim_ws/build/orbit_robot_description -- -j32 -l32
[4.203s] DEBUG:colcon.colcon_core.event_handler.log_command:Invoking command in '/home/sam/orbit_sim_ws/build/orbit_robot_description': CMAKE_PREFIX_PATH=/opt/ros/humble /usr/bin/cmake --install /home/sam/orbit_sim_ws/build/orbit_robot_description
[6.987s] Level 1:colcon.colcon_core.environment:create_environment_scripts_only(orbit_robot_description)
[6.988s] DEBUG:colcon.colcon_core.event_handler.log_command:Invoked command in '/home/sam/orbit_sim_ws/build/orbit_robot_description' returned '0': CMAKE_PREFIX_PATH=/opt/ros/humble /usr/bin/cmake --install /home/sam/orbit_sim_ws/build/orbit_robot_description
[6.991s] Level 1:colcon.colcon_core.environment:checking '/home/sam/orbit_sim_ws/install/orbit_robot_description' for CMake module files
[6.991s] Level 1:colcon.colcon_core.environment:checking '/home/sam/orbit_sim_ws/install/orbit_robot_description' for CMake config files
[6.992s] Level 1:colcon.colcon_core.shell:create_environment_hook('orbit_robot_description', 'cmake_prefix_path')
[6.992s] INFO:colcon.colcon_core.shell:Creating environment hook '/home/sam/orbit_sim_ws/install/orbit_robot_description/share/orbit_robot_description/hook/cmake_prefix_path.ps1'
[6.993s] INFO:colcon.colcon_core.shell:Creating environment descriptor '/home/sam/orbit_sim_ws/install/orbit_robot_description/share/orbit_robot_description/hook/cmake_prefix_path.dsv'
[6.993s] INFO:colcon.colcon_core.shell:Creating environment hook '/home/sam/orbit_sim_ws/install/orbit_robot_description/share/orbit_robot_description/hook/cmake_prefix_path.sh'
[6.994s] Level 1:colcon.colcon_core.environment:checking '/home/sam/orbit_sim_ws/install/orbit_robot_description/bin'
[6.994s] Level 1:colcon.colcon_core.environment:checking '/home/sam/orbit_sim_ws/install/orbit_robot_description/lib/pkgconfig/orbit_robot_description.pc'
[6.995s] Level 1:colcon.colcon_core.environment:checking '/home/sam/orbit_sim_ws/install/orbit_robot_description/lib/python3.10/site-packages'
[6.995s] Level 1:colcon.colcon_core.environment:checking '/home/sam/orbit_sim_ws/install/orbit_robot_description/bin'
[6.996s] INFO:colcon.colcon_core.shell:Creating package script '/home/sam/orbit_sim_ws/install/orbit_robot_description/share/orbit_robot_description/package.ps1'
[6.997s] INFO:colcon.colcon_core.shell:Creating package descriptor '/home/sam/orbit_sim_ws/install/orbit_robot_description/share/orbit_robot_description/package.dsv'
[6.997s] INFO:colcon.colcon_core.shell:Creating package script '/home/sam/orbit_sim_ws/install/orbit_robot_description/share/orbit_robot_description/package.sh'
[6.998s] INFO:colcon.colcon_core.shell:Creating package script '/home/sam/orbit_sim_ws/install/orbit_robot_description/share/orbit_robot_description/package.bash'
[6.998s] INFO:colcon.colcon_core.shell:Creating package script '/home/sam/orbit_sim_ws/install/orbit_robot_description/share/orbit_robot_description/package.zsh'
[6.999s] Level 1:colcon.colcon_core.environment:create_file_with_runtime_dependencies(/home/sam/orbit_sim_ws/install/orbit_robot_description/share/colcon-core/packages/orbit_robot_description)
[7.000s] Level 1:colcon.colcon_core.environment:create_environment_scripts_only(orbit_robot_description)
[7.000s] Level 1:colcon.colcon_core.environment:checking '/home/sam/orbit_sim_ws/install/orbit_robot_description' for CMake module files
[7.001s] Level 1:colcon.colcon_core.environment:checking '/home/sam/orbit_sim_ws/install/orbit_robot_description' for CMake config files
[7.001s] Level 1:colcon.colcon_core.shell:create_environment_hook('orbit_robot_description', 'cmake_prefix_path')
[7.001s] INFO:colcon.colcon_core.shell:Creating environment hook '/home/sam/orbit_sim_ws/install/orbit_robot_description/share/orbit_robot_description/hook/cmake_prefix_path.ps1'
[7.001s] INFO:colcon.colcon_core.shell:Creating environment descriptor '/home/sam/orbit_sim_ws/install/orbit_robot_description/share/orbit_robot_description/hook/cmake_prefix_path.dsv'
[7.002s] INFO:colcon.colcon_core.shell:Creating environment hook '/home/sam/orbit_sim_ws/install/orbit_robot_description/share/orbit_robot_description/hook/cmake_prefix_path.sh'
[7.002s] Level 1:colcon.colcon_core.environment:checking '/home/sam/orbit_sim_ws/install/orbit_robot_description/bin'
[7.002s] Level 1:colcon.colcon_core.environment:checking '/home/sam/orbit_sim_ws/install/orbit_robot_description/lib/pkgconfig/orbit_robot_description.pc'
[7.002s] Level 1:colcon.colcon_core.environment:checking '/home/sam/orbit_sim_ws/install/orbit_robot_description/lib/python3.10/site-packages'
[7.003s] Level 1:colcon.colcon_core.environment:checking '/home/sam/orbit_sim_ws/install/orbit_robot_description/bin'
[7.003s] INFO:colcon.colcon_core.shell:Creating package script '/home/sam/orbit_sim_ws/install/orbit_robot_description/share/orbit_robot_description/package.ps1'
[7.004s] INFO:colcon.colcon_core.shell:Creating package descriptor '/home/sam/orbit_sim_ws/install/orbit_robot_description/share/orbit_robot_description/package.dsv'
[7.004s] INFO:colcon.colcon_core.shell:Creating package script '/home/sam/orbit_sim_ws/install/orbit_robot_description/share/orbit_robot_description/package.sh'
[7.005s] INFO:colcon.colcon_core.shell:Creating package script '/home/sam/orbit_sim_ws/install/orbit_robot_description/share/orbit_robot_description/package.bash'
[7.005s] INFO:colcon.colcon_core.shell:Creating package script '/home/sam/orbit_sim_ws/install/orbit_robot_description/share/orbit_robot_description/package.zsh'
[7.006s] Level 1:colcon.colcon_core.environment:create_file_with_runtime_dependencies(/home/sam/orbit_sim_ws/install/orbit_robot_description/share/colcon-core/packages/orbit_robot_description)
[7.006s] DEBUG:colcon.colcon_parallel_executor.executor.parallel:closing loop
[7.007s] DEBUG:colcon.colcon_parallel_executor.executor.parallel:loop closed
[7.007s] DEBUG:colcon.colcon_parallel_executor.executor.parallel:run_until_complete finished with '0'
[7.007s] DEBUG:colcon.colcon_core.event_reactor:joining thread
[7.090s] INFO:colcon.colcon_core.plugin_system:Skipping extension 'colcon_notification.desktop_notification.notify_send': Could not find 'notify-send'
[7.091s] INFO:colcon.colcon_core.plugin_system:Skipping extension 'colcon_notification.desktop_notification.terminal_notifier': Not used on non-Darwin systems
[7.091s] INFO:colcon.colcon_core.plugin_system:Skipping extension 'colcon_notification.desktop_notification.win32': Not used on non-Windows systems
[7.091s] INFO:colcon.colcon_notification.desktop_notification:Sending desktop notification using 'notify2'
[7.091s] DEBUG:colcon.colcon_notification.desktop_notification.notify2:Failed to initialize notify2: org.freedesktop.DBus.Error.FileNotFound: Failed to connect to socket /run/user/1000/bus: No such file or directory
[7.091s] DEBUG:colcon.colcon_core.event_reactor:joined thread
[7.092s] INFO:colcon.colcon_core.shell:Creating prefix script '/home/sam/orbit_sim_ws/install/local_setup.ps1'
[7.093s] INFO:colcon.colcon_core.shell:Creating prefix util module '/home/sam/orbit_sim_ws/install/_local_setup_util_ps1.py'
[7.094s] INFO:colcon.colcon_core.shell:Creating prefix chain script '/home/sam/orbit_sim_ws/install/setup.ps1'
[7.095s] INFO:colcon.colcon_core.shell:Creating prefix script '/home/sam/orbit_sim_ws/install/local_setup.sh'
[7.096s] INFO:colcon.colcon_core.shell:Creating prefix util module '/home/sam/orbit_sim_ws/install/_local_setup_util_sh.py'
[7.096s] INFO:colcon.colcon_core.shell:Creating prefix chain script '/home/sam/orbit_sim_ws/install/setup.sh'
[7.097s] INFO:colcon.colcon_core.shell:Creating prefix script '/home/sam/orbit_sim_ws/install/local_setup.bash'
[7.098s] INFO:colcon.colcon_core.shell:Creating prefix chain script '/home/sam/orbit_sim_ws/install/setup.bash'
[7.099s] INFO:colcon.colcon_core.shell:Creating prefix script '/home/sam/orbit_sim_ws/install/local_setup.zsh'
[7.099s] INFO:colcon.colcon_core.shell:Creating prefix chain script '/home/sam/orbit_sim_ws/install/setup.zsh'
